Size: 731
Central 0: [32m120[0m Produccio: [35m573.29[0m Usada: [31m543.3430000000001[0m
Central 1: [32m145[0m Produccio: [35m678.79[0m Usada: [31m651.0559999999999[0m
Central 2: [32m98[0m Produccio: [35m417.97[0m Usada: [31m405.27000000000004[0m
Central 3: [32m91[0m Produccio: [35m423.45[0m Usada: [31m422.54899999999986[0m
Central 4: [32m123[0m Produccio: [35m723.42[0m Usada: [31m679.7919999999999[0m
Central 5: [32m13[0m Produccio: [35m160.98[0m Usada: [31m160.08800000000002[0m
Central 6: [32m7[0m Produccio: [35m107.43[0m Usada: [31m107.369[0m
Central 7: [32m22[0m Produccio: [35m213.83[0m Usada: [31m213.57699999999997[0m
Central 8: [32m13[0m Produccio: [35m143.97[0m Usada: [31m143.968[0m
Central 9: [32m27[0m Produccio: [35m206.06[0m Usada: [31m205.903[0m
Central 10: [32m12[0m Produccio: [35m155.62[0m Usada: [31m155.136[0m
Central 11: [32m18[0m Produccio: [35m178.08[0m Usada: [31m177.49099999999999[0m
Central 12: [32m24[0m Produccio: [35m213.52[0m Usada: [31m213.459[0m
Central 13: [32m11[0m Produccio: [35m124.58[0m Usada: [31m124.516[0m
Central 14: [32m17[0m Produccio: [35m188.65[0m Usada: [31m188.07800000000003[0m
Central 15: [32m3[0m Produccio: [35m43.32[0m Usada: [31m43.31400000000001[0m
Central 16: [32m2[0m Produccio: [35m29.84[0m Usada: [31m29.625999999999998[0m
Central 17: [32m2[0m Produccio: [35m17.59[0m Usada: [31m17.470000000000002[0m
Central 18: [32m1[0m Produccio: [35m16.45[0m Usada: [31m15.356000000000002[0m
Central 19: [32m5[0m Produccio: [35m87.08[0m Usada: [31m85.938[0m
Central 20: [32m5[0m Produccio: [35m75.22[0m Usada: [31m75.203[0m
Central 21: [32m5[0m Produccio: [35m86.96[0m Usada: [31m86.946[0m
Central 22: [32m3[0m Produccio: [35m35.87[0m Usada: [31m35.852000000000004[0m
Central 23: [32m4[0m Produccio: [35m80.7[0m Usada: [31m79.726[0m
Central 24: [32m3[0m Produccio: [35m48.39[0m Usada: [31m48.098000000000006[0m
Central 25: [32m2[0m Produccio: [35m23.25[0m Usada: [31m23.172000000000004[0m
Central 26: [32m5[0m Produccio: [35m73.2[0m Usada: [31m73.175[0m
Central 27: [32m5[0m Produccio: [35m95.51[0m Usada: [31m94.648[0m
Central 28: [32m2[0m Produccio: [35m25.79[0m Usada: [31m25.519[0m
Central 29: [32m2[0m Produccio: [35m29.29[0m Usada: [31m28.862[0m
Central 30: [32m3[0m Produccio: [35m64.7[0m Usada: [31m63.573[0m
Central 31: [32m3[0m Produccio: [35m39.46[0m Usada: [31m39.396[0m
Central 32: [32m5[0m Produccio: [35m96.36[0m Usada: [31m96.032[0m
Central 33: [32m4[0m Produccio: [35m64.23[0m Usada: [31m63.765[0m
Central 34: [32m2[0m Produccio: [35m37.37[0m Usada: [31m36.944[0m
Central 35: [32m2[0m Produccio: [35m27.22[0m Usada: [31m27.078[0m
Central 36: [32m4[0m Produccio: [35m75.41[0m Usada: [31m74.427[0m
Central 37: [32m5[0m Produccio: [35m85.36[0m Usada: [31m84.608[0m
Central 38: [32m2[0m Produccio: [35m32.45[0m Usada: [31m32.049[0m
Central 39: [32m5[0m Produccio: [35m84.57[0m Usada: [31m84.41[0m
Central NONE: [32m0[0m
Central NONE: [32m175[0m
Beneficis = 93318.73999999995Clients No assignats = 175 Centrals Tancades 0
Temps SolIni = 34 Tiempo HC = 0 Tiempo SA = 0
