Size: 751
Central 0: [32m114[0m Produccio: [35m591.7[0m Usada: [31m534.495[0m
Central 1: [32m114[0m Produccio: [35m482.67[0m Usada: [31m475.2690000000001[0m
Central 2: [32m68[0m Produccio: [35m339.69[0m Usada: [31m339.2579999999999[0m
Central 3: [32m112[0m Produccio: [35m538.49[0m Usada: [31m515.6309999999999[0m
Central 4: [32m149[0m Produccio: [35m746.88[0m Usada: [31m714.4479999999998[0m
Central 5: [32m10[0m Produccio: [35m126.09[0m Usada: [31m125.87300000000002[0m
Central 6: [32m15[0m Produccio: [35m166.81[0m Usada: [31m166.703[0m
Central 7: [32m30[0m Produccio: [35m220.96[0m Usada: [31m220.833[0m
Central 8: [32m7[0m Produccio: [35m103.44[0m Usada: [31m102.53599999999999[0m
Central 9: [32m8[0m Produccio: [35m115.49[0m Usada: [31m115.315[0m
Central 10: [32m36[0m Produccio: [35m240.14[0m Usada: [31m239.73399999999998[0m
Central 11: [32m9[0m Produccio: [35m124.06[0m Usada: [31m123.952[0m
Central 12: [32m37[0m Produccio: [35m233.24[0m Usada: [31m232.52100000000004[0m
Central 13: [32m23[0m Produccio: [35m197.05[0m Usada: [31m196.534[0m
Central 14: [32m18[0m Produccio: [35m167.81[0m Usada: [31m167.70999999999998[0m
Central 15: [32m3[0m Produccio: [35m42.56[0m Usada: [31m42.234[0m
Central 16: [32m5[0m Produccio: [35m73.62[0m Usada: [31m73.357[0m
Central 17: [32m3[0m Produccio: [35m26.15[0m Usada: [31m26.034[0m
Central 18: [32m2[0m Produccio: [35m29.05[0m Usada: [31m29.048000000000002[0m
Central 19: [32m6[0m Produccio: [35m94.84[0m Usada: [31m94.268[0m
Central 20: [32m2[0m Produccio: [35m52.81[0m Usada: [31m52.568[0m
Central 21: [32m7[0m Produccio: [35m88.62[0m Usada: [31m88.618[0m
Central 22: [32m3[0m Produccio: [35m31.69[0m Usada: [31m31.52[0m
Central 23: [32m4[0m Produccio: [35m55.68[0m Usada: [31m55.677[0m
Central 24: [32m7[0m Produccio: [35m89.15[0m Usada: [31m88.99000000000001[0m
Central 25: [32m6[0m Produccio: [35m98.57[0m Usada: [31m97.413[0m
Central 26: [32m2[0m Produccio: [35m20.83[0m Usada: [31m20.631999999999998[0m
Central 27: [32m4[0m Produccio: [35m79.12[0m Usada: [31m78.58800000000001[0m
Central 28: [32m2[0m Produccio: [35m22.82[0m Usada: [31m22.44[0m
Central 29: [32m3[0m Produccio: [35m56.98[0m Usada: [31m55.891999999999996[0m
Central 30: [32m5[0m Produccio: [35m80.9[0m Usada: [31m80.478[0m
Central 31: [32m7[0m Produccio: [35m91.04[0m Usada: [31m91.032[0m
Central 32: [32m3[0m Produccio: [35m35.6[0m Usada: [31m35.589999999999996[0m
Central 33: [32m4[0m Produccio: [35m54.57[0m Usada: [31m54.19500000000001[0m
Central 34: [32m3[0m Produccio: [35m46.03[0m Usada: [31m45.938[0m
Central 35: [32m1[0m Produccio: [35m12.36[0m Usada: [31m12.0[0m
Central 36: [32m3[0m Produccio: [35m45.67[0m Usada: [31m45.484[0m
Central 37: [32m2[0m Produccio: [35m22.75[0m Usada: [31m22.718999999999998[0m
Central 38: [32m3[0m Produccio: [35m54.04[0m Usada: [31m52.944[0m
Central 39: [32m6[0m Produccio: [35m88.06[0m Usada: [31m87.97800000000001[0m
Central NONE: [32m0[0m
Central NONE: [32m154[0m
Beneficis = 87096.32999999991Clients No assignats = 154 Centrals Tancades 0
Temps SolIni = 31 Tiempo HC = 0 Tiempo SA = 0
