Size: 763
Central 0: [32m61[0m Produccio: [35m300.33[0m Usada: [31m300.26[0m
Central 1: [32m60[0m Produccio: [35m259.97[0m Usada: [31m259.94900000000007[0m
Central 2: [32m115[0m Produccio: [35m619.15[0m Usada: [31m601.5089999999999[0m
Central 3: [32m150[0m Produccio: [35m675.6[0m Usada: [31m642.2299999999997[0m
Central 4: [32m80[0m Produccio: [35m346.01[0m Usada: [31m321.34299999999996[0m
Central 5: [32m45[0m Produccio: [35m230.72[0m Usada: [31m230.598[0m
Central 6: [32m27[0m Produccio: [35m189.73[0m Usada: [31m188.787[0m
Central 7: [32m15[0m Produccio: [35m151.82[0m Usada: [31m151.751[0m
Central 8: [32m44[0m Produccio: [35m244.05[0m Usada: [31m243.573[0m
Central 9: [32m49[0m Produccio: [35m239.03[0m Usada: [31m239.024[0m
Central 10: [32m34[0m Produccio: [35m197.99[0m Usada: [31m197.46299999999997[0m
Central 11: [32m38[0m Produccio: [35m211.83[0m Usada: [31m211.10399999999998[0m
Central 12: [32m19[0m Produccio: [35m156.76[0m Usada: [31m156.114[0m
Central 13: [32m8[0m Produccio: [35m118.37[0m Usada: [31m117.684[0m
Central 14: [32m14[0m Produccio: [35m131.63[0m Usada: [31m130.843[0m
Central 15: [32m7[0m Produccio: [35m93.91[0m Usada: [31m93.49[0m
Central 16: [32m4[0m Produccio: [35m59.81[0m Usada: [31m59.708000000000006[0m
Central 17: [32m3[0m Produccio: [35m33.18[0m Usada: [31m33.158[0m
Central 18: [32m2[0m Produccio: [35m21.88[0m Usada: [31m21.81[0m
Central 19: [32m3[0m Produccio: [35m32.8[0m Usada: [31m32.79[0m
Central 20: [32m5[0m Produccio: [35m68.82[0m Usada: [31m68.64[0m
Central 21: [32m2[0m Produccio: [35m17.32[0m Usada: [31m17.296[0m
Central 22: [32m3[0m Produccio: [35m44.33[0m Usada: [31m44.216[0m
Central 23: [32m2[0m Produccio: [35m42.08[0m Usada: [31m41.678[0m
Central 24: [32m5[0m Produccio: [35m71.17[0m Usada: [31m71.07000000000001[0m
Central 25: [32m6[0m Produccio: [35m82.1[0m Usada: [31m81.418[0m
Central 26: [32m4[0m Produccio: [35m57.35[0m Usada: [31m57.330999999999996[0m
Central 27: [32m4[0m Produccio: [35m73.42[0m Usada: [31m72.522[0m
Central 28: [32m2[0m Produccio: [35m19.2[0m Usada: [31m19.131999999999998[0m
Central 29: [32m3[0m Produccio: [35m40.82[0m Usada: [31m40.812[0m
Central 30: [32m6[0m Produccio: [35m84.53[0m Usada: [31m84.283[0m
Central 31: [32m6[0m Produccio: [35m75.56[0m Usada: [31m75.31700000000001[0m
Central 32: [32m5[0m Produccio: [35m66.98[0m Usada: [31m66.915[0m
Central 33: [32m9[0m Produccio: [35m95.02[0m Usada: [31m94.902[0m
Central 34: [32m7[0m Produccio: [35m84.22[0m Usada: [31m84.185[0m
Central 35: [32m8[0m Produccio: [35m83.93[0m Usada: [31m83.862[0m
Central 36: [32m5[0m Produccio: [35m68.59[0m Usada: [31m68.409[0m
Central 37: [32m7[0m Produccio: [35m93.08[0m Usada: [31m92.73900000000002[0m
Central 38: [32m4[0m Produccio: [35m58.74[0m Usada: [31m58.675[0m
Central 39: [32m6[0m Produccio: [35m67.6[0m Usada: [31m67.571[0m
Central NONE: [32m0[0m
Central NONE: [32m123[0m
Beneficis = 89175.11000000006Clients No assignats = 123 Centrals Tancades 0
Temps SolIni = 30 Tiempo HC = 0 Tiempo SA = 0
