Size: 741
Central 0: [32m114[0m Produccio: [35m569.61[0m Usada: [31m537.314[0m
Central 1: [32m104[0m Produccio: [35m560.98[0m Usada: [31m516.559[0m
Central 2: [32m115[0m Produccio: [35m596.61[0m Usada: [31m554.8049999999998[0m
Central 3: [32m133[0m Produccio: [35m642.59[0m Usada: [31m615.1009999999998[0m
Central 4: [32m99[0m Produccio: [35m511.93[0m Usada: [31m467.8170000000001[0m
Central 5: [32m17[0m Produccio: [35m164.29[0m Usada: [31m164.224[0m
Central 6: [32m9[0m Produccio: [35m121.13[0m Usada: [31m120.85[0m
Central 7: [32m18[0m Produccio: [35m165.32[0m Usada: [31m165.3[0m
Central 8: [32m27[0m Produccio: [35m225.42[0m Usada: [31m225.27799999999996[0m
Central 9: [32m6[0m Produccio: [35m105.15[0m Usada: [31m105.05199999999999[0m
Central 10: [32m10[0m Produccio: [35m117.59[0m Usada: [31m117.485[0m
Central 11: [32m32[0m Produccio: [35m211.12[0m Usada: [31m211.106[0m
Central 12: [32m34[0m Produccio: [35m211.77[0m Usada: [31m211.717[0m
Central 13: [32m22[0m Produccio: [35m171.44[0m Usada: [31m171.32800000000003[0m
Central 14: [32m41[0m Produccio: [35m239.53[0m Usada: [31m239.398[0m
Central 15: [32m2[0m Produccio: [35m31.86[0m Usada: [31m31.823999999999998[0m
Central 16: [32m3[0m Produccio: [35m51.76[0m Usada: [31m51.734[0m
Central 17: [32m4[0m Produccio: [35m75.0[0m Usada: [31m73.786[0m
Central 18: [32m1[0m Produccio: [35m15.69[0m Usada: [31m15.553999999999998[0m
Central 19: [32m3[0m Produccio: [35m48.52[0m Usada: [31m48.376000000000005[0m
Central 20: [32m4[0m Produccio: [35m53.42[0m Usada: [31m53.312[0m
Central 21: [32m5[0m Produccio: [35m63.64[0m Usada: [31m63.63700000000001[0m
Central 22: [32m2[0m Produccio: [35m11.96[0m Usada: [31m11.819999999999999[0m
Central 23: [32m6[0m Produccio: [35m83.72[0m Usada: [31m83.70700000000001[0m
Central 24: [32m5[0m Produccio: [35m90.4[0m Usada: [31m89.89399999999999[0m
Central 25: [32m4[0m Produccio: [35m59.25[0m Usada: [31m59.104[0m
Central 26: [32m3[0m Produccio: [35m58.68[0m Usada: [31m58.622[0m
Central 27: [32m6[0m Produccio: [35m96.81[0m Usada: [31m96.71100000000001[0m
Central 28: [32m3[0m Produccio: [35m47.18[0m Usada: [31m46.896[0m
Central 29: [32m3[0m Produccio: [35m48.51[0m Usada: [31m48.454[0m
Central 30: [32m6[0m Produccio: [35m89.06[0m Usada: [31m88.44[0m
Central 31: [32m5[0m Produccio: [35m64.43[0m Usada: [31m64.41699999999999[0m
Central 32: [32m7[0m Produccio: [35m94.68[0m Usada: [31m94.107[0m
Central 33: [32m4[0m Produccio: [35m71.63[0m Usada: [31m71.451[0m
Central 34: [32m1[0m Produccio: [35m24.91[0m Usada: [31m24.052[0m
Central 35: [32m3[0m Produccio: [35m59.97[0m Usada: [31m59.694[0m
Central 36: [32m4[0m Produccio: [35m78.06[0m Usada: [31m77.902[0m
Central 37: [32m4[0m Produccio: [35m66.54[0m Usada: [31m65.5[0m
Central 38: [32m2[0m Produccio: [35m13.47[0m Usada: [31m13.416[0m
Central 39: [32m1[0m Produccio: [35m17.96[0m Usada: [31m17.024[0m
Central NONE: [32m0[0m
Central NONE: [32m128[0m
Beneficis = 94154.67000000016Clients No assignats = 128 Centrals Tancades 0
Temps SolIni = 31 Tiempo HC = 0 Tiempo SA = 0
