Size: 768
Central 0: [32m131[0m Produccio: [35m707.21[0m Usada: [31m670.9490000000002[0m
Central 1: [32m124[0m Produccio: [35m584.14[0m Usada: [31m566.519[0m
Central 2: [32m93[0m Produccio: [35m453.09[0m Usada: [31m395.7889999999999[0m
Central 3: [32m114[0m Produccio: [35m542.59[0m Usada: [31m508.5390000000001[0m
Central 4: [32m109[0m Produccio: [35m544.89[0m Usada: [31m501.8500000000001[0m
Central 5: [32m28[0m Produccio: [35m245.14[0m Usada: [31m244.50300000000001[0m
Central 6: [32m8[0m Produccio: [35m123.69[0m Usada: [31m123.11999999999999[0m
Central 7: [32m25[0m Produccio: [35m215.37[0m Usada: [31m213.951[0m
Central 8: [32m25[0m Produccio: [35m196.17[0m Usada: [31m196.08[0m
Central 9: [32m8[0m Produccio: [35m124.54[0m Usada: [31m123.406[0m
Central 10: [32m21[0m Produccio: [35m210.62[0m Usada: [31m210.39000000000001[0m
Central 11: [32m27[0m Produccio: [35m213.56[0m Usada: [31m213.48399999999995[0m
Central 12: [32m35[0m Produccio: [35m244.22[0m Usada: [31m243.998[0m
Central 13: [32m19[0m Produccio: [35m194.13[0m Usada: [31m193.86299999999997[0m
Central 14: [32m21[0m Produccio: [35m181.21[0m Usada: [31m180.741[0m
Central 15: [32m3[0m Produccio: [35m50.47[0m Usada: [31m50.291999999999994[0m
Central 16: [32m3[0m Produccio: [35m29.51[0m Usada: [31m29.476[0m
Central 17: [32m6[0m Produccio: [35m94.98[0m Usada: [31m93.81800000000001[0m
Central 18: [32m2[0m Produccio: [35m17.91[0m Usada: [31m17.652[0m
Central 19: [32m2[0m Produccio: [35m24.41[0m Usada: [31m24.348[0m
Central 20: [32m5[0m Produccio: [35m95.47[0m Usada: [31m94.574[0m
Central 21: [32m4[0m Produccio: [35m68.1[0m Usada: [31m67.987[0m
Central 22: [32m4[0m Produccio: [35m64.81[0m Usada: [31m64.756[0m
Central 23: [32m3[0m Produccio: [35m45.15[0m Usada: [31m44.772[0m
Central 24: [32m4[0m Produccio: [35m57.44[0m Usada: [31m57.33599999999999[0m
Central 25: [32m4[0m Produccio: [35m58.52[0m Usada: [31m58.443000000000005[0m
Central 26: [32m4[0m Produccio: [35m77.86[0m Usada: [31m77.176[0m
Central 27: [32m2[0m Produccio: [35m32.8[0m Usada: [31m32.623999999999995[0m
Central 28: [32m4[0m Produccio: [35m57.86[0m Usada: [31m57.838[0m
Central 29: [32m5[0m Produccio: [35m81.4[0m Usada: [31m81.398[0m
Central 30: [32m2[0m Produccio: [35m21.62[0m Usada: [31m21.47[0m
Central 31: [32m5[0m Produccio: [35m84.01[0m Usada: [31m83.98599999999999[0m
Central 32: [32m4[0m Produccio: [35m49.81[0m Usada: [31m49.691[0m
Central 33: [32m2[0m Produccio: [35m26.98[0m Usada: [31m26.7[0m
Central 34: [32m4[0m Produccio: [35m67.99[0m Usada: [31m67.858[0m
Central 35: [32m6[0m Produccio: [35m95.39[0m Usada: [31m94.498[0m
Central 36: [32m4[0m Produccio: [35m73.2[0m Usada: [31m72.776[0m
Central 37: [32m2[0m Produccio: [35m27.49[0m Usada: [31m27.158[0m
Central 38: [32m6[0m Produccio: [35m90.11[0m Usada: [31m89.96199999999999[0m
Central 39: [32m2[0m Produccio: [35m39.44[0m Usada: [31m38.262[0m
Central NONE: [32m0[0m
Central NONE: [32m120[0m
Beneficis = 98297.10000000027Clients No assignats = 120 Centrals Tancades 0
Temps SolIni = 30 Tiempo HC = 0 Tiempo SA = 0
