Size: 747
Central 0: [32m112[0m Produccio: [35m560.74[0m Usada: [31m521.384[0m
Central 1: [32m105[0m Produccio: [35m520.43[0m Usada: [31m499.50899999999984[0m
Central 2: [32m150[0m Produccio: [35m747.46[0m Usada: [31m709.6689999999996[0m
Central 3: [32m91[0m Produccio: [35m415.64[0m Usada: [31m377.905[0m
Central 4: [32m133[0m Produccio: [35m745.16[0m Usada: [31m705.4349999999996[0m
Central 5: [32m20[0m Produccio: [35m194.23[0m Usada: [31m193.85399999999996[0m
Central 6: [32m12[0m Produccio: [35m150.56[0m Usada: [31m150.257[0m
Central 7: [32m7[0m Produccio: [35m121.38[0m Usada: [31m121.33099999999999[0m
Central 8: [32m32[0m Produccio: [35m220.86[0m Usada: [31m220.846[0m
Central 9: [32m24[0m Produccio: [35m187.1[0m Usada: [31m186.782[0m
Central 10: [32m22[0m Produccio: [35m183.08[0m Usada: [31m182.98000000000002[0m
Central 11: [32m38[0m Produccio: [35m247.0[0m Usada: [31m246.768[0m
Central 12: [32m10[0m Produccio: [35m134.39[0m Usada: [31m134.134[0m
Central 13: [32m22[0m Produccio: [35m185.79[0m Usada: [31m185.29100000000003[0m
Central 14: [32m25[0m Produccio: [35m201.39[0m Usada: [31m200.40899999999996[0m
Central 15: [32m6[0m Produccio: [35m92.01[0m Usada: [31m91.896[0m
Central 16: [32m2[0m Produccio: [35m10.31[0m Usada: [31m9.966000000000001[0m
Central 17: [32m3[0m Produccio: [35m38.03[0m Usada: [31m37.707[0m
Central 18: [32m4[0m Produccio: [35m75.31[0m Usada: [31m74.218[0m
Central 19: [32m3[0m Produccio: [35m52.01[0m Usada: [31m51.114999999999995[0m
Central 20: [32m5[0m Produccio: [35m68.81[0m Usada: [31m68.583[0m
Central 21: [32m3[0m Produccio: [35m55.62[0m Usada: [31m55.016000000000005[0m
Central 22: [32m2[0m Produccio: [35m31.05[0m Usada: [31m30.887999999999998[0m
Central 23: [32m5[0m Produccio: [35m66.87[0m Usada: [31m66.849[0m
Central 24: [32m1[0m Produccio: [35m16.24[0m Usada: [31m15.815999999999999[0m
Central 25: [32m6[0m Produccio: [35m91.29[0m Usada: [31m90.75800000000001[0m
Central 26: [32m3[0m Produccio: [35m47.78[0m Usada: [31m47.492000000000004[0m
Central 27: [32m5[0m Produccio: [35m75.8[0m Usada: [31m75.718[0m
Central 28: [32m4[0m Produccio: [35m63.72[0m Usada: [31m62.952000000000005[0m
Central 29: [32m1[0m Produccio: [35m18.09[0m Usada: [31m18.048[0m
Central 30: [32m2[0m Produccio: [35m35.93[0m Usada: [31m35.446[0m
Central 31: [32m4[0m Produccio: [35m56.66[0m Usada: [31m55.577999999999996[0m
Central 32: [32m1[0m Produccio: [35m11.62[0m Usada: [31m11.479999999999999[0m
Central 33: [32m4[0m Produccio: [35m56.58[0m Usada: [31m56.497[0m
Central 34: [32m2[0m Produccio: [35m23.37[0m Usada: [31m23.368[0m
Central 35: [32m2[0m Produccio: [35m13.92[0m Usada: [31m13.769[0m
Central 36: [32m1[0m Produccio: [35m14.21[0m Usada: [31m14.154[0m
Central 37: [32m3[0m Produccio: [35m47.44[0m Usada: [31m47.13[0m
Central 38: [32m3[0m Produccio: [35m37.89[0m Usada: [31m37.526[0m
Central 39: [32m2[0m Produccio: [35m19.57[0m Usada: [31m19.535999999999998[0m
Central NONE: [32m0[0m
Central NONE: [32m120[0m
Beneficis = 96990.70999999992Clients No assignats = 120 Centrals Tancades 0
Temps SolIni = 32 Tiempo HC = 0 Tiempo SA = 0
