Size: 740
Central 0: [32m121[0m Produccio: [35m559.67[0m Usada: [31m545.594[0m
Central 1: [32m83[0m Produccio: [35m364.0[0m Usada: [31m363.524[0m
Central 2: [32m135[0m Produccio: [35m689.99[0m Usada: [31m652.5649999999998[0m
Central 3: [32m66[0m Produccio: [35m357.82[0m Usada: [31m357.325[0m
Central 4: [32m121[0m Produccio: [35m561.31[0m Usada: [31m517.8230000000001[0m
Central 5: [32m19[0m Produccio: [35m184.22[0m Usada: [31m183.33800000000002[0m
Central 6: [32m34[0m Produccio: [35m231.4[0m Usada: [31m231.39999999999998[0m
Central 7: [32m35[0m Produccio: [35m220.59[0m Usada: [31m220.49900000000002[0m
Central 8: [32m8[0m Produccio: [35m120.31[0m Usada: [31m119.667[0m
Central 9: [32m30[0m Produccio: [35m219.77[0m Usada: [31m219.61599999999999[0m
Central 10: [32m15[0m Produccio: [35m168.29[0m Usada: [31m168.022[0m
Central 11: [32m10[0m Produccio: [35m128.62[0m Usada: [31m128.51399999999998[0m
Central 12: [32m13[0m Produccio: [35m170.46[0m Usada: [31m169.55499999999998[0m
Central 13: [32m15[0m Produccio: [35m173.9[0m Usada: [31m172.91199999999998[0m
Central 14: [32m13[0m Produccio: [35m146.77[0m Usada: [31m146.56600000000003[0m
Central 15: [32m3[0m Produccio: [35m44.76[0m Usada: [31m44.737[0m
Central 16: [32m1[0m Produccio: [35m18.92[0m Usada: [31m18.816[0m
Central 17: [32m2[0m Produccio: [35m52.64[0m Usada: [31m51.598[0m
Central 18: [32m3[0m Produccio: [35m44.36[0m Usada: [31m43.725[0m
Central 19: [32m5[0m Produccio: [35m82.43[0m Usada: [31m82.386[0m
Central 20: [32m5[0m Produccio: [35m73.41[0m Usada: [31m73.17999999999999[0m
Central 21: [32m2[0m Produccio: [35m24.65[0m Usada: [31m24.348[0m
Central 22: [32m2[0m Produccio: [35m30.64[0m Usada: [31m30.056[0m
Central 23: [32m3[0m Produccio: [35m34.83[0m Usada: [31m34.622[0m
Central 24: [32m2[0m Produccio: [35m26.34[0m Usada: [31m26.292[0m
Central 25: [32m5[0m Produccio: [35m84.26[0m Usada: [31m84.246[0m
Central 26: [32m4[0m Produccio: [35m76.46[0m Usada: [31m75.106[0m
Central 27: [32m3[0m Produccio: [35m43.25[0m Usada: [31m42.952[0m
Central 28: [32m6[0m Produccio: [35m87.54[0m Usada: [31m87.45899999999999[0m
Central 29: [32m2[0m Produccio: [35m17.13[0m Usada: [31m16.94[0m
Central 30: [32m3[0m Produccio: [35m54.03[0m Usada: [31m53.910999999999994[0m
Central 31: [32m3[0m Produccio: [35m52.99[0m Usada: [31m52.868[0m
Central 32: [32m3[0m Produccio: [35m50.64[0m Usada: [31m50.382000000000005[0m
Central 33: [32m3[0m Produccio: [35m30.21[0m Usada: [31m30.194000000000003[0m
Central 34: [32m3[0m Produccio: [35m50.45[0m Usada: [31m50.401[0m
Central 35: [32m3[0m Produccio: [35m41.06[0m Usada: [31m40.184[0m
Central 36: [32m4[0m Produccio: [35m50.11[0m Usada: [31m50.038999999999994[0m
Central 37: [32m2[0m Produccio: [35m28.76[0m Usada: [31m27.568[0m
Central 38: [32m5[0m Produccio: [35m87.21[0m Usada: [31m86.67[0m
Central 39: [32m6[0m Produccio: [35m98.85[0m Usada: [31m98.104[0m
Central NONE: [32m0[0m
Central NONE: [32m199[0m
Beneficis = 84789.70999999988Clients No assignats = 199 Centrals Tancades 0
Temps SolIni = 30 Tiempo HC = 0 Tiempo SA = 0
