Size: 759
Central 0: [32m116[0m Produccio: [35m594.79[0m Usada: [31m576.737[0m
Central 1: [32m75[0m Produccio: [35m307.41[0m Usada: [31m307.36899999999997[0m
Central 2: [32m143[0m Produccio: [35m567.42[0m Usada: [31m558.4010000000001[0m
Central 3: [32m124[0m Produccio: [35m579.7[0m Usada: [31m555.5050000000001[0m
Central 4: [32m90[0m Produccio: [35m400.45[0m Usada: [31m378.672[0m
Central 5: [32m26[0m Produccio: [35m211.11[0m Usada: [31m211.06999999999996[0m
Central 6: [32m12[0m Produccio: [35m140.64[0m Usada: [31m139.795[0m
Central 7: [32m21[0m Produccio: [35m179.46[0m Usada: [31m179.33499999999998[0m
Central 8: [32m28[0m Produccio: [35m205.03[0m Usada: [31m204.23700000000002[0m
Central 9: [32m16[0m Produccio: [35m152.84[0m Usada: [31m152.59300000000002[0m
Central 10: [32m16[0m Produccio: [35m151.41[0m Usada: [31m151.397[0m
Central 11: [32m11[0m Produccio: [35m145.65[0m Usada: [31m145.352[0m
Central 12: [32m37[0m Produccio: [35m242.03[0m Usada: [31m241.693[0m
Central 13: [32m31[0m Produccio: [35m212.5[0m Usada: [31m212.42100000000002[0m
Central 14: [32m42[0m Produccio: [35m231.1[0m Usada: [31m231.06399999999996[0m
Central 15: [32m6[0m Produccio: [35m88.41[0m Usada: [31m88.32600000000001[0m
Central 16: [32m2[0m Produccio: [35m37.62[0m Usada: [31m37.495999999999995[0m
Central 17: [32m7[0m Produccio: [35m85.4[0m Usada: [31m85.34799999999998[0m
Central 18: [32m6[0m Produccio: [35m95.55[0m Usada: [31m95.538[0m
Central 19: [32m2[0m Produccio: [35m18.62[0m Usada: [31m18.504[0m
Central 20: [32m5[0m Produccio: [35m73.36[0m Usada: [31m73.012[0m
Central 21: [32m5[0m Produccio: [35m76.41[0m Usada: [31m76.32199999999999[0m
Central 22: [32m2[0m Produccio: [35m44.13[0m Usada: [31m43.175999999999995[0m
Central 23: [32m7[0m Produccio: [35m91.55[0m Usada: [31m91.488[0m
Central 24: [32m2[0m Produccio: [35m26.36[0m Usada: [31m25.862000000000002[0m
Central 25: [32m4[0m Produccio: [35m73.77[0m Usada: [31m72.733[0m
Central 26: [32m3[0m Produccio: [35m39.63[0m Usada: [31m39.617000000000004[0m
Central 27: [32m2[0m Produccio: [35m26.45[0m Usada: [31m26.384[0m
Central 28: [32m7[0m Produccio: [35m89.33[0m Usada: [31m89.117[0m
Central 29: [32m3[0m Produccio: [35m48.49[0m Usada: [31m47.878[0m
Central 30: [32m4[0m Produccio: [35m62.6[0m Usada: [31m62.58299999999999[0m
Central 31: [32m2[0m Produccio: [35m22.84[0m Usada: [31m22.194000000000003[0m
Central 32: [32m3[0m Produccio: [35m35.91[0m Usada: [31m35.839[0m
Central 33: [32m3[0m Produccio: [35m51.63[0m Usada: [31m51.05800000000001[0m
Central 34: [32m3[0m Produccio: [35m35.66[0m Usada: [31m35.417[0m
Central 35: [32m2[0m Produccio: [35m24.32[0m Usada: [31m24.189999999999998[0m
Central 36: [32m5[0m Produccio: [35m77.47[0m Usada: [31m76.614[0m
Central 37: [32m9[0m Produccio: [35m98.95[0m Usada: [31m98.601[0m
Central 38: [32m3[0m Produccio: [35m35.99[0m Usada: [31m35.97[0m
Central 39: [32m2[0m Produccio: [35m28.86[0m Usada: [31m28.698[0m
Central NONE: [32m0[0m
Central NONE: [32m113[0m
Beneficis = 95346.24000000024Clients No assignats = 113 Centrals Tancades 0
Temps SolIni = 31 Tiempo HC = 0 Tiempo SA = 0
