Size: 740
Central 0: [32m131[0m Produccio: [35m749.58[0m Usada: [31m717.2859999999996[0m
Central 1: [32m67[0m Produccio: [35m333.46[0m Usada: [31m332.783[0m
Central 2: [32m72[0m Produccio: [35m343.46[0m Usada: [31m342.50399999999996[0m
Central 3: [32m92[0m Produccio: [35m404.7[0m Usada: [31m374.1189999999999[0m
Central 4: [32m89[0m Produccio: [35m375.03[0m Usada: [31m351.8349999999999[0m
Central 5: [32m18[0m Produccio: [35m152.07[0m Usada: [31m151.94000000000003[0m
Central 6: [32m32[0m Produccio: [35m199.77[0m Usada: [31m198.949[0m
Central 7: [32m12[0m Produccio: [35m142.01[0m Usada: [31m142.0[0m
Central 8: [32m12[0m Produccio: [35m134.62[0m Usada: [31m134.363[0m
Central 9: [32m47[0m Produccio: [35m249.65[0m Usada: [31m249.247[0m
Central 10: [32m28[0m Produccio: [35m181.07[0m Usada: [31m180.40300000000002[0m
Central 11: [32m43[0m Produccio: [35m242.14[0m Usada: [31m242.11899999999997[0m
Central 12: [32m17[0m Produccio: [35m147.28[0m Usada: [31m147.233[0m
Central 13: [32m10[0m Produccio: [35m125.53[0m Usada: [31m124.81099999999999[0m
Central 14: [32m17[0m Produccio: [35m146.74[0m Usada: [31m146.581[0m
Central 15: [32m3[0m Produccio: [35m53.09[0m Usada: [31m51.876000000000005[0m
Central 16: [32m4[0m Produccio: [35m57.58[0m Usada: [31m57.412[0m
Central 17: [32m3[0m Produccio: [35m51.62[0m Usada: [31m51.385000000000005[0m
Central 18: [32m4[0m Produccio: [35m53.05[0m Usada: [31m53.02[0m
Central 19: [32m3[0m Produccio: [35m47.75[0m Usada: [31m47.644[0m
Central 20: [32m4[0m Produccio: [35m41.91[0m Usada: [31m41.574[0m
Central 21: [32m3[0m Produccio: [35m36.42[0m Usada: [31m36.403[0m
Central 22: [32m1[0m Produccio: [35m13.59[0m Usada: [31m13.134[0m
Central 23: [32m1[0m Produccio: [35m25.66[0m Usada: [31m25.172[0m
Central 24: [32m2[0m Produccio: [35m11.78[0m Usada: [31m11.77[0m
Central 25: [32m6[0m Produccio: [35m95.44[0m Usada: [31m95.259[0m
Central 26: [32m4[0m Produccio: [35m49.96[0m Usada: [31m49.862[0m
Central 27: [32m3[0m Produccio: [35m33.19[0m Usada: [31m33.142[0m
Central 28: [32m6[0m Produccio: [35m78.84[0m Usada: [31m78.785[0m
Central 29: [32m7[0m Produccio: [35m96.75[0m Usada: [31m95.788[0m
Central 30: [32m5[0m Produccio: [35m65.49[0m Usada: [31m64.792[0m
Central 31: [32m1[0m Produccio: [35m11.12[0m Usada: [31m10.780000000000001[0m
Central 32: [32m5[0m Produccio: [35m86.67[0m Usada: [31m85.922[0m
Central 33: [32m4[0m Produccio: [35m68.9[0m Usada: [31m68.781[0m
Central 34: [32m9[0m Produccio: [35m95.37[0m Usada: [31m95.361[0m
Central 35: [32m4[0m Produccio: [35m75.41[0m Usada: [31m74.498[0m
Central 36: [32m3[0m Produccio: [35m38.25[0m Usada: [31m38.15[0m
Central 37: [32m7[0m Produccio: [35m88.76[0m Usada: [31m88.276[0m
Central 38: [32m2[0m Produccio: [35m43.45[0m Usada: [31m42.628[0m
Central 39: [32m3[0m Produccio: [35m41.78[0m Usada: [31m41.117000000000004[0m
Central NONE: [32m0[0m
Central NONE: [32m216[0m
Beneficis = 75569.5100000002Clients No assignats = 216 Centrals Tancades 0
Temps SolIni = 29 Tiempo HC = 0 Tiempo SA = 0
