Size: 741
Central 0: [32m175[0m Produccio: [35m607.28[0m Usada: [31m563.1419999999998[0m
Central 1: [32m37[0m Produccio: [35m250.92[0m Usada: [31m250.631[0m
Central 2: [32m98[0m Produccio: [35m423.04[0m Usada: [31m423.03899999999993[0m
Central 3: [32m85[0m Produccio: [35m376.77[0m Usada: [31m376.58399999999995[0m
Central 4: [32m95[0m Produccio: [35m412.72[0m Usada: [31m412.63899999999995[0m
Central 5: [32m23[0m Produccio: [35m196.19[0m Usada: [31m196.06[0m
Central 6: [32m7[0m Produccio: [35m119.64[0m Usada: [31m118.582[0m
Central 7: [32m26[0m Produccio: [35m207.3[0m Usada: [31m207.27200000000002[0m
Central 8: [32m27[0m Produccio: [35m211.45[0m Usada: [31m211.03799999999995[0m
Central 9: [32m17[0m Produccio: [35m166.9[0m Usada: [31m166.704[0m
Central 10: [32m32[0m Produccio: [35m229.59[0m Usada: [31m229.278[0m
Central 11: [32m8[0m Produccio: [35m115.55[0m Usada: [31m115.532[0m
Central 12: [32m13[0m Produccio: [35m160.16[0m Usada: [31m159.148[0m
Central 13: [32m12[0m Produccio: [35m144.54[0m Usada: [31m144.297[0m
Central 14: [32m10[0m Produccio: [35m134.84[0m Usada: [31m134.364[0m
Central 15: [32m6[0m Produccio: [35m97.75[0m Usada: [31m97.142[0m
Central 16: [32m7[0m Produccio: [35m83.76[0m Usada: [31m83.615[0m
Central 17: [32m3[0m Produccio: [35m39.31[0m Usada: [31m39.226[0m
Central 18: [32m2[0m Produccio: [35m27.9[0m Usada: [31m27.89[0m
Central 19: [32m3[0m Produccio: [35m58.71[0m Usada: [31m57.68300000000001[0m
Central 20: [32m2[0m Produccio: [35m31.21[0m Usada: [31m30.669[0m
Central 21: [32m2[0m Produccio: [35m42.71[0m Usada: [31m41.903999999999996[0m
Central 22: [32m5[0m Produccio: [35m82.68[0m Usada: [31m82.12[0m
Central 23: [32m2[0m Produccio: [35m25.29[0m Usada: [31m25.029[0m
Central 24: [32m5[0m Produccio: [35m77.69[0m Usada: [31m77.682[0m
Central 25: [32m2[0m Produccio: [35m20.44[0m Usada: [31m20.317999999999998[0m
Central 26: [32m1[0m Produccio: [35m10.0[0m Usada: [31m9.212[0m
Central 27: [32m3[0m Produccio: [35m56.05[0m Usada: [31m55.528[0m
Central 28: [32m2[0m Produccio: [35m37.39[0m Usada: [31m37.14[0m
Central 29: [32m2[0m Produccio: [35m25.9[0m Usada: [31m25.069[0m
Central 30: [32m3[0m Produccio: [35m43.38[0m Usada: [31m43.195[0m
Central 31: [32m7[0m Produccio: [35m99.23[0m Usada: [31m98.32400000000001[0m
Central 32: [32m6[0m Produccio: [35m99.77[0m Usada: [31m99.183[0m
Central 33: [32m2[0m Produccio: [35m31.93[0m Usada: [31m31.250999999999998[0m
Central 34: [32m2[0m Produccio: [35m13.3[0m Usada: [31m13.166[0m
Central 35: [32m5[0m Produccio: [35m68.76[0m Usada: [31m68.577[0m
Central 36: [32m4[0m Produccio: [35m65.16[0m Usada: [31m64.534[0m
Central 37: [32m2[0m Produccio: [35m23.6[0m Usada: [31m22.621000000000002[0m
Central 38: [32m1[0m Produccio: [35m13.85[0m Usada: [31m13.068000000000001[0m
Central 39: [32m4[0m Produccio: [35m63.42[0m Usada: [31m63.218[0m
Central NONE: [32m0[0m
Central NONE: [32m252[0m
Beneficis = 76526.37000000008Clients No assignats = 252 Centrals Tancades 0
Temps SolIni = 38 Tiempo HC = 0 Tiempo SA = 0
