Central 0: [32m35[0m Produccio: [35m573.29[0m Usada: [31m233.05499999999995[0m
Central 1: [32m2[0m Produccio: [35m678.79[0m Usada: [31m26.628000000000043[0m
Central 2: [32m2[0m Produccio: [35m417.97[0m Usada: [31m14.151999999999987[0m
Central 3: [32m2[0m Produccio: [35m423.45[0m Usada: [31m18.706000000000017[0m
Central 4: [32m2[0m Produccio: [35m723.42[0m Usada: [31m4.710000000000036[0m
Central 5: [32m2[0m Produccio: [35m160.98[0m Usada: [31m15.120000000000005[0m
Central 6: [32m2[0m Produccio: [35m107.43[0m Usada: [31m13.212000000000003[0m
Central 7: [32m2[0m Produccio: [35m213.83[0m Usada: [31m23.03[0m
Central 8: [32m2[0m Produccio: [35m143.97[0m Usada: [31m13.635999999999996[0m
Central 9: [32m2[0m Produccio: [35m206.06[0m Usada: [31m34.835999999999984[0m
Central 10: [32m2[0m Produccio: [35m155.62[0m Usada: [31m4.22999999999999[0m
Central 11: [32m2[0m Produccio: [35m178.08[0m Usada: [31m4.992000000000019[0m
Central 12: [32m2[0m Produccio: [35m213.52[0m Usada: [31m6.524000000000001[0m
Central 13: [32m2[0m Produccio: [35m124.58[0m Usada: [31m18.820999999999998[0m
Central 14: [32m2[0m Produccio: [35m188.65[0m Usada: [31m11.807999999999993[0m
Central 15: [32m2[0m Produccio: [35m43.32[0m Usada: [31m6.926000000000002[0m
Central 16: [32m1[0m Produccio: [35m29.84[0m Usada: [31m4.8580000000000005[0m
Central 17: [32m1[0m Produccio: [35m17.59[0m Usada: [31m4.379999999999999[0m
Central 18: [32m0[0m Produccio: [35m16.45[0m Usada: [31m0.0[0m
Central 19: [32m2[0m Produccio: [35m87.08[0m Usada: [31m49.488[0m
Central 20: [32m2[0m Produccio: [35m75.22[0m Usada: [31m23.752000000000002[0m
Central 21: [32m2[0m Produccio: [35m86.96[0m Usada: [31m33.386[0m
Central 22: [32m2[0m Produccio: [35m35.87[0m Usada: [31m4.856000000000002[0m
Central 23: [32m2[0m Produccio: [35m80.7[0m Usada: [31m8.808999999999997[0m
Central 24: [32m2[0m Produccio: [35m48.39[0m Usada: [31m17.336000000000002[0m
Central 25: [32m2[0m Produccio: [35m23.25[0m Usada: [31m12.754[0m
Central 26: [32m2[0m Produccio: [35m73.2[0m Usada: [31m21.560000000000002[0m
Central 27: [32m2[0m Produccio: [35m95.51[0m Usada: [31m9.168000000000006[0m
Central 28: [32m2[0m Produccio: [35m25.79[0m Usada: [31m10.126000000000001[0m
Central 29: [32m2[0m Produccio: [35m29.29[0m Usada: [31m6.144000000000002[0m
Central 30: [32m2[0m Produccio: [35m64.7[0m Usada: [31m3.511000000000003[0m
Central 31: [32m1[0m Produccio: [35m39.46[0m Usada: [31m3.8359999999999985[0m
Central 32: [32m1[0m Produccio: [35m96.36[0m Usada: [31m3.980000000000004[0m
Central 33: [32m1[0m Produccio: [35m64.23[0m Usada: [31m7.756[0m
Central 34: [32m1[0m Produccio: [35m37.37[0m Usada: [31m3.456000000000003[0m
Central 35: [32m1[0m Produccio: [35m27.22[0m Usada: [31m3.905999999999999[0m
Central 36: [32m1[0m Produccio: [35m75.41[0m Usada: [31m20.832[0m
Central 37: [32m1[0m Produccio: [35m85.36[0m Usada: [31m3.935999999999993[0m
Central 38: [32m1[0m Produccio: [35m32.45[0m Usada: [31m5.795999999999999[0m
Central 39: [32m1[0m Produccio: [35m84.57[0m Usada: [31m2.652000000000001[0m
Central NONE: [32m0[0m
Central NONE: [32m0[0m
Beneficis = -73232.15999999999Clients No assignats = 0 Centrals Tancades 1

TSP HillClimbing  -->

Beneficis = -72318.30999999998Movimiento 24 3 Coste(-25135.256) ---> BoarHat@47ef968d
Beneficis = -71260.00999999998Movimiento 49 0 Coste(-35108.873) ---> BoarHat@5ef0d29e
Beneficis = -70162.40999999997Movimiento 22 19 Coste(-45080.074) ---> BoarHat@8c46918
Beneficis = -69025.65999999997Movimiento 52 1 Coste(-55048.106999999996) ---> BoarHat@1860f3be
Beneficis = -67815.10999999997Movimiento 48 9 Coste(-65011.313) ---> BoarHat@34009349
Beneficis = -66573.20999999998Movimiento 44 14 Coste(-74972.675) ---> BoarHat@22ff1372
Beneficis = -64959.75999999998Movimiento 46 3 Coste(-84910.107) ---> BoarHat@19d76106
Beneficis = -63178.60999999998Movimiento 50 12 Coste(-94840.649) ---> BoarHat@9ae0794
Beneficis = -61260.059999999976Movimiento 54 13 Coste(-104756.521) ---> BoarHat@5e1bfe66
Beneficis = -61260.059999999976Movimiento 81 93 Coste(-104768.915) ---> BoarHat@4e301795
Beneficis = -61260.059999999976Movimiento 14 84 Coste(-104780.961) ---> BoarHat@77e2a5d3
Beneficis = -61260.059999999976Movimiento 2 25 Coste(-104790.633) ---> BoarHat@7677d320
Beneficis = -61260.059999999976Movimiento 51 70 Coste(-104797.795) ---> BoarHat@65f809cb
Beneficis = -61260.059999999976Movimiento 73 92 Coste(-104803.055) ---> BoarHat@27551c3a
Beneficis = -61260.059999999976Movimiento 58 66 Coste(-104808.249) ---> BoarHat@45571cc9
Beneficis = -61260.059999999976Movimiento 15 20 Coste(-104812.707) ---> BoarHat@128acee
Beneficis = -61260.059999999976Movimiento 10 40 Coste(-104816.907) ---> BoarHat@4d9ef371
Beneficis = -61260.059999999976Movimiento 27 69 Coste(-104821.038) ---> BoarHat@373ca236
Beneficis = -61260.059999999976Movimiento 16 83 Coste(-104825.014) ---> BoarHat@5c5295e4
Beneficis = -61260.059999999976Movimiento 13 91 Coste(-104828.324) ---> BoarHat@596eebdb
Beneficis = -61260.059999999976Movimiento 25 41 Coste(-104831.534) ---> BoarHat@48332551
Beneficis = -61260.059999999976Movimiento 78 79 Coste(-104834.601) ---> BoarHat@79781e77
Beneficis = -61260.059999999976Movimiento 31 35 Coste(-104837.651) ---> BoarHat@79d55957
Beneficis = -61260.059999999976Movimiento 71 93 Coste(-104840.653) ---> BoarHat@1ccc384a
Beneficis = -61260.059999999976Movimiento 37 68 Coste(-104843.573) ---> BoarHat@54228a41
Beneficis = -61260.059999999976Movimiento 14 97 Coste(-104846.195) ---> BoarHat@635eae2e
Beneficis = -61260.059999999976Movimiento 33 8 Coste(-104848.675) ---> BoarHat@77db4bfd
Beneficis = -61260.059999999976Movimiento 19 94 Coste(-104851.037) ---> BoarHat@63d042fd
Beneficis = -61260.059999999976Movimiento 47 2 Coste(-104853.257) ---> BoarHat@72003b39
Beneficis = -61260.059999999976Movimiento 12 73 Coste(-104855.433) ---> BoarHat@63ef0ce
Beneficis = -61260.059999999976Movimiento 11 67 Coste(-104857.48) ---> BoarHat@57c17c23
Beneficis = -61260.059999999976Movimiento 81 10 Coste(-104859.448) ---> BoarHat@4942cabd
Beneficis = -59512.059999999976Movimiento 39 32 Coste(-114787.3) ---> BoarHat@7bce1322
Beneficis = -59512.059999999976Movimiento 20 36 Coste(-114789.231) ---> BoarHat@72c1ece5
Beneficis = -59512.059999999976Movimiento 87 89 Coste(-114791.087) ---> BoarHat@43786fd8
Beneficis = -59512.059999999976Movimiento 96 3 Coste(-114792.883) ---> BoarHat@618fe569
Beneficis = -58475.20999999998Movimiento 25 11 Coste(-124767.093) ---> BoarHat@3f1522e
Beneficis = -58475.20999999998Movimiento 84 32 Coste(-124768.799) ---> BoarHat@750f8631
Beneficis = -58475.20999999998Movimiento 23 74 Coste(-124770.344) ---> BoarHat@6670ff38
Beneficis = -58475.20999999998Movimiento 18 55 Coste(-124771.728) ---> BoarHat@76a0d43b
Beneficis = -58475.20999999998Movimiento 7 28 Coste(-124773.025) ---> BoarHat@6dd79871
Beneficis = -58475.20999999998Movimiento 2 6 Coste(-124774.318) ---> BoarHat@2b6aceb8
Beneficis = -58475.20999999998Movimiento 26 92 Coste(-124775.454) ---> BoarHat@7207c3dd
Beneficis = -58475.20999999998Movimiento 9 64 Coste(-124776.588) ---> BoarHat@c65db76
Beneficis = -58475.20999999998Movimiento 77 14 Coste(-124777.70999999999) ---> BoarHat@2072e9ca
Beneficis = -58475.20999999998Movimiento 90 14 Coste(-124778.805) ---> BoarHat@2fc19130
Beneficis = -58475.20999999998Movimiento 56 19 Coste(-124779.849) ---> BoarHat@41fcb3ea
Beneficis = -58475.20999999998Movimiento 3 20 Coste(-124780.841) ---> BoarHat@52fe247e
Beneficis = -58475.20999999998Movimiento 67 32 Coste(-124781.772) ---> BoarHat@1e5ecef6
Beneficis = -58475.20999999998Movimiento 27 5 Coste(-124782.642) ---> BoarHat@60c1c8de
Beneficis = -58475.20999999998Movimiento 21 72 Coste(-124783.499) ---> BoarHat@1322f682
Beneficis = -58475.20999999998Movimiento 43 6 Coste(-124784.267) ---> BoarHat@49c47c1b
Beneficis = -56854.70999999998Movimiento 98 27 Coste(-134719.7) ---> BoarHat@18b48fd6
Beneficis = -56854.70999999998Movimiento 99 29 Coste(-134720.42) ---> BoarHat@8794844
Beneficis = -56854.70999999998Movimiento 29 3 Coste(-134721.128) ---> BoarHat@5c7ffd02
Beneficis = -56854.70999999998Movimiento 10 2 Coste(-134721.826) ---> BoarHat@76242193
Beneficis = -56854.70999999998Movimiento 21 27 Coste(-134722.5) ---> BoarHat@78ae6b30
Beneficis = -56854.70999999998Movimiento 32 10 Coste(-134723.148) ---> BoarHat@67763fad
Beneficis = -56854.70999999998Movimiento 61 64 Coste(-134723.787) ---> BoarHat@10930858
Beneficis = -56854.70999999998Movimiento 95 37 Coste(-134724.379) ---> BoarHat@d36c96
Beneficis = -56854.70999999998Movimiento 6 13 Coste(-134724.969) ---> BoarHat@521b4d67
Beneficis = -56854.70999999998Movimiento 87 6 Coste(-134725.549) ---> BoarHat@586bc423
Beneficis = -56854.70999999998Movimiento 1 27 Coste(-134726.119) ---> BoarHat@6d3c1a0a
Beneficis = -56854.70999999998Movimiento 60 14 Coste(-134726.662) ---> BoarHat@3a87209c
Beneficis = -56854.70999999998Movimiento 85 23 Coste(-134727.182) ---> BoarHat@226f54ea
Beneficis = -56854.70999999998Movimiento 76 27 Coste(-134727.696) ---> BoarHat@525919db
Beneficis = -56854.70999999998Movimiento 71 21 Coste(-134728.144) ---> BoarHat@313c6ab2
Beneficis = -56854.70999999998Movimiento 79 4 Coste(-134728.59100000001) ---> BoarHat@12523fb
Beneficis = -56854.70999999998Movimiento 30 32 Coste(-134729.035) ---> BoarHat@58b0ac93
Beneficis = -56854.70999999998Movimiento 51 59 Coste(-134729.47) ---> BoarHat@44995a02
Beneficis = -56854.70999999998Movimiento 53 1 Coste(-134729.903) ---> BoarHat@cd4caf7
Beneficis = -56854.70999999998Movimiento 17 1 Coste(-134730.317) ---> BoarHat@2e820846
Beneficis = -56854.70999999998Movimiento 0 20 Coste(-134730.687) ---> BoarHat@197bebe
Beneficis = -56854.70999999998Movimiento 57 4 Coste(-134730.993) ---> BoarHat@2e8dcab1
Beneficis = -56854.70999999998Movimiento 63 13 Coste(-134731.288) ---> BoarHat@16abeaef
Beneficis = -56854.70999999998Movimiento 9 21 Coste(-134731.57) ---> BoarHat@3e1da1ab
Beneficis = -56854.70999999998Movimiento 11 14 Coste(-134731.849) ---> BoarHat@b42c012
Beneficis = -56854.70999999998Movimiento 34 7 Coste(-134732.123) ---> BoarHat@20ccb176
Beneficis = -56854.70999999998Movimiento 38 8 Coste(-134732.395) ---> BoarHat@3ebdd27f
Beneficis = -56854.70999999998Movimiento 62 8 Coste(-134732.665) ---> BoarHat@5f40045e
Beneficis = -56854.70999999998Movimiento 55 2 Coste(-134732.927) ---> BoarHat@ab0d5c6
Beneficis = -56854.70999999998Movimiento 80 32 Coste(-134733.189) ---> BoarHat@795ae889
Beneficis = -56854.70999999998Movimiento 42 14 Coste(-134733.449) ---> BoarHat@59915dc2
Beneficis = -56854.70999999998Movimiento 28 7 Coste(-134733.702) ---> BoarHat@4ba910ed
Beneficis = -56854.70999999998Movimiento 36 13 Coste(-134733.953) ---> BoarHat@5c5898a1
Beneficis = -56854.70999999998Movimiento 41 14 Coste(-134734.193) ---> BoarHat@6efe6f78
Beneficis = -56854.70999999998Movimiento 4 13 Coste(-134734.427) ---> BoarHat@3477d64b
Beneficis = -56854.70999999998Movimiento 66 1 Coste(-134734.658) ---> BoarHat@578841b3
Beneficis = -56854.70999999998Movimiento 75 22 Coste(-134734.886) ---> BoarHat@4ffee0e
Beneficis = -56854.70999999998Movimiento 82 2 Coste(-134735.11) ---> BoarHat@2eb6332a
Beneficis = -56854.70999999998Movimiento 86 11 Coste(-134735.333) ---> BoarHat@620b3533
Beneficis = -56854.70999999998Movimiento 18 5 Coste(-134735.548) ---> BoarHat@6f624b5a
Beneficis = -56854.70999999998Movimiento 68 32 Coste(-134735.763) ---> BoarHat@2a710e9a
Beneficis = -56854.70999999998Movimiento 65 32 Coste(-134735.958) ---> BoarHat@1326f0ab
Beneficis = -56854.70999999998Movimiento 74 13 Coste(-134736.125) ---> BoarHat@21c8781e
Beneficis = -56854.70999999998Movimiento 26 8 Coste(-134736.289) ---> BoarHat@7cbe750f
Beneficis = -56854.70999999998Movimiento 12 10 Coste(-134736.451) ---> BoarHat@54b25b8c
Beneficis = -56854.70999999998Movimiento 16 6 Coste(-134736.61) ---> BoarHat@74904fdc
Beneficis = -56854.70999999998Movimiento 64 14 Coste(-134736.754) ---> BoarHat@6b629cc7
Beneficis = -56854.70999999998Movimiento 6 3 Coste(-134736.877) ---> BoarHat@72e3ee18
nodesExpanded : 101
Temps SolIni = 91 Tiempo HC = 540 Tiempo SA = 0
