Central 0: [32m37[0m Produccio: [35m300.33[0m Usada: [31m297.41499999999996[0m
Central 1: [32m39[0m Produccio: [35m259.97[0m Usada: [31m258.368[0m
Central 2: [32m80[0m Produccio: [35m619.15[0m Usada: [31m611.1349999999996[0m
Central 3: [32m127[0m Produccio: [35m675.6[0m Usada: [31m664.8470000000002[0m
Central 4: [32m43[0m Produccio: [35m346.01[0m Usada: [31m342.66800000000006[0m
Central 5: [32m40[0m Produccio: [35m230.72[0m Usada: [31m230.464[0m
Central 6: [32m30[0m Produccio: [35m189.73[0m Usada: [31m189.448[0m
Central 7: [32m18[0m Produccio: [35m151.82[0m Usada: [31m151.73000000000002[0m
Central 8: [32m45[0m Produccio: [35m244.05[0m Usada: [31m239.139[0m
Central 9: [32m43[0m Produccio: [35m239.03[0m Usada: [31m238.02899999999997[0m
Central 10: [32m32[0m Produccio: [35m197.99[0m Usada: [31m196.017[0m
Central 11: [32m36[0m Produccio: [35m211.83[0m Usada: [31m211.487[0m
Central 12: [32m17[0m Produccio: [35m156.76[0m Usada: [31m156.47000000000003[0m
Central 13: [32m17[0m Produccio: [35m118.37[0m Usada: [31m118.29799999999999[0m
Central 14: [32m21[0m Produccio: [35m131.63[0m Usada: [31m131.601[0m
Central 15: [32m17[0m Produccio: [35m93.91[0m Usada: [31m93.24999999999999[0m
Central 16: [32m13[0m Produccio: [35m59.81[0m Usada: [31m59.55800000000001[0m
Central 17: [32m6[0m Produccio: [35m33.18[0m Usada: [31m32.518[0m
Central 18: [32m6[0m Produccio: [35m21.88[0m Usada: [31m21.779000000000003[0m
Central 19: [32m9[0m Produccio: [35m32.8[0m Usada: [31m32.528[0m
Central 20: [32m12[0m Produccio: [35m68.82[0m Usada: [31m68.43299999999999[0m
Central 21: [32m3[0m Produccio: [35m17.32[0m Usada: [31m15.906[0m
Central 22: [32m10[0m Produccio: [35m44.33[0m Usada: [31m44.15[0m
Central 23: [32m7[0m Produccio: [35m42.08[0m Usada: [31m41.04800000000001[0m
Central 24: [32m15[0m Produccio: [35m71.17[0m Usada: [31m70.634[0m
Central 25: [32m15[0m Produccio: [35m82.1[0m Usada: [31m81.994[0m
Central 26: [32m6[0m Produccio: [35m57.35[0m Usada: [31m56.037000000000006[0m
Central 27: [32m9[0m Produccio: [35m73.42[0m Usada: [31m73.086[0m
Central 28: [32m6[0m Produccio: [35m19.2[0m Usada: [31m18.459[0m
Central 29: [32m5[0m Produccio: [35m40.82[0m Usada: [31m39.925999999999995[0m
Central 30: [32m8[0m Produccio: [35m84.53[0m Usada: [31m83.88[0m
Central 31: [32m13[0m Produccio: [35m75.56[0m Usada: [31m75.02000000000001[0m
Central 32: [32m12[0m Produccio: [35m66.98[0m Usada: [31m65.15600000000002[0m
Central 33: [32m14[0m Produccio: [35m95.02[0m Usada: [31m94.03600000000002[0m
Central 34: [32m14[0m Produccio: [35m84.22[0m Usada: [31m83.796[0m
Central 35: [32m15[0m Produccio: [35m83.93[0m Usada: [31m83.70800000000001[0m
Central 36: [32m10[0m Produccio: [35m68.59[0m Usada: [31m67.838[0m
Central 37: [32m11[0m Produccio: [35m93.08[0m Usada: [31m92.946[0m
Central 38: [32m12[0m Produccio: [35m58.74[0m Usada: [31m58.52400000000001[0m
Central 39: [32m17[0m Produccio: [35m67.6[0m Usada: [31m67.0[0m
Central NONE: [32m0[0m
Central NONE: [32m110[0m
Beneficis = 90998.06000000003Clients No assignats = 110 Centrals Tancades 0

TSP HillClimbing  -->

Beneficis = 91048.06000000003Movimiento 905 21 Coste(10849.896) ---> BoarHat@52baae51
Beneficis = 91100.06000000003Movimiento 561 1 Coste(10751.039999999999) ---> BoarHat@53f4051e
Beneficis = 91152.06000000003Movimiento 974 4 Coste(10652.184) ---> BoarHat@305aa947
Beneficis = 91204.56000000003Movimiento 606 32 Coste(10553.339) ---> BoarHat@6e8b9f58
Beneficis = 91254.56000000003Movimiento 765 0 Coste(10454.539) ---> BoarHat@5eb2f0a9
Beneficis = 91319.06000000003Movimiento 725 4 Coste(10355.829) ---> BoarHat@1a776248
Beneficis = 91385.06000000003Movimiento 757 10 Coste(10257.280999999999) ---> BoarHat@1aa69c9a
Beneficis = 91446.56000000003Movimiento 998 0 Coste(10158.757) ---> BoarHat@74ed0c89
Beneficis = 91515.06000000003Movimiento 827 2 Coste(10060.401) ---> BoarHat@4bd0c435
Beneficis = 91584.06000000003Movimiento 891 2 Coste(9962.057) ---> BoarHat@2ab25acb
Beneficis = 91660.56000000003Movimiento 816 8 Coste(9863.74) ---> BoarHat@13ef203c
Beneficis = 91724.06000000003Movimiento 810 3 Coste(9765.518) ---> BoarHat@2e909a68
Beneficis = 91814.56000000003Movimiento 550 2 Coste(9667.328) ---> BoarHat@64ab25c3
Beneficis = 91890.06000000003Movimiento 580 3 Coste(9569.14) ---> BoarHat@4e5ccc5f
Beneficis = 91971.06000000003Movimiento 633 2 Coste(9471.084) ---> BoarHat@7e760ad7
Beneficis = 92040.56000000003Movimiento 856 3 Coste(9373.03) ---> BoarHat@7897be82
Beneficis = 92129.56000000003Movimiento 803 3 Coste(9274.988) ---> BoarHat@27a71212
Beneficis = 92213.56000000003Movimiento 740 3 Coste(9177.003999999999) ---> BoarHat@20df3368
Beneficis = 92307.56000000003Movimiento 951 8 Coste(9079.072) ---> BoarHat@2882aa60
Beneficis = 91912.91000000005Movimiento 47 583 Coste(9052.784) ---> BoarHat@598313d7
Beneficis = 92001.91000000005Movimiento 898 2 Coste(8954.92) ---> BoarHat@7d859ff6
Beneficis = 92100.91000000005Movimiento 959 2 Coste(8857.296) ---> BoarHat@66b81d49
Beneficis = 92200.41000000005Movimiento 641 2 Coste(8759.684) ---> BoarHat@ee9fe90
Beneficis = 92283.61000000004Movimiento 885 2 Coste(8662.18) ---> BoarHat@1d33d9be
Beneficis = 92373.11000000004Movimiento 958 2 Coste(8564.686) ---> BoarHat@52c8f7e7
Beneficis = 92463.11000000004Movimiento 872 2 Coste(8467.206) ---> BoarHat@e929c42
Beneficis = 92569.11000000004Movimiento 748 2 Coste(8369.75) ---> BoarHat@11a45242
Beneficis = 92653.11000000004Movimiento 960 2 Coste(8272.438) ---> BoarHat@22eb3b86
Beneficis = 92765.61000000004Movimiento 680 2 Coste(8175.138) ---> BoarHat@2462550d
Beneficis = 92850.61000000004Movimiento 714 2 Coste(8077.858) ---> BoarHat@d58f326
Beneficis = 92375.26000000005Movimiento 455 840 Coste(8056.7339999999995) ---> BoarHat@6d2b39c
Beneficis = 92460.76000000005Movimiento 980 3 Coste(7958.786) ---> BoarHat@5ca52060
Beneficis = 92564.26000000005Movimiento 648 3 Coste(7861.063) ---> BoarHat@75de575d
Beneficis = 92646.26000000005Movimiento 713 3 Coste(7763.523) ---> BoarHat@533f4703
Beneficis = 92750.76000000005Movimiento 553 3 Coste(7666.031) ---> BoarHat@29a6cabd
Beneficis = 92843.16000000005Movimiento 890 3 Coste(7568.803) ---> BoarHat@5c561037
Beneficis = 92944.76000000005Movimiento 551 3 Coste(7471.597) ---> BoarHat@6097b336
Beneficis = 93086.76000000005Movimiento 611 3 Coste(7374.437) ---> BoarHat@6662d5b3
Beneficis = 93188.76000000005Movimiento 893 3 Coste(7277.293) ---> BoarHat@2c3b90e4
Beneficis = 92881.56000000004Movimiento 34 771 Coste(7259.1449999999995) ---> BoarHat@d9ef87b
Beneficis = 93003.06000000004Movimiento 605 2 Coste(7162.061) ---> BoarHat@158b6edd
Beneficis = 93128.06000000004Movimiento 842 2 Coste(7065.061) ---> BoarHat@6b4a44df
Beneficis = 93272.06000000004Movimiento 782 2 Coste(6968.229) ---> BoarHat@516bbc34
Beneficis = 93408.56000000004Movimiento 653 2 Coste(6871.505) ---> BoarHat@b3e460
Beneficis = 93547.56000000004Movimiento 674 2 Coste(6774.841) ---> BoarHat@353988c3
Beneficis = 93671.16000000005Movimiento 708 2 Coste(6678.24) ---> BoarHat@278ba134
Beneficis = 93339.46000000004Movimiento 156 745 Coste(6660.202) ---> BoarHat@310068fd
Beneficis = 93427.86000000003Movimiento 834 3 Coste(6563.296) ---> BoarHat@6a6cddde
Beneficis = 93531.46000000004Movimiento 978 3 Coste(6466.4039999999995) ---> BoarHat@4fe828a
Beneficis = 93663.46000000004Movimiento 818 3 Coste(6369.572) ---> BoarHat@7e20ccfc
Beneficis = 93770.66000000003Movimiento 767 3 Coste(6272.788) ---> BoarHat@2c19932c
Beneficis = 93917.66000000003Movimiento 849 3 Coste(6176.022) ---> BoarHat@2a2f4ccd
Beneficis = 94053.66000000003Movimiento 566 3 Coste(6079.286) ---> BoarHat@5673e46c
Beneficis = 94053.66000000003Movimiento 36 67 Coste(6061.876) ---> BoarHat@2430ab5e
Beneficis = 94173.16000000003Movimiento 939 13 Coste(5964.266) ---> BoarHat@3ccab0
Beneficis = 94317.66000000003Movimiento 617 29 Coste(5867.445) ---> BoarHat@48fffc05
Beneficis = 94433.66000000003Movimiento 848 29 Coste(5770.635) ---> BoarHat@1af2998d
Beneficis = 94530.86000000003Movimiento 621 29 Coste(5674.037) ---> BoarHat@1a157efe
Beneficis = 94649.36000000003Movimiento 911 29 Coste(5577.829) ---> BoarHat@8f597ed
Beneficis = 94407.11000000009Movimiento 85 526 Coste(5560.623) ---> BoarHat@629bf437
Beneficis = 94524.7100000001Movimiento 726 2 Coste(5464.151) ---> BoarHat@e83c496
Beneficis = 94666.3100000001Movimiento 995 2 Coste(5368.045) ---> BoarHat@161d21f6
Beneficis = 94812.3100000001Movimiento 651 2 Coste(5272.0599999999995) ---> BoarHat@5504b9d7
Beneficis = 94939.3100000001Movimiento 799 2 Coste(5176.124) ---> BoarHat@2382761
Beneficis = 94549.81000000013Movimiento 267 700 Coste(5159.648) ---> BoarHat@23c9ac61
Beneficis = 94675.81000000013Movimiento 563 3 Coste(5063.428) ---> BoarHat@139c925d
Beneficis = 94814.61000000013Movimiento 619 3 Coste(4967.245) ---> BoarHat@254102dc
Beneficis = 94947.41000000013Movimiento 610 3 Coste(4871.229) ---> BoarHat@6275f481
Beneficis = 95093.41000000013Movimiento 773 3 Coste(4775.244) ---> BoarHat@4daaebd9
Beneficis = 95093.41000000013Movimiento 604 933 Coste(4760.061) ---> BoarHat@2aa88518
Beneficis = 95210.21000000014Movimiento 703 2 Coste(4664.149) ---> BoarHat@1c644042
Beneficis = 95356.61000000013Movimiento 779 2 Coste(4568.541) ---> BoarHat@66970a45
Beneficis = 95503.81000000013Movimiento 781 6 Coste(4472.957) ---> BoarHat@73c5b980
Beneficis = 95503.81000000013Movimiento 359 792 Coste(4457.885) ---> BoarHat@6e58ce6b
Beneficis = 95656.61000000013Movimiento 983 3 Coste(4362.469) ---> BoarHat@3709a87b
Beneficis = 95833.81000000013Movimiento 953 8 Coste(4267.342) ---> BoarHat@4bbcb624
Beneficis = 96004.21000000012Movimiento 744 8 Coste(4172.454) ---> BoarHat@d57698d
Beneficis = 96004.21000000012Movimiento 319 543 Coste(4158.192) ---> BoarHat@108d8256
Beneficis = 96168.61000000012Movimiento 616 7 Coste(4063.124) ---> BoarHat@60c75bf9
Beneficis = 96348.21000000012Movimiento 881 7 Coste(3968.063) ---> BoarHat@73262c47
Beneficis = 96348.21000000012Movimiento 331 669 Coste(3954.5389999999998) ---> BoarHat@264ef288
Beneficis = 96521.41000000012Movimiento 807 15 Coste(3859.735) ---> BoarHat@785d3a
Beneficis = 96721.01000000013Movimiento 578 15 Coste(3765.2239999999997) ---> BoarHat@22adcecb
Beneficis = 96750.16000000009Movimiento 438 596 Coste(3752.786) ---> BoarHat@7a546781
Beneficis = 96945.36000000009Movimiento 687 3 Coste(3658.642) ---> BoarHat@3ecf5315
Beneficis = 97122.56000000008Movimiento 654 3 Coste(3564.844) ---> BoarHat@28fe233e
Beneficis = 97122.56000000008Movimiento 60 914 Coste(3553.2799999999997) ---> BoarHat@384ff6f4
Beneficis = 97283.66000000009Movimiento 962 6 Coste(3460.798) ---> BoarHat@70c98f15
Beneficis = 97283.66000000009Movimiento 150 299 Coste(3449.383) ---> BoarHat@1fd4880
Beneficis = 97475.66000000009Movimiento 690 34 Coste(3354.183) ---> BoarHat@69cfb3b0
Beneficis = 97475.66000000009Movimiento 42 207 Coste(3343.2129999999997) ---> BoarHat@54d4b677
Beneficis = 97669.66000000009Movimiento 802 0 Coste(3248.548) ---> BoarHat@5d6e981b
Beneficis = 97669.66000000009Movimiento 196 705 Coste(3237.604) ---> BoarHat@3cf91a0f
Beneficis = 97867.66000000009Movimiento 860 0 Coste(3144.534) ---> BoarHat@33fccf67
Beneficis = 97867.66000000009Movimiento 37 675 Coste(3134.022) ---> BoarHat@77e0b46
Beneficis = 97867.66000000009Movimiento 516 841 Coste(3123.6) ---> BoarHat@64375433
Beneficis = 97867.66000000009Movimiento 389 846 Coste(3113.432) ---> BoarHat@4e892821
Beneficis = 98047.36000000009Movimiento 718 0 Coste(3023.016) ---> BoarHat@170c3000
Beneficis = 98047.36000000009Movimiento 250 925 Coste(3013.016) ---> BoarHat@5d767890
Beneficis = 98047.36000000009Movimiento 17 793 Coste(3003.398) ---> BoarHat@1be90988
Beneficis = 98047.36000000009Movimiento 3 473 Coste(2994.1659999999997) ---> BoarHat@1cbd66da
Beneficis = 98329.9600000001Movimiento 586 3 Coste(2904.528) ---> BoarHat@32efb0bd
Beneficis = 98329.9600000001Movimiento 114 306 Coste(2895.381) ---> BoarHat@c013ac6
Beneficis = 98629.0600000001Movimiento 786 10 Coste(2806.348) ---> BoarHat@6994568d
Beneficis = 98629.0600000001Movimiento 358 567 Coste(2797.703) ---> BoarHat@577b641e
Beneficis = 98953.6600000001Movimiento 994 2 Coste(2708.523) ---> BoarHat@770a4448
Beneficis = 98953.6600000001Movimiento 127 338 Coste(2700.048) ---> BoarHat@2acf5bef
Beneficis = 98953.6600000001Movimiento 460 572 Coste(2691.7799999999997) ---> BoarHat@61715df7
Beneficis = 99337.96000000011Movimiento 438 2 Coste(2605.871) ---> BoarHat@30e7e6ed
Beneficis = 99337.96000000011Movimiento 31 146 Coste(2597.995) ---> BoarHat@563331f2
Beneficis = 99337.96000000011Movimiento 102 547 Coste(2590.19) ---> BoarHat@2aedbed3
Beneficis = 99337.96000000011Movimiento 140 712 Coste(2582.182) ---> BoarHat@289ffbcf
Beneficis = 99631.3600000001Movimiento 671 5 Coste(2492.94) ---> BoarHat@66512503
Beneficis = 99631.3600000001Movimiento 201 631 Coste(2485.4) ---> BoarHat@2880e7a1
Beneficis = 99631.3600000001Movimiento 642 832 Coste(2478.0299999999997) ---> BoarHat@61263678
Beneficis = 99631.3600000001Movimiento 447 585 Coste(2470.678) ---> BoarHat@14999920
Beneficis = 99631.3600000001Movimiento 176 365 Coste(2463.47) ---> BoarHat@66843938
Beneficis = 99631.3600000001Movimiento 166 483 Coste(2453.852) ---> BoarHat@28fba922
Beneficis = 99631.3600000001Movimiento 380 664 Coste(2447.017) ---> BoarHat@56f6863f
Beneficis = 99631.3600000001Movimiento 284 769 Coste(2440.336) ---> BoarHat@6f54b500
Beneficis = 99631.3600000001Movimiento 366 632 Coste(2433.728) ---> BoarHat@5b632553
Beneficis = 99631.3600000001Movimiento 148 942 Coste(2427.266) ---> BoarHat@19f3149e
Beneficis = 99631.3600000001Movimiento 766 990 Coste(2420.836) ---> BoarHat@5378df79
Beneficis = 99992.5600000001Movimiento 946 2 Coste(2335.2839999999997) ---> BoarHat@b3e9053
Beneficis = 99992.5600000001Movimiento 60 66 Coste(2328.862) ---> BoarHat@5f9bc60d
Beneficis = 100277.5600000001Movimiento 763 1 Coste(2242.162) ---> BoarHat@31d451e4
Beneficis = 100277.5600000001Movimiento 155 865 Coste(2235.813) ---> BoarHat@38addbd
Beneficis = 100277.5600000001Movimiento 305 524 Coste(2229.339) ---> BoarHat@4232e017
Beneficis = 100651.0600000001Movimiento 515 13 Coste(2144.279) ---> BoarHat@5a7bb793
Beneficis = 100651.0600000001Movimiento 185 213 Coste(2138.095) ---> BoarHat@b5a3f71
Beneficis = 100651.0600000001Movimiento 741 854 Coste(2132.0009999999997) ---> BoarHat@9bae570
Beneficis = 100651.0600000001Movimiento 175 595 Coste(2126.139) ---> BoarHat@5e5948a3
Beneficis = 100651.0600000001Movimiento 88 96 Coste(2120.071) ---> BoarHat@1b3b8048
Beneficis = 100651.0600000001Movimiento 171 475 Coste(2114.269) ---> BoarHat@72d5dccb
Beneficis = 100651.0600000001Movimiento 582 686 Coste(2108.641) ---> BoarHat@13cb1115
Beneficis = 101022.4600000001Movimiento 607 10 Coste(2022.2589999999998) ---> BoarHat@28463567
Beneficis = 101022.4600000001Movimiento 247 878 Coste(2016.686) ---> BoarHat@5b29c248
Beneficis = 101413.36000000009Movimiento 862 30 Coste(1929.716) ---> BoarHat@739d992
Beneficis = 101413.36000000009Movimiento 244 435 Coste(1924.3359999999998) ---> BoarHat@690a5818
Beneficis = 101413.36000000009Movimiento 375 678 Coste(1919.024) ---> BoarHat@2c521b53
Beneficis = 101413.36000000009Movimiento 396 962 Coste(1913.7769999999998) ---> BoarHat@82a61d2
Beneficis = 101413.36000000009Movimiento 186 523 Coste(1908.587) ---> BoarHat@1e05d120
Beneficis = 101413.36000000009Movimiento 98 908 Coste(1903.4989999999998) ---> BoarHat@1e91e5a2
Beneficis = 101830.36000000009Movimiento 760 37 Coste(1818.7889999999998) ---> BoarHat@14eb68f6
Beneficis = 101830.36000000009Movimiento 364 564 Coste(1813.8159999999998) ---> BoarHat@70debea6
Beneficis = 101830.36000000009Movimiento 718 850 Coste(1808.925) ---> BoarHat@1db05807
Beneficis = 101830.36000000009Movimiento 236 746 Coste(1804.165) ---> BoarHat@ac0874a
Beneficis = 101830.36000000009Movimiento 310 345 Coste(1799.465) ---> BoarHat@1481f4cb
Beneficis = 102219.16000000009Movimiento 557 0 Coste(1715.0169999999998) ---> BoarHat@5fd78d04
Beneficis = 102219.16000000009Movimiento 19 544 Coste(1710.35) ---> BoarHat@50bcb99a
Beneficis = 102219.16000000009Movimiento 600 774 Coste(1705.1839999999997) ---> BoarHat@5eb21c0e
Beneficis = 102669.4600000001Movimiento 156 2 Coste(1621.695) ---> BoarHat@5be67b59
Beneficis = 102669.4600000001Movimiento 329 716 Coste(1617.2009999999998) ---> BoarHat@1abcb334
Beneficis = 102669.4600000001Movimiento 144 295 Coste(1612.745) ---> BoarHat@20673b1c
Beneficis = 102669.4600000001Movimiento 423 763 Coste(1608.3349999999998) ---> BoarHat@63a91341
Beneficis = 103113.7600000001Movimiento 85 1 Coste(1524.6259999999997) ---> BoarHat@2d65b81e
Beneficis = 103113.7600000001Movimiento 402 465 Coste(1520.3239999999998) ---> BoarHat@561fd9da
Beneficis = 103113.7600000001Movimiento 308 805 Coste(1515.234) ---> BoarHat@5dc43ee6
Beneficis = 103560.4600000001Movimiento 670 4 Coste(1433.1019999999999) ---> BoarHat@39610391
Beneficis = 103560.4600000001Movimiento 269 902 Coste(1428.8059999999998) ---> BoarHat@6561d6cb
Beneficis = 103560.4600000001Movimiento 426 988 Coste(1424.531) ---> BoarHat@6c1e802c
Beneficis = 104039.86000000009Movimiento 639 8 Coste(1342.109) ---> BoarHat@535488b0
Beneficis = 104039.86000000009Movimiento 497 628 Coste(1337.855) ---> BoarHat@f4fbe3e
Beneficis = 104039.86000000009Movimiento 362 985 Coste(1333.7749999999999) ---> BoarHat@7b13a52a
Beneficis = 104039.86000000009Movimiento 609 614 Coste(1329.8089999999997) ---> BoarHat@26f8e1ce
Beneficis = 104039.86000000009Movimiento 620 907 Coste(1325.9129999999998) ---> BoarHat@513ef67f
Beneficis = 104488.66000000009Movimiento 34 4 Coste(1243.8649999999998) ---> BoarHat@28519996
Beneficis = 104488.66000000009Movimiento 90 216 Coste(1239.9689999999998) ---> BoarHat@7af88c95
Beneficis = 104488.66000000009Movimiento 658 963 Coste(1236.1029999999998) ---> BoarHat@247417c7
Beneficis = 104488.66000000009Movimiento 275 344 Coste(1232.03) ---> BoarHat@2ffc3a28
Beneficis = 104488.66000000009Movimiento 472 932 Coste(1228.232) ---> BoarHat@3771519f
Beneficis = 104488.66000000009Movimiento 504 823 Coste(1224.4499999999998) ---> BoarHat@25e4f24
Beneficis = 104488.66000000009Movimiento 57 401 Coste(1220.715) ---> BoarHat@5835f0f
Beneficis = 104488.66000000009Movimiento 729 943 Coste(1216.7469999999998) ---> BoarHat@6efc89a1
Beneficis = 104488.66000000009Movimiento 467 736 Coste(1213.0569999999998) ---> BoarHat@19e6cb66
Beneficis = 104488.66000000009Movimiento 117 847 Coste(1209.3809999999999) ---> BoarHat@3bb8c7b0
Beneficis = 104488.66000000009Movimiento 70 392 Coste(1205.732) ---> BoarHat@5e4e672
Beneficis = 104488.66000000009Movimiento 27 191 Coste(1202.2379999999998) ---> BoarHat@7a2b2438
Beneficis = 104488.66000000009Movimiento 41 784 Coste(1198.7489999999998) ---> BoarHat@483877ac
Beneficis = 104488.66000000009Movimiento 294 670 Coste(1195.264) ---> BoarHat@26857233
Beneficis = 104937.7600000001Movimiento 644 4 Coste(1113.2279999999998) ---> BoarHat@70d75aec
Beneficis = 104937.7600000001Movimiento 352 511 Coste(1109.7459999999999) ---> BoarHat@5b0f8b7e
Beneficis = 104937.7600000001Movimiento 654 721 Coste(1105.792) ---> BoarHat@33ff2e6c
Beneficis = 104937.7600000001Movimiento 139 214 Coste(1102.32) ---> BoarHat@3d09f1a4
Beneficis = 104937.7600000001Movimiento 429 997 Coste(1098.9899999999998) ---> BoarHat@25b128b3
Beneficis = 104937.7600000001Movimiento 25 911 Coste(1095.6839999999997) ---> BoarHat@23e4a840
Beneficis = 104937.7600000001Movimiento 431 896 Coste(1092.4099999999999) ---> BoarHat@6eab1cd
Beneficis = 104937.7600000001Movimiento 230 777 Coste(1089.1549999999997) ---> BoarHat@5c297eb3
Beneficis = 104937.7600000001Movimiento 877 943 Coste(1085.907) ---> BoarHat@1209fb38
Beneficis = 104937.7600000001Movimiento 265 876 Coste(1082.675) ---> BoarHat@6aaa8ffc
Beneficis = 105396.7600000001Movimiento 589 2 Coste(999.5049999999999) ---> BoarHat@406b000a
Beneficis = 105396.7600000001Movimiento 115 576 Coste(996.2769999999998) ---> BoarHat@4185a973
Beneficis = 105396.7600000001Movimiento 154 285 Coste(993.0519999999999) ---> BoarHat@5c598383
Beneficis = 105396.7600000001Movimiento 335 986 Coste(989.8699999999999) ---> BoarHat@4697f314
Beneficis = 105396.7600000001Movimiento 256 719 Coste(986.6909999999998) ---> BoarHat@572e0186
Beneficis = 105396.7600000001Movimiento 873 946 Coste(983.5369999999998) ---> BoarHat@7c1f2131
Beneficis = 105396.7600000001Movimiento 18 87 Coste(980.4409999999998) ---> BoarHat@158bb60f
Beneficis = 105396.7600000001Movimiento 82 330 Coste(977.3519999999999) ---> BoarHat@9d8f8cc
Beneficis = 105396.7600000001Movimiento 321 730 Coste(974.2679999999998) ---> BoarHat@1d31949c
Beneficis = 105396.7600000001Movimiento 276 678 Coste(971.185) ---> BoarHat@3b87e4f7
Beneficis = 105396.7600000001Movimiento 36 389 Coste(968.1399999999999) ---> BoarHat@221d930d
Beneficis = 105396.7600000001Movimiento 233 731 Coste(965.1039999999998) ---> BoarHat@2bfac10f
Beneficis = 105396.7600000001Movimiento 587 799 Coste(962.0699999999999) ---> BoarHat@a362924
Beneficis = 105396.7600000001Movimiento 410 957 Coste(959.0449999999998) ---> BoarHat@72742f09
Beneficis = 105396.7600000001Movimiento 383 886 Coste(956.1139999999999) ---> BoarHat@1ea6ea41
Beneficis = 105396.7600000001Movimiento 71 866 Coste(953.2299999999999) ---> BoarHat@5203b4f0
Beneficis = 105396.7600000001Movimiento 326 711 Coste(950.202) ---> BoarHat@29ec5e8c
Beneficis = 105800.8600000001Movimiento 629 4 Coste(869.06) ---> BoarHat@748f2a0d
Beneficis = 105800.8600000001Movimiento 518 629 Coste(865.116) ---> BoarHat@221769cd
Beneficis = 105800.8600000001Movimiento 26 411 Coste(862.2349999999999) ---> BoarHat@5e451c9e
Beneficis = 105800.8600000001Movimiento 522 860 Coste(859.3549999999999) ---> BoarHat@6838e515
Beneficis = 105800.8600000001Movimiento 545 577 Coste(856.4949999999999) ---> BoarHat@31cea9b3
Beneficis = 105800.8600000001Movimiento 760 844 Coste(853.6419999999999) ---> BoarHat@342e2fe
Beneficis = 105800.8600000001Movimiento 806 930 Coste(850.8039999999999) ---> BoarHat@efe365
Beneficis = 105800.8600000001Movimiento 274 313 Coste(847.968) ---> BoarHat@586628fd
Beneficis = 105800.8600000001Movimiento 129 427 Coste(845.145) ---> BoarHat@6194dfed
Beneficis = 105800.8600000001Movimiento 417 603 Coste(842.4409999999999) ---> BoarHat@7c57e442
Beneficis = 105800.8600000001Movimiento 291 527 Coste(839.797) ---> BoarHat@6c6553d7
Beneficis = 105800.8600000001Movimiento 449 584 Coste(837.178) ---> BoarHat@4c39942
Beneficis = 106230.46000000011Movimiento 542 11 Coste(754.362) ---> BoarHat@48b6592d
Beneficis = 106230.46000000011Movimiento 334 341 Coste(751.7549999999999) ---> BoarHat@78d2d9f8
Beneficis = 106230.46000000011Movimiento 138 941 Coste(749.153) ---> BoarHat@30a8a59a
Beneficis = 106230.46000000011Movimiento 621 874 Coste(746.555) ---> BoarHat@1826e33
Beneficis = 106230.46000000011Movimiento 510 880 Coste(743.9849999999999) ---> BoarHat@6943568c
Beneficis = 106230.46000000011Movimiento 5 333 Coste(741.4279999999999) ---> BoarHat@20d41c1d
Beneficis = 106230.46000000011Movimiento 496 919 Coste(738.8879999999999) ---> BoarHat@3da8325f
Beneficis = 106230.46000000011Movimiento 416 912 Coste(736.358) ---> BoarHat@76c61e56
Beneficis = 106230.46000000011Movimiento 263 307 Coste(733.833) ---> BoarHat@4bb8eec0
Beneficis = 106230.46000000011Movimiento 16 194 Coste(731.3209999999999) ---> BoarHat@2610575d
Beneficis = 106700.26000000011Movimiento 709 2 Coste(653.2449999999999) ---> BoarHat@127ce531
Beneficis = 106700.26000000011Movimiento 450 709 Coste(648.1669999999999) ---> BoarHat@35369b09
Beneficis = 106700.26000000011Movimiento 95 134 Coste(645.723) ---> BoarHat@6a08cf96
Beneficis = 106700.26000000011Movimiento 601 684 Coste(643.281) ---> BoarHat@6d337ed4
Beneficis = 106700.26000000011Movimiento 884 999 Coste(640.844) ---> BoarHat@5973fa20
Beneficis = 107126.86000000012Movimiento 676 2 Coste(563.5959999999999) ---> BoarHat@4b1e7677
Beneficis = 107126.86000000012Movimiento 123 676 Coste(556.9479999999999) ---> BoarHat@1d0dc8da
Beneficis = 107126.86000000012Movimiento 261 882 Coste(554.5529999999999) ---> BoarHat@757954dd
Beneficis = 107126.86000000012Movimiento 707 838 Coste(552.1669999999999) ---> BoarHat@6a27cb9e
Beneficis = 107126.86000000012Movimiento 368 377 Coste(549.833) ---> BoarHat@5a914464
Beneficis = 107126.86000000012Movimiento 520 967 Coste(547.525) ---> BoarHat@7c335ff7
Beneficis = 107618.56000000011Movimiento 910 2 Coste(470.47099999999995) ---> BoarHat@10dd9b30
Beneficis = 107618.56000000011Movimiento 698 910 Coste(465.5539999999999) ---> BoarHat@6b44640
Beneficis = 107618.56000000011Movimiento 630 683 Coste(463.2799999999999) ---> BoarHat@1d1abeef
Beneficis = 107618.56000000011Movimiento 521 738 Coste(458.8259999999999) ---> BoarHat@63f00aff
Beneficis = 107618.56000000011Movimiento 86 696 Coste(456.5639999999999) ---> BoarHat@5326963e
Beneficis = 107618.56000000011Movimiento 143 574 Coste(454.3089999999999) ---> BoarHat@3da23af9
Beneficis = 108113.56000000011Movimiento 267 2 Coste(377.4089999999999) ---> BoarHat@3df470f7
Beneficis = 108113.56000000011Movimiento 234 267 Coste(372.45899999999995) ---> BoarHat@7249bb03
Beneficis = 108626.26000000011Movimiento 915 2 Coste(296.3849999999999) ---> BoarHat@623a69bd
Beneficis = 108626.26000000011Movimiento 915 932 Coste(292.96699999999987) ---> BoarHat@159c342d
Beneficis = 108626.26000000011Movimiento 507 542 Coste(290.7209999999999) ---> BoarHat@51f2c3a2
Beneficis = 108626.26000000011Movimiento 408 604 Coste(288.3839999999999) ---> BoarHat@7edb5b
Beneficis = 109088.86000000012Movimiento 549 2 Coste(213.0559999999999) ---> BoarHat@3a6a706b
Beneficis = 109088.86000000012Movimiento 295 549 Coste(209.97199999999987) ---> BoarHat@7fe1330
Beneficis = 109088.86000000012Movimiento 461 947 Coste(207.73199999999989) ---> BoarHat@5dec9f37
Beneficis = 109088.86000000012Movimiento 401 581 Coste(205.40699999999987) ---> BoarHat@4a221c06
Beneficis = 109088.86000000012Movimiento 549 821 Coste(199.85099999999989) ---> BoarHat@3f0124e0
Beneficis = 109088.86000000012Movimiento 554 786 Coste(197.63299999999987) ---> BoarHat@6fb6d527
Beneficis = 109088.86000000012Movimiento 111 956 Coste(195.42599999999987) ---> BoarHat@49013889
Beneficis = 109088.86000000012Movimiento 257 897 Coste(193.2709999999999) ---> BoarHat@112828a5
Beneficis = 109088.86000000012Movimiento 51 209 Coste(190.6189999999999) ---> BoarHat@31c4a10e
Beneficis = 109088.86000000012Movimiento 10 273 Coste(188.46899999999988) ---> BoarHat@7a449dac
Beneficis = 109088.86000000012Movimiento 229 758 Coste(186.32899999999987) ---> BoarHat@d623a2a
Beneficis = 109088.86000000012Movimiento 559 715 Coste(184.19299999999987) ---> BoarHat@7a0930cd
Beneficis = 109088.86000000012Movimiento 569 979 Coste(182.08099999999988) ---> BoarHat@4129ffd6
Beneficis = 109088.86000000012Movimiento 228 964 Coste(179.97499999999988) ---> BoarHat@3277402b
Beneficis = 109088.86000000012Movimiento 136 460 Coste(177.8819999999999) ---> BoarHat@77709362
Beneficis = 109637.86000000012Movimiento 929 2 Coste(103.50199999999992) ---> BoarHat@4063b67b
Beneficis = 109637.86000000012Movimiento 150 929 Coste(98.01199999999992) ---> BoarHat@24a9c8d9
Beneficis = 109637.86000000012Movimiento 202 764 Coste(95.92099999999988) ---> BoarHat@7312f45e
Beneficis = 109637.86000000012Movimiento 639 908 Coste(93.6999999999999) ---> BoarHat@b66af17
Beneficis = 109637.86000000012Movimiento 568 637 Coste(91.61899999999991) ---> BoarHat@364b6b68
Beneficis = 109637.86000000012Movimiento 23 217 Coste(89.58799999999991) ---> BoarHat@5e5a3252
Beneficis = 109637.86000000012Movimiento 245 594 Coste(87.56399999999994) ---> BoarHat@128ce9d4
Beneficis = 109637.86000000012Movimiento 490 855 Coste(85.55599999999993) ---> BoarHat@411fa0da
Beneficis = 109637.86000000012Movimiento 156 590 Coste(83.55899999999994) ---> BoarHat@326e72d1
Beneficis = 110169.46000000012Movimiento 47 2 Coste(11.910999999999945) ---> BoarHat@468a41d5
Beneficis = 110169.46000000012Movimiento 47 296 Coste(8.366999999999933) ---> BoarHat@48e2a92b
Beneficis = 110169.46000000012Movimiento 76 739 Coste(6.372999999999934) ---> BoarHat@6866434
Beneficis = 110169.46000000012Movimiento 149 476 Coste(4.396999999999906) ---> BoarHat@fd75048
Beneficis = 110169.46000000012Movimiento 697 938 Coste(2.4269999999999072) ---> BoarHat@7e639873
Beneficis = 110722.06000000013Movimiento 825 8 Coste(-68.10100000000008) ---> BoarHat@61af7247
Beneficis = 110722.06000000013Movimiento 618 624 Coste(-70.0630000000001) ---> BoarHat@74fbc2d2
Beneficis = 110722.06000000013Movimiento 342 668 Coste(-72.02500000000009) ---> BoarHat@59cbdd6
Beneficis = 110722.06000000013Movimiento 482 656 Coste(-73.9780000000001) ---> BoarHat@33f97840
Beneficis = 110722.06000000013Movimiento 90 595 Coste(-75.9250000000001) ---> BoarHat@78a50b6c
Beneficis = 110722.06000000013Movimiento 97 436 Coste(-77.86100000000008) ---> BoarHat@4c74f7c9
Beneficis = 110722.06000000013Movimiento 671 709 Coste(-80.40500000000009) ---> BoarHat@42b29930
Beneficis = 110722.06000000013Movimiento 15 825 Coste(-91.45700000000011) ---> BoarHat@1cfa439b
Beneficis = 110722.06000000013Movimiento 182 593 Coste(-93.3770000000001) ---> BoarHat@7d632134
Beneficis = 110722.06000000013Movimiento 517 647 Coste(-95.29400000000007) ---> BoarHat@a109a1d
Beneficis = 110722.06000000013Movimiento 77 791 Coste(-97.20400000000006) ---> BoarHat@276100c6
Beneficis = 110722.06000000013Movimiento 140 542 Coste(-99.31500000000005) ---> BoarHat@3522fd7
Beneficis = 110722.06000000013Movimiento 62 296 Coste(-101.22300000000007) ---> BoarHat@57ce7944
Beneficis = 110722.06000000013Movimiento 72 976 Coste(-103.05500000000006) ---> BoarHat@5ddbed0d
Beneficis = 110722.06000000013Movimiento 218 934 Coste(-104.88200000000006) ---> BoarHat@4bee4c2f
Beneficis = 110722.06000000013Movimiento 34 439 Coste(-107.87400000000005) ---> BoarHat@17a8f6dc
Beneficis = 110722.06000000013Movimiento 222 770 Coste(-109.69200000000004) ---> BoarHat@658a65a1
Beneficis = 110722.06000000013Movimiento 147 448 Coste(-111.50000000000003) ---> BoarHat@7762a6d7
Beneficis = 110722.06000000013Movimiento 132 494 Coste(-113.292) ---> BoarHat@66a832e0
Beneficis = 110722.06000000013Movimiento 43 471 Coste(-115.07300000000004) ---> BoarHat@55d8cb41
Beneficis = 111304.06000000013Movimiento 455 2 Coste(-184.03300000000007) ---> BoarHat@5181f2b6
Beneficis = 111304.06000000013Movimiento 159 215 Coste(-185.80800000000008) ---> BoarHat@2fa9d17e
Beneficis = 111304.06000000013Movimiento 99 631 Coste(-187.58200000000008) ---> BoarHat@131bc876
Beneficis = 111304.06000000013Movimiento 636 785 Coste(-189.35500000000008) ---> BoarHat@b3a6fcc
Beneficis = 111304.06000000013Movimiento 114 743 Coste(-191.15700000000007) ---> BoarHat@41fc68fc
Beneficis = 111304.06000000013Movimiento 235 413 Coste(-192.9290000000001) ---> BoarHat@73173b1a
Beneficis = 111304.06000000013Movimiento 119 355 Coste(-194.69900000000007) ---> BoarHat@45d44bb3
Beneficis = 111304.06000000013Movimiento 9 40 Coste(-196.43000000000006) ---> BoarHat@3eeb0d37
Beneficis = 111304.06000000013Movimiento 499 627 Coste(-198.15500000000006) ---> BoarHat@46c4586d
Beneficis = 111304.06000000013Movimiento 121 560 Coste(-199.87900000000005) ---> BoarHat@80eb25e
Beneficis = 111304.06000000013Movimiento 523 595 Coste(-201.59800000000004) ---> BoarHat@298d8420
Beneficis = 111304.06000000013Movimiento 327 887 Coste(-203.31000000000003) ---> BoarHat@12b799a2
Beneficis = 111304.06000000013Movimiento 645 845 Coste(-205.00600000000006) ---> BoarHat@5857a564
Beneficis = 111304.06000000013Movimiento 515 881 Coste(-206.70000000000005) ---> BoarHat@1605fcc7
Beneficis = 111304.06000000013Movimiento 695 703 Coste(-208.37800000000001) ---> BoarHat@3e19a298
Beneficis = 111304.06000000013Movimiento 385 453 Coste(-210.04600000000005) ---> BoarHat@654f9967
Beneficis = 111304.06000000013Movimiento 540 573 Coste(-211.71400000000006) ---> BoarHat@28f46c71
Beneficis = 111304.06000000013Movimiento 73 570 Coste(-213.37900000000005) ---> BoarHat@6a272dd7
Beneficis = 111304.06000000013Movimiento 403 973 Coste(-215.04200000000006) ---> BoarHat@2074951d
Beneficis = 111304.06000000013Movimiento 626 732 Coste(-216.70000000000007) ---> BoarHat@48232034
Beneficis = 111304.06000000013Movimiento 56 103 Coste(-218.35000000000008) ---> BoarHat@f09c1d7
Beneficis = 111304.06000000013Movimiento 184 300 Coste(-219.9960000000001) ---> BoarHat@51644698
Beneficis = 111304.06000000013Movimiento 869 922 Coste(-221.63300000000007) ---> BoarHat@2ed4fc96
Beneficis = 111304.06000000013Movimiento 158 753 Coste(-223.26300000000006) ---> BoarHat@78552bc2
Beneficis = 111304.06000000013Movimiento 197 386 Coste(-224.88100000000003) ---> BoarHat@5a12827
Beneficis = 111304.06000000013Movimiento 248 913 Coste(-226.47900000000004) ---> BoarHat@17a4783f
Beneficis = 111304.06000000013Movimiento 414 439 Coste(-228.07500000000007) ---> BoarHat@48267cdb
Beneficis = 111304.06000000013Movimiento 455 677 Coste(-232.32100000000005) ---> BoarHat@1e6de08b
Beneficis = 111304.06000000013Movimiento 455 557 Coste(-238.14100000000008) ---> BoarHat@4f079730
Beneficis = 111304.06000000013Movimiento 714 759 Coste(-239.73600000000008) ---> BoarHat@2b823609
Beneficis = 111304.06000000013Movimiento 418 699 Coste(-241.32800000000006) ---> BoarHat@4068dc71
Beneficis = 111304.06000000013Movimiento 94 646 Coste(-242.91500000000005) ---> BoarHat@6681f264
Beneficis = 111304.06000000013Movimiento 353 853 Coste(-244.50200000000004) ---> BoarHat@3fabcc3
Beneficis = 111304.06000000013Movimiento 412 807 Coste(-246.08200000000002) ---> BoarHat@4597844e
Beneficis = 111304.06000000013Movimiento 45 615 Coste(-247.64900000000003) ---> BoarHat@1ca0dfc1
Beneficis = 111304.06000000013Movimiento 133 843 Coste(-249.187) ---> BoarHat@71e2781d
Beneficis = 111304.06000000013Movimiento 945 991 Coste(-250.72500000000002) ---> BoarHat@71cffeb1
Beneficis = 111304.06000000013Movimiento 122 298 Coste(-252.231) ---> BoarHat@734e7f32
Beneficis = 111304.06000000013Movimiento 244 578 Coste(-253.736) ---> BoarHat@5fba0604
Beneficis = 111304.06000000013Movimiento 395 834 Coste(-255.239) ---> BoarHat@5671618f
Beneficis = 111304.06000000013Movimiento 303 928 Coste(-256.73199999999997) ---> BoarHat@64725756
Beneficis = 111304.06000000013Movimiento 118 206 Coste(-258.212) ---> BoarHat@4dc518c3
Beneficis = 111304.06000000013Movimiento 702 789 Coste(-259.69) ---> BoarHat@20e9f0e1
Beneficis = 111304.06000000013Movimiento 863 960 Coste(-261.162) ---> BoarHat@6ec48327
Beneficis = 111304.06000000013Movimiento 504 598 Coste(-262.604) ---> BoarHat@41a02d47
Beneficis = 111304.06000000013Movimiento 130 489 Coste(-264.033) ---> BoarHat@15f9c173
Beneficis = 111304.06000000013Movimiento 31 676 Coste(-265.45700000000005) ---> BoarHat@435171ff
Beneficis = 111304.06000000013Movimiento 586 676 Coste(-267.821) ---> BoarHat@6f78fe55
Beneficis = 111304.06000000013Movimiento 85 535 Coste(-269.54400000000004) ---> BoarHat@2c5323c1
Beneficis = 111304.06000000013Movimiento 20 723 Coste(-271.133) ---> BoarHat@78bf1ccb
Beneficis = 111304.06000000013Movimiento 557 571 Coste(-272.70199999999994) ---> BoarHat@75889acb
Beneficis = 111304.06000000013Movimiento 205 393 Coste(-274.11899999999997) ---> BoarHat@5aa7af8a
Beneficis = 111304.06000000013Movimiento 179 351 Coste(-275.53499999999997) ---> BoarHat@1f72a2ac
Beneficis = 111304.06000000013Movimiento 125 227 Coste(-276.945) ---> BoarHat@1e44f085
Beneficis = 111304.06000000013Movimiento 67 632 Coste(-278.34399999999994) ---> BoarHat@1ab2a406
Beneficis = 111304.06000000013Movimiento 141 283 Coste(-279.74099999999993) ---> BoarHat@1a31f1c0
Beneficis = 111304.06000000013Movimiento 239 781 Coste(-281.12499999999994) ---> BoarHat@36911c80
Beneficis = 111304.06000000013Movimiento 187 437 Coste(-282.51699999999994) ---> BoarHat@3047a354
Beneficis = 111304.06000000013Movimiento 74 861 Coste(-283.896) ---> BoarHat@2ee7117c
Beneficis = 111304.06000000013Movimiento 0 288 Coste(-285.26700000000005) ---> BoarHat@360b9ee8
Beneficis = 111304.06000000013Movimiento 29 137 Coste(-286.634) ---> BoarHat@35a8c773
Beneficis = 111304.06000000013Movimiento 7 301 Coste(-287.987) ---> BoarHat@65e624e5
Beneficis = 111304.06000000013Movimiento 161 314 Coste(-289.334) ---> BoarHat@affe9ab
Beneficis = 111304.06000000013Movimiento 893 950 Coste(-290.694) ---> BoarHat@7642c081
Beneficis = 111304.06000000013Movimiento 8 801 Coste(-292.027) ---> BoarHat@38de3871
Beneficis = 111304.06000000013Movimiento 49 896 Coste(-293.35300000000007) ---> BoarHat@4bc502cc
Beneficis = 111304.06000000013Movimiento 183 715 Coste(-294.6570000000001) ---> BoarHat@1127b999
Beneficis = 111304.06000000013Movimiento 544 557 Coste(-295.95300000000003) ---> BoarHat@71660503
Beneficis = 111304.06000000013Movimiento 829 971 Coste(-297.24500000000006) ---> BoarHat@2550f853
Beneficis = 111304.06000000013Movimiento 151 794 Coste(-298.59100000000007) ---> BoarHat@1d35a86c
Beneficis = 111304.06000000013Movimiento 822 972 Coste(-299.87700000000007) ---> BoarHat@28e41291
Beneficis = 111304.06000000013Movimiento 735 851 Coste(-301.1530000000001) ---> BoarHat@48808ce3
Beneficis = 111304.06000000013Movimiento 190 207 Coste(-302.42000000000013) ---> BoarHat@93ca42b
Beneficis = 111304.06000000013Movimiento 252 354 Coste(-303.68300000000016) ---> BoarHat@7f9758f6
Beneficis = 111304.06000000013Movimiento 246 508 Coste(-304.9010000000001) ---> BoarHat@595ad9ce
Beneficis = 111304.06000000013Movimiento 737 868 Coste(-306.11300000000017) ---> BoarHat@313446f2
Beneficis = 111304.06000000013Movimiento 434 895 Coste(-307.31100000000015) ---> BoarHat@38ff9724
Beneficis = 111304.06000000013Movimiento 163 798 Coste(-308.56100000000015) ---> BoarHat@5fffc545
Beneficis = 111304.06000000013Movimiento 325 484 Coste(-309.75300000000016) ---> BoarHat@3fe89a24
Beneficis = 111304.06000000013Movimiento 533 813 Coste(-310.9390000000002) ---> BoarHat@20a34f23
Beneficis = 111304.06000000013Movimiento 287 293 Coste(-312.1150000000002) ---> BoarHat@6b33fce3
Beneficis = 111304.06000000013Movimiento 48 145 Coste(-313.2850000000002) ---> BoarHat@7d5c6117
Beneficis = 111304.06000000013Movimiento 181 726 Coste(-314.45300000000015) ---> BoarHat@1ba560ba
Beneficis = 111304.06000000013Movimiento 24 378 Coste(-315.6170000000002) ---> BoarHat@31211234
Beneficis = 111304.06000000013Movimiento 65 79 Coste(-316.7720000000002) ---> BoarHat@b02aa67
Beneficis = 111304.06000000013Movimiento 358 609 Coste(-317.9640000000002) ---> BoarHat@42dc2014
Beneficis = 111304.06000000013Movimiento 178 332 Coste(-319.1160000000002) ---> BoarHat@13f5a014
Beneficis = 111304.06000000013Movimiento 360 612 Coste(-320.2670000000002) ---> BoarHat@6450c51
Beneficis = 111304.06000000013Movimiento 536 954 Coste(-321.4120000000002) ---> BoarHat@71d35b1f
Beneficis = 111304.06000000013Movimiento 117 699 Coste(-322.5560000000002) ---> BoarHat@16729fe
Beneficis = 111304.06000000013Movimiento 276 372 Coste(-323.6960000000002) ---> BoarHat@50578b03
Beneficis = 111304.06000000013Movimiento 333 447 Coste(-324.83200000000016) ---> BoarHat@2e78b5b
Beneficis = 111304.06000000013Movimiento 271 486 Coste(-325.9660000000002) ---> BoarHat@3bee8f85
Beneficis = 111304.06000000013Movimiento 304 720 Coste(-327.0980000000002) ---> BoarHat@25753039
Beneficis = 111304.06000000013Movimiento 68 317 Coste(-328.22800000000024) ---> BoarHat@b5cfc6
Beneficis = 111304.06000000013Movimiento 150 243 Coste(-329.3520000000002) ---> BoarHat@341aa639
Beneficis = 111304.06000000013Movimiento 93 259 Coste(-330.4710000000002) ---> BoarHat@55be961d
Beneficis = 111304.06000000013Movimiento 251 931 Coste(-331.5840000000001) ---> BoarHat@4d153fa6
Beneficis = 111304.06000000013Movimiento 872 944 Coste(-332.6850000000001) ---> BoarHat@5dc99a91
Beneficis = 111304.06000000013Movimiento 464 831 Coste(-333.77900000000017) ---> BoarHat@30baf5be
Beneficis = 111304.06000000013Movimiento 659 989 Coste(-334.8670000000002) ---> BoarHat@6b3295a1
Beneficis = 111304.06000000013Movimiento 91 871 Coste(-335.94300000000015) ---> BoarHat@6f65044a
Beneficis = 111304.06000000013Movimiento 733 899 Coste(-337.01700000000017) ---> BoarHat@482caf82
Beneficis = 111304.06000000013Movimiento 528 625 Coste(-338.0770000000002) ---> BoarHat@408b1256
Beneficis = 111304.06000000013Movimiento 320 343 Coste(-339.1330000000002) ---> BoarHat@7e020f0
Beneficis = 111304.06000000013Movimiento 13 959 Coste(-340.1530000000002) ---> BoarHat@53a06084
Beneficis = 111304.06000000013Movimiento 226 475 Coste(-341.2510000000002) ---> BoarHat@1d26777d
Beneficis = 111304.06000000013Movimiento 33 815 Coste(-342.26600000000013) ---> BoarHat@4d16d005
Beneficis = 111304.06000000013Movimiento 262 958 Coste(-343.28000000000014) ---> BoarHat@1cf7555d
Beneficis = 111304.06000000013Movimiento 195 592 Coste(-344.2880000000002) ---> BoarHat@4bd378af
Beneficis = 111304.06000000013Movimiento 290 454 Coste(-345.28000000000014) ---> BoarHat@5f3c796a
Beneficis = 111304.06000000013Movimiento 221 249 Coste(-346.26800000000014) ---> BoarHat@663f84e9
Beneficis = 111304.06000000013Movimiento 38 547 Coste(-347.25500000000017) ---> BoarHat@1a4e5087
Beneficis = 111304.06000000013Movimiento 316 906 Coste(-348.23800000000017) ---> BoarHat@4d4fb021
Beneficis = 111304.06000000013Movimiento 415 950 Coste(-349.36300000000017) ---> BoarHat@3ddc5f81
Beneficis = 111304.06000000013Movimiento 345 796 Coste(-350.39700000000016) ---> BoarHat@553256f3
Beneficis = 111304.06000000013Movimiento 839 885 Coste(-351.3770000000002) ---> BoarHat@6da6779a
Beneficis = 111304.06000000013Movimiento 84 599 Coste(-352.3550000000002) ---> BoarHat@7ac5f4e3
Beneficis = 111304.06000000013Movimiento 238 558 Coste(-353.33100000000024) ---> BoarHat@4359d436
Beneficis = 111304.06000000013Movimiento 459 503 Coste(-354.30700000000024) ---> BoarHat@5a6e7d8a
Beneficis = 111304.06000000013Movimiento 77 440 Coste(-355.2740000000002) ---> BoarHat@67309e65
Beneficis = 111304.06000000013Movimiento 22 689 Coste(-356.2320000000002) ---> BoarHat@655aadc8
Beneficis = 111304.06000000013Movimiento 246 894 Coste(-357.1860000000002) ---> BoarHat@c39a302
Beneficis = 111304.06000000013Movimiento 169 685 Coste(-358.13400000000024) ---> BoarHat@6f53bdca
Beneficis = 111304.06000000013Movimiento 449 517 Coste(-359.08100000000024) ---> BoarHat@26f60347
Beneficis = 111304.06000000013Movimiento 373 663 Coste(-360.02500000000026) ---> BoarHat@2b6c3f8d
Beneficis = 111304.06000000013Movimiento 513 962 Coste(-360.9690000000002) ---> BoarHat@69808e93
Beneficis = 111304.06000000013Movimiento 52 681 Coste(-361.91100000000023) ---> BoarHat@58bd9b41
Beneficis = 111304.06000000013Movimiento 302 728 Coste(-362.8490000000002) ---> BoarHat@393d9c11
Beneficis = 111304.06000000013Movimiento 255 818 Coste(-363.7830000000002) ---> BoarHat@29d397c5
Beneficis = 111304.06000000013Movimiento 277 688 Coste(-364.7230000000002) ---> BoarHat@173b7ba2
Beneficis = 111304.06000000013Movimiento 530 610 Coste(-365.6540000000002) ---> BoarHat@7a76ad4b
Beneficis = 111304.06000000013Movimiento 41 953 Coste(-366.5740000000002) ---> BoarHat@7e881743
Beneficis = 111304.06000000013Movimiento 254 382 Coste(-367.4940000000002) ---> BoarHat@20dcf2c8
Beneficis = 111304.06000000013Movimiento 16 12 Coste(-368.40600000000023) ---> BoarHat@6aecd4a
Beneficis = 111304.06000000013Movimiento 142 817 Coste(-369.3870000000002) ---> BoarHat@67df0e0e
Beneficis = 111304.06000000013Movimiento 828 935 Coste(-370.2910000000002) ---> BoarHat@3275e729
Beneficis = 111304.06000000013Movimiento 109 996 Coste(-371.19400000000024) ---> BoarHat@4699114d
Beneficis = 111304.06000000013Movimiento 555 977 Coste(-372.08800000000025) ---> BoarHat@753784f9
Beneficis = 111304.06000000013Movimiento 59 280 Coste(-372.9810000000002) ---> BoarHat@1f0e7aa4
Beneficis = 111304.06000000013Movimiento 349 747 Coste(-373.8670000000002) ---> BoarHat@49783542
Beneficis = 111304.06000000013Movimiento 458 564 Coste(-374.7480000000002) ---> BoarHat@3749159f
Beneficis = 111304.06000000013Movimiento 105 180 Coste(-375.62800000000016) ---> BoarHat@31096fc6
Beneficis = 111304.06000000013Movimiento 383 719 Coste(-376.4940000000002) ---> BoarHat@550be060
Beneficis = 111304.06000000013Movimiento 46 50 Coste(-377.56400000000025) ---> BoarHat@259628fe
Beneficis = 111304.06000000013Movimiento 797 856 Coste(-378.4260000000002) ---> BoarHat@52c76a3
Beneficis = 111304.06000000013Movimiento 266 344 Coste(-379.3450000000002) ---> BoarHat@41cb21bd
Beneficis = 111304.06000000013Movimiento 498 749 Coste(-380.2050000000002) ---> BoarHat@78b90a38
Beneficis = 111304.06000000013Movimiento 596 787 Coste(-381.0650000000002) ---> BoarHat@7769a651
Beneficis = 111304.06000000013Movimiento 419 721 Coste(-381.9400000000001) ---> BoarHat@7c11c62
Beneficis = 111304.06000000013Movimiento 297 865 Coste(-382.99100000000016) ---> BoarHat@4f9a0372
Beneficis = 111304.06000000013Movimiento 397 926 Coste(-383.85100000000017) ---> BoarHat@6857af76
Beneficis = 111304.06000000013Movimiento 500 597 Coste(-384.7110000000001) ---> BoarHat@16a48937
Beneficis = 111304.06000000013Movimiento 162 387 Coste(-385.56100000000015) ---> BoarHat@3e627a62
Beneficis = 111304.06000000013Movimiento 491 777 Coste(-386.39200000000017) ---> BoarHat@6e279a82
Beneficis = 111304.06000000013Movimiento 223 745 Coste(-387.21400000000017) ---> BoarHat@591a00c6
Beneficis = 111304.06000000013Movimiento 88 419 Coste(-388.8510000000001) ---> BoarHat@146df2a9
Beneficis = 111304.06000000013Movimiento 55 870 Coste(-389.67100000000016) ---> BoarHat@46100309
Beneficis = 111304.06000000013Movimiento 790 936 Coste(-390.48300000000006) ---> BoarHat@4c7bb84
Beneficis = 111304.06000000013Movimiento 164 700 Coste(-391.2880000000001) ---> BoarHat@3a2eccf5
Beneficis = 111304.06000000013Movimiento 225 616 Coste(-392.0910000000001) ---> BoarHat@1faa3d4
Beneficis = 111304.06000000013Movimiento 394 657 Coste(-392.8900000000001) ---> BoarHat@680a9a16
Beneficis = 111304.06000000013Movimiento 756 982 Coste(-393.6880000000001) ---> BoarHat@347c265d
Beneficis = 111304.06000000013Movimiento 80 811 Coste(-394.48400000000004) ---> BoarHat@65d04b44
Beneficis = 111304.06000000013Movimiento 346 975 Coste(-395.27300000000014) ---> BoarHat@6f81fd43
Beneficis = 111304.06000000013Movimiento 751 911 Coste(-396.0540000000001) ---> BoarHat@68d22a5e
Beneficis = 111304.06000000013Movimiento 634 942 Coste(-396.8280000000001) ---> BoarHat@62b241af
Beneficis = 111304.06000000013Movimiento 495 562 Coste(-397.59800000000007) ---> BoarHat@18e5124c
Beneficis = 111304.06000000013Movimiento 371 854 Coste(-398.38200000000006) ---> BoarHat@27c0d295
Beneficis = 111304.06000000013Movimiento 219 237 Coste(-399.1500000000001) ---> BoarHat@2d933ea
Beneficis = 111304.06000000013Movimiento 120 204 Coste(-399.90800000000013) ---> BoarHat@3124de40
Beneficis = 111304.06000000013Movimiento 422 507 Coste(-400.6530000000001) ---> BoarHat@5e1e5f86
Beneficis = 111304.06000000013Movimiento 478 758 Coste(-401.39600000000013) ---> BoarHat@3621b9f9
Beneficis = 111304.06000000013Movimiento 155 4 Coste(-402.1340000000002) ---> BoarHat@30b08473
Beneficis = 111304.06000000013Movimiento 11 808 Coste(-402.8700000000002) ---> BoarHat@21f46fc8
Beneficis = 111304.06000000013Movimiento 541 754 Coste(-403.5950000000002) ---> BoarHat@6157919f
Beneficis = 111304.06000000013Movimiento 621 701 Coste(-404.31800000000015) ---> BoarHat@7a919107
Beneficis = 111304.06000000013Movimiento 286 442 Coste(-405.0370000000002) ---> BoarHat@8c12efc
Beneficis = 111304.06000000013Movimiento 66 208 Coste(-406.2880000000002) ---> BoarHat@58957e81
Beneficis = 111304.06000000013Movimiento 275 689 Coste(-407.00500000000017) ---> BoarHat@6471cb54
Beneficis = 111304.06000000013Movimiento 809 23 Coste(-407.7050000000002) ---> BoarHat@68610ab3
Beneficis = 111304.06000000013Movimiento 771 778 Coste(-408.40400000000017) ---> BoarHat@68d08b61
Beneficis = 111304.06000000013Movimiento 177 744 Coste(-409.09700000000015) ---> BoarHat@329506a1
Beneficis = 111304.06000000013Movimiento 327 424 Coste(-409.7880000000002) ---> BoarHat@73f5ac94
Beneficis = 111304.06000000013Movimiento 400 923 Coste(-410.46300000000014) ---> BoarHat@1f5694f1
Beneficis = 111304.06000000013Movimiento 75 704 Coste(-411.13500000000016) ---> BoarHat@467bffef
Beneficis = 111304.06000000013Movimiento 565 665 Coste(-411.8060000000002) ---> BoarHat@4f7173df
Beneficis = 111304.06000000013Movimiento 54 579 Coste(-412.4750000000002) ---> BoarHat@1cc422df
Beneficis = 111304.06000000013Movimiento 381 531 Coste(-413.1370000000002) ---> BoarHat@40a9b6d7
Beneficis = 111304.06000000013Movimiento 576 715 Coste(-413.79900000000015) ---> BoarHat@2bd84010
Beneficis = 111304.06000000013Movimiento 236 764 Coste(-414.4560000000002) ---> BoarHat@12bca159
Beneficis = 111304.06000000013Movimiento 58 858 Coste(-415.1090000000002) ---> BoarHat@773b7e69
Beneficis = 111304.06000000013Movimiento 122 909 Coste(-415.75900000000007) ---> BoarHat@3ba65870
Beneficis = 111304.06000000013Movimiento 848 966 Coste(-416.40500000000014) ---> BoarHat@3d60a6e2
Beneficis = 111304.06000000013Movimiento 514 993 Coste(-417.04900000000015) ---> BoarHat@62baf583
Beneficis = 111304.06000000013Movimiento 339 563 Coste(-417.67900000000003) ---> BoarHat@3fe215b8
Beneficis = 111304.06000000013Movimiento 170 835 Coste(-418.30300000000005) ---> BoarHat@36dc733a
Beneficis = 111304.06000000013Movimiento 167 879 Coste(-418.94400000000013) ---> BoarHat@1a9cb736
Beneficis = 111304.06000000013Movimiento 291 662 Coste(-419.56800000000015) ---> BoarHat@4d1878b9
Beneficis = 111304.06000000013Movimiento 26 467 Coste(-420.18900000000014) ---> BoarHat@78a85fce
Beneficis = 111304.06000000013Movimiento 113 323 Coste(-420.8010000000001) ---> BoarHat@14664087
Beneficis = 111304.06000000013Movimiento 30 322 Coste(-421.40500000000014) ---> BoarHat@587b7ede
Beneficis = 111304.06000000013Movimiento 93 660 Coste(-422.00500000000017) ---> BoarHat@10b8ef8b
Beneficis = 111304.06000000013Movimiento 232 278 Coste(-422.6050000000002) ---> BoarHat@394d5cc6
Beneficis = 111304.06000000013Movimiento 279 430 Coste(-423.2010000000002) ---> BoarHat@68f58d28
Beneficis = 111304.06000000013Movimiento 324 379 Coste(-423.7930000000002) ---> BoarHat@554a41e8
Beneficis = 111304.06000000013Movimiento 322 493 Coste(-424.38100000000014) ---> BoarHat@110b29b1
Beneficis = 111304.06000000013Movimiento 494 666 Coste(-424.9610000000002) ---> BoarHat@46ac0eaa
Beneficis = 111304.06000000013Movimiento 199 7 Coste(-425.5410000000001) ---> BoarHat@4c3c942
Beneficis = 111304.06000000013Movimiento 339 679 Coste(-426.2110000000002) ---> BoarHat@65333381
Beneficis = 111304.06000000013Movimiento 110 919 Coste(-426.87100000000015) ---> BoarHat@75befdee
Beneficis = 111304.06000000013Movimiento 617 626 Coste(-427.4490000000001) ---> BoarHat@3fd410c9
Beneficis = 111304.06000000013Movimiento 575 710 Coste(-428.0260000000001) ---> BoarHat@58ba3899
Beneficis = 111304.06000000013Movimiento 367 810 Coste(-428.5950000000001) ---> BoarHat@98692d3
Beneficis = 111304.06000000013Movimiento 693 23 Coste(-429.1630000000002) ---> BoarHat@7cb8c738
Beneficis = 111304.06000000013Movimiento 61 795 Coste(-429.72700000000015) ---> BoarHat@737ddb71
Beneficis = 111304.06000000013Movimiento 674 30 Coste(-430.2830000000001) ---> BoarHat@7cf42255
Beneficis = 111304.06000000013Movimiento 939 965 Coste(-430.83700000000005) ---> BoarHat@2d9424b5
Beneficis = 111304.06000000013Movimiento 2 961 Coste(-431.38900000000007) ---> BoarHat@365b948f
Beneficis = 111304.06000000013Movimiento 531 21 Coste(-431.9410000000001) ---> BoarHat@54c91da2
Beneficis = 111304.06000000013Movimiento 264 311 Coste(-432.49100000000004) ---> BoarHat@41649769
Beneficis = 111304.06000000013Movimiento 653 34 Coste(-433.03700000000003) ---> BoarHat@7317574b
Beneficis = 111304.06000000013Movimiento 15 800 Coste(-433.5820000000001) ---> BoarHat@5ba8a149
Beneficis = 111304.06000000013Movimiento 783 984 Coste(-434.12700000000007) ---> BoarHat@28addeca
Beneficis = 111304.06000000013Movimiento 64 211 Coste(-434.66600000000017) ---> BoarHat@1c6cd087
Beneficis = 111304.06000000013Movimiento 323 667 Coste(-435.2040000000002) ---> BoarHat@29c6275c
Beneficis = 111304.06000000013Movimiento 509 28 Coste(-435.74100000000016) ---> BoarHat@20713c7b
Beneficis = 111304.06000000013Movimiento 592 952 Coste(-436.2780000000002) ---> BoarHat@3b9907ab
Beneficis = 111304.06000000013Movimiento 245 814 Coste(-436.81400000000014) ---> BoarHat@35230b0b
Beneficis = 111304.06000000013Movimiento 406 694 Coste(-437.34700000000004) ---> BoarHat@3e346f8b
Beneficis = 111304.06000000013Movimiento 371 469 Coste(-437.867) ---> BoarHat@7cfc1d57
Beneficis = 111304.06000000013Movimiento 281 888 Coste(-438.38400000000007) ---> BoarHat@553be22b
Beneficis = 111304.06000000013Movimiento 505 28 Coste(-438.90000000000015) ---> BoarHat@2ed82f91
Beneficis = 111304.06000000013Movimiento 722 13 Coste(-439.4160000000001) ---> BoarHat@6cfdf3d7
Beneficis = 111304.06000000013Movimiento 432 830 Coste(-439.9270000000001) ---> BoarHat@7a87eac9
Beneficis = 111304.06000000013Movimiento 695 758 Coste(-440.4370000000002) ---> BoarHat@64f6521e
Beneficis = 111304.06000000013Movimiento 27 536 Coste(-440.94200000000006) ---> BoarHat@47d7264e
Beneficis = 111304.06000000013Movimiento 44 21 Coste(-441.4460000000001) ---> BoarHat@11605266
Beneficis = 111304.06000000013Movimiento 372 750 Coste(-441.9490000000001) ---> BoarHat@6de20ea1
Beneficis = 111304.06000000013Movimiento 238 492 Coste(-442.44300000000015) ---> BoarHat@2abb681b
Beneficis = 111304.06000000013Movimiento 519 634 Coste(-442.93300000000016) ---> BoarHat@67635702
Beneficis = 111304.06000000013Movimiento 208 324 Coste(-443.41300000000007) ---> BoarHat@a9c0f36
Beneficis = 111304.06000000013Movimiento 348 867 Coste(-443.8790000000002) ---> BoarHat@6e62d8ed
Beneficis = 111304.06000000013Movimiento 398 23 Coste(-444.3390000000002) ---> BoarHat@668db88e
Beneficis = 111304.06000000013Movimiento 687 915 Coste(-447.7570000000002) ---> BoarHat@6180ac4e
Beneficis = 111304.06000000013Movimiento 538 697 Coste(-448.21500000000015) ---> BoarHat@770b33e7
Beneficis = 111304.06000000013Movimiento 119 780 Coste(-448.78900000000016) ---> BoarHat@3251a116
Beneficis = 111304.06000000013Movimiento 479 546 Coste(-449.2450000000002) ---> BoarHat@3c6aa7e9
Beneficis = 111304.06000000013Movimiento 556 635 Coste(-449.69600000000014) ---> BoarHat@3311b16
Beneficis = 111304.06000000013Movimiento 680 4 Coste(-450.1460000000002) ---> BoarHat@78272e02
Beneficis = 111304.06000000013Movimiento 481 761 Coste(-450.59400000000016) ---> BoarHat@22047920
Beneficis = 111304.06000000013Movimiento 109 794 Coste(-451.04000000000013) ---> BoarHat@7801871f
Beneficis = 111304.06000000013Movimiento 315 640 Coste(-451.4840000000001) ---> BoarHat@4b69b82c
Beneficis = 111304.06000000013Movimiento 920 34 Coste(-451.9280000000001) ---> BoarHat@18bd723e
Beneficis = 111304.06000000013Movimiento 146 806 Coste(-452.36600000000016) ---> BoarHat@2de526b4
Beneficis = 111304.06000000013Movimiento 53 5 Coste(-452.8020000000001) ---> BoarHat@44622d4d
Beneficis = 111304.06000000013Movimiento 384 646 Coste(-453.2350000000001) ---> BoarHat@1bbcdd88
Beneficis = 111304.06000000013Movimiento 833 34 Coste(-453.6650000000001) ---> BoarHat@209a2d10
Beneficis = 111304.06000000013Movimiento 234 717 Coste(-454.0910000000001) ---> BoarHat@1c8d179e
Beneficis = 111304.06000000013Movimiento 525 3 Coste(-454.51700000000017) ---> BoarHat@29a806c4
Beneficis = 111304.06000000013Movimiento 903 7 Coste(-454.94100000000014) ---> BoarHat@2ba25e4e
Beneficis = 111304.06000000013Movimiento 347 13 Coste(-455.3590000000001) ---> BoarHat@5b9c7b2e
Beneficis = 111304.06000000013Movimiento 4 386 Coste(-455.77300000000014) ---> BoarHat@581939b7
Beneficis = 111304.06000000013Movimiento 412 628 Coste(-456.18500000000006) ---> BoarHat@53bc5142
Beneficis = 111304.06000000013Movimiento 638 35 Coste(-456.59700000000004) ---> BoarHat@329bb862
Beneficis = 111304.06000000013Movimiento 453 38 Coste(-457.00500000000005) ---> BoarHat@5d30aa95
Beneficis = 111304.06000000013Movimiento 237 491 Coste(-457.4120000000001) ---> BoarHat@3a1a1970
Beneficis = 111304.06000000013Movimiento 325 948 Coste(-457.81400000000014) ---> BoarHat@7b97788f
Beneficis = 111304.06000000013Movimiento 535 899 Coste(-458.2140000000001) ---> BoarHat@5f82643b
Beneficis = 111304.06000000013Movimiento 434 734 Coste(-458.61000000000007) ---> BoarHat@364d8a2a
Beneficis = 111304.06000000013Movimiento 309 446 Coste(-459.0010000000001) ---> BoarHat@738472c5
Beneficis = 111304.06000000013Movimiento 580 672 Coste(-459.3840000000001) ---> BoarHat@1738bc87
Beneficis = 111304.06000000013Movimiento 450 4 Coste(-459.7640000000001) ---> BoarHat@430175c
Beneficis = 111304.06000000013Movimiento 370 820 Coste(-460.1350000000001) ---> BoarHat@5372f661
Beneficis = 111304.06000000013Movimiento 677 14 Coste(-460.5010000000001) ---> BoarHat@286e7971
Beneficis = 111304.06000000013Movimiento 651 14 Coste(-460.8660000000001) ---> BoarHat@56e533cc
Beneficis = 111304.06000000013Movimiento 981 995 Coste(-461.22000000000014) ---> BoarHat@18cad597
Beneficis = 111304.06000000013Movimiento 534 868 Coste(-461.5700000000001) ---> BoarHat@411f909a
Beneficis = 111304.06000000013Movimiento 488 780 Coste(-461.9190000000001) ---> BoarHat@97971ec
Beneficis = 111304.06000000013Movimiento 263 30 Coste(-462.2640000000001) ---> BoarHat@542f7e50
Beneficis = 111304.06000000013Movimiento 368 4 Coste(-462.6070000000002) ---> BoarHat@2460cce
Beneficis = 111304.06000000013Movimiento 451 23 Coste(-462.9340000000002) ---> BoarHat@27efe0c6
Beneficis = 111304.06000000013Movimiento 152 223 Coste(-463.2600000000001) ---> BoarHat@181cbf8f
Beneficis = 111304.06000000013Movimiento 633 35 Coste(-463.5840000000002) ---> BoarHat@762f20a3
Beneficis = 111304.06000000013Movimiento 228 34 Coste(-463.9060000000002) ---> BoarHat@58ba13b0
Beneficis = 111304.06000000013Movimiento 124 731 Coste(-464.2270000000002) ---> BoarHat@3f9c6cac
Beneficis = 111304.06000000013Movimiento 509 656 Coste(-464.5390000000002) ---> BoarHat@72f72398
Beneficis = 111304.06000000013Movimiento 336 788 Coste(-464.84500000000014) ---> BoarHat@5e408973
Beneficis = 111304.06000000013Movimiento 691 12 Coste(-465.1490000000001) ---> BoarHat@6749117b
Beneficis = 111304.06000000013Movimiento 210 744 Coste(-465.4480000000002) ---> BoarHat@36089edc
Beneficis = 111304.06000000013Movimiento 487 6 Coste(-465.7460000000002) ---> BoarHat@1ae67c52
Beneficis = 111304.06000000013Movimiento 431 27 Coste(-466.0440000000001) ---> BoarHat@1c74df84
Beneficis = 111304.06000000013Movimiento 135 849 Coste(-466.3380000000001) ---> BoarHat@6629589c
Beneficis = 111304.06000000013Movimiento 526 1 Coste(-466.63200000000006) ---> BoarHat@732e413e
Beneficis = 111304.06000000013Movimiento 341 14 Coste(-466.92100000000016) ---> BoarHat@4c728143
Beneficis = 111304.06000000013Movimiento 224 12 Coste(-467.2090000000002) ---> BoarHat@71106795
Beneficis = 111304.06000000013Movimiento 313 22 Coste(-467.49500000000023) ---> BoarHat@5e2fb0bf
Beneficis = 111304.06000000013Movimiento 268 30 Coste(-467.77700000000016) ---> BoarHat@2c435970
Beneficis = 111304.06000000013Movimiento 768 33 Coste(-468.0530000000002) ---> BoarHat@3860955f
Beneficis = 111304.06000000013Movimiento 91 485 Coste(-468.3290000000002) ---> BoarHat@34bc2c0d
Beneficis = 111304.06000000013Movimiento 242 859 Coste(-468.65200000000016) ---> BoarHat@f55a48b
Beneficis = 111304.06000000013Movimiento 343 30 Coste(-468.9280000000002) ---> BoarHat@5947744b
Beneficis = 111304.06000000013Movimiento 105 315 Coste(-469.2040000000002) ---> BoarHat@634fed88
Beneficis = 111304.06000000013Movimiento 748 9 Coste(-469.62800000000016) ---> BoarHat@52fdb5ba
Beneficis = 111304.06000000013Movimiento 891 11 Coste(-469.9040000000001) ---> BoarHat@52ddad38
Beneficis = 111304.06000000013Movimiento 477 502 Coste(-470.1750000000002) ---> BoarHat@6d6c8650
Beneficis = 111304.06000000013Movimiento 106 31 Coste(-470.4440000000002) ---> BoarHat@11ff68a2
Beneficis = 111304.06000000013Movimiento 441 1 Coste(-470.7130000000002) ---> BoarHat@4741352
Beneficis = 111304.06000000013Movimiento 177 664 Coste(-470.98000000000025) ---> BoarHat@3854346b
Beneficis = 111304.06000000013Movimiento 757 836 Coste(-471.2460000000002) ---> BoarHat@3bb10361
Beneficis = 111304.06000000013Movimiento 624 815 Coste(-471.5100000000002) ---> BoarHat@44162165
Beneficis = 111304.06000000013Movimiento 901 13 Coste(-471.7840000000002) ---> BoarHat@a73e36a
Beneficis = 111304.06000000013Movimiento 622 637 Coste(-472.04700000000014) ---> BoarHat@39793960
Beneficis = 111304.06000000013Movimiento 822 5 Coste(-472.3080000000001) ---> BoarHat@1e28a8b0
Beneficis = 111304.06000000013Movimiento 466 12 Coste(-472.5680000000002) ---> BoarHat@776c2802
Beneficis = 111304.06000000013Movimiento 81 14 Coste(-472.82500000000016) ---> BoarHat@17e2a03c
Beneficis = 111304.06000000013Movimiento 116 793 Coste(-473.08000000000027) ---> BoarHat@5f28921a
Beneficis = 111304.06000000013Movimiento 661 11 Coste(-473.3340000000003) ---> BoarHat@7bdaf77b
Beneficis = 111304.06000000013Movimiento 551 9 Coste(-473.5880000000002) ---> BoarHat@40b0ac5f
Beneficis = 111304.06000000013Movimiento 629 787 Coste(-474.9350000000002) ---> BoarHat@53bca9fe
Beneficis = 111304.06000000013Movimiento 980 7 Coste(-475.27700000000016) ---> BoarHat@65c41c4b
Beneficis = 111304.06000000013Movimiento 742 7 Coste(-475.5440000000002) ---> BoarHat@2b640fb4
Beneficis = 111304.06000000013Movimiento 52 14 Coste(-475.79600000000016) ---> BoarHat@268e1b05
Beneficis = 111304.06000000013Movimiento 54 37 Coste(-476.04700000000014) ---> BoarHat@2544263e
Beneficis = 111304.06000000013Movimiento 842 4 Coste(-476.29700000000014) ---> BoarHat@26387f2b
Beneficis = 111304.06000000013Movimiento 258 655 Coste(-476.5420000000002) ---> BoarHat@70afa78e
Beneficis = 111304.06000000013Movimiento 605 4 Coste(-476.7850000000002) ---> BoarHat@4ac8474f
Beneficis = 111304.06000000013Movimiento 968 7 Coste(-477.02700000000016) ---> BoarHat@35e39f4d
Beneficis = 111304.06000000013Movimiento 74 420 Coste(-477.2680000000001) ---> BoarHat@2a7134d5
Beneficis = 111304.06000000013Movimiento 198 998 Coste(-477.5080000000001) ---> BoarHat@12c5b7b5
Beneficis = 111304.06000000013Movimiento 172 7 Coste(-477.7390000000001) ---> BoarHat@516370ef
Beneficis = 111304.06000000013Movimiento 465 890 Coste(-477.9700000000001) ---> BoarHat@409eca84
Beneficis = 111304.06000000013Movimiento 48 239 Coste(-478.1980000000001) ---> BoarHat@372a9775
Beneficis = 111304.06000000013Movimiento 324 16 Coste(-478.4250000000001) ---> BoarHat@1a6a1455
Beneficis = 111304.06000000013Movimiento 51 931 Coste(-478.65000000000015) ---> BoarHat@57eda5d4
Beneficis = 111304.06000000013Movimiento 297 768 Coste(-478.87400000000014) ---> BoarHat@196caa7d
Beneficis = 111304.06000000013Movimiento 409 7 Coste(-479.0960000000001) ---> BoarHat@3c90952d
Beneficis = 111304.06000000013Movimiento 476 7 Coste(-479.3180000000001) ---> BoarHat@684e958b
Beneficis = 111304.06000000013Movimiento 776 12 Coste(-479.5380000000001) ---> BoarHat@70b5dfb1
Beneficis = 111304.06000000013Movimiento 234 282 Coste(-479.75000000000017) ---> BoarHat@461875a0
Beneficis = 111304.06000000013Movimiento 416 27 Coste(-479.96200000000016) ---> BoarHat@ff998c4
Beneficis = 111304.06000000013Movimiento 433 904 Coste(-480.17400000000015) ---> BoarHat@7037942a
Beneficis = 111304.06000000013Movimiento 471 4 Coste(-480.38500000000016) ---> BoarHat@4701a87c
Beneficis = 111304.06000000013Movimiento 337 14 Coste(-480.59400000000016) ---> BoarHat@6d4c25cf
Beneficis = 111304.06000000013Movimiento 470 532 Coste(-480.80300000000017) ---> BoarHat@14e1abc6
Beneficis = 111304.06000000013Movimiento 261 27 Coste(-481.0100000000001) ---> BoarHat@34320fd3
Beneficis = 111304.06000000013Movimiento 713 7 Coste(-481.21500000000015) ---> BoarHat@28827e21
Beneficis = 111304.06000000013Movimiento 288 5 Coste(-481.4190000000002) ---> BoarHat@4d08c6f9
Beneficis = 111304.06000000013Movimiento 655 992 Coste(-481.61900000000026) ---> BoarHat@71db8079
Beneficis = 111304.06000000013Movimiento 328 982 Coste(-481.81900000000024) ---> BoarHat@3b952994
Beneficis = 111304.06000000013Movimiento 710 765 Coste(-482.01900000000023) ---> BoarHat@4912ee9e
Beneficis = 111304.06000000013Movimiento 189 819 Coste(-482.2190000000002) ---> BoarHat@2ca3b797
Beneficis = 111304.06000000013Movimiento 534 641 Coste(-482.41800000000023) ---> BoarHat@33a8e3dd
Beneficis = 111304.06000000013Movimiento 160 921 Coste(-482.6150000000002) ---> BoarHat@a1be3b5
Beneficis = 111304.06000000013Movimiento 272 987 Coste(-482.81100000000015) ---> BoarHat@5237bc09
Beneficis = 111304.06000000013Movimiento 135 801 Coste(-483.0010000000002) ---> BoarHat@2756559a
Beneficis = 111304.06000000013Movimiento 232 5 Coste(-483.1910000000002) ---> BoarHat@637d3e16
Beneficis = 111304.06000000013Movimiento 907 951 Coste(-483.3790000000002) ---> BoarHat@40e5b069
Beneficis = 111304.06000000013Movimiento 575 859 Coste(-483.56600000000014) ---> BoarHat@5938e83b
Beneficis = 111304.06000000013Movimiento 21 4 Coste(-483.7520000000001) ---> BoarHat@43b326ef
Beneficis = 111304.06000000013Movimiento 20 29 Coste(-483.9360000000001) ---> BoarHat@59cc7cb6
Beneficis = 111304.06000000013Movimiento 851 5 Coste(-484.11200000000014) ---> BoarHat@5d143ba4
Beneficis = 111304.06000000013Movimiento 75 7 Coste(-484.2870000000001) ---> BoarHat@341b0e2b
Beneficis = 111304.06000000013Movimiento 740 7 Coste(-484.4550000000001) ---> BoarHat@6eaec998
Beneficis = 111304.06000000013Movimiento 917 0 Coste(-484.61600000000004) ---> BoarHat@7f70795f
Beneficis = 111304.06000000013Movimiento 511 789 Coste(-484.77000000000004) ---> BoarHat@15bf82f9
Beneficis = 111304.06000000013Movimiento 771 37 Coste(-485.003) ---> BoarHat@54b69c92
Beneficis = 111304.06000000013Movimiento 634 37 Coste(-485.1910000000001) ---> BoarHat@764fb0a3
Beneficis = 111304.06000000013Movimiento 816 27 Coste(-485.3440000000001) ---> BoarHat@665e4337
Beneficis = 111304.06000000013Movimiento 635 31 Coste(-485.4930000000001) ---> BoarHat@5d42e1ce
Beneficis = 111304.06000000013Movimiento 203 829 Coste(-485.64200000000005) ---> BoarHat@438f0b75
Beneficis = 111304.06000000013Movimiento 970 12 Coste(-485.78700000000003) ---> BoarHat@6e63c722
Beneficis = 111304.06000000013Movimiento 421 5 Coste(-485.937) ---> BoarHat@fc11e2c
Beneficis = 111304.06000000013Movimiento 292 421 Coste(-486.08700000000005) ---> BoarHat@748826a
Beneficis = 111304.06000000013Movimiento 20 794 Coste(-486.2300000000001) ---> BoarHat@2e1cc996
Beneficis = 111304.06000000013Movimiento 444 537 Coste(-486.3730000000001) ---> BoarHat@10c0f8ad
Beneficis = 111304.06000000013Movimiento 20 34 Coste(-486.5150000000001) ---> BoarHat@14cef893
Beneficis = 111304.06000000013Movimiento 369 21 Coste(-486.65100000000007) ---> BoarHat@89b8f18
Beneficis = 111304.06000000013Movimiento 163 13 Coste(-486.823) ---> BoarHat@72a856c2
Beneficis = 111304.06000000013Movimiento 79 204 Coste(-486.956) ---> BoarHat@3f8ca9f
Beneficis = 111304.06000000013Movimiento 184 757 Coste(-487.0880000000001) ---> BoarHat@44825807
Beneficis = 111304.06000000013Movimiento 127 238 Coste(-487.2200000000001) ---> BoarHat@25cafb4f
Beneficis = 111304.06000000013Movimiento 387 23 Coste(-487.524) ---> BoarHat@770bd4cb
Beneficis = 111304.06000000013Movimiento 501 23 Coste(-487.748) ---> BoarHat@55b1cdf
Beneficis = 111304.06000000013Movimiento 292 817 Coste(-487.9580000000001) ---> BoarHat@6ebd3bcd
Beneficis = 111304.06000000013Movimiento 696 843 Coste(-488.1340000000001) ---> BoarHat@57a67913
Beneficis = 111304.06000000013Movimiento 956 24 Coste(-488.46700000000016) ---> BoarHat@6ea19b12
Beneficis = 111304.06000000013Movimiento 325 30 Coste(-488.63100000000014) ---> BoarHat@56fc349c
Beneficis = 111304.06000000013Movimiento 24 238 Coste(-488.7630000000001) ---> BoarHat@5eac6419
Beneficis = 111304.06000000013Movimiento 10 24 Coste(-489.0370000000001) ---> BoarHat@77227723
Beneficis = 111304.06000000013Movimiento 170 23 Coste(-489.1640000000001) ---> BoarHat@1d1577ad
Beneficis = 111304.06000000013Movimiento 141 7 Coste(-489.29100000000005) ---> BoarHat@1e68cf85
Beneficis = 111304.06000000013Movimiento 1 3 Coste(-489.4140000000001) ---> BoarHat@28f26dbd
Beneficis = 111304.06000000013Movimiento 100 3 Coste(-489.53700000000015) ---> BoarHat@51a5d3cd
Beneficis = 111304.06000000013Movimiento 535 30 Coste(-489.65800000000013) ---> BoarHat@32dcaa3f
Beneficis = 111304.06000000013Movimiento 481 27 Coste(-489.7760000000001) ---> BoarHat@7189ead2
Beneficis = 111304.06000000013Movimiento 171 198 Coste(-489.8930000000001) ---> BoarHat@2217b6ef
Beneficis = 111304.06000000013Movimiento 949 11 Coste(-489.99500000000006) ---> BoarHat@3e16d408
Beneficis = 111304.06000000013Movimiento 859 9 Coste(-490.09600000000006) ---> BoarHat@1cfc35b4
Beneficis = 111304.06000000013Movimiento 8 22 Coste(-490.0960000000001) ---> BoarHat@377f66c0
Beneficis = 111304.06000000013Movimiento 33 11 Coste(-490.0960000000002) ---> BoarHat@220dd0fa
Beneficis = 111304.06000000013Movimiento 112 37 Coste(-490.3100000000001) ---> BoarHat@20d08023
Beneficis = 111304.06000000013Movimiento 682 857 Coste(-490.31000000000023) ---> BoarHat@19737b11
Beneficis = 111304.06000000013Movimiento 99 721 Coste(-490.3100000000003) ---> BoarHat@5e5ce2bc
nodesExpanded : 706
Temps SolIni = 8 Tiempo HC = 284055 Tiempo SA = 0
