Central 0: [32m88[0m Produccio: [35m573.29[0m Usada: [31m569.8069999999999[0m
Central 1: [32m54[0m Produccio: [35m678.79[0m Usada: [31m336.99599999999987[0m
Central 2: [32m8[0m Produccio: [35m417.97[0m Usada: [31m57.55699999999996[0m
Central 3: [32m8[0m Produccio: [35m423.45[0m Usada: [31m55.105999999999995[0m
Central 4: [32m8[0m Produccio: [35m723.42[0m Usada: [31m96.702[0m
Central 5: [32m8[0m Produccio: [35m160.98[0m Usada: [31m57.84600000000003[0m
Central 6: [32m8[0m Produccio: [35m107.43[0m Usada: [31m39.37000000000002[0m
Central 7: [32m8[0m Produccio: [35m213.83[0m Usada: [31m40.75[0m
Central 8: [32m8[0m Produccio: [35m143.97[0m Usada: [31m54.06400000000001[0m
Central 9: [32m8[0m Produccio: [35m206.06[0m Usada: [31m55.887[0m
Central 10: [32m8[0m Produccio: [35m155.62[0m Usada: [31m41.11600000000003[0m
Central 11: [32m8[0m Produccio: [35m178.08[0m Usada: [31m56.67500000000004[0m
Central 12: [32m8[0m Produccio: [35m213.52[0m Usada: [31m60.68900000000002[0m
Central 13: [32m8[0m Produccio: [35m124.58[0m Usada: [31m74.85900000000001[0m
Central 14: [32m8[0m Produccio: [35m188.65[0m Usada: [31m31.629999999999995[0m
Central 15: [32m8[0m Produccio: [35m43.32[0m Usada: [31m42.998000000000005[0m
Central 16: [32m4[0m Produccio: [35m29.84[0m Usada: [31m29.422[0m
Central 17: [32m3[0m Produccio: [35m17.59[0m Usada: [31m17.147999999999996[0m
Central 18: [32m4[0m Produccio: [35m16.45[0m Usada: [31m13.322[0m
Central 19: [32m6[0m Produccio: [35m87.08[0m Usada: [31m82.888[0m
Central 20: [32m6[0m Produccio: [35m75.22[0m Usada: [31m71.011[0m
Central 21: [32m8[0m Produccio: [35m86.96[0m Usada: [31m71.28800000000001[0m
Central 22: [32m7[0m Produccio: [35m35.87[0m Usada: [31m34.356[0m
Central 23: [32m8[0m Produccio: [35m80.7[0m Usada: [31m76.749[0m
Central 24: [32m6[0m Produccio: [35m48.39[0m Usada: [31m45.620000000000005[0m
Central 25: [32m4[0m Produccio: [35m23.25[0m Usada: [31m21.613999999999997[0m
Central 26: [32m6[0m Produccio: [35m73.2[0m Usada: [31m64.21000000000001[0m
Central 27: [32m8[0m Produccio: [35m95.51[0m Usada: [31m84.304[0m
Central 28: [32m6[0m Produccio: [35m25.79[0m Usada: [31m23.778[0m
Central 29: [32m6[0m Produccio: [35m29.29[0m Usada: [31m22.392000000000003[0m
Central 30: [32m7[0m Produccio: [35m64.7[0m Usada: [31m53.277[0m
Central 31: [32m6[0m Produccio: [35m39.46[0m Usada: [31m34.338[0m
Central 32: [32m7[0m Produccio: [35m96.36[0m Usada: [31m87.328[0m
Central 33: [32m5[0m Produccio: [35m64.23[0m Usada: [31m60.104000000000006[0m
Central 34: [32m7[0m Produccio: [35m37.37[0m Usada: [31m26.592[0m
Central 35: [32m6[0m Produccio: [35m27.22[0m Usada: [31m26.240000000000002[0m
Central 36: [32m7[0m Produccio: [35m75.41[0m Usada: [31m60.932[0m
Central 37: [32m7[0m Produccio: [35m85.36[0m Usada: [31m37.73199999999998[0m
Central 38: [32m5[0m Produccio: [35m32.45[0m Usada: [31m23.282[0m
Central 39: [32m7[0m Produccio: [35m84.57[0m Usada: [31m58.462[0m
Central NONE: [32m0[0m
Central NONE: [32m0[0m
Beneficis = -6764.809999999993Clients No assignats = 0 Centrals Tancades 0

TSP HillClimbing  -->

Beneficis = -6764.809999999993Movimiento 81 259 Coste(-3105.9840000000013) ---> BoarHat@6105f8a3
Beneficis = -6764.809999999993Movimiento 267 338 Coste(-3124.6040000000007) ---> BoarHat@1f315f3d
Beneficis = -6764.809999999993Movimiento 317 358 Coste(-3141.4560000000006) ---> BoarHat@3ecd0cf9
Beneficis = -6764.809999999993Movimiento 84 104 Coste(-3156.534) ---> BoarHat@1b618413
Beneficis = -6764.809999999993Movimiento 169 327 Coste(-3171.5380000000005) ---> BoarHat@69f3651e
Beneficis = -6764.809999999993Movimiento 20 109 Coste(-3183.3380000000006) ---> BoarHat@39a791e8
Beneficis = -6764.809999999993Movimiento 2 134 Coste(-3195.002) ---> BoarHat@2f42520d
Beneficis = -6764.809999999993Movimiento 25 347 Coste(-3206.607) ---> BoarHat@7cbe750f
Beneficis = -6764.809999999993Movimiento 203 262 Coste(-3216.561) ---> BoarHat@682b2c9a
Beneficis = -6764.809999999993Movimiento 101 177 Coste(-3226.157) ---> BoarHat@1c77ba7d
Beneficis = -6764.809999999993Movimiento 102 381 Coste(-3235.239) ---> BoarHat@9a7b42c
Beneficis = -6764.809999999993Movimiento 70 272 Coste(-3243.8680000000004) ---> BoarHat@142da757
Beneficis = -6764.809999999993Movimiento 171 245 Coste(-3252.3870000000006) ---> BoarHat@6cd23bd0
Beneficis = -6764.809999999993Movimiento 92 195 Coste(-3260.9060000000004) ---> BoarHat@10eea89a
Beneficis = -6764.809999999993Movimiento 249 321 Coste(-3269.4060000000004) ---> BoarHat@384e08d9
Beneficis = -6764.809999999993Movimiento 264 396 Coste(-3276.9840000000004) ---> BoarHat@a054ac5
Beneficis = -6764.809999999993Movimiento 93 387 Coste(-3284.0270000000005) ---> BoarHat@3fb0c44
Beneficis = -6764.809999999993Movimiento 209 235 Coste(-3290.975000000001) ---> BoarHat@1dc5e78d
Beneficis = -6764.809999999993Movimiento 50 348 Coste(-3297.815000000001) ---> BoarHat@2f496533
Beneficis = -6764.809999999993Movimiento 143 316 Coste(-3304.5010000000007) ---> BoarHat@5815e2e9
Beneficis = -6764.809999999993Movimiento 126 233 Coste(-3311.17) ---> BoarHat@14757c47
Beneficis = -6764.809999999993Movimiento 129 253 Coste(-3317.522) ---> BoarHat@42ef05ba
Beneficis = -6764.809999999993Movimiento 58 231 Coste(-3323.794) ---> BoarHat@1c3ddd31
Beneficis = -6764.809999999993Movimiento 14 373 Coste(-3329.572) ---> BoarHat@6d8b1274
Beneficis = -6764.809999999993Movimiento 83 389 Coste(-3335.17) ---> BoarHat@46240865
Beneficis = -6764.809999999993Movimiento 356 371 Coste(-3340.4780000000005) ---> BoarHat@2563895c
Beneficis = -6764.809999999993Movimiento 207 376 Coste(-3345.638000000001) ---> BoarHat@5e6e47b3
Beneficis = -6764.809999999993Movimiento 67 365 Coste(-3350.762000000001) ---> BoarHat@1a194188
Beneficis = -6764.809999999993Movimiento 69 73 Coste(-3355.875000000001) ---> BoarHat@e779f92
Beneficis = -6764.809999999993Movimiento 169 290 Coste(-3360.957000000001) ---> BoarHat@50133e9b
Beneficis = -6764.809999999993Movimiento 234 282 Coste(-3365.481000000001) ---> BoarHat@310860be
Beneficis = -6764.809999999993Movimiento 10 246 Coste(-3369.757000000001) ---> BoarHat@6e2ebebc
Beneficis = -6764.809999999993Movimiento 100 237 Coste(-3373.993000000001) ---> BoarHat@4f668a3
Beneficis = -6764.809999999993Movimiento 182 221 Coste(-3378.2230000000004) ---> BoarHat@3011f2ec
Beneficis = -6764.809999999993Movimiento 143 286 Coste(-3382.3970000000004) ---> BoarHat@43614dc9
Beneficis = -6764.809999999993Movimiento 13 345 Coste(-3386.4800000000005) ---> BoarHat@5ef6de4e
Beneficis = -6764.809999999993Movimiento 115 215 Coste(-3390.5360000000005) ---> BoarHat@175ec2b4
Beneficis = -6764.809999999993Movimiento 188 384 Coste(-3394.5680000000007) ---> BoarHat@7d4149f1
Beneficis = -6764.809999999993Movimiento 27 323 Coste(-3398.5010000000007) ---> BoarHat@409517cf
Beneficis = -6764.809999999993Movimiento 196 214 Coste(-3402.1390000000006) ---> BoarHat@592a39be
Beneficis = -6764.809999999993Movimiento 252 292 Coste(-3405.53) ---> BoarHat@798a0c39
Beneficis = -6764.809999999993Movimiento 263 367 Coste(-3408.8390000000004) ---> BoarHat@b2c29ff
Beneficis = -6764.809999999993Movimiento 37 354 Coste(-3412.1430000000005) ---> BoarHat@38e9f565
Beneficis = -6764.809999999993Movimiento 35 315 Coste(-3415.4280000000003) ---> BoarHat@2e482348
Beneficis = -6764.809999999993Movimiento 165 258 Coste(-3419.3540000000007) ---> BoarHat@c1945d0
Beneficis = -6764.809999999993Movimiento 239 328 Coste(-3422.5720000000006) ---> BoarHat@f81ca0
Beneficis = -6764.809999999993Movimiento 313 389 Coste(-3425.7620000000006) ---> BoarHat@3d407a17
Beneficis = -6764.809999999993Movimiento 256 382 Coste(-3428.8980000000006) ---> BoarHat@44441cfc
Beneficis = -6764.809999999993Movimiento 159 250 Coste(-3432.0320000000006) ---> BoarHat@19237227
Beneficis = -6764.809999999993Movimiento 78 79 Coste(-3435.099) ---> BoarHat@698389f8
Beneficis = -6764.809999999993Movimiento 46 150 Coste(-3438.141) ---> BoarHat@582f7028
Beneficis = -6764.809999999993Movimiento 168 279 Coste(-3441.17) ---> BoarHat@5ee08495
Beneficis = -6764.809999999993Movimiento 236 358 Coste(-3444.195) ---> BoarHat@72cce038
Beneficis = -6764.809999999993Movimiento 202 303 Coste(-3447.1690000000003) ---> BoarHat@4995bb49
Beneficis = -6764.809999999993Movimiento 33 242 Coste(-3450.1410000000005) ---> BoarHat@6c07bc18
Beneficis = -6764.809999999993Movimiento 47 287 Coste(-3453.1040000000007) ---> BoarHat@75b350a3
Beneficis = -6764.809999999993Movimiento 124 130 Coste(-3455.995000000001) ---> BoarHat@51b34786
Beneficis = -6764.809999999993Movimiento 187 207 Coste(-3458.851000000001) ---> BoarHat@587d2e5b
Beneficis = -6764.809999999993Movimiento 158 383 Coste(-3461.6980000000012) ---> BoarHat@78c1e4a8
Beneficis = -6764.809999999993Movimiento 31 243 Coste(-3464.5150000000012) ---> BoarHat@65405d81
Beneficis = -6764.809999999993Movimiento 87 138 Coste(-3467.2230000000013) ---> BoarHat@12b34604
Beneficis = -6764.809999999993Movimiento 19 217 Coste(-3469.902000000001) ---> BoarHat@4ec49d32
Beneficis = -6764.809999999993Movimiento 40 341 Coste(-3472.4800000000005) ---> BoarHat@5aba2d1b
Beneficis = -6764.809999999993Movimiento 145 351 Coste(-3475.042000000001) ---> BoarHat@71730e31
Beneficis = -6764.809999999993Movimiento 330 19 Coste(-3477.565000000001) ---> BoarHat@7028b2a4
Beneficis = -6764.809999999993Movimiento 289 331 Coste(-3480.049000000001) ---> BoarHat@77b843cd
Beneficis = -6764.809999999993Movimiento 270 385 Coste(-3482.503000000001) ---> BoarHat@7d4616d4
Beneficis = -6764.809999999993Movimiento 23 153 Coste(-3484.9070000000006) ---> BoarHat@1622cd37
Beneficis = -6764.809999999993Movimiento 2 246 Coste(-3487.2910000000006) ---> BoarHat@4239dd61
Beneficis = -6764.809999999993Movimiento 91 388 Coste(-3489.6240000000003) ---> BoarHat@216cc4fa
Beneficis = -6764.809999999993Movimiento 51 96 Coste(-3491.955) ---> BoarHat@d1a4b33
Beneficis = -6764.809999999993Movimiento 265 275 Coste(-3494.23) ---> BoarHat@3bb7dc33
Beneficis = -6764.809999999993Movimiento 84 210 Coste(-3496.504) ---> BoarHat@560e443b
Beneficis = -6764.809999999993Movimiento 15 302 Coste(-3498.7649999999994) ---> BoarHat@77b9de1d
Beneficis = -6764.809999999993Movimiento 12 73 Coste(-3500.941) ---> BoarHat@41188b95
Beneficis = -6764.809999999993Movimiento 81 297 Coste(-3503.1110000000003) ---> BoarHat@266617bf
Beneficis = -6764.809999999993Movimiento 340 374 Coste(-3505.2740000000003) ---> BoarHat@caf9151
Beneficis = -6764.809999999993Movimiento 68 226 Coste(-3507.3579999999997) ---> BoarHat@7359842c
Beneficis = -6764.809999999993Movimiento 106 191 Coste(-3509.3859999999995) ---> BoarHat@4fdf9cf7
Beneficis = -6764.809999999993Movimiento 119 280 Coste(-3511.4019999999996) ---> BoarHat@3cb7a423
Beneficis = -6764.809999999993Movimiento 140 151 Coste(-3513.412) ---> BoarHat@66ce4199
Beneficis = -6764.809999999993Movimiento 49 232 Coste(-3515.381) ---> BoarHat@733837e5
Beneficis = -6764.809999999993Movimiento 311 322 Coste(-3517.328) ---> BoarHat@30df9623
Beneficis = -6764.809999999993Movimiento 181 195 Coste(-3519.251) ---> BoarHat@cece747
Beneficis = -6764.809999999993Movimiento 18 373 Coste(-3521.119) ---> BoarHat@5312ad67
Beneficis = -6764.809999999993Movimiento 236 262 Coste(-3522.965) ---> BoarHat@4d0c764a
Beneficis = -6764.809999999993Movimiento 272 350 Coste(-3524.81) ---> BoarHat@685f893b
Beneficis = -6764.809999999993Movimiento 110 7 Coste(-3526.561) ---> BoarHat@10802b27
Beneficis = -6764.809999999993Movimiento 294 335 Coste(-3528.271) ---> BoarHat@238d738
Beneficis = -6764.809999999993Movimiento 379 391 Coste(-3529.971) ---> BoarHat@49d9da44
Beneficis = -6764.809999999993Movimiento 22 190 Coste(-3531.6600000000003) ---> BoarHat@22ad3790
Beneficis = -6764.809999999993Movimiento 306 378 Coste(-3533.3460000000005) ---> BoarHat@6c017501
Beneficis = -6764.809999999993Movimiento 89 204 Coste(-3535.0020000000004) ---> BoarHat@7c9fbe9a
Beneficis = -6764.809999999993Movimiento 114 320 Coste(-3536.6070000000004) ---> BoarHat@1244a36
Beneficis = -6764.809999999993Movimiento 121 211 Coste(-3538.2060000000006) ---> BoarHat@3fc65cce
Beneficis = -6764.809999999993Movimiento 36 55 Coste(-3539.745) ---> BoarHat@1595db41
Beneficis = -6764.809999999993Movimiento 147 329 Coste(-3541.279) ---> BoarHat@25dd0ee7
Beneficis = -6764.809999999993Movimiento 108 375 Coste(-3542.809) ---> BoarHat@cfadca3
Beneficis = -6764.809999999993Movimiento 64 334 Coste(-3544.324) ---> BoarHat@2265fcad
Beneficis = -6764.809999999993Movimiento 154 6 Coste(-3545.824) ---> BoarHat@37541a67
Beneficis = -6764.809999999993Movimiento 167 266 Coste(-3547.3160000000003) ---> BoarHat@62750c54
Beneficis = -6764.809999999993Movimiento 41 359 Coste(-3548.784) ---> BoarHat@5cad443
Beneficis = -6764.809999999993Movimiento 290 9 Coste(-3550.2160000000003) ---> BoarHat@62a09413
Beneficis = -6764.809999999993Movimiento 214 347 Coste(-3551.648) ---> BoarHat@42c3cb57
Beneficis = -6764.809999999993Movimiento 225 277 Coste(-3553.072) ---> BoarHat@3f8e2469
Beneficis = -6764.809999999993Movimiento 11 14 Coste(-3554.4669999999996) ---> BoarHat@90b1cdb
Beneficis = -6764.809999999993Movimiento 223 295 Coste(-3555.8349999999996) ---> BoarHat@13f7940d
Beneficis = -6764.809999999993Movimiento 170 368 Coste(-3557.1809999999996) ---> BoarHat@35c4ee4d
Beneficis = -6764.809999999993Movimiento 194 241 Coste(-3558.5229999999992) ---> BoarHat@1026b49b
Beneficis = -6764.809999999993Movimiento 3 135 Coste(-3559.8529999999996) ---> BoarHat@595e928a
Beneficis = -6764.809999999993Movimiento 39 332 Coste(-3561.172) ---> BoarHat@6fc4e58c
Beneficis = -6764.809999999993Movimiento 44 304 Coste(-3562.491) ---> BoarHat@6924561d
Beneficis = -6764.809999999993Movimiento 137 298 Coste(-3563.799) ---> BoarHat@49e884e6
Beneficis = -6764.809999999993Movimiento 7 28 Coste(-3565.0959999999995) ---> BoarHat@307079bb
Beneficis = -6764.809999999993Movimiento 230 32 Coste(-3566.3759999999993) ---> BoarHat@64516837
Beneficis = -6764.809999999993Movimiento 248 333 Coste(-3567.6399999999994) ---> BoarHat@488a5402
Beneficis = -6764.809999999993Movimiento 66 369 Coste(-3568.8969999999995) ---> BoarHat@2a0f3f91
Beneficis = -6764.809999999993Movimiento 318 14 Coste(-3570.1209999999996) ---> BoarHat@92c9ae8
Beneficis = -6764.809999999993Movimiento 189 6 Coste(-3571.3269999999998) ---> BoarHat@2c39c208
Beneficis = -6764.809999999993Movimiento 276 393 Coste(-3572.5209999999997) ---> BoarHat@4dc4ce7
Beneficis = -6764.809999999993Movimiento 13 117 Coste(-3573.7129999999997) ---> BoarHat@41d19196
Beneficis = -6764.809999999993Movimiento 112 9 Coste(-3574.8909999999996) ---> BoarHat@4484604
Beneficis = -6764.809999999993Movimiento 273 360 Coste(-3576.0689999999995) ---> BoarHat@485f3e31
Beneficis = -6764.809999999993Movimiento 77 202 Coste(-3577.2429999999995) ---> BoarHat@23698f68
Beneficis = -6764.809999999993Movimiento 71 308 Coste(-3578.3949999999995) ---> BoarHat@57b48d3
Beneficis = -6764.809999999993Movimiento 216 14 Coste(-3579.5469999999996) ---> BoarHat@5712013e
Beneficis = -6764.809999999993Movimiento 90 386 Coste(-3580.691) ---> BoarHat@5d26e38a
Beneficis = -6764.809999999993Movimiento 129 14 Coste(-3581.8340000000003) ---> BoarHat@4fc407b2
Beneficis = -6764.809999999993Movimiento 9 21 Coste(-3582.9620000000004) ---> BoarHat@3275d84c
Beneficis = -6764.809999999993Movimiento 94 36 Coste(-3584.0890000000004) ---> BoarHat@30ca4e44
Beneficis = -6764.809999999993Movimiento 158 234 Coste(-3585.206) ---> BoarHat@5545e8e6
Beneficis = -6764.809999999993Movimiento 132 366 Coste(-3586.3060000000005) ---> BoarHat@7b3ab0e8
Beneficis = -6764.809999999993Movimiento 148 18 Coste(-3587.404000000001) ---> BoarHat@14989ff1
Beneficis = -6764.809999999993Movimiento 122 250 Coste(-3588.477000000001) ---> BoarHat@3dfcdb92
Beneficis = -6764.809999999993Movimiento 244 32 Coste(-3589.5420000000013) ---> BoarHat@205dfeec
Beneficis = -6764.809999999993Movimiento 56 19 Coste(-3590.5860000000007) ---> BoarHat@22de0d9b
Beneficis = -6764.809999999993Movimiento 186 21 Coste(-3591.6060000000007) ---> BoarHat@77ddf1ef
Beneficis = -6764.809999999993Movimiento 1 261 Coste(-3592.6100000000006) ---> BoarHat@5f4aca12
Beneficis = -6764.809999999993Movimiento 24 229 Coste(-3593.5930000000003) ---> BoarHat@24ea5a77
Beneficis = -6764.809999999993Movimiento 233 343 Coste(-3594.56) ---> BoarHat@6a75d58b
Beneficis = -6764.809999999993Movimiento 21 363 Coste(-3595.5129999999995) ---> BoarHat@6dd9cdc8
Beneficis = -6764.809999999993Movimiento 247 371 Coste(-3596.4619999999995) ---> BoarHat@5063e56
Beneficis = -6764.809999999993Movimiento 162 7 Coste(-3597.3929999999996) ---> BoarHat@708157d
Beneficis = -6764.809999999993Movimiento 97 296 Coste(-3598.308) ---> BoarHat@1d8f4e09
Beneficis = -6764.809999999993Movimiento 156 352 Coste(-3599.2110000000002) ---> BoarHat@5234c2c0
Beneficis = -6764.809999999993Movimiento 76 387 Coste(-3600.1130000000003) ---> BoarHat@410d7775
Beneficis = -6764.809999999993Movimiento 312 31 Coste(-3601.009) ---> BoarHat@6f2f41cf
Beneficis = -6764.809999999993Movimiento 187 29 Coste(-3601.8889999999997) ---> BoarHat@19be8dec
Beneficis = -6764.809999999993Movimiento 394 395 Coste(-3602.7529999999997) ---> BoarHat@7767a147
Beneficis = -6764.809999999993Movimiento 254 310 Coste(-3603.6129999999994) ---> BoarHat@50bc9932
Beneficis = -6764.809999999993Movimiento 210 14 Coste(-3604.465) ---> BoarHat@4887e272
Beneficis = -6764.809999999993Movimiento 146 29 Coste(-3605.317) ---> BoarHat@22f64866
Beneficis = -6764.809999999993Movimiento 48 343 Coste(-3606.152) ---> BoarHat@13531155
Beneficis = -6764.809999999993Movimiento 143 14 Coste(-3606.973) ---> BoarHat@7205f7e9
Beneficis = -6764.809999999993Movimiento 32 74 Coste(-3607.7879999999996) ---> BoarHat@380a2e41
Beneficis = -6764.809999999993Movimiento 52 164 Coste(-3608.572999999999) ---> BoarHat@9e6da9b
Beneficis = -6764.809999999993Movimiento 105 372 Coste(-3609.345) ---> BoarHat@1440fa3c
Beneficis = -6764.809999999993Movimiento 43 21 Coste(-3610.113) ---> BoarHat@7fcf337
Beneficis = -6764.809999999993Movimiento 382 398 Coste(-3610.875) ---> BoarHat@6be609ef
Beneficis = -6764.809999999993Movimiento 10 398 Coste(-3611.865) ---> BoarHat@4df331b8
Beneficis = -6764.809999999993Movimiento 166 14 Coste(-3612.6049999999987) ---> BoarHat@22dee2ea
Beneficis = -6764.809999999993Movimiento 217 14 Coste(-3613.3269999999993) ---> BoarHat@15dae853
Beneficis = -6764.809999999993Movimiento 99 29 Coste(-3614.047) ---> BoarHat@130c8633
Beneficis = -6764.809999999993Movimiento 116 19 Coste(-3614.760999999999) ---> BoarHat@31b3279e
Beneficis = -6764.809999999993Movimiento 29 3 Coste(-3615.4689999999996) ---> BoarHat@10361fe0
Beneficis = -6764.809999999993Movimiento 75 263 Coste(-3616.1600000000003) ---> BoarHat@2e974212
Beneficis = -6764.809999999993Movimiento 82 103 Coste(-3616.8320000000003) ---> BoarHat@4538722a
Beneficis = -6764.809999999993Movimiento 54 79 Coste(-3617.5) ---> BoarHat@24bd23b6
Beneficis = -6764.809999999993Movimiento 282 19 Coste(-3618.1639999999998) ---> BoarHat@3aad4857
Beneficis = -6764.809999999993Movimiento 221 359 Coste(-3618.824) ---> BoarHat@4772f5d3
Beneficis = -6764.809999999993Movimiento 59 284 Coste(-3619.467) ---> BoarHat@7c951ca8
Beneficis = -6764.809999999993Movimiento 144 198 Coste(-3620.11) ---> BoarHat@46d952cf
Beneficis = -6764.809999999993Movimiento 16 18 Coste(-3620.7459999999996) ---> BoarHat@4266697a
Beneficis = -6764.809999999993Movimiento 136 226 Coste(-3621.375) ---> BoarHat@3e38dfd4
Beneficis = -6764.809999999993Movimiento 118 354 Coste(-3621.9969999999994) ---> BoarHat@7da1571b
Beneficis = -6764.809999999993Movimiento 268 14 Coste(-3622.6119999999996) ---> BoarHat@79d53b4c
Beneficis = -6764.809999999993Movimiento 192 8 Coste(-3623.2179999999994) ---> BoarHat@17b7a0e9
Beneficis = -6764.809999999993Movimiento 53 319 Coste(-3623.823) ---> BoarHat@486b80de
Beneficis = -6764.809999999993Movimiento 176 181 Coste(-3624.421) ---> BoarHat@46b27db5
Beneficis = -6764.809999999993Movimiento 95 37 Coste(-3625.0129999999995) ---> BoarHat@1d815d1c
Beneficis = -6764.809999999993Movimiento 20 55 Coste(-3625.602) ---> BoarHat@1767d525
Beneficis = -6764.809999999993Movimiento 184 19 Coste(-3626.1659999999993) ---> BoarHat@46bdc56e
Beneficis = -6764.809999999993Movimiento 399 14 Coste(-3626.721) ---> BoarHat@309c48c6
Beneficis = -6764.809999999993Movimiento 60 14 Coste(-3627.2640000000006) ---> BoarHat@277d69d9
Beneficis = -6764.809999999993Movimiento 269 20 Coste(-3627.8060000000005) ---> BoarHat@2e67bef4
Beneficis = -6764.809999999993Movimiento 160 6 Coste(-3628.3430000000003) ---> BoarHat@4f871d75
Beneficis = -6764.809999999993Movimiento 208 5 Coste(-3628.877) ---> BoarHat@6bf06a87
Beneficis = -6764.809999999993Movimiento 51 197 Coste(-3629.41) ---> BoarHat@2f9fcaae
Beneficis = -6764.809999999993Movimiento 85 23 Coste(-3629.93) ---> BoarHat@6b424307
Beneficis = -6764.809999999993Movimiento 374 16 Coste(-3630.4429999999998) ---> BoarHat@77f9e965
Beneficis = -6764.809999999993Movimiento 123 299 Coste(-3630.9509999999996) ---> BoarHat@590caed7
Beneficis = -6764.809999999993Movimiento 133 14 Coste(-3631.4559999999997) ---> BoarHat@7d2359c4
Beneficis = -6764.809999999993Movimiento 205 8 Coste(-3631.9559999999997) ---> BoarHat@bccc197
Beneficis = -6764.809999999993Movimiento 61 270 Coste(-3632.4510000000005) ---> BoarHat@57623ae
Beneficis = -6764.809999999993Movimiento 274 17 Coste(-3632.9429999999998) ---> BoarHat@74d87b22
Beneficis = -6764.809999999993Movimiento 88 167 Coste(-3633.419) ---> BoarHat@328b9a0b
Beneficis = -6764.809999999993Movimiento 350 14 Coste(-3633.8920000000003) ---> BoarHat@786e29b
Beneficis = -6764.809999999993Movimiento 390 5 Coste(-3634.3639999999996) ---> BoarHat@6debf976
Beneficis = -6764.809999999993Movimiento 228 21 Coste(-3634.8340000000003) ---> BoarHat@52a52525
Beneficis = -6764.809999999993Movimiento 132 301 Coste(-3635.299) ---> BoarHat@28745912
Beneficis = -6764.809999999993Movimiento 115 7 Coste(-3635.763) ---> BoarHat@1564aa68
Beneficis = -6764.809999999993Movimiento 150 14 Coste(-3636.2230000000004) ---> BoarHat@7380aa8c
Beneficis = -6764.809999999993Movimiento 283 6 Coste(-3636.6830000000004) ---> BoarHat@c987aec
Beneficis = -6764.809999999993Movimiento 31 224 Coste(-3637.1350000000007) ---> BoarHat@35d7270
Beneficis = -6764.809999999993Movimiento 325 2 Coste(-3637.585000000001) ---> BoarHat@7fccb77
Beneficis = -6764.809999999993Movimiento 96 3 Coste(-3638.0340000000006) ---> BoarHat@5a4d7099
Beneficis = -6764.809999999993Movimiento 30 16 Coste(-3638.478000000001) ---> BoarHat@37eca32
Beneficis = -6764.809999999993Movimiento 361 25 Coste(-3638.914000000001) ---> BoarHat@37f85eb5
Beneficis = -6764.809999999993Movimiento 27 5 Coste(-3639.3490000000015) ---> BoarHat@54fa9d21
Beneficis = -6764.809999999993Movimiento 273 357 Coste(-3639.7830000000013) ---> BoarHat@2d626c4e
Beneficis = -6764.809999999993Movimiento 97 23 Coste(-3640.215000000001) ---> BoarHat@304a42ce
Beneficis = -6764.809999999993Movimiento 243 19 Coste(-3640.638000000001) ---> BoarHat@357b0c05
Beneficis = -6764.809999999993Movimiento 17 33 Coste(-3641.052000000001) ---> BoarHat@1f6b2b3
Beneficis = -6764.809999999993Movimiento 125 11 Coste(-3641.460000000001) ---> BoarHat@29d48639
Beneficis = -6764.809999999993Movimiento 17 254 Coste(-3641.8660000000004) ---> BoarHat@5b630bac
Beneficis = -6764.809999999993Movimiento 172 370 Coste(-3642.2660000000005) ---> BoarHat@5752a413
Beneficis = -6764.809999999993Movimiento 163 22 Coste(-3642.665) ---> BoarHat@247eb160
Beneficis = -6764.809999999993Movimiento 308 380 Coste(-3643.0580000000004) ---> BoarHat@5aac5797
Beneficis = -6764.809999999993Movimiento 339 14 Coste(-3643.451) ---> BoarHat@436bdfa1
Beneficis = -6764.809999999993Movimiento 155 353 Coste(-3643.837) ---> BoarHat@3852800c
Beneficis = -6764.809999999993Movimiento 222 33 Coste(-3644.2130000000006) ---> BoarHat@6353210d
Beneficis = -6764.809999999993Movimiento 280 19 Coste(-3644.5890000000004) ---> BoarHat@42e1d981
Beneficis = -6764.809999999993Movimiento 257 3 Coste(-3644.9630000000006) ---> BoarHat@69efeeff
Beneficis = -6764.809999999993Movimiento 77 14 Coste(-3645.3370000000004) ---> BoarHat@2d825eac
Beneficis = -6764.809999999993Movimiento 0 20 Coste(-3645.707) ---> BoarHat@1e4c3727
Beneficis = -6764.809999999993Movimiento 223 281 Coste(-3646.076) ---> BoarHat@273b046c
Beneficis = -6764.809999999993Movimiento 57 206 Coste(-3646.44) ---> BoarHat@67257b18
Beneficis = -6764.809999999993Movimiento 346 14 Coste(-3646.802) ---> BoarHat@78200ed5
Beneficis = -6764.809999999993Movimiento 137 14 Coste(-3647.162) ---> BoarHat@52646fc5
Beneficis = -6764.809999999993Movimiento 375 20 Coste(-3647.519) ---> BoarHat@2539ea62
Beneficis = -6764.809999999993Movimiento 253 32 Coste(-3647.8749999999995) ---> BoarHat@50cd818d
Beneficis = -6764.809999999993Movimiento 72 394 Coste(-3648.732) ---> BoarHat@1dff2bae
Beneficis = -6764.809999999993Movimiento 152 179 Coste(-3649.084) ---> BoarHat@3085bff5
Beneficis = -6764.809999999993Movimiento 168 13 Coste(-3649.432) ---> BoarHat@3ef738df
Beneficis = -6764.809999999993Movimiento 153 32 Coste(-3649.774) ---> BoarHat@1e536d21
Beneficis = -6764.809999999993Movimiento 273 20 Coste(-3650.116) ---> BoarHat@53d043
Beneficis = -6764.809999999993Movimiento 174 5 Coste(-3650.4559999999997) ---> BoarHat@6c06765a
Beneficis = -6764.809999999993Movimiento 392 14 Coste(-3650.7889999999998) ---> BoarHat@681cd487
Beneficis = -6764.809999999993Movimiento 260 6 Coste(-3651.1130000000003) ---> BoarHat@36b1c3a
Beneficis = -6764.809999999993Movimiento 12 26 Coste(-3651.4370000000004) ---> BoarHat@8695737
Beneficis = -6764.809999999993Movimiento 204 257 Coste(-3651.7570000000005) ---> BoarHat@37bed5d5
Beneficis = -6764.809999999993Movimiento 147 24 Coste(-3652.3070000000007) ---> BoarHat@348b7ba2
Beneficis = -6764.809999999993Movimiento 231 305 Coste(-3652.6150000000007) ---> BoarHat@21ee4209
Beneficis = -6764.809999999993Movimiento 297 5 Coste(-3652.9180000000006) ---> BoarHat@1d64d085
Beneficis = -6764.809999999993Movimiento 164 3 Coste(-3653.2200000000003) ---> BoarHat@7d1e70fd
Beneficis = -6764.809999999993Movimiento 63 13 Coste(-3653.5150000000003) ---> BoarHat@5a0edfc0
Beneficis = -6764.809999999993Movimiento 341 370 Coste(-3653.8080000000004) ---> BoarHat@714b04ed
Beneficis = -6764.809999999993Movimiento 351 13 Coste(-3654.100000000001) ---> BoarHat@10c23142
Beneficis = -6764.809999999993Movimiento 372 32 Coste(-3654.3860000000004) ---> BoarHat@2a1cfd49
Beneficis = -6764.809999999993Movimiento 306 8 Coste(-3654.67) ---> BoarHat@29b4b19c
Beneficis = -6764.809999999993Movimiento 363 32 Coste(-3654.949) ---> BoarHat@10efcd
Beneficis = -6764.809999999993Movimiento 183 22 Coste(-3655.227) ---> BoarHat@81d58db
Beneficis = -6764.809999999993Movimiento 34 7 Coste(-3655.501) ---> BoarHat@5b33b228
Beneficis = -6764.809999999993Movimiento 44 14 Coste(-3655.7750000000005) ---> BoarHat@6e9507bc
Beneficis = -6764.809999999993Movimiento 271 7 Coste(-3656.047000000001) ---> BoarHat@4e539ae7
Beneficis = -6764.809999999993Movimiento 38 8 Coste(-3656.3190000000004) ---> BoarHat@30cb8d1c
Beneficis = -6764.809999999993Movimiento 62 8 Coste(-3656.589000000001) ---> BoarHat@3b39880
Beneficis = -6764.809999999993Movimiento 377 14 Coste(-3656.8580000000006) ---> BoarHat@2f80ba8e
Beneficis = -6764.809999999993Movimiento 288 19 Coste(-3657.125000000001) ---> BoarHat@9c7d40
Beneficis = -6764.809999999993Movimiento 111 22 Coste(-3657.389000000001) ---> BoarHat@5809e639
Beneficis = -6764.809999999993Movimiento 213 1 Coste(-3657.6530000000007) ---> BoarHat@7528309e
Beneficis = -6764.809999999993Movimiento 98 212 Coste(-3657.9140000000007) ---> BoarHat@65ffada0
Beneficis = -6764.809999999993Movimiento 42 14 Coste(-3658.174000000001) ---> BoarHat@1120834d
Beneficis = -6764.809999999993Movimiento 379 35 Coste(-3658.434000000001) ---> BoarHat@3aefe3ee
Beneficis = -6764.809999999993Movimiento 107 8 Coste(-3658.6930000000007) ---> BoarHat@42f49dd6
Beneficis = -6764.809999999993Movimiento 304 21 Coste(-3658.9500000000007) ---> BoarHat@327c3d5b
Beneficis = -6764.809999999993Movimiento 76 27 Coste(-3659.2070000000003) ---> BoarHat@510d0774
Beneficis = -6764.809999999993Movimiento 175 15 Coste(-3659.460000000001) ---> BoarHat@74d5e12a
Beneficis = -6764.809999999993Movimiento 229 6 Coste(-3659.713000000001) ---> BoarHat@43fa0dc4
Beneficis = -6764.809999999993Movimiento 28 7 Coste(-3659.966000000001) ---> BoarHat@17e6b24d
Beneficis = -6764.809999999993Movimiento 36 13 Coste(-3660.2170000000006) ---> BoarHat@17783b02
Beneficis = -6764.809999999993Movimiento 141 326 Coste(-3660.4670000000006) ---> BoarHat@24ca948f
Beneficis = -6764.809999999993Movimiento 314 14 Coste(-3660.7160000000003) ---> BoarHat@29184967
Beneficis = -6764.809999999993Movimiento 57 336 Coste(-3660.964000000001) ---> BoarHat@7e9c5352
Beneficis = -6764.809999999993Movimiento 149 10 Coste(-3661.212000000001) ---> BoarHat@7c146e2
Beneficis = -6764.809999999993Movimiento 344 8 Coste(-3661.459000000001) ---> BoarHat@1fb2f286
Beneficis = -6764.809999999993Movimiento 329 355 Coste(-3661.7050000000013) ---> BoarHat@b5fbdcf
Beneficis = -6764.809999999993Movimiento 41 14 Coste(-3661.945000000001) ---> BoarHat@5ad94c65
Beneficis = -6764.809999999993Movimiento 270 29 Coste(-3662.185000000001) ---> BoarHat@700b043d
Beneficis = -6764.809999999993Movimiento 255 17 Coste(-3662.4200000000005) ---> BoarHat@3bb5b09b
Beneficis = -6764.809999999993Movimiento 4 13 Coste(-3662.6540000000005) ---> BoarHat@64b88836
Beneficis = -6764.809999999993Movimiento 103 16 Coste(-3662.8780000000006) ---> BoarHat@2d1d3bec
Beneficis = -6764.809999999993Movimiento 300 35 Coste(-3663.101000000001) ---> BoarHat@6056b6e3
Beneficis = -6764.809999999993Movimiento 86 11 Coste(-3663.324000000001) ---> BoarHat@240047fc
Beneficis = -6764.809999999993Movimiento 348 8 Coste(-3663.546000000001) ---> BoarHat@4b7c43e8
Beneficis = -6764.809999999993Movimiento 157 10 Coste(-3663.768000000001) ---> BoarHat@17ed1cb6
Beneficis = -6764.809999999993Movimiento 240 13 Coste(-3663.9900000000007) ---> BoarHat@5dd5ba4
Beneficis = -6764.809999999993Movimiento 54 13 Coste(-3664.2110000000007) ---> BoarHat@4bdaabca
Beneficis = -6764.809999999993Movimiento 191 4 Coste(-3664.4320000000007) ---> BoarHat@4032d201
Beneficis = -6764.809999999993Movimiento 90 14 Coste(-3664.6510000000007) ---> BoarHat@df09430
Beneficis = -6764.809999999993Movimiento 141 224 Coste(-3664.869000000001) ---> BoarHat@326c39ac
Beneficis = -6764.809999999993Movimiento 261 7 Coste(-3665.0860000000016) ---> BoarHat@a56051f
Beneficis = -6764.809999999993Movimiento 171 35 Coste(-3665.3030000000017) ---> BoarHat@23269c2e
Beneficis = -6764.809999999993Movimiento 18 5 Coste(-3665.5180000000014) ---> BoarHat@45c1eb8f
Beneficis = -6764.809999999993Movimiento 248 14 Coste(-3665.733000000001) ---> BoarHat@7a9a2832
Beneficis = -6764.809999999993Movimiento 79 299 Coste(-3665.945000000001) ---> BoarHat@60fdc40d
Beneficis = -6764.809999999993Movimiento 394 5 Coste(-3666.1560000000013) ---> BoarHat@69423732
Beneficis = -6764.809999999993Movimiento 360 14 Coste(-3666.365000000001) ---> BoarHat@ae516ff
Beneficis = -6764.809999999993Movimiento 144 8 Coste(-3666.5730000000012) ---> BoarHat@2b91c7d2
Beneficis = -6764.809999999993Movimiento 362 14 Coste(-3666.7810000000013) ---> BoarHat@1e077fe
Beneficis = -6764.809999999993Movimiento 108 14 Coste(-3666.985000000001) ---> BoarHat@2e93775e
Beneficis = -6764.809999999993Movimiento 178 1 Coste(-3667.1870000000013) ---> BoarHat@644250c0
Beneficis = -6764.809999999993Movimiento 305 5 Coste(-3667.3880000000013) ---> BoarHat@6b1c6604
Beneficis = -6764.809999999993Movimiento 355 14 Coste(-3667.585000000001) ---> BoarHat@6e4bfe11
Beneficis = -6764.809999999993Movimiento 180 3 Coste(-3667.7810000000013) ---> BoarHat@68657f7
Beneficis = -6764.809999999993Movimiento 201 1 Coste(-3667.974000000001) ---> BoarHat@3ee0f6f9
Beneficis = -6764.809999999993Movimiento 194 14 Coste(-3668.1610000000014) ---> BoarHat@52084b12
Beneficis = -6764.809999999993Movimiento 160 31 Coste(-3668.3400000000015) ---> BoarHat@69cffa1c
Beneficis = -6764.809999999993Movimiento 193 29 Coste(-3668.512000000002) ---> BoarHat@2d468065
Beneficis = -6764.809999999993Movimiento 74 13 Coste(-3668.679000000002) ---> BoarHat@5bd8d41d
Beneficis = -6764.809999999993Movimiento 26 8 Coste(-3668.8430000000017) ---> BoarHat@663d916a
Beneficis = -6764.809999999993Movimiento 193 223 Coste(-3669.0060000000017) ---> BoarHat@3189a654
Beneficis = -6764.809999999993Movimiento 113 8 Coste(-3669.168000000002) ---> BoarHat@1fa4c39a
Beneficis = -6764.809999999993Movimiento 156 14 Coste(-3669.3270000000016) ---> BoarHat@5517e633
Beneficis = -6764.809999999993Movimiento 276 14 Coste(-3669.486000000002) ---> BoarHat@6bedf5eb
Beneficis = -6764.809999999993Movimiento 302 8 Coste(-3669.645000000002) ---> BoarHat@32806e91
Beneficis = -6764.809999999993Movimiento 6 122 Coste(-3669.7980000000016) ---> BoarHat@789da122
Beneficis = -6764.809999999993Movimiento 179 14 Coste(-3669.9460000000013) ---> BoarHat@2a19a92d
Beneficis = -6764.809999999993Movimiento 227 353 Coste(-3670.0910000000013) ---> BoarHat@1ef4c790
Beneficis = -6764.809999999993Movimiento 64 14 Coste(-3670.235000000001) ---> BoarHat@4386518
Beneficis = -6764.809999999993Movimiento 120 14 Coste(-3670.377000000001) ---> BoarHat@4416b023
Beneficis = -6764.809999999993Movimiento 219 11 Coste(-3670.5170000000007) ---> BoarHat@5c077b19
Beneficis = -6764.809999999993Movimiento 222 364 Coste(-3670.6560000000013) ---> BoarHat@6efa526c
Beneficis = -6764.809999999993Movimiento 261 278 Coste(-3670.7920000000013) ---> BoarHat@3b824b9d
Beneficis = -6764.809999999993Movimiento 289 14 Coste(-3670.9170000000013) ---> BoarHat@124d7871
Beneficis = -6764.809999999993Movimiento 6 3 Coste(-3671.0400000000013) ---> BoarHat@6bf6d627
Beneficis = -6764.809999999993Movimiento 251 3 Coste(-3671.1560000000013) ---> BoarHat@3fbb15c9
Beneficis = -6764.809999999993Movimiento 266 1 Coste(-3671.2640000000015) ---> BoarHat@215c5eaa
Beneficis = -6764.809999999993Movimiento 260 31 Coste(-3671.372000000001) ---> BoarHat@4516a27
Beneficis = -6764.809999999993Movimiento 57 34 Coste(-3671.4740000000015) ---> BoarHat@35188eef
Beneficis = -6764.809999999993Movimiento 1 316 Coste(-3671.474000000002) ---> BoarHat@18a513ab
Beneficis = -6764.809999999993Movimiento 112 13 Coste(-3671.4740000000024) ---> BoarHat@3948cadf
Beneficis = -6764.809999999993Movimiento 382 30 Coste(-3671.474000000003) ---> BoarHat@69ccc0db
nodesExpanded : 334
Temps SolIni = 8 Tiempo HC = 14040 Tiempo SA = 0
