Central 0: [32m90[0m Produccio: [35m707.21[0m Usada: [31m700.1059999999999[0m
Central 1: [32m73[0m Produccio: [35m584.14[0m Usada: [31m573.4350000000001[0m
Central 2: [32m69[0m Produccio: [35m453.09[0m Usada: [31m448.2709999999999[0m
Central 3: [32m87[0m Produccio: [35m542.59[0m Usada: [31m541.122[0m
Central 4: [32m73[0m Produccio: [35m544.89[0m Usada: [31m534.754[0m
Central 5: [32m41[0m Produccio: [35m245.14[0m Usada: [31m245.01799999999997[0m
Central 6: [32m21[0m Produccio: [35m123.69[0m Usada: [31m123.61900000000001[0m
Central 7: [32m32[0m Produccio: [35m215.37[0m Usada: [31m214.71300000000002[0m
Central 8: [32m33[0m Produccio: [35m196.17[0m Usada: [31m195.03300000000002[0m
Central 9: [32m19[0m Produccio: [35m124.54[0m Usada: [31m123.38199999999999[0m
Central 10: [32m24[0m Produccio: [35m210.62[0m Usada: [31m210.046[0m
Central 11: [32m35[0m Produccio: [35m213.56[0m Usada: [31m212.905[0m
Central 12: [32m33[0m Produccio: [35m244.22[0m Usada: [31m242.30899999999997[0m
Central 13: [32m29[0m Produccio: [35m194.13[0m Usada: [31m194.11499999999998[0m
Central 14: [32m31[0m Produccio: [35m181.21[0m Usada: [31m180.19100000000003[0m
Central 15: [32m11[0m Produccio: [35m50.47[0m Usada: [31m50.369[0m
Central 16: [32m4[0m Produccio: [35m29.51[0m Usada: [31m29.338[0m
Central 17: [32m12[0m Produccio: [35m94.98[0m Usada: [31m94.93199999999999[0m
Central 18: [32m5[0m Produccio: [35m17.91[0m Usada: [31m17.527[0m
Central 19: [32m5[0m Produccio: [35m24.41[0m Usada: [31m23.491999999999997[0m
Central 20: [32m8[0m Produccio: [35m95.47[0m Usada: [31m93.968[0m
Central 21: [32m10[0m Produccio: [35m68.1[0m Usada: [31m67.225[0m
Central 22: [32m9[0m Produccio: [35m64.81[0m Usada: [31m64.654[0m
Central 23: [32m8[0m Produccio: [35m45.15[0m Usada: [31m45.06[0m
Central 24: [32m6[0m Produccio: [35m57.44[0m Usada: [31m57.315[0m
Central 25: [32m10[0m Produccio: [35m58.52[0m Usada: [31m58.45700000000001[0m
Central 26: [32m14[0m Produccio: [35m77.86[0m Usada: [31m75.709[0m
Central 27: [32m12[0m Produccio: [35m32.8[0m Usada: [31m32.55100000000001[0m
Central 28: [32m9[0m Produccio: [35m57.86[0m Usada: [31m56.532[0m
Central 29: [32m8[0m Produccio: [35m81.4[0m Usada: [31m79.724[0m
Central 30: [32m7[0m Produccio: [35m21.62[0m Usada: [31m20.565[0m
Central 31: [32m8[0m Produccio: [35m84.01[0m Usada: [31m82.63600000000001[0m
Central 32: [32m8[0m Produccio: [35m49.81[0m Usada: [31m49.431000000000004[0m
Central 33: [32m6[0m Produccio: [35m26.98[0m Usada: [31m25.929999999999996[0m
Central 34: [32m7[0m Produccio: [35m67.99[0m Usada: [31m67.902[0m
Central 35: [32m11[0m Produccio: [35m95.39[0m Usada: [31m93.936[0m
Central 36: [32m9[0m Produccio: [35m73.2[0m Usada: [31m71.912[0m
Central 37: [32m3[0m Produccio: [35m27.49[0m Usada: [31m27.064[0m
Central 38: [32m12[0m Produccio: [35m90.11[0m Usada: [31m89.935[0m
Central 39: [32m8[0m Produccio: [35m39.44[0m Usada: [31m38.309999999999995[0m
Central NONE: [32m0[0m
Central NONE: [32m100[0m
Beneficis = 101929.2500000003Clients No assignats = 100 Centrals Tancades 0

TSP HillClimbing  -->

Beneficis = 101982.7500000003Movimiento 561 3 Coste(9841.37) ---> BoarHat@161138c8
Beneficis = 102036.2500000003Movimiento 787 2 Coste(9742.547) ---> BoarHat@33cfde71
Beneficis = 102090.2500000003Movimiento 852 2 Coste(9643.735) ---> BoarHat@626a34d6
Beneficis = 102144.2500000003Movimiento 869 28 Coste(9544.923) ---> BoarHat@2fb45ad2
Beneficis = 102199.2500000003Movimiento 880 1 Coste(9446.133) ---> BoarHat@1638052e
Beneficis = 102262.7500000003Movimiento 618 31 Coste(9347.403) ---> BoarHat@46f53458
Beneficis = 102329.2500000003Movimiento 646 4 Coste(9248.733) ---> BoarHat@45e3021a
Beneficis = 102389.7500000003Movimiento 641 1 Coste(9150.064) ---> BoarHat@4de4a343
Beneficis = 102447.2500000003Movimiento 790 1 Coste(9051.444) ---> BoarHat@647ceb4e
Beneficis = 102519.2500000003Movimiento 889 1 Coste(8952.884) ---> BoarHat@3692c4b1
Beneficis = 102584.7500000003Movimiento 761 0 Coste(8854.325) ---> BoarHat@61c169d7
Beneficis = 102654.2500000003Movimiento 649 4 Coste(8755.854) ---> BoarHat@3d9c3f1b
Beneficis = 102726.7500000003Movimiento 854 29 Coste(8657.449) ---> BoarHat@75ee16ec
Beneficis = 102795.2500000003Movimiento 725 0 Coste(8559.093) ---> BoarHat@4f5d5b0e
Beneficis = 102870.7500000003Movimiento 833 0 Coste(8460.754) ---> BoarHat@3dff05d6
Beneficis = 102940.2500000003Movimiento 829 1 Coste(8362.422) ---> BoarHat@24ec9477
Beneficis = 103020.2500000003Movimiento 762 0 Coste(8264.182) ---> BoarHat@394dfb6c
Beneficis = 103096.2500000003Movimiento 601 1 Coste(8166.006) ---> BoarHat@1fe97868
Beneficis = 103172.7500000003Movimiento 606 1 Coste(8067.842) ---> BoarHat@fadc42c
Beneficis = 103254.2500000003Movimiento 793 2 Coste(7969.798) ---> BoarHat@6b22de1c
Beneficis = 103355.7500000003Movimiento 782 26 Coste(7871.828) ---> BoarHat@1114b0fe
Beneficis = 103457.2500000003Movimiento 723 4 Coste(7774.061) ---> BoarHat@b8e3aec
Beneficis = 103557.2500000003Movimiento 811 4 Coste(7676.461) ---> BoarHat@3ef6c70a
Beneficis = 103643.2500000003Movimiento 704 4 Coste(7578.869) ---> BoarHat@549d12dd
Beneficis = 103310.00000000028Movimiento 326 693 Coste(7552.377) ---> BoarHat@2c6d5efd
Beneficis = 103398.80000000028Movimiento 890 2 Coste(7454.819) ---> BoarHat@74263dd3
Beneficis = 103480.80000000028Movimiento 961 2 Coste(7357.279) ---> BoarHat@7b97d538
Beneficis = 103568.40000000029Movimiento 701 2 Coste(7259.907) ---> BoarHat@2570ea5c
Beneficis = 103688.90000000029Movimiento 818 2 Coste(7162.558) ---> BoarHat@e90e106
Beneficis = 103782.50000000029Movimiento 882 2 Coste(7065.366) ---> BoarHat@6122c082
Beneficis = 103923.00000000029Movimiento 853 2 Coste(6968.176) ---> BoarHat@491e9e3f
Beneficis = 104070.50000000029Movimiento 797 2 Coste(6871.126) ---> BoarHat@382d8d4c
Beneficis = 104168.90000000029Movimiento 985 2 Coste(6774.078) ---> BoarHat@13b12c1e
Beneficis = 104274.90000000029Movimiento 620 2 Coste(6677.046) ---> BoarHat@2c1a1236
Beneficis = 103891.65000000027Movimiento 174 671 Coste(6651.814) ---> BoarHat@2288e593
Beneficis = 104028.65000000027Movimiento 621 1 Coste(6554.554) ---> BoarHat@66b74f41
Beneficis = 104162.65000000027Movimiento 976 1 Coste(6457.502) ---> BoarHat@1c33b93f
Beneficis = 104305.65000000027Movimiento 876 1 Coste(6360.648) ---> BoarHat@4f98b989
Beneficis = 104418.15000000027Movimiento 748 1 Coste(6263.798) ---> BoarHat@3221122c
Beneficis = 104525.65000000027Movimiento 780 1 Coste(6167.238) ---> BoarHat@ec66c6b
Beneficis = 104649.65000000027Movimiento 670 1 Coste(6070.71) ---> BoarHat@600ead45
Beneficis = 104766.45000000027Movimiento 791 1 Coste(5974.214) ---> BoarHat@60e60679
Beneficis = 104376.20000000023Movimiento 45 730 Coste(5949.031) ---> BoarHat@3a53e531
Beneficis = 104504.70000000023Movimiento 978 0 Coste(5851.858) ---> BoarHat@28a5d2d8
Beneficis = 104633.70000000023Movimiento 750 0 Coste(5754.696) ---> BoarHat@767e781c
Beneficis = 104729.70000000023Movimiento 979 0 Coste(5657.576) ---> BoarHat@40022483
Beneficis = 104855.70000000023Movimiento 715 0 Coste(5560.6) ---> BoarHat@568f4c7d
Beneficis = 104983.20000000023Movimiento 747 0 Coste(5463.66) ---> BoarHat@2d6d3624
Beneficis = 105110.70000000023Movimiento 841 0 Coste(5366.72) ---> BoarHat@4dc8fb42
Beneficis = 105240.20000000023Movimiento 919 0 Coste(5269.828) ---> BoarHat@257e8622
Beneficis = 105370.20000000023Movimiento 554 0 Coste(5172.948) ---> BoarHat@c38a9f1
Beneficis = 104993.70000000026Movimiento 16 828 Coste(5154.247) ---> BoarHat@7a3496cf
Beneficis = 105126.10000000025Movimiento 937 0 Coste(5057.888) ---> BoarHat@50187a3e
Beneficis = 105256.10000000025Movimiento 571 0 Coste(4961.7880000000005) ---> BoarHat@3674a9f9
Beneficis = 105408.10000000025Movimiento 804 0 Coste(4865.968) ---> BoarHat@2d7a574b
Beneficis = 105557.60000000025Movimiento 912 0 Coste(4770.154) ---> BoarHat@7dc22133
Beneficis = 105725.60000000025Movimiento 758 0 Coste(4674.354) ---> BoarHat@31e0bc31
Beneficis = 105725.60000000025Movimiento 59 902 Coste(4655.856) ---> BoarHat@49e9c26f
Beneficis = 105855.20000000026Movimiento 720 5 Coste(4560.392) ---> BoarHat@66ee49d0
Beneficis = 106022.40000000026Movimiento 942 5 Coste(4464.99) ---> BoarHat@2374bb77
Beneficis = 106195.60000000025Movimiento 924 5 Coste(4369.753) ---> BoarHat@712a67b2
Beneficis = 106195.60000000025Movimiento 188 964 Coste(4351.693) ---> BoarHat@38fdbac
Beneficis = 106316.80000000025Movimiento 849 1 Coste(4255.329) ---> BoarHat@25285f1a
Beneficis = 106474.40000000026Movimiento 666 1 Coste(4159.269) ---> BoarHat@26d76239
Beneficis = 106619.20000000026Movimiento 823 28 Coste(4063.613) ---> BoarHat@2dca9d36
Beneficis = 106784.00000000026Movimiento 866 28 Coste(3968.145) ---> BoarHat@3d2fae66
Beneficis = 106784.00000000026Movimiento 77 278 Coste(3950.505) ---> BoarHat@2899bb4f
Beneficis = 106941.20000000026Movimiento 896 20 Coste(3854.435) ---> BoarHat@4008678b
Beneficis = 107083.20000000026Movimiento 973 29 Coste(3758.695) ---> BoarHat@24c190c5
Beneficis = 107234.40000000026Movimiento 708 29 Coste(3663.231) ---> BoarHat@4af3dc53
Beneficis = 107399.60000000025Movimiento 903 29 Coste(3567.774) ---> BoarHat@6b4855b1
Beneficis = 107399.60000000025Movimiento 154 914 Coste(3550.158) ---> BoarHat@291447b1
Beneficis = 107560.80000000025Movimiento 703 2 Coste(3454.591) ---> BoarHat@9c1c075
Beneficis = 107709.20000000024Movimiento 806 2 Coste(3359.043) ---> BoarHat@762abbfc
Beneficis = 107872.40000000024Movimiento 622 4 Coste(3263.531) ---> BoarHat@6a96f44f
Beneficis = 107813.20000000029Movimiento 34 639 Coste(3246.757) ---> BoarHat@71632451
Beneficis = 108007.20000000029Movimiento 749 0 Coste(3151.607) ---> BoarHat@76406000
Beneficis = 108202.40000000029Movimiento 891 0 Coste(3057.463) ---> BoarHat@19aae472
Beneficis = 108202.40000000029Movimiento 35 448 Coste(3040.775) ---> BoarHat@6f5ad610
Beneficis = 108399.60000000028Movimiento 753 7 Coste(2946.198) ---> BoarHat@c2f32b
Beneficis = 108612.90000000029Movimiento 625 24 Coste(2854.0190000000002) ---> BoarHat@71e331cd
Beneficis = 108612.90000000029Movimiento 20 244 Coste(2837.82) ---> BoarHat@3510f4b9
Beneficis = 108822.90000000029Movimiento 770 13 Coste(2747.62) ---> BoarHat@51c5a2f9
Beneficis = 108822.90000000029Movimiento 282 970 Coste(2731.736) ---> BoarHat@7050c63e
Beneficis = 109069.20000000029Movimiento 596 2 Coste(2641.588) ---> BoarHat@7676bb27
Beneficis = 109410.00000000029Movimiento 694 34 Coste(2552.948) ---> BoarHat@de56978
Beneficis = 109410.00000000029Movimiento 350 995 Coste(2537.628) ---> BoarHat@408e3743
Beneficis = 109708.8000000003Movimiento 599 0 Coste(2449.58) ---> BoarHat@3a2bb84f
Beneficis = 109708.8000000003Movimiento 111 276 Coste(2435.556) ---> BoarHat@38e7108a
Beneficis = 109708.8000000003Movimiento 42 464 Coste(2422.1) ---> BoarHat@538a1bc1
Beneficis = 109708.8000000003Movimiento 760 915 Coste(2409.12) ---> BoarHat@40b6efc2
Beneficis = 109708.8000000003Movimiento 834 867 Coste(2396.561) ---> BoarHat@6576e6e0
Beneficis = 110019.3000000003Movimiento 773 1 Coste(2308.9809999999998) ---> BoarHat@706febd7
Beneficis = 110019.3000000003Movimiento 53 783 Coste(2296.689) ---> BoarHat@cf17dab
Beneficis = 110019.3000000003Movimiento 298 871 Coste(2284.649) ---> BoarHat@6b0e1f9b
Beneficis = 110019.3000000003Movimiento 311 831 Coste(2272.76) ---> BoarHat@38741862
Beneficis = 110019.3000000003Movimiento 414 765 Coste(2261.321) ---> BoarHat@7fba98d3
Beneficis = 110019.3000000003Movimiento 551 776 Coste(2250.061) ---> BoarHat@1b429b35
Beneficis = 110019.3000000003Movimiento 69 886 Coste(2239.021) ---> BoarHat@1f33d92c
Beneficis = 110441.70000000029Movimiento 928 1 Coste(2154.509) ---> BoarHat@34727655
Beneficis = 110441.70000000029Movimiento 450 935 Coste(2143.495) ---> BoarHat@a5b57bd
Beneficis = 110779.50000000029Movimiento 840 8 Coste(2057.007) ---> BoarHat@39f64c84
Beneficis = 110779.50000000029Movimiento 187 647 Coste(2046.132) ---> BoarHat@1a33d39a
Beneficis = 111164.70000000029Movimiento 922 26 Coste(1961.54) ---> BoarHat@68d2561e
Beneficis = 111164.70000000029Movimiento 263 385 Coste(1950.862) ---> BoarHat@433ade20
Beneficis = 111164.70000000029Movimiento 540 855 Coste(1940.213) ---> BoarHat@44f1b6ae
Beneficis = 111594.60000000028Movimiento 986 0 Coste(1855.976) ---> BoarHat@17dba921
Beneficis = 111594.60000000028Movimiento 687 954 Coste(1845.436) ---> BoarHat@32b1bd31
Beneficis = 111594.60000000028Movimiento 284 472 Coste(1834.921) ---> BoarHat@3efd60fe
Beneficis = 111594.60000000028Movimiento 112 260 Coste(1824.58) ---> BoarHat@3c3a740c
Beneficis = 111594.60000000028Movimiento 366 768 Coste(1814.3799999999999) ---> BoarHat@307f1b71
Beneficis = 112008.60000000028Movimiento 556 3 Coste(1729.56) ---> BoarHat@21630377
Beneficis = 112482.00000000028Movimiento 644 1 Coste(1646.9180000000001) ---> BoarHat@1c679e33
Beneficis = 112482.00000000028Movimiento 719 764 Coste(1636.888) ---> BoarHat@6a3ac93f
Beneficis = 112899.30000000028Movimiento 892 4 Coste(1550.798) ---> BoarHat@7c60e538
Beneficis = 112899.30000000028Movimiento 227 707 Coste(1541.184) ---> BoarHat@7ecb7ca8
Beneficis = 113326.50000000028Movimiento 570 10 Coste(1455.424) ---> BoarHat@3814715d
Beneficis = 113326.50000000028Movimiento 491 515 Coste(1446.424) ---> BoarHat@67e66076
Beneficis = 113326.50000000028Movimiento 619 850 Coste(1437.726) ---> BoarHat@9f4c568
Beneficis = 113798.10000000028Movimiento 754 0 Coste(1356.5900000000001) ---> BoarHat@42fd44ef
Beneficis = 113798.10000000028Movimiento 152 893 Coste(1347.978) ---> BoarHat@7f4b61e0
Beneficis = 113798.10000000028Movimiento 323 516 Coste(1339.424) ---> BoarHat@4b095190
Beneficis = 114284.10000000028Movimiento 614 36 Coste(1257.2440000000001) ---> BoarHat@2c59726
Beneficis = 114284.10000000028Movimiento 28 991 Coste(1248.884) ---> BoarHat@49aad8c
Beneficis = 114284.10000000028Movimiento 214 953 Coste(1240.892) ---> BoarHat@15a2d782
Beneficis = 114807.90000000029Movimiento 587 1 Coste(1158.352) ---> BoarHat@4e0d5f55
Beneficis = 114807.90000000029Movimiento 287 324 Coste(1150.44) ---> BoarHat@7ecda9c8
Beneficis = 114807.90000000029Movimiento 32 935 Coste(1142.683) ---> BoarHat@345de00
Beneficis = 114807.90000000029Movimiento 582 717 Coste(1134.935) ---> BoarHat@923ba7
Beneficis = 115255.20000000029Movimiento 586 2 Coste(1052.827) ---> BoarHat@6a7c2c98
Beneficis = 115255.20000000029Movimiento 100 255 Coste(1045.092) ---> BoarHat@1e4dfbf
Beneficis = 115255.20000000029Movimiento 140 192 Coste(1037.5529999999999) ---> BoarHat@5456f833
Beneficis = 115255.20000000029Movimiento 90 477 Coste(1030.605) ---> BoarHat@1331a03c
Beneficis = 115255.20000000029Movimiento 584 913 Coste(1023.664) ---> BoarHat@385fe475
Beneficis = 115255.20000000029Movimiento 36 143 Coste(1016.789) ---> BoarHat@2f674052
Beneficis = 115255.20000000029Movimiento 627 865 Coste(1010.249) ---> BoarHat@3e49e6db
Beneficis = 115255.20000000029Movimiento 146 390 Coste(1003.902) ---> BoarHat@774dbd9
Beneficis = 115255.20000000029Movimiento 373 844 Coste(997.678) ---> BoarHat@1fcf0fa9
Beneficis = 115255.20000000029Movimiento 286 380 Coste(991.568) ---> BoarHat@683b05b3
Beneficis = 115255.20000000029Movimiento 470 650 Coste(985.461) ---> BoarHat@4b9e9d57
Beneficis = 115794.3000000003Movimiento 326 4 Coste(905.2280000000001) ---> BoarHat@56006fe1
Beneficis = 115794.3000000003Movimiento 452 563 Coste(899.454) ---> BoarHat@27c8927
Beneficis = 115794.3000000003Movimiento 265 835 Coste(893.694) ---> BoarHat@407cb260
Beneficis = 115794.3000000003Movimiento 376 760 Coste(887.94) ---> BoarHat@10081ed8
Beneficis = 115794.3000000003Movimiento 448 856 Coste(882.431) ---> BoarHat@4d3ad57e
Beneficis = 115794.3000000003Movimiento 132 591 Coste(877.0350000000001) ---> BoarHat@7ba8c44a
Beneficis = 115794.3000000003Movimiento 290 993 Coste(871.784) ---> BoarHat@7c337d82
Beneficis = 115794.3000000003Movimiento 281 335 Coste(866.576) ---> BoarHat@4409ae3b
Beneficis = 116338.8000000003Movimiento 796 31 Coste(784.726) ---> BoarHat@3d2fecd9
Beneficis = 116338.8000000003Movimiento 144 544 Coste(779.6590000000001) ---> BoarHat@3e85e2de
Beneficis = 116338.8000000003Movimiento 269 955 Coste(774.658) ---> BoarHat@77d6a4dd
Beneficis = 116886.9000000003Movimiento 16 3 Coste(694.755) ---> BoarHat@309301ab
Beneficis = 116886.9000000003Movimiento 125 397 Coste(689.827) ---> BoarHat@20e3f67e
Beneficis = 116886.9000000003Movimiento 379 709 Coste(684.9760000000001) ---> BoarHat@46acdc92
Beneficis = 116886.9000000003Movimiento 4 40 Coste(680.128) ---> BoarHat@21cdd71f
Beneficis = 116886.9000000003Movimiento 348 969 Coste(675.292) ---> BoarHat@468fec5d
Beneficis = 116886.9000000003Movimiento 119 546 Coste(670.6220000000001) ---> BoarHat@510c24ff
Beneficis = 116886.9000000003Movimiento 180 418 Coste(666.095) ---> BoarHat@253a2641
Beneficis = 117423.0000000003Movimiento 34 20 Coste(585.752) ---> BoarHat@33cce517
Beneficis = 117423.0000000003Movimiento 455 573 Coste(581.232) ---> BoarHat@37c5c22f
Beneficis = 117423.0000000003Movimiento 419 792 Coste(576.85) ---> BoarHat@15345c63
Beneficis = 117423.0000000003Movimiento 323 712 Coste(572.5070000000001) ---> BoarHat@64d2d340
Beneficis = 117937.2000000003Movimiento 845 1 Coste(491.361) ---> BoarHat@2a8a5c28
Beneficis = 117937.2000000003Movimiento 227 950 Coste(487.04600000000005) ---> BoarHat@52ebef3b
Beneficis = 118458.0000000003Movimiento 174 3 Coste(407.87800000000004) ---> BoarHat@48635d03
Beneficis = 118458.0000000003Movimiento 448 763 Coste(403.56500000000005) ---> BoarHat@27c302e9
Beneficis = 118458.0000000003Movimiento 288 840 Coste(399.27500000000003) ---> BoarHat@fa17a5
Beneficis = 118458.0000000003Movimiento 131 820 Coste(394.995) ---> BoarHat@38f5e3c9
Beneficis = 118458.0000000003Movimiento 300 495 Coste(390.87800000000004) ---> BoarHat@78f4ab8a
Beneficis = 118458.0000000003Movimiento 553 941 Coste(386.92600000000004) ---> BoarHat@775a33d2
Beneficis = 118458.0000000003Movimiento 169 945 Coste(383.021) ---> BoarHat@2d80be76
Beneficis = 118458.0000000003Movimiento 129 235 Coste(379.178) ---> BoarHat@708cc0b1
Beneficis = 118458.0000000003Movimiento 519 655 Coste(375.362) ---> BoarHat@70d003a1
Beneficis = 118458.0000000003Movimiento 894 897 Coste(371.546) ---> BoarHat@5b6af28b
Beneficis = 119023.80000000031Movimiento 559 0 Coste(294.17800000000005) ---> BoarHat@242c9c35
Beneficis = 119023.80000000031Movimiento 534 807 Coste(290.374) ---> BoarHat@485934ae
Beneficis = 119023.80000000031Movimiento 698 987 Coste(286.571) ---> BoarHat@3a51e0f1
Beneficis = 119023.80000000031Movimiento 675 827 Coste(282.794) ---> BoarHat@59a221eb
Beneficis = 119023.80000000031Movimiento 950 964 Coste(279.029) ---> BoarHat@7bda000f
Beneficis = 119023.80000000031Movimiento 557 770 Coste(275.273) ---> BoarHat@181b9453
Beneficis = 119023.80000000031Movimiento 252 438 Coste(271.58500000000004) ---> BoarHat@23efe76b
Beneficis = 119023.80000000031Movimiento 195 225 Coste(267.99) ---> BoarHat@2a910cd
Beneficis = 119023.80000000031Movimiento 413 771 Coste(264.403) ---> BoarHat@e1ade02
Beneficis = 119023.80000000031Movimiento 435 510 Coste(260.851) ---> BoarHat@1782fd02
Beneficis = 119023.80000000031Movimiento 212 559 Coste(257.33000000000004) ---> BoarHat@402b76cb
Beneficis = 119023.80000000031Movimiento 331 773 Coste(253.81700000000004) ---> BoarHat@3a293d1
Beneficis = 119023.80000000031Movimiento 99 742 Coste(250.30900000000003) ---> BoarHat@1a02245d
Beneficis = 119023.80000000031Movimiento 377 614 Coste(246.81300000000002) ---> BoarHat@564ced8c
Beneficis = 119542.80000000031Movimiento 706 10 Coste(165.84300000000005) ---> BoarHat@72c559a1
Beneficis = 119542.80000000031Movimiento 145 459 Coste(162.352) ---> BoarHat@1a86165c
Beneficis = 119542.80000000031Movimiento 310 983 Coste(158.87000000000003) ---> BoarHat@5bec3652
Beneficis = 119542.80000000031Movimiento 174 744 Coste(155.23000000000005) ---> BoarHat@d272ab5
Beneficis = 119542.80000000031Movimiento 404 695 Coste(151.75000000000003) ---> BoarHat@280e5d89
Beneficis = 119542.80000000031Movimiento 301 727 Coste(148.29500000000004) ---> BoarHat@43dd0160
Beneficis = 120061.5000000003Movimiento 832 2 Coste(69.04300000000003) ---> BoarHat@5ad5e45c
Beneficis = 120061.5000000003Movimiento 476 789 Coste(65.59900000000002) ---> BoarHat@3272d93c
Beneficis = 120061.5000000003Movimiento 19 471 Coste(62.164000000000016) ---> BoarHat@82fc42c
Beneficis = 120061.5000000003Movimiento 58 584 Coste(58.73600000000002) ---> BoarHat@5b14967b
Beneficis = 120061.5000000003Movimiento 77 588 Coste(55.31199999999998) ---> BoarHat@21a8a96f
Beneficis = 120061.5000000003Movimiento 706 867 Coste(51.89900000000003) ---> BoarHat@205c4d3a
Beneficis = 120061.5000000003Movimiento 172 311 Coste(48.49600000000001) ---> BoarHat@b8d1903
Beneficis = 120061.5000000003Movimiento 10 453 Coste(45.16) ---> BoarHat@1ce1d9d6
Beneficis = 120061.5000000003Movimiento 399 547 Coste(41.85400000000004) ---> BoarHat@65e4827f
Beneficis = 120061.5000000003Movimiento 81 899 Coste(38.60000000000002) ---> BoarHat@6590a73
Beneficis = 120061.5000000003Movimiento 191 216 Coste(35.36600000000004) ---> BoarHat@40efc188
Beneficis = 120061.5000000003Movimiento 124 163 Coste(32.156000000000006) ---> BoarHat@60aa013f
Beneficis = 120061.5000000003Movimiento 602 861 Coste(28.946000000000026) ---> BoarHat@1df9972e
Beneficis = 120061.5000000003Movimiento 881 922 Coste(25.76600000000002) ---> BoarHat@115ff271
Beneficis = 120061.5000000003Movimiento 689 720 Coste(22.617999999999995) ---> BoarHat@48669656
Beneficis = 120061.5000000003Movimiento 229 875 Coste(19.52600000000001) ---> BoarHat@60c311c5
Beneficis = 120061.5000000003Movimiento 439 604 Coste(16.435000000000002) ---> BoarHat@4be2579f
Beneficis = 120061.5000000003Movimiento 226 443 Coste(13.358000000000061) ---> BoarHat@553010ed
Beneficis = 120061.5000000003Movimiento 257 505 Coste(10.319000000000017) ---> BoarHat@1c9b04e9
Beneficis = 120061.5000000003Movimiento 375 460 Coste(7.288000000000011) ---> BoarHat@3c0e30fd
Beneficis = 120061.5000000003Movimiento 821 825 Coste(4.2660000000000196) ---> BoarHat@1e12fd35
Beneficis = 120588.30000000031Movimiento 674 11 Coste(-78.17399999999998) ---> BoarHat@4a178025
Beneficis = 120588.30000000031Movimiento 72 486 Coste(-81.19199999999995) ---> BoarHat@d5e0ff
Beneficis = 120588.30000000031Movimiento 372 429 Coste(-84.20299999999997) ---> BoarHat@2e47ca9a
Beneficis = 120588.30000000031Movimiento 165 904 Coste(-87.19999999999999) ---> BoarHat@59afa37
Beneficis = 120588.30000000031Movimiento 98 740 Coste(-90.18799999999999) ---> BoarHat@13737265
Beneficis = 120588.30000000031Movimiento 30 120 Coste(-93.14699999999999) ---> BoarHat@4d92b3db
Beneficis = 120588.30000000031Movimiento 78 664 Coste(-96.10299999999995) ---> BoarHat@54ef37b7
Beneficis = 120588.30000000031Movimiento 320 555 Coste(-99.04399999999993) ---> BoarHat@231dc16e
Beneficis = 120588.30000000031Movimiento 726 794 Coste(-104.08399999999995) ---> BoarHat@623be8b5
Beneficis = 121107.30000000031Movimiento 45 12 Coste(-176.40399999999994) ---> BoarHat@24437464
Beneficis = 121107.30000000031Movimiento 45 800 Coste(-186.05399999999997) ---> BoarHat@198ffc2e
Beneficis = 121703.7000000003Movimiento 645 12 Coste(-258.222) ---> BoarHat@abb028a
Beneficis = 121703.7000000003Movimiento 208 645 Coste(-264.08799999999997) ---> BoarHat@2b6a38ad
Beneficis = 121703.7000000003Movimiento 215 271 Coste(-267.02799999999996) ---> BoarHat@13070ed9
Beneficis = 121703.7000000003Movimiento 89 733 Coste(-269.941) ---> BoarHat@250ed5ac
Beneficis = 121703.7000000003Movimiento 102 819 Coste(-272.839) ---> BoarHat@14a189c9
Beneficis = 121703.7000000003Movimiento 43 152 Coste(-275.713) ---> BoarHat@4ffae42d
Beneficis = 121703.7000000003Movimiento 398 508 Coste(-278.572) ---> BoarHat@5378a689
Beneficis = 121703.7000000003Movimiento 107 340 Coste(-281.41700000000003) ---> BoarHat@ec7635c
Beneficis = 121703.7000000003Movimiento 168 362 Coste(-284.24800000000005) ---> BoarHat@67eb7f9c
Beneficis = 121703.7000000003Movimiento 33 100 Coste(-287.07800000000003) ---> BoarHat@1b0ddfb7
Beneficis = 121703.7000000003Movimiento 116 244 Coste(-289.896) ---> BoarHat@5bbed47e
Beneficis = 121703.7000000003Movimiento 355 938 Coste(-292.71200000000005) ---> BoarHat@44d076bc
Beneficis = 121703.7000000003Movimiento 232 261 Coste(-295.482) ---> BoarHat@369e348c
Beneficis = 121703.7000000003Movimiento 38 947 Coste(-298.23) ---> BoarHat@404bbcde
Beneficis = 121703.7000000003Movimiento 194 809 Coste(-300.97) ---> BoarHat@3983d516
Beneficis = 121703.7000000003Movimiento 728 842 Coste(-303.709) ---> BoarHat@5f33bb3e
Beneficis = 121703.7000000003Movimiento 273 303 Coste(-306.442) ---> BoarHat@6bd6bd09
Beneficis = 121703.7000000003Movimiento 385 386 Coste(-309.401) ---> BoarHat@9fd4659
Beneficis = 121703.7000000003Movimiento 164 442 Coste(-312.1190000000001) ---> BoarHat@15c642eb
Beneficis = 121703.7000000003Movimiento 446 462 Coste(-314.83600000000007) ---> BoarHat@435c59dd
Beneficis = 121703.7000000003Movimiento 207 567 Coste(-317.5200000000001) ---> BoarHat@33e97da7
Beneficis = 121703.7000000003Movimiento 603 656 Coste(-320.16600000000005) ---> BoarHat@582bf43
Beneficis = 121703.7000000003Movimiento 710 912 Coste(-322.75200000000007) ---> BoarHat@7d4f1df
Beneficis = 121703.7000000003Movimiento 780 933 Coste(-325.3070000000001) ---> BoarHat@63ec6d18
Beneficis = 121703.7000000003Movimiento 605 908 Coste(-328.1790000000001) ---> BoarHat@c7e6862
Beneficis = 121703.7000000003Movimiento 32 364 Coste(-330.71600000000007) ---> BoarHat@7991f286
Beneficis = 121703.7000000003Movimiento 364 423 Coste(-333.25300000000004) ---> BoarHat@19d18310
Beneficis = 121703.7000000003Movimiento 49 511 Coste(-335.7830000000001) ---> BoarHat@118f7a5e
Beneficis = 121703.7000000003Movimiento 14 175 Coste(-338.2920000000001) ---> BoarHat@2ebf07ba
Beneficis = 121703.7000000003Movimiento 189 860 Coste(-340.80000000000007) ---> BoarHat@31f4e555
Beneficis = 121703.7000000003Movimiento 256 463 Coste(-343.3080000000001) ---> BoarHat@28800104
Beneficis = 121703.7000000003Movimiento 150 977 Coste(-345.78600000000006) ---> BoarHat@2486001d
Beneficis = 121703.7000000003Movimiento 127 920 Coste(-348.2610000000001) ---> BoarHat@21cd3d4c
Beneficis = 121703.7000000003Movimiento 196 328 Coste(-350.7290000000001) ---> BoarHat@10259799
Beneficis = 121703.7000000003Movimiento 334 381 Coste(-353.18200000000013) ---> BoarHat@24f1a461
Beneficis = 121703.7000000003Movimiento 411 615 Coste(-355.6200000000001) ---> BoarHat@616223ec
Beneficis = 121703.7000000003Movimiento 527 598 Coste(-358.0280000000001) ---> BoarHat@770be413
Beneficis = 121703.7000000003Movimiento 611 996 Coste(-360.4230000000001) ---> BoarHat@6f40a158
Beneficis = 121703.7000000003Movimiento 213 667 Coste(-362.80500000000006) ---> BoarHat@1b5797ab
Beneficis = 121703.7000000003Movimiento 719 815 Coste(-365.1790000000001) ---> BoarHat@252eb928
Beneficis = 121703.7000000003Movimiento 410 651 Coste(-367.52400000000006) ---> BoarHat@74a39b7b
Beneficis = 121703.7000000003Movimiento 521 648 Coste(-369.8580000000001) ---> BoarHat@2f63f95c
Beneficis = 121703.7000000003Movimiento 685 832 Coste(-372.1670000000001) ---> BoarHat@35752133
Beneficis = 121703.7000000003Movimiento 121 146 Coste(-374.446) ---> BoarHat@32fa9bc0
Beneficis = 121703.7000000003Movimiento 590 984 Coste(-376.682) ---> BoarHat@4074fefe
Beneficis = 121703.7000000003Movimiento 645 993 Coste(-380.658) ---> BoarHat@465fbeac
Beneficis = 121703.7000000003Movimiento 74 595 Coste(-382.89300000000003) ---> BoarHat@3ebd56e3
Beneficis = 121703.7000000003Movimiento 872 974 Coste(-385.12200000000007) ---> BoarHat@63d73779
Beneficis = 121703.7000000003Movimiento 888 986 Coste(-387.35) ---> BoarHat@3ca351bf
Beneficis = 121703.7000000003Movimiento 481 759 Coste(-389.53800000000007) ---> BoarHat@5bd9cd12
Beneficis = 121703.7000000003Movimiento 642 702 Coste(-391.68300000000005) ---> BoarHat@33ecc23
Beneficis = 121703.7000000003Movimiento 276 386 Coste(-393.8160000000001) ---> BoarHat@779970d3
Beneficis = 121703.7000000003Movimiento 594 958 Coste(-395.944) ---> BoarHat@94d343f
Beneficis = 121703.7000000003Movimiento 239 637 Coste(-398.06800000000004) ---> BoarHat@6e7e5032
Beneficis = 121703.7000000003Movimiento 291 721 Coste(-400.1700000000001) ---> BoarHat@75ce4df2
Beneficis = 121703.7000000003Movimiento 705 936 Coste(-402.25900000000007) ---> BoarHat@1d9fc14f
Beneficis = 121703.7000000003Movimiento 197 593 Coste(-404.3420000000001) ---> BoarHat@fb377f8
Beneficis = 121703.7000000003Movimiento 87 609 Coste(-406.4180000000001) ---> BoarHat@55eb86c3
Beneficis = 121703.7000000003Movimiento 345 665 Coste(-408.4880000000001) ---> BoarHat@5c1d92d
Beneficis = 121703.7000000003Movimiento 96 484 Coste(-410.5570000000001) ---> BoarHat@4822bbd6
Beneficis = 121703.7000000003Movimiento 117 739 Coste(-412.6120000000001) ---> BoarHat@407d14e
Beneficis = 121703.7000000003Movimiento 778 810 Coste(-414.6430000000001) ---> BoarHat@3ec526ab
Beneficis = 121703.7000000003Movimiento 39 975 Coste(-416.6720000000001) ---> BoarHat@1d23836e
Beneficis = 121703.7000000003Movimiento 478 679 Coste(-418.6920000000001) ---> BoarHat@3855c138
Beneficis = 121703.7000000003Movimiento 735 965 Coste(-420.6960000000001) ---> BoarHat@1713df9b
Beneficis = 121703.7000000003Movimiento 192 994 Coste(-422.694) ---> BoarHat@24855beb
Beneficis = 121703.7000000003Movimiento 88 616 Coste(-424.68300000000005) ---> BoarHat@219a34cd
Beneficis = 121703.7000000003Movimiento 86 653 Coste(-426.6690000000001) ---> BoarHat@4f6cb719
Beneficis = 121703.7000000003Movimiento 128 297 Coste(-428.6310000000001) ---> BoarHat@42875a48
Beneficis = 121703.7000000003Movimiento 456 670 Coste(-430.5830000000001) ---> BoarHat@1f7ede48
Beneficis = 121703.7000000003Movimiento 158 203 Coste(-432.51200000000006) ---> BoarHat@27fd621c
Beneficis = 121703.7000000003Movimiento 248 437 Coste(-434.425) ---> BoarHat@7e2623d4
Beneficis = 121703.7000000003Movimiento 469 624 Coste(-436.336) ---> BoarHat@7e04f596
Beneficis = 121703.7000000003Movimiento 96 231 Coste(-438.237) ---> BoarHat@60312381
Beneficis = 121703.7000000003Movimiento 94 205 Coste(-440.13700000000006) ---> BoarHat@5e77c8cc
Beneficis = 121703.7000000003Movimiento 80 684 Coste(-442.02900000000005) ---> BoarHat@47787b67
Beneficis = 121703.7000000003Movimiento 187 323 Coste(-443.91) ---> BoarHat@47ae6fe3
Beneficis = 121703.7000000003Movimiento 149 798 Coste(-445.789) ---> BoarHat@17abfe51
Beneficis = 121703.7000000003Movimiento 267 543 Coste(-447.662) ---> BoarHat@71715211
Beneficis = 121703.7000000003Movimiento 200 458 Coste(-449.53) ---> BoarHat@26c7d6e1
Beneficis = 121703.7000000003Movimiento 84 176 Coste(-451.37800000000004) ---> BoarHat@7318d8ab
Beneficis = 121703.7000000003Movimiento 230 553 Coste(-453.21900000000005) ---> BoarHat@11605ed8
Beneficis = 121703.7000000003Movimiento 118 473 Coste(-455.03999999999996) ---> BoarHat@68c073c4
Beneficis = 121703.7000000003Movimiento 269 490 Coste(-456.851) ---> BoarHat@53766763
Beneficis = 121703.7000000003Movimiento 711 714 Coste(-458.655) ---> BoarHat@1462f0f3
Beneficis = 121703.7000000003Movimiento 11 224 Coste(-460.453) ---> BoarHat@52f3e7e8
Beneficis = 121703.7000000003Movimiento 12 898 Coste(-462.24699999999996) ---> BoarHat@41835f42
Beneficis = 121703.7000000003Movimiento 113 956 Coste(-464.029) ---> BoarHat@78981e50
Beneficis = 121703.7000000003Movimiento 335 954 Coste(-465.8090000000001) ---> BoarHat@5d3d70b2
Beneficis = 121703.7000000003Movimiento 506 515 Coste(-467.578) ---> BoarHat@5eb0adbf
Beneficis = 121703.7000000003Movimiento 321 732 Coste(-470.09900000000005) ---> BoarHat@45a50b7e
Beneficis = 121703.7000000003Movimiento 308 327 Coste(-471.8620000000001) ---> BoarHat@2eaf7f1c
Beneficis = 121703.7000000003Movimiento 190 358 Coste(-473.61400000000003) ---> BoarHat@255af7a2
Beneficis = 121703.7000000003Movimiento 525 729 Coste(-475.35800000000006) ---> BoarHat@5e6ca2ad
Beneficis = 121703.7000000003Movimiento 50 512 Coste(-477.0860000000001) ---> BoarHat@7218c36b
Beneficis = 121703.7000000003Movimiento 491 524 Coste(-478.8140000000002) ---> BoarHat@647aa7fb
Beneficis = 121703.7000000003Movimiento 46 533 Coste(-480.53300000000013) ---> BoarHat@2c57084c
Beneficis = 121703.7000000003Movimiento 562 838 Coste(-482.2420000000001) ---> BoarHat@167f962e
Beneficis = 121703.7000000003Movimiento 742 819 Coste(-483.9450000000001) ---> BoarHat@1e249492
Beneficis = 121703.7000000003Movimiento 228 472 Coste(-485.6480000000001) ---> BoarHat@2729e50e
Beneficis = 121703.7000000003Movimiento 221 577 Coste(-487.33800000000014) ---> BoarHat@7dde5c06
Beneficis = 121703.7000000003Movimiento 206 394 Coste(-489.02200000000016) ---> BoarHat@396233d1
Beneficis = 121703.7000000003Movimiento 770 877 Coste(-490.70600000000013) ---> BoarHat@2c95cacc
Beneficis = 121703.7000000003Movimiento 318 400 Coste(-492.3810000000001) ---> BoarHat@1331af8d
Beneficis = 121703.7000000003Movimiento 464 901 Coste(-494.05100000000004) ---> BoarHat@286a5563
Beneficis = 121703.7000000003Movimiento 405 731 Coste(-495.71500000000015) ---> BoarHat@67186298
Beneficis = 121703.7000000003Movimiento 354 741 Coste(-497.379) ---> BoarHat@4503394b
Beneficis = 121703.7000000003Movimiento 626 661 Coste(-499.04100000000005) ---> BoarHat@7e38d4c6
Beneficis = 121703.7000000003Movimiento 53 37 Coste(-500.6980000000001) ---> BoarHat@62b6c692
Beneficis = 121703.7000000003Movimiento 212 377 Coste(-502.33300000000014) ---> BoarHat@5ef5b43
Beneficis = 121703.7000000003Movimiento 535 579 Coste(-503.9490000000001) ---> BoarHat@496eeb14
Beneficis = 121703.7000000003Movimiento 85 163 Coste(-505.83600000000007) ---> BoarHat@44dcec2f
Beneficis = 121703.7000000003Movimiento 502 801 Coste(-507.4400000000001) ---> BoarHat@65ef750e
Beneficis = 121703.7000000003Movimiento 786 887 Coste(-509.0270000000001) ---> BoarHat@2c2d029f
Beneficis = 121703.7000000003Movimiento 156 643 Coste(-510.60200000000015) ---> BoarHat@39d799db
Beneficis = 121703.7000000003Movimiento 210 823 Coste(-512.1519999999999) ---> BoarHat@17e3b0fe
Beneficis = 121703.7000000003Movimiento 199 708 Coste(-513.694) ---> BoarHat@28da3b82
Beneficis = 121703.7000000003Movimiento 103 812 Coste(-515.234) ---> BoarHat@4ed42f17
Beneficis = 121703.7000000003Movimiento 6 748 Coste(-516.773) ---> BoarHat@28e6e56a
Beneficis = 121703.7000000003Movimiento 3 857 Coste(-518.306) ---> BoarHat@9a45bcd
Beneficis = 121703.7000000003Movimiento 635 696 Coste(-519.8269999999999) ---> BoarHat@7d8854eb
Beneficis = 121703.7000000003Movimiento 160 610 Coste(-521.3419999999999) ---> BoarHat@2aa9c353
Beneficis = 121703.7000000003Movimiento 258 971 Coste(-522.8479999999998) ---> BoarHat@7fba36fa
Beneficis = 121703.7000000003Movimiento 433 541 Coste(-524.3459999999999) ---> BoarHat@43e0969
Beneficis = 121703.7000000003Movimiento 531 767 Coste(-525.8319999999999) ---> BoarHat@1ffb41e9
Beneficis = 121703.7000000003Movimiento 575 658 Coste(-527.3169999999999) ---> BoarHat@21c009a5
Beneficis = 121703.7000000003Movimiento 424 736 Coste(-528.7989999999999) ---> BoarHat@38a6dd8b
Beneficis = 121703.7000000003Movimiento 182 270 Coste(-530.2629999999999) ---> BoarHat@1316bd63
Beneficis = 121703.7000000003Movimiento 403 737 Coste(-531.7169999999999) ---> BoarHat@2bc58d35
Beneficis = 121703.7000000003Movimiento 564 668 Coste(-533.1669999999999) ---> BoarHat@710f0900
Beneficis = 121703.7000000003Movimiento 543 705 Coste(-534.6089999999999) ---> BoarHat@5b29800a
Beneficis = 121703.7000000003Movimiento 492 572 Coste(-536.0429999999999) ---> BoarHat@d4bf5c4
Beneficis = 121703.7000000003Movimiento 338 755 Coste(-537.473) ---> BoarHat@13756bd
Beneficis = 121703.7000000003Movimiento 351 518 Coste(-538.8969999999999) ---> BoarHat@44d0fe91
Beneficis = 121703.7000000003Movimiento 238 952 Coste(-540.3129999999999) ---> BoarHat@26e4e09c
Beneficis = 121703.7000000003Movimiento 25 574 Coste(-541.717) ---> BoarHat@1bb98095
Beneficis = 121703.7000000003Movimiento 663 972 Coste(-543.111) ---> BoarHat@37708bf1
Beneficis = 121703.7000000003Movimiento 184 709 Coste(-544.492) ---> BoarHat@19b95e47
Beneficis = 121703.7000000003Movimiento 109 909 Coste(-545.8709999999999) ---> BoarHat@7580fd25
Beneficis = 121703.7000000003Movimiento 97 274 Coste(-547.247) ---> BoarHat@7d586d66
Beneficis = 121703.7000000003Movimiento 406 777 Coste(-548.619) ---> BoarHat@47aa1cd5
Beneficis = 121703.7000000003Movimiento 143 455 Coste(-549.981) ---> BoarHat@42d35ae5
Beneficis = 121703.7000000003Movimiento 115 855 Coste(-551.376) ---> BoarHat@7fad3d5a
Beneficis = 121703.7000000003Movimiento 137 370 Coste(-552.7139999999999) ---> BoarHat@206f994d
Beneficis = 121703.7000000003Movimiento 805 900 Coste(-554.044) ---> BoarHat@66577c54
Beneficis = 121703.7000000003Movimiento 608 824 Coste(-555.3679999999999) ---> BoarHat@66370803
Beneficis = 121703.7000000003Movimiento 177 193 Coste(-556.678) ---> BoarHat@2e2be472
Beneficis = 121703.7000000003Movimiento 76 612 Coste(-557.979) ---> BoarHat@1de984ff
Beneficis = 121703.7000000003Movimiento 379 654 Coste(-559.254) ---> BoarHat@4bd317b5
Beneficis = 121703.7000000003Movimiento 701 940 Coste(-560.529) ---> BoarHat@4768c2c3
Beneficis = 121703.7000000003Movimiento 64 246 Coste(-561.801) ---> BoarHat@6ac65357
Beneficis = 121703.7000000003Movimiento 29 578 Coste(-563.072) ---> BoarHat@537a93b6
Beneficis = 121703.7000000003Movimiento 599 931 Coste(-564.341) ---> BoarHat@6291208b
Beneficis = 121703.7000000003Movimiento 657 690 Coste(-565.608) ---> BoarHat@25df9840
Beneficis = 121703.7000000003Movimiento 299 967 Coste(-566.8679999999999) ---> BoarHat@46ef1e1f
Beneficis = 121703.7000000003Movimiento 468 620 Coste(-568.122) ---> BoarHat@58abe0d5
Beneficis = 121703.7000000003Movimiento 779 803 Coste(-569.374) ---> BoarHat@82cf63f
Beneficis = 121703.7000000003Movimiento 330 980 Coste(-570.624) ---> BoarHat@417cebaf
Beneficis = 121703.7000000003Movimiento 546 596 Coste(-571.87) ---> BoarHat@3a9e6395
Beneficis = 121703.7000000003Movimiento 295 545 Coste(-573.114) ---> BoarHat@44b6beb
Beneficis = 121703.7000000003Movimiento 148 973 Coste(-574.3410000000001) ---> BoarHat@15289df4
Beneficis = 121703.7000000003Movimiento 211 250 Coste(-575.5570000000001) ---> BoarHat@6f5b18c6
Beneficis = 121703.7000000003Movimiento 392 500 Coste(-576.7650000000001) ---> BoarHat@44a0eb42
Beneficis = 121703.7000000003Movimiento 23 407 Coste(-577.969) ---> BoarHat@76bf261a
Beneficis = 121703.7000000003Movimiento 143 223 Coste(-579.171) ---> BoarHat@4218028f
Beneficis = 121703.7000000003Movimiento 71 421 Coste(-580.365) ---> BoarHat@7a727933
Beneficis = 121703.7000000003Movimiento 36 298 Coste(-581.5450000000001) ---> BoarHat@55c412c8
Beneficis = 121703.7000000003Movimiento 13 171 Coste(-582.7110000000001) ---> BoarHat@26701413
Beneficis = 121703.7000000003Movimiento 704 738 Coste(-583.872) ---> BoarHat@18c7400c
Beneficis = 121703.7000000003Movimiento 92 516 Coste(-585.026) ---> BoarHat@20dfb00b
Beneficis = 121703.7000000003Movimiento 607 907 Coste(-586.179) ---> BoarHat@38f66a3e
Beneficis = 121703.7000000003Movimiento 122 417 Coste(-587.3280000000001) ---> BoarHat@136e8107
Beneficis = 121703.7000000003Movimiento 359 926 Coste(-588.4760000000001) ---> BoarHat@52acdf8d
Beneficis = 121703.7000000003Movimiento 474 992 Coste(-589.624) ---> BoarHat@439f8a4f
Beneficis = 121703.7000000003Movimiento 552 628 Coste(-590.772) ---> BoarHat@65f59cbf
Beneficis = 121703.7000000003Movimiento 360 582 Coste(-591.916) ---> BoarHat@48316416
Beneficis = 121703.7000000003Movimiento 470 528 Coste(-593.023) ---> BoarHat@75ef2bca
Beneficis = 121703.7000000003Movimiento 660 774 Coste(-594.13) ---> BoarHat@7a026a5e
Beneficis = 121703.7000000003Movimiento 371 682 Coste(-595.236) ---> BoarHat@78bf629b
Beneficis = 121703.7000000003Movimiento 5 985 Coste(-596.34) ---> BoarHat@b23892d
Beneficis = 121703.7000000003Movimiento 415 560 Coste(-597.442) ---> BoarHat@73e01106
Beneficis = 121703.7000000003Movimiento 266 332 Coste(-598.538) ---> BoarHat@44916bd5
Beneficis = 121703.7000000003Movimiento 613 948 Coste(-599.63) ---> BoarHat@4fc13ba
Beneficis = 121703.7000000003Movimiento 699 998 Coste(-600.708) ---> BoarHat@3f71020d
Beneficis = 121703.7000000003Movimiento 349 932 Coste(-601.785) ---> BoarHat@172159a
Beneficis = 121703.7000000003Movimiento 813 826 Coste(-602.857) ---> BoarHat@2b135d87
Beneficis = 121703.7000000003Movimiento 22 57 Coste(-603.914) ---> BoarHat@7d5c3a53
Beneficis = 121703.7000000003Movimiento 356 672 Coste(-604.9699999999999) ---> BoarHat@7dcec7a3
Beneficis = 121703.7000000003Movimiento 26 217 Coste(-606.0229999999999) ---> BoarHat@6e7335e8
Beneficis = 121703.7000000003Movimiento 688 724 Coste(-607.073) ---> BoarHat@a2ae2d3
Beneficis = 121703.7000000003Movimiento 393 957 Coste(-608.122) ---> BoarHat@7b40a9ab
Beneficis = 121703.7000000003Movimiento 153 692 Coste(-609.17) ---> BoarHat@f8ade64
Beneficis = 121703.7000000003Movimiento 742 991 Coste(-610.207) ---> BoarHat@547a0e4
Beneficis = 121703.7000000003Movimiento 489 816 Coste(-611.23) ---> BoarHat@7025e55f
Beneficis = 121703.7000000003Movimiento 214 560 Coste(-612.2520000000001) ---> BoarHat@43b8e1ec
Beneficis = 121703.7000000003Movimiento 15 79 Coste(-613.2640000000001) ---> BoarHat@1b586a9d
Beneficis = 121703.7000000003Movimiento 243 554 Coste(-614.2760000000002) ---> BoarHat@38f04a6b
Beneficis = 121703.7000000003Movimiento 549 884 Coste(-615.2820000000002) ---> BoarHat@4aed1edd
Beneficis = 121703.7000000003Movimiento 65 538 Coste(-616.288) ---> BoarHat@465d7fa0
Beneficis = 121703.7000000003Movimiento 436 497 Coste(-617.293) ---> BoarHat@47389ab2
Beneficis = 121703.7000000003Movimiento 315 724 Coste(-618.296) ---> BoarHat@23385634
Beneficis = 121703.7000000003Movimiento 95 859 Coste(-619.297) ---> BoarHat@4924b518
Beneficis = 121703.7000000003Movimiento 91 292 Coste(-620.291) ---> BoarHat@6db1bead
Beneficis = 121703.7000000003Movimiento 179 333 Coste(-621.278) ---> BoarHat@3ec300b6
Beneficis = 121703.7000000003Movimiento 508 891 Coste(-622.254) ---> BoarHat@527fac28
Beneficis = 121703.7000000003Movimiento 46 226 Coste(-623.224) ---> BoarHat@5bc30c13
Beneficis = 121703.7000000003Movimiento 304 662 Coste(-624.19) ---> BoarHat@521c2a57
Beneficis = 121703.7000000003Movimiento 138 746 Coste(-625.153) ---> BoarHat@43689ed1
Beneficis = 121703.7000000003Movimiento 204 597 Coste(-626.088) ---> BoarHat@7a5a79bb
Beneficis = 121703.7000000003Movimiento 849 997 Coste(-627.015) ---> BoarHat@51ee0bd2
Beneficis = 121703.7000000003Movimiento 44 38 Coste(-627.939) ---> BoarHat@51a61094
Beneficis = 121703.7000000003Movimiento 202 640 Coste(-628.8629999999999) ---> BoarHat@7c3a099
Beneficis = 121703.7000000003Movimiento 428 775 Coste(-629.785) ---> BoarHat@7a81fc14
Beneficis = 121703.7000000003Movimiento 369 514 Coste(-630.6809999999999) ---> BoarHat@6adba22
Beneficis = 121703.7000000003Movimiento 487 911 Coste(-631.573) ---> BoarHat@13395100
Beneficis = 121703.7000000003Movimiento 220 677 Coste(-632.4549999999999) ---> BoarHat@72a30bce
Beneficis = 121703.7000000003Movimiento 395 558 Coste(-633.3299999999999) ---> BoarHat@bc993e6
Beneficis = 121703.7000000003Movimiento 242 944 Coste(-634.1999999999999) ---> BoarHat@312422f3
Beneficis = 121703.7000000003Movimiento 126 167 Coste(-635.061) ---> BoarHat@3d9b26b0
Beneficis = 121703.7000000003Movimiento 722 988 Coste(-635.917) ---> BoarHat@1a5e44ac
Beneficis = 121703.7000000003Movimiento 27 151 Coste(-636.771) ---> BoarHat@30e9b814
Beneficis = 121703.7000000003Movimiento 75 122 Coste(-637.649) ---> BoarHat@1ceeb6ec
Beneficis = 121703.7000000003Movimiento 923 949 Coste(-638.4949999999999) ---> BoarHat@3714e008
Beneficis = 121703.7000000003Movimiento 526 656 Coste(-639.3309999999998) ---> BoarHat@6b0ca189
Beneficis = 121703.7000000003Movimiento 219 279 Coste(-640.1639999999999) ---> BoarHat@b03ce3a
Beneficis = 121703.7000000003Movimiento 300 745 Coste(-640.9949999999999) ---> BoarHat@3a21761b
Beneficis = 121703.7000000003Movimiento 249 427 Coste(-641.822) ---> BoarHat@4539536c
Beneficis = 121703.7000000003Movimiento 368 409 Coste(-642.646) ---> BoarHat@6e7f2860
Beneficis = 121703.7000000003Movimiento 164 513 Coste(-643.4619999999999) ---> BoarHat@16e14dea
Beneficis = 121703.7000000003Movimiento 218 384 Coste(-644.2759999999998) ---> BoarHat@5e8bd7fd
Beneficis = 121703.7000000003Movimiento 24 600 Coste(-645.0839999999998) ---> BoarHat@a0f46e8
Beneficis = 121703.7000000003Movimiento 811 917 Coste(-645.8919999999998) ---> BoarHat@4a22a9e5
Beneficis = 121703.7000000003Movimiento 9 638 Coste(-646.684) ---> BoarHat@379913de
Beneficis = 121703.7000000003Movimiento 228 769 Coste(-647.474) ---> BoarHat@28aae818
Beneficis = 121703.7000000003Movimiento 262 329 Coste(-648.259) ---> BoarHat@55432198
Beneficis = 121703.7000000003Movimiento 530 605 Coste(-649.0380000000001) ---> BoarHat@762fc0c6
Beneficis = 121703.7000000003Movimiento 451 757 Coste(-649.816) ---> BoarHat@cad6de
Beneficis = 121703.7000000003Movimiento 405 537 Coste(-650.592) ---> BoarHat@34f466ea
Beneficis = 121703.7000000003Movimiento 367 905 Coste(-651.3610000000001) ---> BoarHat@2eed271b
Beneficis = 121703.7000000003Movimiento 268 23 Coste(-652.1290000000001) ---> BoarHat@70eb84ef
Beneficis = 121703.7000000003Movimiento 70 316 Coste(-652.8930000000001) ---> BoarHat@36393018
Beneficis = 121703.7000000003Movimiento 73 616 Coste(-653.6550000000001) ---> BoarHat@5e0bc2ff
Beneficis = 121703.7000000003Movimiento 440 919 Coste(-654.4150000000001) ---> BoarHat@6a79854b
Beneficis = 121703.7000000003Movimiento 522 523 Coste(-655.165) ---> BoarHat@443798db
Beneficis = 121703.7000000003Movimiento 223 352 Coste(-655.913) ---> BoarHat@112eef31
Beneficis = 121703.7000000003Movimiento 630 943 Coste(-656.656) ---> BoarHat@6fdf0f99
Beneficis = 121703.7000000003Movimiento 309 337 Coste(-657.3939999999999) ---> BoarHat@e1840fd
Beneficis = 121703.7000000003Movimiento 105 430 Coste(-658.1199999999999) ---> BoarHat@51d527c0
Beneficis = 121703.7000000003Movimiento 342 756 Coste(-658.842) ---> BoarHat@5ce4afa9
Beneficis = 121703.7000000003Movimiento 501 718 Coste(-659.56) ---> BoarHat@64f8a417
Beneficis = 121703.7000000003Movimiento 272 374 Coste(-660.276) ---> BoarHat@22dbdd1c
Beneficis = 121703.7000000003Movimiento 673 921 Coste(-660.991) ---> BoarHat@61b453d5
Beneficis = 121703.7000000003Movimiento 216 458 Coste(-661.7049999999999) ---> BoarHat@5a7cf315
Beneficis = 121703.7000000003Movimiento 851 882 Coste(-662.3879999999999) ---> BoarHat@783ca4c0
Beneficis = 121703.7000000003Movimiento 232 623 Coste(-663.0679999999999) ---> BoarHat@2e938cb9
Beneficis = 121703.7000000003Movimiento 625 907 Coste(-663.7369999999999) ---> BoarHat@49621feb
Beneficis = 121703.7000000003Movimiento 396 827 Coste(-664.4049999999997) ---> BoarHat@7f4ba123
Beneficis = 121703.7000000003Movimiento 142 942 Coste(-665.0709999999997) ---> BoarHat@4f7c9e82
Beneficis = 121703.7000000003Movimiento 147 866 Coste(-665.7299999999997) ---> BoarHat@6e958b5f
Beneficis = 121703.7000000003Movimiento 454 791 Coste(-666.3739999999997) ---> BoarHat@60230dbe
Beneficis = 121703.7000000003Movimiento 201 482 Coste(-667.0119999999996) ---> BoarHat@2eea15c0
Beneficis = 121703.7000000003Movimiento 336 825 Coste(-667.6489999999997) ---> BoarHat@65b2abe6
Beneficis = 121703.7000000003Movimiento 481 483 Coste(-668.4279999999997) ---> BoarHat@768500d6
Beneficis = 121703.7000000003Movimiento 785 982 Coste(-669.1609999999997) ---> BoarHat@292c27d4
Beneficis = 121703.7000000003Movimiento 108 960 Coste(-669.7969999999998) ---> BoarHat@325993f3
Beneficis = 121703.7000000003Movimiento 66 939 Coste(-670.4329999999998) ---> BoarHat@3e9a68f8
Beneficis = 121703.7000000003Movimiento 194 325 Coste(-671.0609999999998) ---> BoarHat@13b3dd62
Beneficis = 121703.7000000003Movimiento 28 325 Coste(-671.7489999999998) ---> BoarHat@4e4a84d
Beneficis = 121703.7000000003Movimiento 7 686 Coste(-672.3689999999998) ---> BoarHat@8997802
Beneficis = 121703.7000000003Movimiento 236 441 Coste(-672.9829999999997) ---> BoarHat@7c128e3
Beneficis = 121703.7000000003Movimiento 63 303 Coste(-673.5949999999998) ---> BoarHat@d074ba3
Beneficis = 121703.7000000003Movimiento 946 23 Coste(-674.2069999999999) ---> BoarHat@10ea817f
Beneficis = 121703.7000000003Movimiento 7 466 Coste(-674.8179999999999) ---> BoarHat@2470e6c0
Beneficis = 121703.7000000003Movimiento 806 860 Coste(-675.4279999999999) ---> BoarHat@26125cbc
Beneficis = 121703.7000000003Movimiento 520 4 Coste(-676.0339999999999) ---> BoarHat@3b6cd91c
Beneficis = 121703.7000000003Movimiento 520 591 Coste(-676.6399999999998) ---> BoarHat@3038b67
Beneficis = 121703.7000000003Movimiento 110 29 Coste(-677.2439999999998) ---> BoarHat@785e2328
Beneficis = 121703.7000000003Movimiento 259 734 Coste(-677.8479999999997) ---> BoarHat@69e51b5
Beneficis = 121703.7000000003Movimiento 289 387 Coste(-678.4479999999998) ---> BoarHat@48cb09c5
Beneficis = 121703.7000000003Movimiento 475 503 Coste(-679.0429999999998) ---> BoarHat@4aef322d
Beneficis = 121703.7000000003Movimiento 2 542 Coste(-679.6299999999999) ---> BoarHat@1b0d7ee5
Beneficis = 121703.7000000003Movimiento 420 752 Coste(-680.2099999999999) ---> BoarHat@1e8ad413
Beneficis = 121703.7000000003Movimiento 633 900 Coste(-680.783) ---> BoarHat@20eee97d
Beneficis = 121703.7000000003Movimiento 41 565 Coste(-681.345) ---> BoarHat@3ad8ef36
Beneficis = 121703.7000000003Movimiento 465 685 Coste(-681.902) ---> BoarHat@14635a6d
Beneficis = 121703.7000000003Movimiento 401 862 Coste(-682.4420000000001) ---> BoarHat@457d5949
Beneficis = 121703.7000000003Movimiento 114 388 Coste(-682.979) ---> BoarHat@7db2fd40
Beneficis = 121703.7000000003Movimiento 155 843 Coste(-683.513) ---> BoarHat@6202b371
Beneficis = 121703.7000000003Movimiento 21 447 Coste(-684.046) ---> BoarHat@2c840e51
Beneficis = 121703.7000000003Movimiento 256 285 Coste(-684.5760000000001) ---> BoarHat@57957984
Beneficis = 121703.7000000003Movimiento 55 256 Coste(-685.1270000000001) ---> BoarHat@174e00a9
Beneficis = 121703.7000000003Movimiento 1 34 Coste(-685.655) ---> BoarHat@eb7f5c0
Beneficis = 121703.7000000003Movimiento 767 842 Coste(-686.178) ---> BoarHat@1e558841
Beneficis = 121703.7000000003Movimiento 743 781 Coste(-686.6970000000001) ---> BoarHat@6c90f02d
Beneficis = 121703.7000000003Movimiento 241 246 Coste(-687.2150000000001) ---> BoarHat@168fa644
Beneficis = 121703.7000000003Movimiento 92 445 Coste(-687.7310000000001) ---> BoarHat@43263f9
Beneficis = 121703.7000000003Movimiento 280 918 Coste(-688.244) ---> BoarHat@462ba440
Beneficis = 121703.7000000003Movimiento 636 966 Coste(-688.7560000000001) ---> BoarHat@1b6f185b
Beneficis = 121703.7000000003Movimiento 37 739 Coste(-689.267) ---> BoarHat@1868f64d
Beneficis = 121703.7000000003Movimiento 141 841 Coste(-689.777) ---> BoarHat@d27b0f2
Beneficis = 121703.7000000003Movimiento 141 170 Coste(-690.296) ---> BoarHat@16ae4c62
Beneficis = 121703.7000000003Movimiento 215 269 Coste(-690.803) ---> BoarHat@9bce7ae
Beneficis = 121703.7000000003Movimiento 191 299 Coste(-691.308) ---> BoarHat@41d31399
Beneficis = 121703.7000000003Movimiento 715 10 Coste(-691.8119999999999) ---> BoarHat@55319053
Beneficis = 121703.7000000003Movimiento 883 24 Coste(-692.314) ---> BoarHat@27ba5116
Beneficis = 121703.7000000003Movimiento 182 966 Coste(-692.811) ---> BoarHat@4eda2560
Beneficis = 121703.7000000003Movimiento 136 847 Coste(-693.3000000000001) ---> BoarHat@56cfd7a7
Beneficis = 121703.7000000003Movimiento 239 505 Coste(-693.7790000000001) ---> BoarHat@34c7c0e8
Beneficis = 121703.7000000003Movimiento 134 808 Coste(-694.2550000000001) ---> BoarHat@3c2e0091
Beneficis = 121703.7000000003Movimiento 968 10 Coste(-694.7250000000001) ---> BoarHat@674eee5b
Beneficis = 121703.7000000003Movimiento 254 341 Coste(-695.195) ---> BoarHat@258e73ef
Beneficis = 121703.7000000003Movimiento 139 959 Coste(-695.6640000000001) ---> BoarHat@56356b8
Beneficis = 121703.7000000003Movimiento 85 35 Coste(-696.1240000000001) ---> BoarHat@e46d16c
Beneficis = 121703.7000000003Movimiento 135 830 Coste(-696.5800000000002) ---> BoarHat@1c5a46e6
Beneficis = 121703.7000000003Movimiento 569 615 Coste(-697.0350000000002) ---> BoarHat@52ee6638
Beneficis = 121703.7000000003Movimiento 161 906 Coste(-697.6080000000002) ---> BoarHat@5085b2ff
Beneficis = 121703.7000000003Movimiento 63 736 Coste(-698.0610000000001) ---> BoarHat@783e3672
Beneficis = 121703.7000000003Movimiento 319 23 Coste(-698.5130000000001) ---> BoarHat@3d851027
Beneficis = 121703.7000000003Movimiento 109 869 Coste(-699.2240000000002) ---> BoarHat@33325f8e
Beneficis = 121703.7000000003Movimiento 977 15 Coste(-699.6740000000001) ---> BoarHat@735b037a
Beneficis = 121703.7000000003Movimiento 306 822 Coste(-700.1140000000001) ---> BoarHat@75cdeb69
Beneficis = 121703.7000000003Movimiento 157 389 Coste(-700.5460000000002) ---> BoarHat@33007eb
Beneficis = 121703.7000000003Movimiento 266 632 Coste(-700.9720000000001) ---> BoarHat@439ec28c
Beneficis = 121703.7000000003Movimiento 314 421 Coste(-701.397) ---> BoarHat@5549cde5
Beneficis = 121703.7000000003Movimiento 480 546 Coste(-701.8219999999999) ---> BoarHat@47527203
Beneficis = 121703.7000000003Movimiento 233 978 Coste(-702.2339999999999) ---> BoarHat@479143a7
Beneficis = 121703.7000000003Movimiento 934 30 Coste(-702.646) ---> BoarHat@3dd2b67
Beneficis = 121703.7000000003Movimiento 671 751 Coste(-703.0549999999998) ---> BoarHat@9f2606f
Beneficis = 121703.7000000003Movimiento 339 878 Coste(-703.463) ---> BoarHat@698b0f4d
Beneficis = 121703.7000000003Movimiento 529 978 Coste(-703.8699999999999) ---> BoarHat@37823b49
Beneficis = 121703.7000000003Movimiento 162 606 Coste(-704.2629999999999) ---> BoarHat@8a8e047
Beneficis = 121703.7000000003Movimiento 106 221 Coste(-704.6549999999999) ---> BoarHat@587356a5
Beneficis = 121703.7000000003Movimiento 297 471 Coste(-705.045) ---> BoarHat@52a45953
Beneficis = 121703.7000000003Movimiento 159 312 Coste(-705.4319999999999) ---> BoarHat@2992c6c6
Beneficis = 121703.7000000003Movimiento 846 17 Coste(-705.816) ---> BoarHat@14325c26
Beneficis = 121703.7000000003Movimiento 173 564 Coste(-706.19) ---> BoarHat@6c52b9bb
Beneficis = 121703.7000000003Movimiento 523 604 Coste(-706.559) ---> BoarHat@280f99d2
Beneficis = 121703.7000000003Movimiento 93 370 Coste(-706.924) ---> BoarHat@86cb60e
Beneficis = 121703.7000000003Movimiento 283 467 Coste(-707.288) ---> BoarHat@639fff47
Beneficis = 121703.7000000003Movimiento 479 836 Coste(-707.6519999999999) ---> BoarHat@51c4a4ba
Beneficis = 121703.7000000003Movimiento 640 691 Coste(-708.0129999999999) ---> BoarHat@579d6f6d
Beneficis = 121703.7000000003Movimiento 802 873 Coste(-708.3689999999999) ---> BoarHat@7e5b3c8f
Beneficis = 121703.7000000003Movimiento 106 291 Coste(-708.721) ---> BoarHat@38645fef
Beneficis = 121703.7000000003Movimiento 177 17 Coste(-709.0709999999999) ---> BoarHat@7201b393
Beneficis = 121703.7000000003Movimiento 532 716 Coste(-709.417) ---> BoarHat@7c50e7d7
Beneficis = 121703.7000000003Movimiento 489 601 Coste(-709.7620000000001) ---> BoarHat@514373c8
Beneficis = 121703.7000000003Movimiento 539 854 Coste(-710.104) ---> BoarHat@7c697754
Beneficis = 121703.7000000003Movimiento 443 772 Coste(-710.441) ---> BoarHat@1e63082b
Beneficis = 121703.7000000003Movimiento 713 1 Coste(-710.774) ---> BoarHat@23254bd4
Beneficis = 121703.7000000003Movimiento 70 804 Coste(-711.154) ---> BoarHat@35ee0053
Beneficis = 121703.7000000003Movimiento 60 219 Coste(-711.4859999999999) ---> BoarHat@1202a511
Beneficis = 121703.7000000003Movimiento 418 937 Coste(-711.8169999999999) ---> BoarHat@24102e69
Beneficis = 121703.7000000003Movimiento 402 37 Coste(-712.145) ---> BoarHat@255f871b
Beneficis = 121703.7000000003Movimiento 238 10 Coste(-712.473) ---> BoarHat@2398838d
Beneficis = 121703.7000000003Movimiento 678 16 Coste(-712.8000000000001) ---> BoarHat@6c75ddef
Beneficis = 121703.7000000003Movimiento 383 499 Coste(-713.1260000000001) ---> BoarHat@74a28457
Beneficis = 121703.7000000003Movimiento 571 4 Coste(-713.4510000000001) ---> BoarHat@57482b71
Beneficis = 121703.7000000003Movimiento 27 580 Coste(-713.7720000000002) ---> BoarHat@17f8b775
Beneficis = 121703.7000000003Movimiento 363 13 Coste(-714.0760000000001) ---> BoarHat@540ce19e
Beneficis = 121703.7000000003Movimiento 444 498 Coste(-714.38) ---> BoarHat@b4d7974
Beneficis = 121703.7000000003Movimiento 774 10 Coste(-714.6840000000001) ---> BoarHat@1cc1b093
Beneficis = 121703.7000000003Movimiento 181 30 Coste(-714.9860000000001) ---> BoarHat@3139f06e
Beneficis = 121703.7000000003Movimiento 88 168 Coste(-715.2850000000001) ---> BoarHat@215ca9dc
Beneficis = 121703.7000000003Movimiento 322 837 Coste(-715.5810000000001) ---> BoarHat@2024839b
Beneficis = 121703.7000000003Movimiento 989 11 Coste(-715.943) ---> BoarHat@5c305fef
Beneficis = 121703.7000000003Movimiento 114 828 Coste(-716.2360000000001) ---> BoarHat@24c3b538
Beneficis = 121703.7000000003Movimiento 51 20 Coste(-716.5260000000001) ---> BoarHat@290d6de6
Beneficis = 121703.7000000003Movimiento 47 123 Coste(-716.8120000000001) ---> BoarHat@355b9b95
Beneficis = 121703.7000000003Movimiento 175 885 Coste(-717.0970000000002) ---> BoarHat@884b361
Beneficis = 121703.7000000003Movimiento 103 344 Coste(-717.3810000000001) ---> BoarHat@5ddb41a9
Beneficis = 121703.7000000003Movimiento 168 703 Coste(-717.7840000000001) ---> BoarHat@1a0e455f
Beneficis = 121703.7000000003Movimiento 229 14 Coste(-718.1580000000001) ---> BoarHat@2832db2c
Beneficis = 121703.7000000003Movimiento 150 1 Coste(-718.4400000000003) ---> BoarHat@53065441
Beneficis = 121703.7000000003Movimiento 65 430 Coste(-718.7200000000003) ---> BoarHat@342610d1
Beneficis = 121703.7000000003Movimiento 583 874 Coste(-719.0000000000002) ---> BoarHat@3de372a0
Beneficis = 121703.7000000003Movimiento 17 39 Coste(-719.2780000000002) ---> BoarHat@103e3705
Beneficis = 121703.7000000003Movimiento 566 11 Coste(-719.7820000000002) ---> BoarHat@69f2e39f
Beneficis = 121703.7000000003Movimiento 652 11 Coste(-720.1040000000003) ---> BoarHat@4d218c0a
Beneficis = 121703.7000000003Movimiento 61 11 Coste(-720.3820000000003) ---> BoarHat@35319bd4
Beneficis = 121703.7000000003Movimiento 710 9 Coste(-720.6600000000001) ---> BoarHat@3744f48a
Beneficis = 121703.7000000003Movimiento 826 3 Coste(-720.9360000000001) ---> BoarHat@7f81b289
Beneficis = 121703.7000000003Movimiento 458 35 Coste(-721.2120000000001) ---> BoarHat@63fa7bb3
Beneficis = 121703.7000000003Movimiento 352 30 Coste(-721.533) ---> BoarHat@1bab90a8
Beneficis = 121703.7000000003Movimiento 725 18 Coste(-721.807) ---> BoarHat@29c7691
Beneficis = 121703.7000000003Movimiento 247 434 Coste(-722.0800000000002) ---> BoarHat@71e8846c
Beneficis = 121703.7000000003Movimiento 353 931 Coste(-722.3530000000003) ---> BoarHat@313bce2f
Beneficis = 121703.7000000003Movimiento 653 36 Coste(-722.6260000000002) ---> BoarHat@5989a712
Beneficis = 121703.7000000003Movimiento 499 925 Coste(-722.8940000000002) ---> BoarHat@4929c88a
Beneficis = 121703.7000000003Movimiento 225 9 Coste(-723.1620000000001) ---> BoarHat@37c0e1ac
Beneficis = 121703.7000000003Movimiento 700 910 Coste(-723.4290000000002) ---> BoarHat@636e6ac4
Beneficis = 121703.7000000003Movimiento 224 36 Coste(-723.695) ---> BoarHat@784b209c
Beneficis = 121703.7000000003Movimiento 346 11 Coste(-723.961) ---> BoarHat@32cd495c
Beneficis = 121703.7000000003Movimiento 165 357 Coste(-724.2259999999999) ---> BoarHat@374ef97
Beneficis = 121703.7000000003Movimiento 25 347 Coste(-724.4899999999999) ---> BoarHat@51511a60
Beneficis = 121703.7000000003Movimiento 460 36 Coste(-724.749) ---> BoarHat@18114d9f
Beneficis = 121703.7000000003Movimiento 240 35 Coste(-725.008) ---> BoarHat@29c8ecab
Beneficis = 121703.7000000003Movimiento 143 741 Coste(-725.2660000000001) ---> BoarHat@696779f3
Beneficis = 121703.7000000003Movimiento 476 750 Coste(-725.5240000000001) ---> BoarHat@1f19ae37
Beneficis = 121703.7000000003Movimiento 153 21 Coste(-725.78) ---> BoarHat@351aea3f
Beneficis = 121703.7000000003Movimiento 747 30 Coste(-726.0350000000001) ---> BoarHat@60ab57e1
Beneficis = 121703.7000000003Movimiento 799 8 Coste(-726.2900000000001) ---> BoarHat@197eaa5e
Beneficis = 121703.7000000003Movimiento 123 918 Coste(-726.5390000000001) ---> BoarHat@48e0145d
Beneficis = 121703.7000000003Movimiento 394 854 Coste(-726.7870000000001) ---> BoarHat@6c1f9543
Beneficis = 121703.7000000003Movimiento 817 1 Coste(-727.0310000000002) ---> BoarHat@111b71e0
Beneficis = 121703.7000000003Movimiento 427 35 Coste(-727.2730000000001) ---> BoarHat@50984a5e
Beneficis = 121703.7000000003Movimiento 68 979 Coste(-727.5130000000001) ---> BoarHat@537afe66
Beneficis = 121703.7000000003Movimiento 71 400 Coste(-727.7430000000002) ---> BoarHat@6a3cc538
Beneficis = 121703.7000000003Movimiento 730 15 Coste(-727.9700000000001) ---> BoarHat@78c1f1b1
Beneficis = 121703.7000000003Movimiento 133 1 Coste(-728.1950000000002) ---> BoarHat@688f2422
Beneficis = 121703.7000000003Movimiento 382 676 Coste(-728.4190000000002) ---> BoarHat@89d44c8
Beneficis = 121703.7000000003Movimiento 41 149 Coste(-728.6420000000003) ---> BoarHat@46cfa759
Beneficis = 121703.7000000003Movimiento 465 14 Coste(-728.9090000000002) ---> BoarHat@3290d8a
Beneficis = 121703.7000000003Movimiento 638 680 Coste(-729.1310000000002) ---> BoarHat@68222905
Beneficis = 121703.7000000003Movimiento 432 631 Coste(-729.3510000000003) ---> BoarHat@752c702c
Beneficis = 121703.7000000003Movimiento 864 874 Coste(-729.7610000000003) ---> BoarHat@361ef17d
Beneficis = 121703.7000000003Movimiento 426 38 Coste(-730.0970000000002) ---> BoarHat@db5df3a
Beneficis = 121703.7000000003Movimiento 485 1 Coste(-730.3150000000002) ---> BoarHat@2de6dec
Beneficis = 121703.7000000003Movimiento 317 31 Coste(-730.5270000000002) ---> BoarHat@9923474
Beneficis = 121703.7000000003Movimiento 357 13 Coste(-730.7380000000002) ---> BoarHat@4b38eb7b
Beneficis = 121703.7000000003Movimiento 567 961 Coste(-730.9430000000002) ---> BoarHat@38783966
Beneficis = 121703.7000000003Movimiento 103 669 Coste(-731.1450000000002) ---> BoarHat@69f0da7
Beneficis = 121703.7000000003Movimiento 318 9 Coste(-731.3420000000003) ---> BoarHat@3a071320
Beneficis = 121703.7000000003Movimiento 489 654 Coste(-731.5350000000004) ---> BoarHat@5367bb58
Beneficis = 121703.7000000003Movimiento 474 11 Coste(-731.7990000000003) ---> BoarHat@43521b8a
Beneficis = 121703.7000000003Movimiento 428 533 Coste(-732.0310000000003) ---> BoarHat@6cf3b970
Beneficis = 121703.7000000003Movimiento 581 35 Coste(-732.2240000000004) ---> BoarHat@78f344c9
Beneficis = 121703.7000000003Movimiento 345 563 Coste(-732.4170000000004) ---> BoarHat@5bf1c857
Beneficis = 121703.7000000003Movimiento 920 927 Coste(-732.6100000000002) ---> BoarHat@523fa7b2
Beneficis = 121703.7000000003Movimiento 80 10 Coste(-732.8000000000003) ---> BoarHat@6d0257dd
Beneficis = 121703.7000000003Movimiento 273 381 Coste(-732.9810000000003) ---> BoarHat@5f4473fd
Beneficis = 121703.7000000003Movimiento 145 245 Coste(-733.1620000000003) ---> BoarHat@550ee9ce
Beneficis = 121703.7000000003Movimiento 890 14 Coste(-733.3840000000004) ---> BoarHat@26f25211
Beneficis = 121703.7000000003Movimiento 82 3 Coste(-733.5640000000003) ---> BoarHat@709e0530
Beneficis = 121703.7000000003Movimiento 838 19 Coste(-733.7440000000003) ---> BoarHat@6c120791
Beneficis = 121703.7000000003Movimiento 887 12 Coste(-733.9170000000004) ---> BoarHat@1e824bbd
Beneficis = 121703.7000000003Movimiento 314 26 Coste(-734.0900000000003) ---> BoarHat@1796426f
Beneficis = 121703.7000000003Movimiento 255 704 Coste(-734.2620000000003) ---> BoarHat@cf5678f
Beneficis = 121703.7000000003Movimiento 229 38 Coste(-734.6360000000002) ---> BoarHat@58a426c
Beneficis = 121703.7000000003Movimiento 344 38 Coste(-734.9200000000002) ---> BoarHat@27ad33a4
Beneficis = 121703.7000000003Movimiento 353 38 Coste(-735.2000000000003) ---> BoarHat@1e69d441
Beneficis = 121703.7000000003Movimiento 610 14 Coste(-735.4520000000003) ---> BoarHat@6d1af3f5
Beneficis = 121703.7000000003Movimiento 605 38 Coste(-735.7030000000003) ---> BoarHat@4ae33726
Beneficis = 121703.7000000003Movimiento 283 38 Coste(-735.9480000000004) ---> BoarHat@643a3d96
Beneficis = 121703.7000000003Movimiento 256 38 Coste(-736.1930000000003) ---> BoarHat@729f7046
Beneficis = 121703.7000000003Movimiento 41 38 Coste(-736.4160000000003) ---> BoarHat@756eb7a2
Beneficis = 121703.7000000003Movimiento 139 14 Coste(-736.6340000000004) ---> BoarHat@d1adf84
Beneficis = 121703.7000000003Movimiento 930 14 Coste(-736.8460000000003) ---> BoarHat@6c28ab7
Beneficis = 121703.7000000003Movimiento 635 14 Coste(-737.0410000000003) ---> BoarHat@cb2cfd4
Beneficis = 121703.7000000003Movimiento 676 36 Coste(-737.2130000000003) ---> BoarHat@377f3148
Beneficis = 121703.7000000003Movimiento 159 14 Coste(-737.3800000000003) ---> BoarHat@6f41cd44
Beneficis = 121703.7000000003Movimiento 559 793 Coste(-737.5430000000003) ---> BoarHat@1f009557
Beneficis = 121703.7000000003Movimiento 391 1 Coste(-737.7040000000003) ---> BoarHat@48a0c5bf
Beneficis = 121703.7000000003Movimiento 762 36 Coste(-737.8640000000003) ---> BoarHat@21844387
Beneficis = 121703.7000000003Movimiento 746 3 Coste(-738.0200000000003) ---> BoarHat@65f784b
Beneficis = 121703.7000000003Movimiento 0 2 Coste(-738.1670000000004) ---> BoarHat@4838afd0
Beneficis = 121703.7000000003Movimiento 31 3 Coste(-738.3040000000004) ---> BoarHat@7dd377e4
Beneficis = 121703.7000000003Movimiento 444 32 Coste(-738.4370000000004) ---> BoarHat@7ec05c3d
Beneficis = 121703.7000000003Movimiento 161 35 Coste(-738.5680000000004) ---> BoarHat@26433d45
Beneficis = 121703.7000000003Movimiento 761 36 Coste(-738.6990000000004) ---> BoarHat@d91246a
Beneficis = 121703.7000000003Movimiento 236 1 Coste(-738.8280000000004) ---> BoarHat@a775aa
Beneficis = 121703.7000000003Movimiento 507 1 Coste(-738.9560000000004) ---> BoarHat@1708c9db
Beneficis = 121703.7000000003Movimiento 507 596 Coste(-739.0840000000004) ---> BoarHat@14f4866a
Beneficis = 121703.7000000003Movimiento 422 11 Coste(-739.3400000000004) ---> BoarHat@1ddbeb36
Beneficis = 121703.7000000003Movimiento 135 11 Coste(-739.5880000000004) ---> BoarHat@767cf0f4
Beneficis = 121703.7000000003Movimiento 672 11 Coste(-739.8230000000004) ---> BoarHat@3498b5b7
Beneficis = 121703.7000000003Movimiento 341 11 Coste(-740.0390000000003) ---> BoarHat@565bf90c
Beneficis = 121703.7000000003Movimiento 62 3 Coste(-740.1660000000004) ---> BoarHat@43fad81d
Beneficis = 121703.7000000003Movimiento 57 38 Coste(-740.2910000000004) ---> BoarHat@612f3a0
Beneficis = 121703.7000000003Movimiento 193 39 Coste(-740.4130000000004) ---> BoarHat@226df3e0
Beneficis = 121703.7000000003Movimiento 134 6 Coste(-740.5280000000004) ---> BoarHat@282f0964
Beneficis = 121703.7000000003Movimiento 155 33 Coste(-740.6380000000005) ---> BoarHat@47b68530
Beneficis = 121703.7000000003Movimiento 383 10 Coste(-740.7480000000005) ---> BoarHat@3fe1aac0
Beneficis = 121703.7000000003Movimiento 155 896 Coste(-740.8580000000004) ---> BoarHat@5559f986
Beneficis = 121703.7000000003Movimiento 990 20 Coste(-741.0990000000004) ---> BoarHat@41d27ece
Beneficis = 121703.7000000003Movimiento 600 3 Coste(-741.2070000000004) ---> BoarHat@33719b56
Beneficis = 121703.7000000003Movimiento 22 4 Coste(-741.3150000000004) ---> BoarHat@5c912034
Beneficis = 121703.7000000003Movimiento 274 304 Coste(-741.4210000000003) ---> BoarHat@66601fe8
Beneficis = 121703.7000000003Movimiento 552 10 Coste(-741.5220000000003) ---> BoarHat@6dbd7056
Beneficis = 121703.7000000003Movimiento 0 35 Coste(-741.5220000000004) ---> BoarHat@3ffebc87
Beneficis = 121703.7000000003Movimiento 0 55 Coste(-741.6690000000003) ---> BoarHat@3390d001
Beneficis = 121703.7000000003Movimiento 27 306 Coste(-741.6690000000004) ---> BoarHat@49aec46a
Beneficis = 121703.7000000003Movimiento 34 324 Coste(-741.6690000000006) ---> BoarHat@7fc268dd
Beneficis = 121703.7000000003Movimiento 920 20 Coste(-741.8460000000006) ---> BoarHat@57eab6c4
Beneficis = 121703.7000000003Movimiento 147 4 Coste(-741.8460000000007) ---> BoarHat@5c23eb90
Beneficis = 121703.7000000003Movimiento 682 28 Coste(-742.1450000000007) ---> BoarHat@29f0124a
Beneficis = 121703.7000000003Movimiento 186 19 Coste(-742.1450000000008) ---> BoarHat@1abcd427
Beneficis = 121703.7000000003Movimiento 803 25 Coste(-742.2490000000007) ---> BoarHat@3e8570d
Beneficis = 121703.7000000003Movimiento 235 13 Coste(-742.2490000000008) ---> BoarHat@623be169
Beneficis = 121703.7000000003Movimiento 277 21 Coste(-742.9030000000007) ---> BoarHat@432312fe
Beneficis = 121703.7000000003Movimiento 247 26 Coste(-743.1920000000007) ---> BoarHat@28bf8fe0
nodesExpanded : 717
Temps SolIni = 9 Tiempo HC = 326567 Tiempo SA = 0
