Central 0: [32m58[0m Produccio: [35m560.74[0m Usada: [31m548.117[0m
Central 1: [32m77[0m Produccio: [35m520.43[0m Usada: [31m501.14000000000004[0m
Central 2: [32m113[0m Produccio: [35m747.46[0m Usada: [31m736.7960000000003[0m
Central 3: [32m58[0m Produccio: [35m415.64[0m Usada: [31m405.506[0m
Central 4: [32m111[0m Produccio: [35m745.16[0m Usada: [31m727.997[0m
Central 5: [32m25[0m Produccio: [35m194.23[0m Usada: [31m194.19399999999996[0m
Central 6: [32m23[0m Produccio: [35m150.56[0m Usada: [31m150.445[0m
Central 7: [32m8[0m Produccio: [35m121.38[0m Usada: [31m120.422[0m
Central 8: [32m40[0m Produccio: [35m220.86[0m Usada: [31m219.55400000000006[0m
Central 9: [32m28[0m Produccio: [35m187.1[0m Usada: [31m187.01800000000003[0m
Central 10: [32m26[0m Produccio: [35m183.08[0m Usada: [31m182.424[0m
Central 11: [32m32[0m Produccio: [35m247.0[0m Usada: [31m246.46399999999994[0m
Central 12: [32m20[0m Produccio: [35m134.39[0m Usada: [31m134.22[0m
Central 13: [32m41[0m Produccio: [35m185.79[0m Usada: [31m185.54300000000003[0m
Central 14: [32m33[0m Produccio: [35m201.39[0m Usada: [31m199.42[0m
Central 15: [32m15[0m Produccio: [35m92.01[0m Usada: [31m91.74000000000001[0m
Central 16: [32m3[0m Produccio: [35m10.31[0m Usada: [31m9.112[0m
Central 17: [32m6[0m Produccio: [35m38.03[0m Usada: [31m37.936[0m
Central 18: [32m8[0m Produccio: [35m75.31[0m Usada: [31m75.262[0m
Central 19: [32m10[0m Produccio: [35m52.01[0m Usada: [31m51.845[0m
Central 20: [32m13[0m Produccio: [35m68.81[0m Usada: [31m68.807[0m
Central 21: [32m9[0m Produccio: [35m55.62[0m Usada: [31m54.724[0m
Central 22: [32m3[0m Produccio: [35m31.05[0m Usada: [31m30.766[0m
Central 23: [32m14[0m Produccio: [35m66.87[0m Usada: [31m66.55600000000001[0m
Central 24: [32m4[0m Produccio: [35m16.24[0m Usada: [31m15.802[0m
Central 25: [32m18[0m Produccio: [35m91.29[0m Usada: [31m90.91199999999999[0m
Central 26: [32m9[0m Produccio: [35m47.78[0m Usada: [31m46.608999999999995[0m
Central 27: [32m13[0m Produccio: [35m75.8[0m Usada: [31m74.82900000000001[0m
Central 28: [32m10[0m Produccio: [35m63.72[0m Usada: [31m63.496[0m
Central 29: [32m2[0m Produccio: [35m18.09[0m Usada: [31m17.16[0m
Central 30: [32m7[0m Produccio: [35m35.93[0m Usada: [31m35.022[0m
Central 31: [32m6[0m Produccio: [35m56.66[0m Usada: [31m56.114[0m
Central 32: [32m3[0m Produccio: [35m11.62[0m Usada: [31m10.936000000000002[0m
Central 33: [32m8[0m Produccio: [35m56.58[0m Usada: [31m56.403999999999996[0m
Central 34: [32m6[0m Produccio: [35m23.37[0m Usada: [31m22.952[0m
Central 35: [32m3[0m Produccio: [35m13.92[0m Usada: [31m13.333[0m
Central 36: [32m3[0m Produccio: [35m14.21[0m Usada: [31m12.384[0m
Central 37: [32m8[0m Produccio: [35m47.44[0m Usada: [31m46.97800000000001[0m
Central 38: [32m8[0m Produccio: [35m37.89[0m Usada: [31m37.690000000000005[0m
Central 39: [32m4[0m Produccio: [35m19.57[0m Usada: [31m19.332[0m
Central NONE: [32m0[0m
Central NONE: [32m114[0m
Beneficis = 97826.95999999989Clients No assignats = 114 Centrals Tancades 0

TSP HillClimbing  -->

Beneficis = 97876.95999999989Movimiento 806 0 Coste(11211.621000000001) ---> BoarHat@642e8c8
Beneficis = 97926.95999999989Movimiento 904 8 Coste(11112.721) ---> BoarHat@3d0b8e1a
Beneficis = 97977.45999999989Movimiento 912 2 Coste(11013.832) ---> BoarHat@54132cba
Beneficis = 98028.95999999989Movimiento 679 14 Coste(10914.965) ---> BoarHat@202149c7
Beneficis = 98089.95999999989Movimiento 899 0 Coste(10816.185) ---> BoarHat@163c17f
Beneficis = 98146.45999999989Movimiento 617 3 Coste(10717.428) ---> BoarHat@6278868f
Beneficis = 98204.45999999989Movimiento 906 1 Coste(10618.704) ---> BoarHat@3f818a35
Beneficis = 98268.45999999989Movimiento 608 2 Coste(10520.112000000001) ---> BoarHat@38ddaf49
Beneficis = 98334.95999999989Movimiento 976 2 Coste(10421.575) ---> BoarHat@7119a7f0
Beneficis = 98401.95999999989Movimiento 877 0 Coste(10323.049) ---> BoarHat@24aaddde
Beneficis = 98470.45999999989Movimiento 688 1 Coste(10224.556) ---> BoarHat@3f572e6c
Beneficis = 98535.95999999989Movimiento 711 36 Coste(10126.128) ---> BoarHat@724a976a
Beneficis = 98615.95999999989Movimiento 939 2 Coste(10027.728000000001) ---> BoarHat@69d5a163
Beneficis = 98689.95999999989Movimiento 612 0 Coste(9929.356) ---> BoarHat@7696f664
Beneficis = 98766.45999999989Movimiento 546 2 Coste(9831.039) ---> BoarHat@1b1c86e5
Beneficis = 98837.95999999989Movimiento 847 0 Coste(9732.755000000001) ---> BoarHat@4f975560
Beneficis = 98925.95999999989Movimiento 632 4 Coste(9634.515) ---> BoarHat@70dd855e
Beneficis = 99006.95999999989Movimiento 740 1 Coste(9536.297) ---> BoarHat@7abc51a2
Beneficis = 99097.95999999989Movimiento 755 4 Coste(9438.117) ---> BoarHat@6909dac3
Beneficis = 99188.95999999989Movimiento 786 2 Coste(9339.937) ---> BoarHat@6f65ee61
Beneficis = 99274.95999999989Movimiento 635 4 Coste(9241.829) ---> BoarHat@16b6108c
Beneficis = 99361.45999999989Movimiento 629 3 Coste(9143.732) ---> BoarHat@40faa98d
Beneficis = 99450.95999999989Movimiento 564 4 Coste(9045.701000000001) ---> BoarHat@40a86165
Beneficis = 99538.95999999989Movimiento 886 4 Coste(8947.813) ---> BoarHat@7e8b20ff
Beneficis = 99625.7599999999Movimiento 692 4 Coste(8849.983) ---> BoarHat@565d495
Beneficis = 99718.2599999999Movimiento 670 0 Coste(8752.203) ---> BoarHat@557a13a
Beneficis = 99799.8599999999Movimiento 995 1 Coste(8654.447) ---> BoarHat@50cabe07
Beneficis = 99893.8599999999Movimiento 669 0 Coste(8556.703) ---> BoarHat@6b5397bc
Beneficis = 99998.8599999999Movimiento 601 1 Coste(8459.013) ---> BoarHat@68814472
Beneficis = 100098.3599999999Movimiento 864 3 Coste(8361.401) ---> BoarHat@cb3c264
Beneficis = 100178.3599999999Movimiento 594 4 Coste(8263.801) ---> BoarHat@37771697
Beneficis = 100258.3599999999Movimiento 860 3 Coste(8166.201) ---> BoarHat@32b85017
Beneficis = 100351.9599999999Movimiento 938 1 Coste(8068.775000000001) ---> BoarHat@636dbcd
Beneficis = 100484.4599999999Movimiento 768 4 Coste(7971.425) ---> BoarHat@1cf4f40f
Beneficis = 100597.4599999999Movimiento 838 1 Coste(7874.137000000001) ---> BoarHat@4634bf15
Beneficis = 100724.4599999999Movimiento 993 1 Coste(7776.9310000000005) ---> BoarHat@584debca
Beneficis = 100422.60999999988Movimiento 145 982 Coste(7747.442) ---> BoarHat@8312dba
Beneficis = 100519.60999999988Movimiento 583 2 Coste(7649.77) ---> BoarHat@5e29f70a
Beneficis = 100614.80999999988Movimiento 744 2 Coste(7552.150000000001) ---> BoarHat@11e1441e
Beneficis = 100733.30999999988Movimiento 884 2 Coste(7454.7570000000005) ---> BoarHat@7d69932
Beneficis = 100828.50999999988Movimiento 941 2 Coste(7357.375) ---> BoarHat@394d4efd
Beneficis = 100918.10999999988Movimiento 956 2 Coste(7260.063) ---> BoarHat@75377750
Beneficis = 101033.60999999988Movimiento 962 2 Coste(7162.835) ---> BoarHat@463fe314
Beneficis = 101160.10999999988Movimiento 766 2 Coste(7065.618) ---> BoarHat@49b5911b
Beneficis = 101272.50999999988Movimiento 969 2 Coste(6968.428) ---> BoarHat@42fb7dbb
Beneficis = 101390.00999999988Movimiento 780 2 Coste(6871.2480000000005) ---> BoarHat@34a67ad3
Beneficis = 101510.50999999988Movimiento 824 2 Coste(6774.14) ---> BoarHat@ea4ed0d
Beneficis = 101616.10999999988Movimiento 801 2 Coste(6677.044) ---> BoarHat@7a96fcd
Beneficis = 101229.5599999999Movimiento 51 917 Coste(6649.586) ---> BoarHat@19c7fff
Beneficis = 101376.0599999999Movimiento 911 1 Coste(6552.5160000000005) ---> BoarHat@16310c62
Beneficis = 101510.5599999999Movimiento 687 1 Coste(6455.475) ---> BoarHat@2cf92f98
Beneficis = 101638.0599999999Movimiento 778 1 Coste(6358.535) ---> BoarHat@28382c6b
Beneficis = 101745.6599999999Movimiento 878 1 Coste(6261.763) ---> BoarHat@1ab8de5
Beneficis = 101886.6599999999Movimiento 975 1 Coste(6165.147) ---> BoarHat@74c72567
Beneficis = 101984.6599999999Movimiento 665 1 Coste(6068.577) ---> BoarHat@44f1888e
Beneficis = 102099.4599999999Movimiento 835 1 Coste(5972.021000000001) ---> BoarHat@28470f02
Beneficis = 102224.4599999999Movimiento 802 1 Coste(5875.521000000001) ---> BoarHat@6c3b2e04
Beneficis = 101821.10999999988Movimiento 303 817 Coste(5849.2390000000005) ---> BoarHat@2385f729
Beneficis = 101964.10999999988Movimiento 626 3 Coste(5752.671) ---> BoarHat@39ec9ab4
Beneficis = 102062.90999999989Movimiento 587 3 Coste(5656.129) ---> BoarHat@7907963a
Beneficis = 102192.90999999989Movimiento 650 3 Coste(5559.769) ---> BoarHat@3a661898
Beneficis = 102324.90999999989Movimiento 893 3 Coste(5463.465) ---> BoarHat@54211e93
Beneficis = 102442.90999999989Movimiento 653 3 Coste(5367.241) ---> BoarHat@6f49ea72
Beneficis = 102561.40999999989Movimiento 614 3 Coste(5271.033) ---> BoarHat@269fa395
Beneficis = 102696.90999999989Movimiento 926 3 Coste(5174.827) ---> BoarHat@408a32b
Beneficis = 102323.30999999985Movimiento 414 724 Coste(5149.615000000001) ---> BoarHat@5a9fcbff
Beneficis = 102450.50999999985Movimiento 753 4 Coste(5053.113) ---> BoarHat@86b10a8
Beneficis = 102577.30999999985Movimiento 810 4 Coste(4956.917) ---> BoarHat@6683ae80
Beneficis = 102717.30999999985Movimiento 916 4 Coste(4861.117) ---> BoarHat@2f46905a
Beneficis = 102840.50999999985Movimiento 584 4 Coste(4765.429) ---> BoarHat@36151214
Beneficis = 102978.00999999985Movimiento 697 4 Coste(4669.829000000001) ---> BoarHat@21381741
Beneficis = 103110.80999999985Movimiento 946 4 Coste(4574.477) ---> BoarHat@286ff974
Beneficis = 102787.05999999988Movimiento 390 779 Coste(4551.957) ---> BoarHat@69f50a3b
Beneficis = 102909.05999999988Movimiento 831 4 Coste(4456.837) ---> BoarHat@22150487
Beneficis = 103084.25999999988Movimiento 787 4 Coste(4362.093) ---> BoarHat@3e8f0427
Beneficis = 103236.65999999987Movimiento 848 4 Coste(4267.427000000001) ---> BoarHat@7d2ee01a
Beneficis = 103389.45999999988Movimiento 798 4 Coste(4172.775000000001) ---> BoarHat@1ce79690
Beneficis = 103090.85999999984Movimiento 49 661 Coste(4150.735000000001) ---> BoarHat@209a46b
Beneficis = 103245.65999999984Movimiento 915 1 Coste(4056.1530000000002) ---> BoarHat@1ca14573
Beneficis = 103389.65999999984Movimiento 559 1 Coste(3961.9130000000005) ---> BoarHat@845a41e
Beneficis = 103583.65999999984Movimiento 816 1 Coste(3867.733) ---> BoarHat@46753372
Beneficis = 103743.85999999984Movimiento 655 1 Coste(3773.6070000000004) ---> BoarHat@34b3899b
Beneficis = 103452.25999999986Movimiento 348 895 Coste(3752.1430000000005) ---> BoarHat@100d8bf1
Beneficis = 103625.05999999987Movimiento 723 4 Coste(3659.0550000000003) ---> BoarHat@2109a3d2
Beneficis = 103781.35999999987Movimiento 738 4 Coste(3566.349) ---> BoarHat@41ff6f3b
Beneficis = 103969.75999999986Movimiento 686 4 Coste(3473.885) ---> BoarHat@128ee4bd
Beneficis = 103969.75999999986Movimiento 141 643 Coste(3455.76) ---> BoarHat@675aedc9
Beneficis = 104161.45999999986Movimiento 696 9 Coste(3363.4280000000003) ---> BoarHat@418636f2
Beneficis = 103860.15999999986Movimiento 83 595 Coste(3347.954) ---> BoarHat@4bd7ede7
Beneficis = 104060.25999999986Movimiento 634 2 Coste(3255.958) ---> BoarHat@740b4a04
Beneficis = 104271.45999999986Movimiento 561 2 Coste(3164.4060000000004) ---> BoarHat@6432d310
Beneficis = 104271.45999999986Movimiento 129 892 Coste(3149.418) ---> BoarHat@4317b267
Beneficis = 104519.25999999986Movimiento 909 12 Coste(3059.3300000000004) ---> BoarHat@73f9f4db
Beneficis = 104519.25999999986Movimiento 100 858 Coste(3045.0480000000002) ---> BoarHat@886b9e8
Beneficis = 104764.35999999987Movimiento 793 3 Coste(2956.4860000000003) ---> BoarHat@452b0c79
Beneficis = 104764.35999999987Movimiento 539 640 Coste(2942.628) ---> BoarHat@60dd11ce
Beneficis = 105121.65999999987Movimiento 797 4 Coste(2855.7290000000003) ---> BoarHat@6c83e9e7
Beneficis = 105121.65999999987Movimiento 360 781 Coste(2842.271) ---> BoarHat@3851ed54
Beneficis = 105434.55999999987Movimiento 889 11 Coste(2753.744) ---> BoarHat@40ac8d8a
Beneficis = 105434.55999999987Movimiento 425 704 Coste(2741.2280000000005) ---> BoarHat@3c89db94
Beneficis = 105434.55999999987Movimiento 221 775 Coste(2728.7360000000003) ---> BoarHat@1533d2e5
Beneficis = 105809.85999999987Movimiento 618 4 Coste(2642.4970000000003) ---> BoarHat@1c2282d0
Beneficis = 105809.85999999987Movimiento 544 896 Coste(2630.331) ---> BoarHat@6416f9cf
Beneficis = 106146.75999999986Movimiento 659 2 Coste(2542.684) ---> BoarHat@6e0fc9b2
Beneficis = 106146.75999999986Movimiento 277 334 Coste(2530.858) ---> BoarHat@10871454
Beneficis = 106146.75999999986Movimiento 181 331 Coste(2519.3950000000004) ---> BoarHat@5f339a9a
Beneficis = 106146.75999999986Movimiento 273 458 Coste(2508.411) ---> BoarHat@6f3e10f7
Beneficis = 106494.75999999986Movimiento 850 4 Coste(2422.331) ---> BoarHat@12f7dce7
Beneficis = 106494.75999999986Movimiento 803 840 Coste(2411.9230000000002) ---> BoarHat@17d1d828
Beneficis = 106494.75999999986Movimiento 82 452 Coste(2401.7030000000004) ---> BoarHat@7d7bba40
Beneficis = 106494.75999999986Movimiento 97 527 Coste(2391.635) ---> BoarHat@16b61b90
Beneficis = 106494.75999999986Movimiento 314 554 Coste(2380.724) ---> BoarHat@6868129
Beneficis = 106826.85999999987Movimiento 865 21 Coste(2292.9010000000003) ---> BoarHat@3b16515e
Beneficis = 106826.85999999987Movimiento 259 354 Coste(2283.603) ---> BoarHat@479c165e
Beneficis = 106826.85999999987Movimiento 30 359 Coste(2274.5940000000005) ---> BoarHat@a158002
Beneficis = 106826.85999999987Movimiento 101 581 Coste(2265.965) ---> BoarHat@3cb40b97
Beneficis = 107070.0099999998Movimiento 287 863 Coste(2257.349) ---> BoarHat@3c1589cf
Beneficis = 107414.10999999981Movimiento 646 2 Coste(2171.1130000000003) ---> BoarHat@525e6b68
Beneficis = 107414.10999999981Movimiento 40 205 Coste(2162.7880000000005) ---> BoarHat@2f0229be
Beneficis = 107414.10999999981Movimiento 217 602 Coste(2154.6160000000004) ---> BoarHat@7f80c9c1
Beneficis = 107414.10999999981Movimiento 365 623 Coste(2146.6940000000004) ---> BoarHat@71beffd0
Beneficis = 107414.10999999981Movimiento 2 86 Coste(2138.7780000000002) ---> BoarHat@1252628e
Beneficis = 107858.40999999981Movimiento 950 0 Coste(2055.0690000000004) ---> BoarHat@22926cce
Beneficis = 107858.40999999981Movimiento 662 702 Coste(2047.1990000000003) ---> BoarHat@9dcb04d
Beneficis = 107858.40999999981Movimiento 789 930 Coste(2039.5340000000003) ---> BoarHat@52593c6f
Beneficis = 107858.40999999981Movimiento 7 140 Coste(2032.0680000000004) ---> BoarHat@5998019a
Beneficis = 108322.80999999981Movimiento 794 5 Coste(1947.5480000000002) ---> BoarHat@1f1a605e
Beneficis = 108322.80999999981Movimiento 176 501 Coste(1940.3080000000004) ---> BoarHat@6a610012
Beneficis = 108724.5099999998Movimiento 782 10 Coste(1859.0540000000003) ---> BoarHat@79715f3f
Beneficis = 108724.5099999998Movimiento 192 765 Coste(1851.8280000000004) ---> BoarHat@3e7a5947
Beneficis = 109255.80999999981Movimiento 414 11 Coste(1771.3090000000002) ---> BoarHat@5eed8de1
Beneficis = 109255.80999999981Movimiento 320 335 Coste(1764.1230000000003) ---> BoarHat@4e9402a9
Beneficis = 109255.80999999981Movimiento 56 545 Coste(1757.0650000000003) ---> BoarHat@768bcc29
Beneficis = 109255.80999999981Movimiento 275 333 Coste(1750.0310000000004) ---> BoarHat@3ace2d36
Beneficis = 109255.80999999981Movimiento 363 471 Coste(1742.7030000000004) ---> BoarHat@328c88b
Beneficis = 109255.80999999981Movimiento 329 722 Coste(1735.8790000000004) ---> BoarHat@5ae24459
Beneficis = 109255.80999999981Movimiento 820 974 Coste(1729.1130000000003) ---> BoarHat@5c5f38aa
Beneficis = 109255.80999999981Movimiento 404 769 Coste(1722.9070000000004) ---> BoarHat@5786416a
Beneficis = 109255.80999999981Movimiento 592 924 Coste(1716.7070000000003) ---> BoarHat@77261a6c
Beneficis = 109703.7099999998Movimiento 552 4 Coste(1637.6090000000004) ---> BoarHat@6b461d36
Beneficis = 109703.7099999998Movimiento 156 867 Coste(1631.4370000000004) ---> BoarHat@298a5bed
Beneficis = 109703.7099999998Movimiento 560 837 Coste(1625.3530000000003) ---> BoarHat@5839c62d
Beneficis = 110257.80999999981Movimiento 83 3 Coste(1543.8230000000003) ---> BoarHat@3c2186c6
Beneficis = 110257.80999999981Movimiento 476 485 Coste(1537.7430000000004) ---> BoarHat@206f55a4
Beneficis = 110257.80999999981Movimiento 332 808 Coste(1531.7370000000003) ---> BoarHat@44ea35a2
Beneficis = 110257.80999999981Movimiento 6 937 Coste(1526.1470000000004) ---> BoarHat@12d90734
Beneficis = 110257.80999999981Movimiento 302 942 Coste(1520.5850000000003) ---> BoarHat@3bb5bf77
Beneficis = 110257.80999999981Movimiento 39 116 Coste(1515.3800000000003) ---> BoarHat@75772dc8
Beneficis = 110257.80999999981Movimiento 494 630 Coste(1510.2880000000005) ---> BoarHat@239c352c
Beneficis = 110257.80999999981Movimiento 63 368 Coste(1505.3220000000003) ---> BoarHat@11ec2d3c
Beneficis = 110257.80999999981Movimiento 493 782 Coste(1500.4760000000003) ---> BoarHat@6b8969dd
Beneficis = 110257.80999999981Movimiento 19 495 Coste(1495.6630000000005) ---> BoarHat@5d89297c
Beneficis = 110838.60999999981Movimiento 844 1 Coste(1416.9590000000003) ---> BoarHat@4db0c4e5
Beneficis = 110838.60999999981Movimiento 70 115 Coste(1412.2040000000004) ---> BoarHat@5d3a1490
Beneficis = 110838.60999999981Movimiento 18 338 Coste(1407.4600000000005) ---> BoarHat@951146
Beneficis = 110838.60999999981Movimiento 643 991 Coste(1402.7730000000004) ---> BoarHat@4d7f6bf
Beneficis = 110838.60999999981Movimiento 120 712 Coste(1398.1010000000003) ---> BoarHat@7e32d477
Beneficis = 110838.60999999981Movimiento 715 812 Coste(1393.4430000000004) ---> BoarHat@6263c5f0
Beneficis = 110838.60999999981Movimiento 85 935 Coste(1388.7920000000004) ---> BoarHat@2317c50b
Beneficis = 110838.60999999981Movimiento 219 262 Coste(1384.1830000000004) ---> BoarHat@4cd4def2
Beneficis = 111435.60999999981Movimiento 578 7 Coste(1308.0630000000003) ---> BoarHat@23f71c4b
Beneficis = 111435.60999999981Movimiento 93 578 Coste(1303.0670000000005) ---> BoarHat@6b57867e
Beneficis = 111435.60999999981Movimiento 97 739 Coste(1298.5150000000003) ---> BoarHat@262300ae
Beneficis = 111912.60999999981Movimiento 599 0 Coste(1220.7750000000003) ---> BoarHat@515dc187
Beneficis = 111912.60999999981Movimiento 71 945 Coste(1216.2670000000003) ---> BoarHat@160ab56c
Beneficis = 111912.60999999981Movimiento 383 727 Coste(1211.8110000000004) ---> BoarHat@4b7bb429
Beneficis = 111912.60999999981Movimiento 32 793 Coste(1207.3850000000004) ---> BoarHat@637bbc51
Beneficis = 111912.60999999981Movimiento 439 528 Coste(1202.9740000000004) ---> BoarHat@2d72a269
Beneficis = 111912.60999999981Movimiento 625 947 Coste(1198.7640000000004) ---> BoarHat@f21ddce
Beneficis = 111912.60999999981Movimiento 184 723 Coste(1194.5790000000004) ---> BoarHat@3e94d2d5
Beneficis = 111912.60999999981Movimiento 151 261 Coste(1190.4910000000004) ---> BoarHat@4979acf6
Beneficis = 111912.60999999981Movimiento 376 572 Coste(1186.4510000000005) ---> BoarHat@29c83123
Beneficis = 111912.60999999981Movimiento 191 951 Coste(1182.4690000000005) ---> BoarHat@4b3447b1
Beneficis = 111912.60999999981Movimiento 300 932 Coste(1178.5370000000003) ---> BoarHat@1f852c06
Beneficis = 112476.30999999981Movimiento 566 7 Coste(1104.8430000000003) ---> BoarHat@46e581a6
Beneficis = 112476.30999999981Movimiento 37 160 Coste(1100.9160000000004) ---> BoarHat@417e6333
Beneficis = 112476.30999999981Movimiento 146 927 Coste(1097.0140000000004) ---> BoarHat@5d12e96a
Beneficis = 112476.30999999981Movimiento 708 896 Coste(1093.1150000000005) ---> BoarHat@639606c3
Beneficis = 113071.5099999998Movimiento 145 1 Coste(1014.9390000000004) ---> BoarHat@1794887e
Beneficis = 113071.5099999998Movimiento 350 575 Coste(1011.0710000000004) ---> BoarHat@5d7ba19f
Beneficis = 113071.5099999998Movimiento 445 861 Coste(1007.2920000000004) ---> BoarHat@674e5b02
Beneficis = 113071.5099999998Movimiento 442 842 Coste(1003.2840000000003) ---> BoarHat@8428547
Beneficis = 113071.5099999998Movimiento 566 866 Coste(999.1370000000004) ---> BoarHat@32916f98
Beneficis = 113071.5099999998Movimiento 543 796 Coste(995.4440000000004) ---> BoarHat@3acba4ea
Beneficis = 113071.5099999998Movimiento 98 253 Coste(991.8110000000004) ---> BoarHat@203a7156
Beneficis = 113071.5099999998Movimiento 87 510 Coste(988.1820000000005) ---> BoarHat@7587799
Beneficis = 113566.2099999998Movimiento 562 3 Coste(911.2680000000005) ---> BoarHat@6d366c14
Beneficis = 113566.2099999998Movimiento 198 562 Coste(906.4860000000003) ---> BoarHat@1c613995
Beneficis = 113566.2099999998Movimiento 10 305 Coste(902.8750000000003) ---> BoarHat@19fffce7
Beneficis = 114067.2099999998Movimiento 49 7 Coste(829.5950000000004) ---> BoarHat@566e7e99
Beneficis = 114067.2099999998Movimiento 105 719 Coste(825.9960000000003) ---> BoarHat@3cedd5de
Beneficis = 114067.2099999998Movimiento 457 607 Coste(822.4060000000004) ---> BoarHat@89e6c15
Beneficis = 114067.2099999998Movimiento 133 414 Coste(818.8200000000004) ---> BoarHat@768c29a0
Beneficis = 114067.2099999998Movimiento 22 81 Coste(815.2650000000004) ---> BoarHat@1b9e39e0
Beneficis = 114067.2099999998Movimiento 424 627 Coste(811.8610000000004) ---> BoarHat@57e5ef59
Beneficis = 114067.2099999998Movimiento 118 654 Coste(808.4610000000005) ---> BoarHat@3b2d6a03
Beneficis = 114067.2099999998Movimiento 498 747 Coste(805.0900000000004) ---> BoarHat@6b336e65
Beneficis = 114067.2099999998Movimiento 260 844 Coste(801.7440000000004) ---> BoarHat@2ab4f918
Beneficis = 114067.2099999998Movimiento 559 693 Coste(798.3610000000003) ---> BoarHat@5c93bfbf
Beneficis = 114067.2099999998Movimiento 49 86 Coste(795.0210000000004) ---> BoarHat@63cde717
Beneficis = 114639.9099999998Movimiento 656 7 Coste(721.7470000000004) ---> BoarHat@133b70a2
Beneficis = 114639.9099999998Movimiento 27 637 Coste(718.4110000000004) ---> BoarHat@7972fd2f
Beneficis = 114639.9099999998Movimiento 284 585 Coste(715.1150000000005) ---> BoarHat@587a47dc
Beneficis = 114639.9099999998Movimiento 417 463 Coste(711.8240000000004) ---> BoarHat@743118dc
Beneficis = 114639.9099999998Movimiento 321 735 Coste(708.5750000000004) ---> BoarHat@3b7a56a5
Beneficis = 114639.9099999998Movimiento 275 642 Coste(705.3650000000005) ---> BoarHat@4ef1dba1
Beneficis = 114639.9099999998Movimiento 220 265 Coste(701.6540000000005) ---> BoarHat@5ba8bfbb
Beneficis = 114639.9099999998Movimiento 705 890 Coste(698.4620000000004) ---> BoarHat@6645fb28
Beneficis = 114639.9099999998Movimiento 349 656 Coste(694.6440000000005) ---> BoarHat@254f4ad1
Beneficis = 114639.9099999998Movimiento 331 656 Coste(691.3690000000004) ---> BoarHat@4f3fcafe
Beneficis = 114639.9099999998Movimiento 43 240 Coste(688.2310000000004) ---> BoarHat@20bef6c0
Beneficis = 114639.9099999998Movimiento 3 421 Coste(685.1640000000004) ---> BoarHat@257553ba
Beneficis = 114639.9099999998Movimiento 84 960 Coste(682.1000000000004) ---> BoarHat@39c1fb56
Beneficis = 114639.9099999998Movimiento 186 875 Coste(679.0430000000005) ---> BoarHat@65972054
Beneficis = 114639.9099999998Movimiento 134 286 Coste(675.9930000000004) ---> BoarHat@726f7f2e
Beneficis = 114639.9099999998Movimiento 77 110 Coste(672.9600000000005) ---> BoarHat@5e2700c2
Beneficis = 114639.9099999998Movimiento 351 738 Coste(669.9320000000005) ---> BoarHat@10e46d0a
Beneficis = 114639.9099999998Movimiento 552 701 Coste(666.9460000000005) ---> BoarHat@56fa4d98
Beneficis = 114639.9099999998Movimiento 263 530 Coste(663.6190000000005) ---> BoarHat@465faa3c
Beneficis = 114639.9099999998Movimiento 63 827 Coste(660.6570000000004) ---> BoarHat@5d67d163
Beneficis = 114639.9099999998Movimiento 717 907 Coste(657.7080000000004) ---> BoarHat@569a8a81
Beneficis = 114639.9099999998Movimiento 288 781 Coste(654.7720000000004) ---> BoarHat@2aae84d8
Beneficis = 114639.9099999998Movimiento 681 843 Coste(651.7800000000004) ---> BoarHat@827ee3f
Beneficis = 114639.9099999998Movimiento 64 106 Coste(648.8990000000003) ---> BoarHat@40015480
Beneficis = 114639.9099999998Movimiento 271 428 Coste(646.0350000000004) ---> BoarHat@5df7293c
Beneficis = 115149.9099999998Movimiento 348 14 Coste(566.4350000000004) ---> BoarHat@2430c707
Beneficis = 115149.9099999998Movimiento 550 874 Coste(563.6180000000004) ---> BoarHat@3a56de3a
Beneficis = 115149.9099999998Movimiento 179 536 Coste(560.8380000000004) ---> BoarHat@399278af
Beneficis = 115149.9099999998Movimiento 119 798 Coste(558.0620000000004) ---> BoarHat@19007245
Beneficis = 115149.9099999998Movimiento 214 818 Coste(555.2660000000003) ---> BoarHat@54ed5be3
Beneficis = 115149.9099999998Movimiento 124 259 Coste(552.4060000000004) ---> BoarHat@2958cd0f
Beneficis = 115149.9099999998Movimiento 310 559 Coste(549.6360000000004) ---> BoarHat@555ee714
Beneficis = 115149.9099999998Movimiento 590 776 Coste(546.9280000000003) ---> BoarHat@5a5157fc
Beneficis = 115149.9099999998Movimiento 152 821 Coste(544.1710000000004) ---> BoarHat@35c935e6
Beneficis = 115149.9099999998Movimiento 202 290 Coste(541.4760000000003) ---> BoarHat@6a448f8d
Beneficis = 115149.9099999998Movimiento 621 977 Coste(538.8040000000003) ---> BoarHat@215ce843
Beneficis = 115149.9099999998Movimiento 480 622 Coste(536.1520000000004) ---> BoarHat@c97e7e0
Beneficis = 115149.9099999998Movimiento 381 507 Coste(533.5220000000004) ---> BoarHat@54b26374
Beneficis = 115149.9099999998Movimiento 238 943 Coste(530.9380000000003) ---> BoarHat@608c6665
Beneficis = 115149.9099999998Movimiento 45 647 Coste(528.3600000000004) ---> BoarHat@32554559
Beneficis = 115149.9099999998Movimiento 336 641 Coste(525.7820000000004) ---> BoarHat@7be892cd
Beneficis = 115149.9099999998Movimiento 130 157 Coste(523.2520000000004) ---> BoarHat@4d135085
Beneficis = 115149.9099999998Movimiento 505 872 Coste(520.7730000000004) ---> BoarHat@74621c7
Beneficis = 115149.9099999998Movimiento 200 942 Coste(518.2830000000004) ---> BoarHat@66c33ca3
Beneficis = 115660.8099999998Movimiento 390 3 Coste(442.12500000000034) ---> BoarHat@45bbf45b
Beneficis = 115660.8099999998Movimiento 22 390 Coste(438.71900000000034) ---> BoarHat@2a01bbb9
Beneficis = 115660.8099999998Movimiento 488 791 Coste(436.24900000000036) ---> BoarHat@344d79cb
Beneficis = 116179.50999999979Movimiento 764 1 Coste(363.91300000000035) ---> BoarHat@62a4081a
Beneficis = 116179.50999999979Movimiento 517 582 Coste(361.45200000000034) ---> BoarHat@e139ec7
Beneficis = 116179.50999999979Movimiento 167 831 Coste(358.9960000000003) ---> BoarHat@3a957ce8
Beneficis = 116179.50999999979Movimiento 89 135 Coste(356.5880000000003) ---> BoarHat@337acc1b
Beneficis = 116179.50999999979Movimiento 839 905 Coste(354.1800000000003) ---> BoarHat@245d1d35
Beneficis = 116179.50999999979Movimiento 349 473 Coste(351.77300000000037) ---> BoarHat@13b13ce8
Beneficis = 116712.90999999979Movimiento 287 7 Coste(280.22100000000034) ---> BoarHat@224f679a
Beneficis = 116712.90999999979Movimiento 287 730 Coste(273.10900000000026) ---> BoarHat@3623e410
Beneficis = 116712.90999999979Movimiento 62 664 Coste(270.7230000000003) ---> BoarHat@6ce98ed4
Beneficis = 116712.90999999979Movimiento 1 718 Coste(268.3490000000003) ---> BoarHat@1d912179
Beneficis = 116712.90999999979Movimiento 42 526 Coste(265.97900000000027) ---> BoarHat@1d091452
Beneficis = 116712.90999999979Movimiento 375 605 Coste(263.6100000000003) ---> BoarHat@7c607500
Beneficis = 116712.90999999979Movimiento 33 771 Coste(261.2420000000003) ---> BoarHat@7efe8738
Beneficis = 116712.90999999979Movimiento 46 113 Coste(258.8840000000003) ---> BoarHat@694253f6
Beneficis = 116712.90999999979Movimiento 628 915 Coste(256.54200000000026) ---> BoarHat@2aa7ce99
Beneficis = 116712.90999999979Movimiento 604 946 Coste(254.20200000000028) ---> BoarHat@79ee5225
Beneficis = 116712.90999999979Movimiento 127 931 Coste(251.89000000000027) ---> BoarHat@43ab537f
Beneficis = 116712.90999999979Movimiento 456 672 Coste(249.59800000000027) ---> BoarHat@22fbc053
Beneficis = 116712.90999999979Movimiento 726 828 Coste(247.33800000000028) ---> BoarHat@6af325ee
Beneficis = 116712.90999999979Movimiento 588 840 Coste(245.08300000000028) ---> BoarHat@39798163
Beneficis = 116712.90999999979Movimiento 250 690 Coste(242.7350000000003) ---> BoarHat@22fc2a74
Beneficis = 116712.90999999979Movimiento 506 789 Coste(240.25000000000034) ---> BoarHat@777acec2
Beneficis = 117256.20999999979Movimiento 631 3 Coste(165.60400000000033) ---> BoarHat@7b7c19da
Beneficis = 117256.20999999979Movimiento 170 631 Coste(161.9820000000003) ---> BoarHat@7c78cd8c
Beneficis = 117256.20999999979Movimiento 663 830 Coste(159.75800000000032) ---> BoarHat@2e1e5fe5
Beneficis = 117256.20999999979Movimiento 737 883 Coste(157.50500000000034) ---> BoarHat@3a3b664
Beneficis = 117256.20999999979Movimiento 199 966 Coste(155.3210000000003) ---> BoarHat@7d8c2def
Beneficis = 117256.20999999979Movimiento 278 652 Coste(153.14700000000033) ---> BoarHat@7755bd30
Beneficis = 117256.20999999979Movimiento 123 347 Coste(150.99800000000033) ---> BoarHat@600cdc91
Beneficis = 117256.20999999979Movimiento 211 279 Coste(148.6720000000003) ---> BoarHat@5a32ea02
Beneficis = 117256.20999999979Movimiento 403 710 Coste(146.5360000000003) ---> BoarHat@346c3455
Beneficis = 117256.20999999979Movimiento 898 992 Coste(144.4040000000003) ---> BoarHat@bb6a386
Beneficis = 117256.20999999979Movimiento 277 764 Coste(140.9460000000003) ---> BoarHat@169e2bde
Beneficis = 117812.10999999978Movimiento 303 1 Coste(70.5940000000003) ---> BoarHat@10806a2c
Beneficis = 117812.10999999978Movimiento 303 636 Coste(66.88800000000029) ---> BoarHat@79452b91
Beneficis = 117812.10999999978Movimiento 503 697 Coste(64.77800000000033) ---> BoarHat@2c39e06b
Beneficis = 117812.10999999978Movimiento 614 848 Coste(62.687000000000324) ---> BoarHat@7a423e2f
Beneficis = 117812.10999999978Movimiento 41 516 Coste(60.60100000000031) ---> BoarHat@50532f34
Beneficis = 117812.10999999978Movimiento 618 909 Coste(58.52400000000031) ---> BoarHat@30b753b3
Beneficis = 117812.10999999978Movimiento 388 589 Coste(56.449000000000325) ---> BoarHat@2f7171ec
Beneficis = 117812.10999999978Movimiento 175 551 Coste(54.374000000000365) ---> BoarHat@576bd643
Beneficis = 117812.10999999978Movimiento 209 560 Coste(52.30600000000035) ---> BoarHat@f24f76b
Beneficis = 117812.10999999978Movimiento 469 634 Coste(50.263000000000346) ---> BoarHat@4df7ae09
Beneficis = 117812.10999999978Movimiento 246 957 Coste(48.243000000000336) ---> BoarHat@14289437
Beneficis = 117812.10999999978Movimiento 461 832 Coste(46.23600000000033) ---> BoarHat@1dcf0a5d
Beneficis = 117812.10999999978Movimiento 76 170 Coste(44.24100000000038) ---> BoarHat@136eda5
Beneficis = 118383.30999999978Movimiento 952 3 Coste(-29.10299999999961) ---> BoarHat@6bc98b34
Beneficis = 118383.30999999978Movimiento 81 314 Coste(-31.091999999999643) ---> BoarHat@4dfc75b4
Beneficis = 118383.30999999978Movimiento 366 822 Coste(-33.07899999999961) ---> BoarHat@37ce0b62
Beneficis = 118383.30999999978Movimiento 137 959 Coste(-35.05099999999965) ---> BoarHat@ba1ad6c
Beneficis = 118383.30999999978Movimiento 400 809 Coste(-37.014999999999674) ---> BoarHat@5fdfdf02
Beneficis = 118383.30999999978Movimiento 593 779 Coste(-39.38099999999966) ---> BoarHat@629623bd
Beneficis = 118963.80999999978Movimiento 853 0 Coste(-112.29099999999963) ---> BoarHat@5d33f717
Beneficis = 118963.80999999978Movimiento 340 513 Coste(-114.24999999999963) ---> BoarHat@6eee54c
Beneficis = 118963.80999999978Movimiento 384 676 Coste(-116.18999999999963) ---> BoarHat@1faea647
Beneficis = 118963.80999999978Movimiento 698 750 Coste(-118.20999999999961) ---> BoarHat@7ebb4a55
Beneficis = 118963.80999999978Movimiento 57 512 Coste(-120.12599999999966) ---> BoarHat@2e73326b
Beneficis = 118963.80999999978Movimiento 142 542 Coste(-122.03899999999967) ---> BoarHat@17ff51a1
Beneficis = 118963.80999999978Movimiento 173 294 Coste(-123.93399999999966) ---> BoarHat@53bdae26
Beneficis = 118963.80999999978Movimiento 59 981 Coste(-125.81599999999966) ---> BoarHat@6a3f21af
Beneficis = 118963.80999999978Movimiento 5 34 Coste(-127.67999999999961) ---> BoarHat@28492056
Beneficis = 118963.80999999978Movimiento 443 970 Coste(-129.53999999999962) ---> BoarHat@3cb509cd
Beneficis = 118963.80999999978Movimiento 90 902 Coste(-131.38199999999964) ---> BoarHat@6b6e687a
Beneficis = 118963.80999999978Movimiento 122 248 Coste(-133.21899999999962) ---> BoarHat@2db0ba75
Beneficis = 118963.80999999978Movimiento 335 389 Coste(-135.0539999999996) ---> BoarHat@58f5d2e9
Beneficis = 118963.80999999978Movimiento 289 569 Coste(-136.87999999999965) ---> BoarHat@7170e7d0
Beneficis = 118963.80999999978Movimiento 401 836 Coste(-138.69399999999965) ---> BoarHat@4ecb8bc0
Beneficis = 118963.80999999978Movimiento 71 139 Coste(-140.50699999999964) ---> BoarHat@39b79c4b
Beneficis = 118963.80999999978Movimiento 382 930 Coste(-142.28899999999962) ---> BoarHat@1b03836c
Beneficis = 119533.50999999978Movimiento 51 1 Coste(-211.90499999999966) ---> BoarHat@ee9b021
Beneficis = 119533.50999999978Movimiento 61 187 Coste(-213.68099999999967) ---> BoarHat@4c78331d
Beneficis = 119533.50999999978Movimiento 281 772 Coste(-215.45699999999968) ---> BoarHat@14c94029
Beneficis = 119533.50999999978Movimiento 358 706 Coste(-217.21699999999967) ---> BoarHat@13752593
Beneficis = 119533.50999999978Movimiento 636 722 Coste(-218.97399999999968) ---> BoarHat@1323638a
Beneficis = 119533.50999999978Movimiento 584 851 Coste(-220.72999999999965) ---> BoarHat@64278099
Beneficis = 119533.50999999978Movimiento 109 387 Coste(-222.4669999999996) ---> BoarHat@462db623
Beneficis = 119533.50999999978Movimiento 21 699 Coste(-224.20299999999958) ---> BoarHat@4ecdd3b8
Beneficis = 119533.50999999978Movimiento 65 940 Coste(-225.9089999999996) ---> BoarHat@52bf949
Beneficis = 119533.50999999978Movimiento 15 964 Coste(-227.58999999999958) ---> BoarHat@7d390290
Beneficis = 119533.50999999978Movimiento 18 879 Coste(-229.26999999999964) ---> BoarHat@71a8b0e8
Beneficis = 119533.50999999978Movimiento 561 576 Coste(-230.94599999999963) ---> BoarHat@6ebc1e65
Beneficis = 119533.50999999978Movimiento 58 903 Coste(-232.9209999999996) ---> BoarHat@1053bb1
Beneficis = 119533.50999999978Movimiento 702 796 Coste(-234.58499999999958) ---> BoarHat@3fe3cbdc
Beneficis = 119533.50999999978Movimiento 696 985 Coste(-236.24699999999962) ---> BoarHat@2f46a46e
Beneficis = 119533.50999999978Movimiento 215 929 Coste(-237.8819999999996) ---> BoarHat@17b19529
Beneficis = 119533.50999999978Movimiento 418 555 Coste(-239.4999999999996) ---> BoarHat@6a5e8af8
Beneficis = 119533.50999999978Movimiento 95 996 Coste(-241.09199999999962) ---> BoarHat@29aaf591
Beneficis = 119533.50999999978Movimiento 446 990 Coste(-242.66099999999958) ---> BoarHat@18621cd2
Beneficis = 119533.50999999978Movimiento 343 954 Coste(-244.21899999999962) ---> BoarHat@37cf881b
Beneficis = 119533.50999999978Movimiento 24 115 Coste(-245.87199999999964) ---> BoarHat@7c53a8a8
Beneficis = 119533.50999999978Movimiento 232 276 Coste(-247.42799999999963) ---> BoarHat@6297ce04
Beneficis = 119533.50999999978Movimiento 283 666 Coste(-248.97799999999964) ---> BoarHat@446a6a99
Beneficis = 119533.50999999978Movimiento 166 730 Coste(-250.52699999999962) ---> BoarHat@3e71f49
Beneficis = 119533.50999999978Movimiento 13 833 Coste(-252.0709999999996) ---> BoarHat@69bbcb9a
Beneficis = 119533.50999999978Movimiento 16 703 Coste(-253.6089999999996) ---> BoarHat@7f930648
Beneficis = 119533.50999999978Movimiento 474 855 Coste(-255.1449999999996) ---> BoarHat@4d4ffd74
Beneficis = 119533.50999999978Movimiento 189 204 Coste(-256.67599999999965) ---> BoarHat@46f72805
Beneficis = 119533.50999999978Movimiento 326 440 Coste(-258.20499999999964) ---> BoarHat@2269cacb
Beneficis = 119533.50999999978Movimiento 228 745 Coste(-259.72899999999964) ---> BoarHat@18f38024
Beneficis = 119533.50999999978Movimiento 121 423 Coste(-261.24099999999964) ---> BoarHat@3a3179b7
Beneficis = 119533.50999999978Movimiento 14 321 Coste(-262.7419999999997) ---> BoarHat@c0e22bb
Beneficis = 119533.50999999978Movimiento 212 919 Coste(-264.2179999999997) ---> BoarHat@12faf861
Beneficis = 119533.50999999978Movimiento 26 251 Coste(-265.6839999999997) ---> BoarHat@bebffa3
Beneficis = 119533.50999999978Movimiento 171 244 Coste(-267.1479999999997) ---> BoarHat@1c44dd29
Beneficis = 119533.50999999978Movimiento 23 131 Coste(-268.60399999999964) ---> BoarHat@3f8643fd
Beneficis = 119533.50999999978Movimiento 126 484 Coste(-270.04999999999967) ---> BoarHat@2a3d545c
Beneficis = 119533.50999999978Movimiento 312 532 Coste(-271.49099999999964) ---> BoarHat@70f943e2
Beneficis = 119533.50999999978Movimiento 342 673 Coste(-273.0459999999997) ---> BoarHat@525f4c8a
Beneficis = 119533.50999999978Movimiento 448 518 Coste(-274.46199999999965) ---> BoarHat@2a689663
Beneficis = 119533.50999999978Movimiento 100 208 Coste(-275.87599999999964) ---> BoarHat@2685cd04
Beneficis = 119533.50999999978Movimiento 804 973 Coste(-277.27699999999965) ---> BoarHat@26d9a70a
Beneficis = 119533.50999999978Movimiento 730 853 Coste(-281.1469999999996) ---> BoarHat@63235157
Beneficis = 119533.50999999978Movimiento 308 361 Coste(-282.5129999999997) ---> BoarHat@5e8212ab
Beneficis = 119533.50999999978Movimiento 515 742 Coste(-283.87699999999967) ---> BoarHat@2a143056
Beneficis = 119533.50999999978Movimiento 524 716 Coste(-285.2319999999997) ---> BoarHat@58a5b8a
Beneficis = 119533.50999999978Movimiento 799 811 Coste(-286.5819999999997) ---> BoarHat@181c6bd2
Beneficis = 119533.50999999978Movimiento 482 805 Coste(-287.92599999999965) ---> BoarHat@5b489cb1
Beneficis = 119533.50999999978Movimiento 760 887 Coste(-289.25499999999965) ---> BoarHat@62c42167
Beneficis = 119533.50999999978Movimiento 393 670 Coste(-290.5809999999997) ---> BoarHat@6ddce2c8
Beneficis = 119533.50999999978Movimiento 580 625 Coste(-291.89699999999965) ---> BoarHat@5a9585bb
Beneficis = 119533.50999999978Movimiento 487 586 Coste(-293.2079999999997) ---> BoarHat@2097b203
Beneficis = 119533.50999999978Movimiento 94 733 Coste(-294.5159999999997) ---> BoarHat@7fb06f5a
Beneficis = 119533.50999999978Movimiento 67 86 Coste(-295.81499999999966) ---> BoarHat@47c35882
Beneficis = 119533.50999999978Movimiento 183 317 Coste(-297.10899999999964) ---> BoarHat@21c7c865
Beneficis = 119533.50999999978Movimiento 48 148 Coste(-298.3989999999997) ---> BoarHat@3e6dcd6c
Beneficis = 119533.50999999978Movimiento 466 540 Coste(-299.6669999999997) ---> BoarHat@5f6c4da4
Beneficis = 119533.50999999978Movimiento 131 890 Coste(-300.92399999999975) ---> BoarHat@5fbf0885
Beneficis = 119533.50999999978Movimiento 182 332 Coste(-302.1709999999997) ---> BoarHat@204a1d70
Beneficis = 119533.50999999978Movimiento 411 763 Coste(-303.40999999999974) ---> BoarHat@237d54fb
Beneficis = 119533.50999999978Movimiento 136 357 Coste(-304.62599999999975) ---> BoarHat@116ee852
Beneficis = 119533.50999999978Movimiento 174 795 Coste(-305.83999999999975) ---> BoarHat@7afbc281
Beneficis = 119533.50999999978Movimiento 713 751 Coste(-307.05399999999975) ---> BoarHat@6e5510c7
Beneficis = 119533.50999999978Movimiento 658 961 Coste(-308.26499999999976) ---> BoarHat@473ea3c2
Beneficis = 119533.50999999978Movimiento 481 657 Coste(-309.4709999999998) ---> BoarHat@50416d26
Beneficis = 119533.50999999978Movimiento 194 749 Coste(-310.6439999999998) ---> BoarHat@46644326
Beneficis = 119533.50999999978Movimiento 242 891 Coste(-312.00999999999976) ---> BoarHat@7845bc81
Beneficis = 119533.50999999978Movimiento 7 416 Coste(-313.34399999999977) ---> BoarHat@401c990c
Beneficis = 119533.50999999978Movimiento 511 645 Coste(-314.4929999999998) ---> BoarHat@5002aceb
Beneficis = 119533.50999999978Movimiento 650 792 Coste(-315.6729999999998) ---> BoarHat@4d867b0f
Beneficis = 119533.50999999978Movimiento 407 472 Coste(-316.8169999999997) ---> BoarHat@600f1577
Beneficis = 119533.50999999978Movimiento 234 291 Coste(-317.9569999999997) ---> BoarHat@413f1f1c
Beneficis = 119533.50999999978Movimiento 78 553 Coste(-319.0949999999997) ---> BoarHat@207230d7
Beneficis = 119533.50999999978Movimiento 309 319 Coste(-320.23299999999966) ---> BoarHat@4084c3b7
Beneficis = 119533.50999999978Movimiento 96 667 Coste(-321.36499999999967) ---> BoarHat@63e3402f
Beneficis = 119533.50999999978Movimiento 364 659 Coste(-322.48799999999966) ---> BoarHat@164735f7
Beneficis = 119533.50999999978Movimiento 427 620 Coste(-323.5999999999997) ---> BoarHat@7bac887e
Beneficis = 119533.50999999978Movimiento 606 648 Coste(-324.70299999999963) ---> BoarHat@4fffec80
Beneficis = 119533.50999999978Movimiento 492 868 Coste(-325.78799999999956) ---> BoarHat@61122054
Beneficis = 119533.50999999978Movimiento 649 736 Coste(-326.8719999999996) ---> BoarHat@1143419d
Beneficis = 119533.50999999978Movimiento 852 926 Coste(-327.9559999999996) ---> BoarHat@7ba6cfe
Beneficis = 119533.50999999978Movimiento 651 933 Coste(-329.0369999999997) ---> BoarHat@18eefabe
Beneficis = 119533.50999999978Movimiento 752 825 Coste(-330.11799999999965) ---> BoarHat@4a70518f
Beneficis = 119533.50999999978Movimiento 154 255 Coste(-331.19799999999964) ---> BoarHat@120167a8
Beneficis = 119533.50999999978Movimiento 161 315 Coste(-332.27599999999967) ---> BoarHat@61541deb
Beneficis = 119533.50999999978Movimiento 103 563 Coste(-333.3479999999997) ---> BoarHat@4f72b4c2
Beneficis = 119533.50999999978Movimiento 279 968 Coste(-334.41799999999967) ---> BoarHat@404861e1
Beneficis = 119533.50999999978Movimiento 32 351 Coste(-335.4689999999997) ---> BoarHat@4e566a38
Beneficis = 119533.50999999978Movimiento 328 504 Coste(-336.5119999999997) ---> BoarHat@7f704332
Beneficis = 119533.50999999978Movimiento 217 575 Coste(-338.22099999999966) ---> BoarHat@32bc3e1b
Beneficis = 119533.50999999978Movimiento 268 731 Coste(-339.5229999999997) ---> BoarHat@46b3f180
Beneficis = 119533.50999999978Movimiento 82 521 Coste(-340.9969999999997) ---> BoarHat@3e07b8ed
Beneficis = 119533.50999999978Movimiento 92 352 Coste(-342.0389999999997) ---> BoarHat@7010dd29
Beneficis = 119533.50999999978Movimiento 665 707 Coste(-343.08099999999973) ---> BoarHat@12289644
Beneficis = 119533.50999999978Movimiento 72 743 Coste(-344.1169999999997) ---> BoarHat@668dafbc
Beneficis = 119533.50999999978Movimiento 206 436 Coste(-345.1459999999997) ---> BoarHat@4b7e5de0
Beneficis = 119533.50999999978Movimiento 223 802 Coste(-346.1739999999997) ---> BoarHat@7908408e
Beneficis = 119533.50999999978Movimiento 4 415 Coste(-347.1929999999997) ---> BoarHat@51742083
Beneficis = 119533.50999999978Movimiento 252 509 Coste(-348.1999999999997) ---> BoarHat@47bf97fe
Beneficis = 119533.50999999978Movimiento 537 876 Coste(-349.2059999999997) ---> BoarHat@4c4b8b3f
Beneficis = 119533.50999999978Movimiento 230 433 Coste(-350.2099999999997) ---> BoarHat@450eb8f5
Beneficis = 119533.50999999978Movimiento 345 734 Coste(-351.21199999999965) ---> BoarHat@71e51f6c
Beneficis = 119533.50999999978Movimiento 208 491 Coste(-352.18699999999967) ---> BoarHat@6f667280
Beneficis = 119533.50999999978Movimiento 367 9 Coste(-353.1609999999997) ---> BoarHat@5e1380d5
Beneficis = 119533.50999999978Movimiento 24 224 Coste(-354.2049999999997) ---> BoarHat@3c45900
Beneficis = 119533.50999999978Movimiento 429 816 Coste(-355.17499999999967) ---> BoarHat@124be61d
Beneficis = 119533.50999999978Movimiento 364 741 Coste(-356.1279999999997) ---> BoarHat@1355eac1
Beneficis = 119533.50999999978Movimiento 14 231 Coste(-357.0799999999996) ---> BoarHat@45411b2a
Beneficis = 119533.50999999978Movimiento 52 922 Coste(-358.02799999999957) ---> BoarHat@35a4e039
Beneficis = 119533.50999999978Movimiento 397 420 Coste(-358.96799999999956) ---> BoarHat@46d0ceae
Beneficis = 119533.50999999978Movimiento 164 644 Coste(-359.9049999999996) ---> BoarHat@1b59c35b
Beneficis = 119533.50999999978Movimiento 370 975 Coste(-360.8399999999996) ---> BoarHat@5cd4ffb5
Beneficis = 119533.50999999978Movimiento 138 497 Coste(-361.7739999999996) ---> BoarHat@11203f25
Beneficis = 119533.50999999978Movimiento 11 680 Coste(-362.80599999999964) ---> BoarHat@64f1f356
Beneficis = 119533.50999999978Movimiento 579 815 Coste(-363.71899999999965) ---> BoarHat@282a0786
Beneficis = 119533.50999999978Movimiento 292 978 Coste(-364.62299999999965) ---> BoarHat@7570c547
Beneficis = 119533.50999999978Movimiento 873 965 Coste(-365.50999999999965) ---> BoarHat@122ae610
Beneficis = 119533.50999999978Movimiento 64 200 Coste(-366.3909999999996) ---> BoarHat@49fcd776
Beneficis = 119533.50999999978Movimiento 280 477 Coste(-367.2689999999996) ---> BoarHat@28eeb7cb
Beneficis = 119533.50999999978Movimiento 757 984 Coste(-368.1449999999996) ---> BoarHat@70a136af
Beneficis = 119533.50999999978Movimiento 0 192 Coste(-369.0169999999996) ---> BoarHat@614b5f2
Beneficis = 119533.50999999978Movimiento 353 700 Coste(-369.88299999999964) ---> BoarHat@6e29ebd8
Beneficis = 119533.50999999978Movimiento 243 297 Coste(-370.74399999999963) ---> BoarHat@c93949d
Beneficis = 119533.50999999978Movimiento 834 997 Coste(-371.59599999999966) ---> BoarHat@4eecd1be
Beneficis = 119533.50999999978Movimiento 143 205 Coste(-372.44499999999965) ---> BoarHat@3a5b3387
Beneficis = 119533.50999999978Movimiento 144 438 Coste(-373.54199999999963) ---> BoarHat@4553faaf
Beneficis = 119533.50999999978Movimiento 143 379 Coste(-374.4819999999996) ---> BoarHat@4967529c
Beneficis = 119533.50999999978Movimiento 402 829 Coste(-375.33099999999956) ---> BoarHat@5b552e72
Beneficis = 119533.50999999978Movimiento 441 489 Coste(-376.1789999999996) ---> BoarHat@38ce0ab7
Beneficis = 119533.50999999978Movimiento 725 923 Coste(-377.2019999999996) ---> BoarHat@5784137c
Beneficis = 119533.50999999978Movimiento 185 859 Coste(-378.0439999999996) ---> BoarHat@6e52f6fc
Beneficis = 119533.50999999978Movimiento 533 936 Coste(-378.88599999999957) ---> BoarHat@14fca6aa
Beneficis = 119533.50999999978Movimiento 196 222 Coste(-379.71399999999954) ---> BoarHat@3bbf0a52
Beneficis = 119533.50999999978Movimiento 356 972 Coste(-380.5329999999996) ---> BoarHat@28d83db8
Beneficis = 119533.50999999978Movimiento 824 952 Coste(-384.5819999999996) ---> BoarHat@333e27a8
Beneficis = 119533.50999999978Movimiento 880 920 Coste(-385.3929999999996) ---> BoarHat@5c3d622b
Beneficis = 119533.50999999978Movimiento 8 490 Coste(-386.1789999999996) ---> BoarHat@13d5fb60
Beneficis = 119533.50999999978Movimiento 254 893 Coste(-386.96399999999954) ---> BoarHat@4b6002c2
Beneficis = 119533.50999999978Movimiento 53 55 Coste(-387.7319999999996) ---> BoarHat@432d2b51
Beneficis = 119533.50999999978Movimiento 247 295 Coste(-388.4989999999996) ---> BoarHat@555b9644
Beneficis = 119533.50999999978Movimiento 306 801 Coste(-389.2629999999996) ---> BoarHat@71c83c37
Beneficis = 119533.50999999978Movimiento 218 258 Coste(-390.0249999999996) ---> BoarHat@23e6cc1c
Beneficis = 119533.50999999978Movimiento 462 613 Coste(-390.7809999999996) ---> BoarHat@6fe72b7f
Beneficis = 119533.50999999978Movimiento 108 456 Coste(-391.5319999999996) ---> BoarHat@3cc3a208
Beneficis = 119533.50999999978Movimiento 330 856 Coste(-392.2739999999996) ---> BoarHat@6088c35e
Beneficis = 119533.50999999978Movimiento 99 318 Coste(-393.0109999999996) ---> BoarHat@16215e8e
Beneficis = 119533.50999999978Movimiento 430 653 Coste(-393.7309999999996) ---> BoarHat@2619c312
Beneficis = 119533.50999999978Movimiento 263 523 Coste(-394.44999999999953) ---> BoarHat@3260026a
Beneficis = 119533.50999999978Movimiento 669 823 Coste(-395.1659999999996) ---> BoarHat@3805e432
Beneficis = 119533.50999999978Movimiento 531 955 Coste(-395.87999999999954) ---> BoarHat@1c897626
Beneficis = 119533.50999999978Movimiento 54 298 Coste(-396.5919999999996) ---> BoarHat@599b02f2
Beneficis = 119533.50999999978Movimiento 483 683 Coste(-397.2959999999996) ---> BoarHat@50b713fb
Beneficis = 119533.50999999978Movimiento 191 412 Coste(-397.9959999999996) ---> BoarHat@5f57a301
Beneficis = 119533.50999999978Movimiento 568 958 Coste(-398.6959999999996) ---> BoarHat@3464d09
Beneficis = 119533.50999999978Movimiento 193 347 Coste(-399.3899999999996) ---> BoarHat@7222950d
Beneficis = 119533.50999999978Movimiento 188 897 Coste(-400.0809999999996) ---> BoarHat@1ad6190b
Beneficis = 119533.50999999978Movimiento 337 838 Coste(-400.7639999999996) ---> BoarHat@4db2eefd
Beneficis = 119533.50999999978Movimiento 496 720 Coste(-401.4399999999996) ---> BoarHat@5a5dee37
Beneficis = 119533.50999999978Movimiento 934 979 Coste(-402.0979999999996) ---> BoarHat@11956150
Beneficis = 119533.50999999978Movimiento 50 878 Coste(-402.7489999999996) ---> BoarHat@139a3e85
Beneficis = 119533.50999999978Movimiento 190 444 Coste(-403.39999999999964) ---> BoarHat@3d7072fe
Beneficis = 119533.50999999978Movimiento 369 894 Coste(-404.0439999999996) ---> BoarHat@7820c431
Beneficis = 119533.50999999978Movimiento 125 377 Coste(-404.68299999999965) ---> BoarHat@3d0f28f6
Beneficis = 119533.50999999978Movimiento 714 762 Coste(-405.32199999999966) ---> BoarHat@2031c41b
Beneficis = 119533.50999999978Movimiento 201 684 Coste(-405.9569999999997) ---> BoarHat@2d78d31b
Beneficis = 119533.50999999978Movimiento 241 788 Coste(-406.5919999999997) ---> BoarHat@2b5bdd1e
Beneficis = 119533.50999999978Movimiento 454 770 Coste(-407.22599999999966) ---> BoarHat@2dd265f1
Beneficis = 119533.50999999978Movimiento 535 694 Coste(-407.85199999999963) ---> BoarHat@420da673
Beneficis = 119533.50999999978Movimiento 105 295 Coste(-408.47699999999963) ---> BoarHat@24a07dc4
Beneficis = 119533.50999999978Movimiento 31 409 Coste(-409.0889999999996) ---> BoarHat@e1c1baa
Beneficis = 119533.50999999978Movimiento 499 550 Coste(-409.6909999999996) ---> BoarHat@2e84b3eb
Beneficis = 119533.50999999978Movimiento 548 784 Coste(-410.2919999999996) ---> BoarHat@751afaaf
Beneficis = 119533.50999999978Movimiento 36 598 Coste(-410.88999999999953) ---> BoarHat@2608404b
Beneficis = 119533.50999999978Movimiento 229 689 Coste(-411.48599999999954) ---> BoarHat@1738e48
Beneficis = 119533.50999999978Movimiento 410 967 Coste(-412.0789999999995) ---> BoarHat@3da782d6
Beneficis = 119533.50999999978Movimiento 203 885 Coste(-412.66599999999954) ---> BoarHat@41b75909
Beneficis = 119533.50999999978Movimiento 61 434 Coste(-413.24299999999954) ---> BoarHat@31da955e
Beneficis = 119533.50999999978Movimiento 835 7 Coste(-413.81699999999955) ---> BoarHat@187fef14
Beneficis = 119533.50999999978Movimiento 37 754 Coste(-414.38399999999956) ---> BoarHat@5f0f512f
Beneficis = 119533.50999999978Movimiento 633 39 Coste(-414.9479999999996) ---> BoarHat@67ef9588
Beneficis = 119533.50999999978Movimiento 31 9 Coste(-415.51199999999955) ---> BoarHat@5543d29c
Beneficis = 119533.50999999978Movimiento 470 758 Coste(-416.0729999999995) ---> BoarHat@3603b63b
Beneficis = 119533.50999999978Movimiento 79 148 Coste(-416.62199999999956) ---> BoarHat@2043cc02
Beneficis = 119533.50999999978Movimiento 66 988 Coste(-417.1699999999996) ---> BoarHat@599760b2
Beneficis = 119533.50999999978Movimiento 274 343 Coste(-417.7119999999996) ---> BoarHat@7e77e385
Beneficis = 119533.50999999978Movimiento 149 498 Coste(-418.25299999999964) ---> BoarHat@3a7a004f
Beneficis = 119533.50999999978Movimiento 236 841 Coste(-418.7899999999997) ---> BoarHat@11d0337
Beneficis = 119533.50999999978Movimiento 685 963 Coste(-419.31699999999967) ---> BoarHat@62f09808
Beneficis = 119533.50999999978Movimiento 357 538 Coste(-419.8419999999997) ---> BoarHat@617389c4
Beneficis = 119533.50999999978Movimiento 267 308 Coste(-420.3649999999997) ---> BoarHat@7cb2203e
Beneficis = 119533.50999999978Movimiento 9 888 Coste(-420.9279999999997) ---> BoarHat@209bb50e
Beneficis = 119533.50999999978Movimiento 28 220 Coste(-421.4509999999996) ---> BoarHat@2f8ef056
Beneficis = 119533.50999999978Movimiento 597 854 Coste(-421.9699999999997) ---> BoarHat@20ad6f05
Beneficis = 119533.50999999978Movimiento 11 210 Coste(-422.4779999999996) ---> BoarHat@21c27c4b
Beneficis = 119533.50999999978Movimiento 628 871 Coste(-422.9789999999996) ---> BoarHat@781d9ae4
Beneficis = 119533.50999999978Movimiento 437 31 Coste(-423.4759999999997) ---> BoarHat@d94d197
Beneficis = 119533.50999999978Movimiento 51 463 Coste(-427.2739999999997) ---> BoarHat@24f41a58
Beneficis = 119533.50999999978Movimiento 183 301 Coste(-427.76399999999967) ---> BoarHat@55d63539
Beneficis = 119533.50999999978Movimiento 290 29 Coste(-428.25299999999964) ---> BoarHat@71e1a7ec
Beneficis = 119533.50999999978Movimiento 172 23 Coste(-428.7389999999997) ---> BoarHat@466df2aa
Beneficis = 119533.50999999978Movimiento 262 960 Coste(-429.22399999999965) ---> BoarHat@84503a
Beneficis = 119533.50999999978Movimiento 571 647 Coste(-429.7079999999997) ---> BoarHat@153cbe6d
Beneficis = 119533.50999999978Movimiento 682 734 Coste(-430.19099999999963) ---> BoarHat@46f08d47
Beneficis = 119533.50999999978Movimiento 20 28 Coste(-430.6729999999996) ---> BoarHat@6ee1da4a
Beneficis = 119533.50999999978Movimiento 177 282 Coste(-431.14899999999966) ---> BoarHat@6daa6626
Beneficis = 119533.50999999978Movimiento 149 371 Coste(-431.6179999999997) ---> BoarHat@439c90b7
Beneficis = 119533.50999999978Movimiento 137 497 Coste(-432.0859999999996) ---> BoarHat@76ff8767
Beneficis = 119533.50999999978Movimiento 88 676 Coste(-432.54199999999963) ---> BoarHat@adc18da
Beneficis = 119533.50999999978Movimiento 89 698 Coste(-432.99799999999965) ---> BoarHat@5465ae8d
Beneficis = 119533.50999999978Movimiento 378 5 Coste(-433.45399999999967) ---> BoarHat@78db90de
Beneficis = 119533.50999999978Movimiento 74 385 Coste(-433.90699999999964) ---> BoarHat@6f5fe5a3
Beneficis = 119533.50999999978Movimiento 396 672 Coste(-434.3549999999996) ---> BoarHat@1459fb31
Beneficis = 119533.50999999978Movimiento 813 20 Coste(-435.2789999999996) ---> BoarHat@4d15de7c
Beneficis = 119533.50999999978Movimiento 12 609 Coste(-435.71899999999954) ---> BoarHat@556c03c4
Beneficis = 119533.50999999978Movimiento 178 299 Coste(-436.1539999999996) ---> BoarHat@4159160f
Beneficis = 119533.50999999978Movimiento 166 417 Coste(-436.58599999999956) ---> BoarHat@6ec4a1f8
Beneficis = 119533.50999999978Movimiento 102 729 Coste(-437.0169999999995) ---> BoarHat@674592b3
Beneficis = 119533.50999999978Movimiento 165 399 Coste(-437.44599999999946) ---> BoarHat@709e4e37
Beneficis = 119533.50999999978Movimiento 248 372 Coste(-437.8629999999995) ---> BoarHat@4c23d5b0
Beneficis = 119533.50999999978Movimiento 213 610 Coste(-438.2749999999995) ---> BoarHat@52b250a9
Beneficis = 119533.50999999978Movimiento 270 36 Coste(-438.6789999999995) ---> BoarHat@55e4bdef
Beneficis = 119533.50999999978Movimiento 928 14 Coste(-439.0829999999995) ---> BoarHat@741074c4
Beneficis = 119533.50999999978Movimiento 860 26 Coste(-439.4829999999996) ---> BoarHat@7de4c08f
Beneficis = 119533.50999999978Movimiento 500 14 Coste(-439.8789999999997) ---> BoarHat@3923bac9
Beneficis = 119533.50999999978Movimiento 44 17 Coste(-440.2719999999996) ---> BoarHat@7a10506
Beneficis = 119533.50999999978Movimiento 111 986 Coste(-440.65799999999956) ---> BoarHat@4962edd0
Beneficis = 119533.50999999978Movimiento 602 848 Coste(-441.03899999999953) ---> BoarHat@4a0104eb
Beneficis = 119533.50999999978Movimiento 162 681 Coste(-441.4149999999996) ---> BoarHat@62971999
Beneficis = 119533.50999999978Movimiento 949 25 Coste(-441.7869999999996) ---> BoarHat@4bd3aade
Beneficis = 119533.50999999978Movimiento 355 28 Coste(-442.1569999999997) ---> BoarHat@5333b90b
Beneficis = 119533.50999999978Movimiento 241 673 Coste(-442.52099999999973) ---> BoarHat@9d91990
Beneficis = 119533.50999999978Movimiento 224 7 Coste(-442.8829999999997) ---> BoarHat@15ff0fd0
Beneficis = 119533.50999999978Movimiento 80 0 Coste(-443.2429999999996) ---> BoarHat@1c591e8f
Beneficis = 119533.50999999978Movimiento 72 948 Coste(-443.5999999999997) ---> BoarHat@46e9108
Beneficis = 119533.50999999978Movimiento 239 325 Coste(-443.94199999999967) ---> BoarHat@27a22c8a
Beneficis = 119533.50999999978Movimiento 466 591 Coste(-444.27899999999966) ---> BoarHat@5709c1e7
Beneficis = 119533.50999999978Movimiento 293 591 Coste(-444.69699999999966) ---> BoarHat@2853e48c
Beneficis = 119533.50999999978Movimiento 429 0 Coste(-445.02999999999975) ---> BoarHat@29ce2a5b
Beneficis = 119533.50999999978Movimiento 392 795 Coste(-445.34799999999973) ---> BoarHat@4eb486f6
Beneficis = 119533.50999999978Movimiento 107 624 Coste(-445.6649999999997) ---> BoarHat@71a495f
Beneficis = 119533.50999999978Movimiento 59 18 Coste(-445.9809999999997) ---> BoarHat@350514b3
Beneficis = 119533.50999999978Movimiento 47 0 Coste(-446.2899999999997) ---> BoarHat@27618d64
Beneficis = 119533.50999999978Movimiento 817 7 Coste(-446.5959999999997) ---> BoarHat@1f5ed6f6
Beneficis = 119533.50999999978Movimiento 169 612 Coste(-446.8949999999997) ---> BoarHat@55a6735f
Beneficis = 119533.50999999978Movimiento 168 639 Coste(-447.1929999999997) ---> BoarHat@184cce6a
Beneficis = 119533.50999999978Movimiento 29 408 Coste(-447.48899999999975) ---> BoarHat@5e19ddd3
Beneficis = 119533.50999999978Movimiento 464 913 Coste(-447.78299999999973) ---> BoarHat@47a28f25
Beneficis = 119533.50999999978Movimiento 35 241 Coste(-448.07599999999974) ---> BoarHat@7cd704ca
Beneficis = 119533.50999999978Movimiento 608 668 Coste(-448.36399999999975) ---> BoarHat@65fad695
Beneficis = 119533.50999999978Movimiento 524 626 Coste(-448.6499999999998) ---> BoarHat@2a67553f
Beneficis = 119533.50999999978Movimiento 155 28 Coste(-448.93599999999975) ---> BoarHat@766ac82b
Beneficis = 119533.50999999978Movimiento 164 767 Coste(-449.21899999999977) ---> BoarHat@51a7887d
Beneficis = 119533.50999999978Movimiento 230 4 Coste(-449.5009999999998) ---> BoarHat@607faa1b
Beneficis = 119533.50999999978Movimiento 773 994 Coste(-449.78299999999973) ---> BoarHat@71c8a301
Beneficis = 119533.50999999978Movimiento 990 29 Coste(-450.06499999999966) ---> BoarHat@7df0add1
Beneficis = 119533.50999999978Movimiento 92 387 Coste(-450.3439999999997) ---> BoarHat@276f76de
Beneficis = 119533.50999999978Movimiento 77 466 Coste(-450.6149999999997) ---> BoarHat@4cc0d365
Beneficis = 119533.50999999978Movimiento 413 687 Coste(-450.88399999999973) ---> BoarHat@76f2a18b
Beneficis = 119533.50999999978Movimiento 136 2 Coste(-451.14799999999974) ---> BoarHat@2b50a071
Beneficis = 119533.50999999978Movimiento 472 12 Coste(-451.40799999999973) ---> BoarHat@5b1b8e25
Beneficis = 119533.50999999978Movimiento 186 29 Coste(-451.66699999999986) ---> BoarHat@4a234d1a
Beneficis = 119533.50999999978Movimiento 811 28 Coste(-451.92199999999985) ---> BoarHat@1a55fcef
Beneficis = 119533.50999999978Movimiento 846 0 Coste(-452.1739999999998) ---> BoarHat@7563aa48
Beneficis = 119533.50999999978Movimiento 925 2 Coste(-452.4239999999998) ---> BoarHat@5493d8a8
Beneficis = 119533.50999999978Movimiento 0 14 Coste(-452.6679999999997) ---> BoarHat@668fe4df
Beneficis = 119533.50999999978Movimiento 824 37 Coste(-452.90899999999976) ---> BoarHat@26cbd3e6
Beneficis = 119533.50999999978Movimiento 941 957 Coste(-453.1469999999998) ---> BoarHat@1f3c8719
Beneficis = 119533.50999999978Movimiento 253 281 Coste(-453.38499999999976) ---> BoarHat@5547b16d
Beneficis = 119533.50999999978Movimiento 6 884 Coste(-453.62199999999984) ---> BoarHat@24e68a17
Beneficis = 119533.50999999978Movimiento 47 780 Coste(-453.85699999999974) ---> BoarHat@294e9685
Beneficis = 119533.50999999978Movimiento 1 987 Coste(-454.0899999999998) ---> BoarHat@6f693983
Beneficis = 119533.50999999978Movimiento 87 37 Coste(-454.3229999999998) ---> BoarHat@7080ab70
Beneficis = 119533.50999999978Movimiento 16 713 Coste(-454.5549999999998) ---> BoarHat@6cbb1446
Beneficis = 119533.50999999978Movimiento 304 526 Coste(-454.7869999999997) ---> BoarHat@7330f636
Beneficis = 119533.50999999978Movimiento 308 423 Coste(-455.01799999999974) ---> BoarHat@56459697
Beneficis = 119533.50999999978Movimiento 209 998 Coste(-455.24899999999974) ---> BoarHat@498d6700
Beneficis = 119533.50999999978Movimiento 525 962 Coste(-455.47999999999973) ---> BoarHat@bb82fa3
Beneficis = 119533.50999999978Movimiento 674 934 Coste(-455.7099999999997) ---> BoarHat@561086ad
Beneficis = 119533.50999999978Movimiento 34 486 Coste(-455.9699999999997) ---> BoarHat@5413680a
Beneficis = 119533.50999999978Movimiento 355 677 Coste(-456.19799999999975) ---> BoarHat@6e2732f0
Beneficis = 119533.50999999978Movimiento 467 989 Coste(-456.4269999999997) ---> BoarHat@1684038a
Beneficis = 119533.50999999978Movimiento 123 322 Coste(-456.6829999999997) ---> BoarHat@51217045
Beneficis = 119533.50999999978Movimiento 322 565 Coste(-456.93899999999974) ---> BoarHat@58f7a087
Beneficis = 119533.50999999978Movimiento 168 0 Coste(-457.16399999999976) ---> BoarHat@be1204d
Beneficis = 119533.50999999978Movimiento 296 7 Coste(-457.3879999999998) ---> BoarHat@1e50df77
Beneficis = 119533.50999999978Movimiento 186 822 Coste(-457.6089999999998) ---> BoarHat@1a4f0291
Beneficis = 119533.50999999978Movimiento 482 30 Coste(-457.8289999999998) ---> BoarHat@71e66122
Beneficis = 119533.50999999978Movimiento 41 251 Coste(-458.0469999999998) ---> BoarHat@58987f7f
Beneficis = 119533.50999999978Movimiento 147 20 Coste(-458.57099999999974) ---> BoarHat@464b8a9e
Beneficis = 119533.50999999978Movimiento 852 14 Coste(-458.78499999999974) ---> BoarHat@36469d66
Beneficis = 119533.50999999978Movimiento 285 980 Coste(-458.9979999999998) ---> BoarHat@43db0f7a
Beneficis = 119533.50999999978Movimiento 619 30 Coste(-459.2109999999998) ---> BoarHat@2270dd2d
Beneficis = 119533.50999999978Movimiento 721 0 Coste(-459.4209999999998) ---> BoarHat@55ee3d32
Beneficis = 119533.50999999978Movimiento 525 700 Coste(-459.6299999999998) ---> BoarHat@1e8b977b
Beneficis = 119533.50999999978Movimiento 307 37 Coste(-459.8349999999998) ---> BoarHat@751a52b9
Beneficis = 119533.50999999978Movimiento 9 13 Coste(-460.0389999999997) ---> BoarHat@4127ff19
Beneficis = 119533.50999999978Movimiento 783 0 Coste(-460.23999999999984) ---> BoarHat@6cbb5131
Beneficis = 119533.50999999978Movimiento 447 5 Coste(-460.43999999999977) ---> BoarHat@341d0388
Beneficis = 119533.50999999978Movimiento 411 864 Coste(-460.6389999999997) ---> BoarHat@22b33d95
Beneficis = 119533.50999999978Movimiento 395 967 Coste(-460.83699999999976) ---> BoarHat@7d21508b
Beneficis = 119533.50999999978Movimiento 206 28 Coste(-461.03199999999975) ---> BoarHat@3e9f7b8a
Beneficis = 119533.50999999978Movimiento 373 0 Coste(-461.2219999999997) ---> BoarHat@3d40ddb
Beneficis = 119533.50999999978Movimiento 395 4 Coste(-461.6019999999997) ---> BoarHat@1273e1f1
Beneficis = 119533.50999999978Movimiento 238 7 Coste(-461.79099999999977) ---> BoarHat@21822f45
Beneficis = 119533.50999999978Movimiento 311 2 Coste(-461.9799999999998) ---> BoarHat@7689674f
Beneficis = 119533.50999999978Movimiento 330 38 Coste(-462.1659999999998) ---> BoarHat@5c2bf731
Beneficis = 119533.50999999978Movimiento 36 7 Coste(-462.34199999999976) ---> BoarHat@48ec93c6
Beneficis = 119533.50999999978Movimiento 629 35 Coste(-462.5149999999998) ---> BoarHat@4cf4943a
Beneficis = 119533.50999999978Movimiento 805 14 Coste(-462.68599999999986) ---> BoarHat@20dca84
Beneficis = 119533.50999999978Movimiento 478 534 Coste(-462.8549999999998) ---> BoarHat@37d64b10
Beneficis = 119533.50999999978Movimiento 206 226 Coste(-463.0219999999999) ---> BoarHat@6895954
Beneficis = 119533.50999999978Movimiento 313 815 Coste(-463.1849999999999) ---> BoarHat@1b67f66a
Beneficis = 119533.50999999978Movimiento 740 30 Coste(-463.3469999999998) ---> BoarHat@441d5174
Beneficis = 119533.50999999978Movimiento 440 7 Coste(-463.5009999999998) ---> BoarHat@2ccc710c
Beneficis = 119533.50999999978Movimiento 225 0 Coste(-463.64799999999985) ---> BoarHat@6f3f988c
Beneficis = 119533.50999999978Movimiento 143 2 Coste(-463.8179999999998) ---> BoarHat@4df09b3d
Beneficis = 119533.50999999978Movimiento 68 34 Coste(-463.9579999999998) ---> BoarHat@2e06a16c
Beneficis = 119533.50999999978Movimiento 524 19 Coste(-464.09699999999975) ---> BoarHat@7d259661
Beneficis = 119533.50999999978Movimiento 216 0 Coste(-464.2339999999998) ---> BoarHat@33d1ae81
Beneficis = 119533.50999999978Movimiento 220 6 Coste(-464.38699999999983) ---> BoarHat@70f2adaa
Beneficis = 119533.50999999978Movimiento 688 30 Coste(-464.5239999999999) ---> BoarHat@1fafb1bb
Beneficis = 119533.50999999978Movimiento 491 7 Coste(-464.6569999999998) ---> BoarHat@550c1191
Beneficis = 119533.50999999978Movimiento 411 19 Coste(-464.7879999999999) ---> BoarHat@2aebee03
Beneficis = 119533.50999999978Movimiento 520 0 Coste(-464.91899999999987) ---> BoarHat@2b5b8a7
Beneficis = 119533.50999999978Movimiento 760 39 Coste(-465.04799999999983) ---> BoarHat@3c567e9c
Beneficis = 119533.50999999978Movimiento 608 35 Coste(-465.1759999999998) ---> BoarHat@5281b734
Beneficis = 119533.50999999978Movimiento 196 0 Coste(-465.30199999999985) ---> BoarHat@7e42cc68
Beneficis = 119533.50999999978Movimiento 759 0 Coste(-465.42699999999985) ---> BoarHat@30dd0865
Beneficis = 119533.50999999978Movimiento 231 19 Coste(-465.5509999999998) ---> BoarHat@33730005
Beneficis = 119533.50999999978Movimiento 200 547 Coste(-465.6729999999998) ---> BoarHat@cec2ec8
Beneficis = 119533.50999999978Movimiento 16 35 Coste(-465.8149999999998) ---> BoarHat@7aabc087
Beneficis = 119533.50999999978Movimiento 380 0 Coste(-465.9329999999998) ---> BoarHat@3f2c99a
Beneficis = 119533.50999999978Movimiento 413 4 Coste(-466.17699999999985) ---> BoarHat@1af8fd96
Beneficis = 119533.50999999978Movimiento 936 7 Coste(-466.28499999999985) ---> BoarHat@498ab796
Beneficis = 119533.50999999978Movimiento 227 479 Coste(-466.3919999999999) ---> BoarHat@41df7098
Beneficis = 119533.50999999978Movimiento 728 2 Coste(-466.60699999999986) ---> BoarHat@6251a600
Beneficis = 119533.50999999978Movimiento 74 13 Coste(-466.71299999999985) ---> BoarHat@73fcf091
Beneficis = 119533.50999999978Movimiento 871 29 Coste(-466.81699999999984) ---> BoarHat@5c233706
Beneficis = 119533.50999999978Movimiento 918 0 Coste(-466.91699999999986) ---> BoarHat@5f3d142d
Beneficis = 119533.50999999978Movimiento 7 7 Coste(-466.9169999999999) ---> BoarHat@48fd6a5e
Beneficis = 119533.50999999978Movimiento 18 11 Coste(-466.917) ---> BoarHat@4ff0e1a2
Beneficis = 119533.50999999978Movimiento 175 378 Coste(-466.91700000000003) ---> BoarHat@5ff23cb3
Beneficis = 119533.50999999978Movimiento 13 574 Coste(-467.18499999999995) ---> BoarHat@4b8910e7
Beneficis = 119533.50999999978Movimiento 86 32 Coste(-467.18500000000006) ---> BoarHat@37c38ab7
nodesExpanded : 661
Temps SolIni = 10 Tiempo HC = 303317 Tiempo SA = 0
