Central 0: [32m75[0m Produccio: [35m559.67[0m Usada: [31m555.8839999999999[0m
Central 1: [32m58[0m Produccio: [35m364.0[0m Usada: [31m348.1020000000001[0m
Central 2: [32m83[0m Produccio: [35m689.99[0m Usada: [31m663.8830000000003[0m
Central 3: [32m47[0m Produccio: [35m357.82[0m Usada: [31m356.539[0m
Central 4: [32m69[0m Produccio: [35m561.31[0m Usada: [31m535.2080000000001[0m
Central 5: [32m31[0m Produccio: [35m184.22[0m Usada: [31m183.95300000000003[0m
Central 6: [32m36[0m Produccio: [35m231.4[0m Usada: [31m230.616[0m
Central 7: [32m41[0m Produccio: [35m220.59[0m Usada: [31m219.77400000000003[0m
Central 8: [32m21[0m Produccio: [35m120.31[0m Usada: [31m119.104[0m
Central 9: [32m35[0m Produccio: [35m219.77[0m Usada: [31m219.257[0m
Central 10: [32m23[0m Produccio: [35m168.29[0m Usada: [31m168.01999999999998[0m
Central 11: [32m22[0m Produccio: [35m128.62[0m Usada: [31m128.226[0m
Central 12: [32m19[0m Produccio: [35m170.46[0m Usada: [31m168.24300000000002[0m
Central 13: [32m23[0m Produccio: [35m173.9[0m Usada: [31m173.23499999999999[0m
Central 14: [32m22[0m Produccio: [35m146.77[0m Usada: [31m146.71599999999998[0m
Central 15: [32m4[0m Produccio: [35m44.76[0m Usada: [31m44.746[0m
Central 16: [32m4[0m Produccio: [35m18.92[0m Usada: [31m18.034[0m
Central 17: [32m7[0m Produccio: [35m52.64[0m Usada: [31m52.241[0m
Central 18: [32m7[0m Produccio: [35m44.36[0m Usada: [31m43.257000000000005[0m
Central 19: [32m11[0m Produccio: [35m82.43[0m Usada: [31m81.38900000000001[0m
Central 20: [32m12[0m Produccio: [35m73.41[0m Usada: [31m73.159[0m
Central 21: [32m4[0m Produccio: [35m24.65[0m Usada: [31m23.226[0m
Central 22: [32m3[0m Produccio: [35m30.64[0m Usada: [31m29.604[0m
Central 23: [32m4[0m Produccio: [35m34.83[0m Usada: [31m34.446[0m
Central 24: [32m5[0m Produccio: [35m26.34[0m Usada: [31m26.024000000000004[0m
Central 25: [32m6[0m Produccio: [35m84.26[0m Usada: [31m82.46199999999999[0m
Central 26: [32m9[0m Produccio: [35m76.46[0m Usada: [31m74.326[0m
Central 27: [32m7[0m Produccio: [35m43.25[0m Usada: [31m42.7[0m
Central 28: [32m11[0m Produccio: [35m87.54[0m Usada: [31m87.444[0m
Central 29: [32m5[0m Produccio: [35m17.13[0m Usada: [31m16.406000000000002[0m
Central 30: [32m7[0m Produccio: [35m54.03[0m Usada: [31m53.451[0m
Central 31: [32m11[0m Produccio: [35m52.99[0m Usada: [31m52.939[0m
Central 32: [32m10[0m Produccio: [35m50.64[0m Usada: [31m50.332[0m
Central 33: [32m8[0m Produccio: [35m30.21[0m Usada: [31m29.960999999999995[0m
Central 34: [32m5[0m Produccio: [35m50.45[0m Usada: [31m48.92399999999999[0m
Central 35: [32m8[0m Produccio: [35m41.06[0m Usada: [31m40.891999999999996[0m
Central 36: [32m10[0m Produccio: [35m50.11[0m Usada: [31m49.543[0m
Central 37: [32m5[0m Produccio: [35m28.76[0m Usada: [31m26.906000000000002[0m
Central 38: [32m13[0m Produccio: [35m87.21[0m Usada: [31m86.61999999999999[0m
Central 39: [32m14[0m Produccio: [35m98.85[0m Usada: [31m98.57[0m
Central NONE: [32m0[0m
Central NONE: [32m205[0m
Beneficis = 83418.00999999986Clients No assignats = 205 Centrals Tancades 0

TSP HillClimbing  -->

Beneficis = 83468.50999999986Movimiento 440 1 Coste(20302.322) ---> BoarHat@411e567e
Beneficis = 83520.50999999986Movimiento 491 12 Coste(20203.362) ---> BoarHat@19c1b812
Beneficis = 83573.50999999986Movimiento 846 26 Coste(20104.422) ---> BoarHat@5d4ebe65
Beneficis = 83626.50999999986Movimiento 284 0 Coste(20005.588) ---> BoarHat@36429305
Beneficis = 83685.00999999986Movimiento 397 8 Coste(19906.758) ---> BoarHat@5bf76cc0
Beneficis = 83739.00999999986Movimiento 560 1 Coste(19807.946) ---> BoarHat@126f9da8
Beneficis = 83794.00999999986Movimiento 330 25 Coste(19709.156) ---> BoarHat@3f72ade5
Beneficis = 83845.50999999986Movimiento 578 0 Coste(19610.392) ---> BoarHat@657f2f89
Beneficis = 83902.00999999986Movimiento 322 3 Coste(19511.635000000002) ---> BoarHat@42e40fb5
Beneficis = 83965.50999999986Movimiento 743 0 Coste(19412.905) ---> BoarHat@7a5baa2e
Beneficis = 84029.50999999986Movimiento 557 1 Coste(19314.185) ---> BoarHat@47cf86ed
Beneficis = 84094.00999999986Movimiento 676 1 Coste(19215.475000000002) ---> BoarHat@49ea6f2c
Beneficis = 84148.50999999986Movimiento 772 21 Coste(19116.783) ---> BoarHat@1ad3b4d6
Beneficis = 84214.00999999986Movimiento 529 4 Coste(19018.093) ---> BoarHat@5c288dfd
Beneficis = 84276.00999999986Movimiento 262 37 Coste(18919.457000000002) ---> BoarHat@5a0a0584
Beneficis = 84334.00999999986Movimiento 300 1 Coste(18820.849000000002) ---> BoarHat@11156a84
Beneficis = 84402.00999999986Movimiento 710 1 Coste(18722.345) ---> BoarHat@6a8722f0
Beneficis = 84477.00999999986Movimiento 416 34 Coste(18623.845) ---> BoarHat@64cce1eb
Beneficis = 84546.00999999986Movimiento 323 2 Coste(18525.363) ---> BoarHat@3b67b80a
Beneficis = 84615.50999999986Movimiento 287 1 Coste(18426.892) ---> BoarHat@533480e3
Beneficis = 84681.00999999986Movimiento 711 1 Coste(18328.464) ---> BoarHat@abde775
Beneficis = 84754.50999999986Movimiento 352 1 Coste(18230.081000000002) ---> BoarHat@4cb8f729
Beneficis = 84822.50999999986Movimiento 632 4 Coste(18131.713) ---> BoarHat@5ef4b398
Beneficis = 84893.00999999986Movimiento 624 4 Coste(18033.405) ---> BoarHat@5c3676a3
Beneficis = 84966.50999999986Movimiento 501 4 Coste(17935.169) ---> BoarHat@503e09d1
Beneficis = 85040.00999999986Movimiento 907 4 Coste(17836.933) ---> BoarHat@59fc8f8c
Beneficis = 85121.50999999986Movimiento 379 1 Coste(17738.726) ---> BoarHat@6cab5fa6
Beneficis = 85200.00999999986Movimiento 822 4 Coste(17640.61) ---> BoarHat@13ea35f6
Beneficis = 85267.50999999986Movimiento 928 4 Coste(17542.5) ---> BoarHat@305d01ef
Beneficis = 85354.50999999986Movimiento 997 4 Coste(17444.414) ---> BoarHat@6972d7fe
Beneficis = 85450.50999999986Movimiento 431 2 Coste(17346.334) ---> BoarHat@14868387
Beneficis = 85538.00999999986Movimiento 865 4 Coste(17248.259000000002) ---> BoarHat@29d78d9c
Beneficis = 85626.00999999986Movimiento 797 4 Coste(17150.195) ---> BoarHat@16d8d18f
Beneficis = 85714.50999999986Movimiento 775 4 Coste(17052.142) ---> BoarHat@44976401
Beneficis = 85808.00999999986Movimiento 540 4 Coste(16954.199) ---> BoarHat@11207de8
Beneficis = 85883.50999999986Movimiento 671 2 Coste(16856.313000000002) ---> BoarHat@4e759972
Beneficis = 85950.00999999986Movimiento 795 2 Coste(16758.441) ---> BoarHat@66d43744
Beneficis = 86018.50999999986Movimiento 973 2 Coste(16660.633) ---> BoarHat@5379f46e
Beneficis = 86110.50999999986Movimiento 789 4 Coste(16562.841) ---> BoarHat@11afbb94
Beneficis = 86181.00999999986Movimiento 924 2 Coste(16465.097) ---> BoarHat@7ad11560
Beneficis = 86276.00999999986Movimiento 786 2 Coste(16367.377) ---> BoarHat@23f7c62c
Beneficis = 86383.00999999986Movimiento 375 2 Coste(16269.731) ---> BoarHat@d499a23
Beneficis = 86457.00999999986Movimiento 424 2 Coste(16172.099) ---> BoarHat@3823de3a
Beneficis = 86543.00999999986Movimiento 656 2 Coste(16074.507) ---> BoarHat@c95f00f
Beneficis = 86639.80999999987Movimiento 527 2 Coste(15976.927) ---> BoarHat@f2ab078
Beneficis = 86401.15999999992Movimiento 158 373 Coste(15956.203000000001) ---> BoarHat@571acce5
Beneficis = 86480.65999999992Movimiento 707 4 Coste(15858.429) ---> BoarHat@79e3a17b
Beneficis = 86564.65999999992Movimiento 519 4 Coste(15760.781) ---> BoarHat@4864b53b
Beneficis = 86667.15999999992Movimiento 766 4 Coste(15663.241) ---> BoarHat@26eeaa7f
Beneficis = 86771.65999999992Movimiento 254 4 Coste(15565.749) ---> BoarHat@16c1debd
Beneficis = 86885.65999999992Movimiento 492 4 Coste(15468.257) ---> BoarHat@46d9481d
Beneficis = 86992.15999999992Movimiento 521 4 Coste(15370.813) ---> BoarHat@5fc2e71c
Beneficis = 87109.65999999992Movimiento 753 4 Coste(15273.398000000001) ---> BoarHat@5dbd4c9c
Beneficis = 87203.15999999992Movimiento 981 4 Coste(15176.016) ---> BoarHat@4a03ab5
Beneficis = 87291.15999999992Movimiento 721 4 Coste(15078.656) ---> BoarHat@7adcecae
Beneficis = 86832.0099999999Movimiento 58 385 Coste(15058.459) ---> BoarHat@2a39fb97
Beneficis = 86917.0099999999Movimiento 448 0 Coste(14960.329) ---> BoarHat@200b9438
Beneficis = 87000.5099999999Movimiento 646 0 Coste(14862.333) ---> BoarHat@210647a4
Beneficis = 87088.0099999999Movimiento 718 0 Coste(14764.433) ---> BoarHat@6f3cc085
Beneficis = 87183.5099999999Movimiento 733 0 Coste(14666.534) ---> BoarHat@5a027d14
Beneficis = 87292.0099999999Movimiento 357 0 Coste(14568.704) ---> BoarHat@23df9e95
Beneficis = 87397.0099999999Movimiento 407 0 Coste(14471.014000000001) ---> BoarHat@3f5174b6
Beneficis = 87492.6099999999Movimiento 433 0 Coste(14373.404) ---> BoarHat@8b6e4b3
Beneficis = 87592.6099999999Movimiento 860 0 Coste(14275.804) ---> BoarHat@467f7ca7
Beneficis = 87713.1099999999Movimiento 369 0 Coste(14178.214) ---> BoarHat@68ed9fc4
Beneficis = 87294.85999999993Movimiento 118 344 Coste(14160.034) ---> BoarHat@3395577a
Beneficis = 87413.35999999993Movimiento 956 2 Coste(14062.641) ---> BoarHat@27baac60
Beneficis = 87544.35999999993Movimiento 320 2 Coste(13965.261) ---> BoarHat@2bf214f6
Beneficis = 87631.95999999993Movimiento 905 2 Coste(13867.889000000001) ---> BoarHat@60ce7e03
Beneficis = 87720.35999999993Movimiento 737 2 Coste(13770.541000000001) ---> BoarHat@3121f1d2
Beneficis = 87842.85999999993Movimiento 600 2 Coste(13673.236) ---> BoarHat@538d9492
Beneficis = 87973.85999999993Movimiento 539 2 Coste(13576.118) ---> BoarHat@49394acc
Beneficis = 88098.35999999993Movimiento 675 2 Coste(13479.106) ---> BoarHat@48b55e63
Beneficis = 88098.35999999993Movimiento 16 237 Coste(13461.288) ---> BoarHat@3c52312
Beneficis = 88193.85999999993Movimiento 738 12 Coste(13363.198) ---> BoarHat@1fc1db69
Beneficis = 88285.05999999992Movimiento 579 12 Coste(13265.478000000001) ---> BoarHat@3b520795
Beneficis = 88395.55999999992Movimiento 314 12 Coste(13168.130000000001) ---> BoarHat@1db62c37
Beneficis = 88493.15999999993Movimiento 247 12 Coste(13070.814) ---> BoarHat@58c11b03
Beneficis = 88583.15999999993Movimiento 871 1 Coste(12973.514000000001) ---> BoarHat@776f1b98
Beneficis = 88683.55999999992Movimiento 904 1 Coste(12876.275) ---> BoarHat@390a6a21
Beneficis = 88800.05999999992Movimiento 720 1 Coste(12779.071) ---> BoarHat@2963aa64
Beneficis = 88800.05999999992Movimiento 562 739 Coste(12761.401) ---> BoarHat@4dfa217f
Beneficis = 88917.05999999992Movimiento 896 12 Coste(12664.209) ---> BoarHat@4b3cd74f
Beneficis = 89036.05999999992Movimiento 278 12 Coste(12567.065) ---> BoarHat@63e51f1c
Beneficis = 89131.65999999993Movimiento 805 12 Coste(12469.933) ---> BoarHat@22e54d47
Beneficis = 89230.05999999992Movimiento 983 12 Coste(12372.885) ---> BoarHat@7002fb99
Beneficis = 89373.55999999992Movimiento 309 2 Coste(12276.042000000001) ---> BoarHat@67d7d3f6
Beneficis = 89480.35999999993Movimiento 609 2 Coste(12179.246000000001) ---> BoarHat@e6275c7
Beneficis = 89480.35999999993Movimiento 317 793 Coste(12161.683) ---> BoarHat@15b0e50c
Beneficis = 89606.85999999993Movimiento 568 39 Coste(12064.213) ---> BoarHat@dd061ad
Beneficis = 89730.35999999993Movimiento 929 4 Coste(11966.93) ---> BoarHat@1c442c43
Beneficis = 89849.35999999993Movimiento 769 39 Coste(11869.786) ---> BoarHat@2514fcc7
Beneficis = 89966.15999999993Movimiento 635 4 Coste(11772.706) ---> BoarHat@2520e92e
Beneficis = 90072.95999999993Movimiento 984 4 Coste(11675.643) ---> BoarHat@47519946
Beneficis = 90222.45999999993Movimiento 823 39 Coste(11578.633) ---> BoarHat@14e29b5e
Beneficis = 90234.90999999995Movimiento 13 682 Coste(11561.733) ---> BoarHat@47cc815
Beneficis = 90369.40999999995Movimiento 428 0 Coste(11464.423) ---> BoarHat@be2cb2f
Beneficis = 90494.40999999995Movimiento 970 0 Coste(11367.423) ---> BoarHat@226f911b
Beneficis = 90595.20999999995Movimiento 324 0 Coste(11270.447) ---> BoarHat@1e97433
Beneficis = 90722.70999999995Movimiento 312 0 Coste(11173.507) ---> BoarHat@30b7518f
Beneficis = 90851.70999999995Movimiento 282 0 Coste(11076.603000000001) ---> BoarHat@2238267
Beneficis = 90851.70999999995Movimiento 186 870 Coste(11060.938) ---> BoarHat@62f2312
Beneficis = 90950.50999999995Movimiento 862 3 Coste(10963.655) ---> BoarHat@6183f994
Beneficis = 91076.50999999995Movimiento 438 3 Coste(10866.427) ---> BoarHat@14b6d849
Beneficis = 91187.70999999995Movimiento 957 30 Coste(10769.485) ---> BoarHat@649518a7
Beneficis = 91306.10999999994Movimiento 903 30 Coste(10672.741) ---> BoarHat@11e9815b
Beneficis = 91306.10999999994Movimiento 27 958 Coste(10657.175000000001) ---> BoarHat@6e889c0b
Beneficis = 91453.60999999994Movimiento 852 20 Coste(10560.125) ---> BoarHat@5262b9a0
Beneficis = 91568.80999999994Movimiento 715 20 Coste(10463.293) ---> BoarHat@6d7174b1
Beneficis = 91704.80999999994Movimiento 626 20 Coste(10366.557) ---> BoarHat@44f15a7d
Beneficis = 91853.80999999994Movimiento 938 2 Coste(10269.835000000001) ---> BoarHat@15ed7521
Beneficis = 91973.80999999994Movimiento 965 2 Coste(10173.135) ---> BoarHat@38c27277
Beneficis = 91973.80999999994Movimiento 48 175 Coste(10158.153) ---> BoarHat@4dcfc8bc
Beneficis = 92089.80999999994Movimiento 799 0 Coste(10061.343) ---> BoarHat@5c41288b
Beneficis = 92235.80999999994Movimiento 298 18 Coste(9964.847) ---> BoarHat@2721d48a
Beneficis = 92353.80999999994Movimiento 515 18 Coste(9868.387) ---> BoarHat@459c5576
Beneficis = 92501.80999999994Movimiento 606 18 Coste(9771.939) ---> BoarHat@44582885
Beneficis = 92501.80999999994Movimiento 582 806 Coste(9757.08) ---> BoarHat@9202542
Beneficis = 92625.00999999994Movimiento 684 2 Coste(9660.468) ---> BoarHat@cf33100
Beneficis = 92756.20999999993Movimiento 499 12 Coste(9564.076000000001) ---> BoarHat@11a87f4a
Beneficis = 92894.60999999993Movimiento 443 2 Coste(9467.882) ---> BoarHat@5db506df
Beneficis = 93033.60999999993Movimiento 926 2 Coste(9371.774000000001) ---> BoarHat@2c00032d
Beneficis = 93132.1599999999Movimiento 37 830 Coste(9357.809000000001) ---> BoarHat@53d7a1eb
Beneficis = 93272.1599999999Movimiento 398 0 Coste(9261.169) ---> BoarHat@565d57ba
Beneficis = 93397.3599999999Movimiento 463 0 Coste(9164.925000000001) ---> BoarHat@3becb3de
Beneficis = 93552.1599999999Movimiento 665 0 Coste(9068.795) ---> BoarHat@11002e39
Beneficis = 93682.5599999999Movimiento 508 0 Coste(8972.707) ---> BoarHat@2d4d9b82
Beneficis = 93682.5599999999Movimiento 260 569 Coste(8958.942000000001) ---> BoarHat@4492e86b
Beneficis = 93822.1599999999Movimiento 734 26 Coste(8862.432) ---> BoarHat@1838d510
Beneficis = 93954.5599999999Movimiento 773 2 Coste(8766.404) ---> BoarHat@7397cfaf
Beneficis = 94115.7599999999Movimiento 546 2 Coste(8670.434000000001) ---> BoarHat@424f65b4
Beneficis = 94115.7599999999Movimiento 261 558 Coste(8656.677) ---> BoarHat@5514617e
Beneficis = 94228.95999999989Movimiento 851 10 Coste(8559.507) ---> BoarHat@1fb33b44
Beneficis = 94367.45999999989Movimiento 699 10 Coste(8462.554) ---> BoarHat@783bf3fe
Beneficis = 94503.0599999999Movimiento 386 10 Coste(8365.944000000001) ---> BoarHat@37ed69cb
Beneficis = 94651.0599999999Movimiento 900 28 Coste(8270.014000000001) ---> BoarHat@777d7b24
Beneficis = 94651.0599999999Movimiento 486 661 Coste(8256.325) ---> BoarHat@1b56139d
Beneficis = 94794.6599999999Movimiento 677 2 Coste(8160.633000000001) ---> BoarHat@617ec42
Beneficis = 94967.8599999999Movimiento 946 2 Coste(8064.963000000001) ---> BoarHat@21295ebb
Beneficis = 94967.8599999999Movimiento 257 651 Coste(8051.711) ---> BoarHat@261b92eb
Beneficis = 95113.4599999999Movimiento 859 19 Coste(7956.079000000001) ---> BoarHat@193c8229
Beneficis = 95264.25999999991Movimiento 550 5 Coste(7860.603) ---> BoarHat@90d7645
Beneficis = 95264.25999999991Movimiento 605 990 Coste(7848.122) ---> BoarHat@7412c155
Beneficis = 95435.4599999999Movimiento 991 0 Coste(7752.402) ---> BoarHat@76631aa5
Beneficis = 95606.6599999999Movimiento 306 2 Coste(7657.5380000000005) ---> BoarHat@46c8f13c
Beneficis = 95780.25999999991Movimiento 291 2 Coste(7562.746) ---> BoarHat@1ce46a2c
Beneficis = 95780.25999999991Movimiento 181 811 Coste(7551.225) ---> BoarHat@6b9c4535
Beneficis = 95936.6599999999Movimiento 883 25 Coste(7455.526000000001) ---> BoarHat@4d6fef38
Beneficis = 96101.0599999999Movimiento 598 7 Coste(7360.0470000000005) ---> BoarHat@46752720
Beneficis = 96252.80999999992Movimiento 98 808 Coste(7348.839000000001) ---> BoarHat@36a32f5
Beneficis = 96452.00999999992Movimiento 403 2 Coste(7254.317) ---> BoarHat@111569a4
Beneficis = 96642.80999999992Movimiento 587 2 Coste(7160.041) ---> BoarHat@2b41e1a2
Beneficis = 96642.80999999992Movimiento 528 659 Coste(7149.088000000001) ---> BoarHat@38d507b1
Beneficis = 96808.00999999992Movimiento 825 5 Coste(7053.631) ---> BoarHat@6dc2d4b8
Beneficis = 96990.40999999992Movimiento 703 0 Coste(6958.191000000001) ---> BoarHat@78a032e0
Beneficis = 97150.00999999992Movimiento 255 5 Coste(6862.979) ---> BoarHat@1cece622
Beneficis = 97150.00999999992Movimiento 620 741 Coste(6852.035000000001) ---> BoarHat@789c2c4a
Beneficis = 97328.00999999992Movimiento 516 13 Coste(6756.93) ---> BoarHat@68b0ae34
Beneficis = 97328.00999999992Movimiento 86 641 Coste(6745.5650000000005) ---> BoarHat@6c5dd359
Beneficis = 97516.00999999992Movimiento 932 23 Coste(6650.735000000001) ---> BoarHat@3d455152
Beneficis = 97707.60999999993Movimiento 977 23 Coste(6556.004000000001) ---> BoarHat@2ecf9406
Beneficis = 97707.60999999993Movimiento 156 160 Coste(6545.2970000000005) ---> BoarHat@5b10bd45
Beneficis = 97883.20999999993Movimiento 567 2 Coste(6451.443) ---> BoarHat@534290f9
Beneficis = 97883.20999999993Movimiento 193 436 Coste(6437.145) ---> BoarHat@6dfbfcd3
Beneficis = 98061.60999999993Movimiento 826 13 Coste(6342.497) ---> BoarHat@282ba657
Beneficis = 98227.80999999992Movimiento 392 13 Coste(6248.037) ---> BoarHat@65651857
Beneficis = 98415.00999999992Movimiento 858 13 Coste(6153.653) ---> BoarHat@3c1c5a9c
Beneficis = 98415.00999999992Movimiento 76 814 Coste(6142.96) ---> BoarHat@4502eb12
Beneficis = 98576.20999999992Movimiento 485 0 Coste(6047.796) ---> BoarHat@5e2aaebf
Beneficis = 98746.60999999991Movimiento 340 0 Coste(5952.908) ---> BoarHat@76d9d2e2
Beneficis = 98746.60999999991Movimiento 328 444 Coste(5942.626) ---> BoarHat@5b7a7928
Beneficis = 98933.00999999991Movimiento 522 6 Coste(5847.752) ---> BoarHat@2b281bcd
Beneficis = 98933.00999999991Movimiento 701 709 Coste(5837.185) ---> BoarHat@3b7ce2e6
Beneficis = 99115.00999999991Movimiento 425 0 Coste(5742.645) ---> BoarHat@2fb0dc4
Beneficis = 99310.60999999991Movimiento 812 0 Coste(5648.513000000001) ---> BoarHat@79b87e19
Beneficis = 99310.60999999991Movimiento 203 780 Coste(5638.291) ---> BoarHat@cc8abb9
Beneficis = 99508.20999999992Movimiento 422 7 Coste(5543.725) ---> BoarHat@1439cb1
Beneficis = 99508.20999999992Movimiento 459 536 Coste(5533.7210000000005) ---> BoarHat@6ca78180
Beneficis = 99701.80999999992Movimiento 897 10 Coste(5439.045) ---> BoarHat@1a235573
Beneficis = 99701.80999999992Movimiento 259 679 Coste(5429.293000000001) ---> BoarHat@2f233796
Beneficis = 99900.60999999993Movimiento 423 25 Coste(5335.2570000000005) ---> BoarHat@2109c35c
Beneficis = 100109.10999999993Movimiento 472 25 Coste(5242.207) ---> BoarHat@29a16bd3
Beneficis = 100109.10999999993Movimiento 358 602 Coste(5232.455000000001) ---> BoarHat@2ba9452b
Beneficis = 100323.00999999992Movimiento 589 12 Coste(5141.011) ---> BoarHat@2011001d
Beneficis = 100323.00999999992Movimiento 321 758 Coste(5131.34) ---> BoarHat@4ec2df6e
Beneficis = 100485.60999999993Movimiento 648 7 Coste(5037.844) ---> BoarHat@3d8c2825
Beneficis = 100485.60999999993Movimiento 10 998 Coste(5028.374000000001) ---> BoarHat@46b40fca
Beneficis = 100671.90999999993Movimiento 502 8 Coste(4935.826) ---> BoarHat@3764c400
Beneficis = 100671.90999999993Movimiento 662 989 Coste(4926.598000000001) ---> BoarHat@6ee9dad5
Beneficis = 100921.20999999993Movimiento 732 3 Coste(4836.570000000001) ---> BoarHat@7ab38c0c
Beneficis = 100921.20999999993Movimiento 24 638 Coste(4827.543000000001) ---> BoarHat@756cb018
Beneficis = 100921.20999999993Movimiento 3 376 Coste(4818.861000000001) ---> BoarHat@7ea18632
Beneficis = 100921.20999999993Movimiento 434 831 Coste(4810.481000000001) ---> BoarHat@928b684
Beneficis = 101150.70999999993Movimiento 244 2 Coste(4718.896000000001) ---> BoarHat@33afe03f
Beneficis = 101150.70999999993Movimiento 277 497 Coste(4710.924000000001) ---> BoarHat@2f24a073
Beneficis = 101361.30999999994Movimiento 462 0 Coste(4619.348000000001) ---> BoarHat@5cfdd471
Beneficis = 101361.30999999994Movimiento 556 818 Coste(4611.38) ---> BoarHat@583932ff
Beneficis = 101585.10999999994Movimiento 447 4 Coste(4520.332) ---> BoarHat@58077144
Beneficis = 101585.10999999994Movimiento 124 967 Coste(4512.564) ---> BoarHat@3232da36
Beneficis = 101840.70999999995Movimiento 937 2 Coste(4421.936000000001) ---> BoarHat@2362ab50
Beneficis = 101840.70999999995Movimiento 222 604 Coste(4414.566000000001) ---> BoarHat@35333cc5
Beneficis = 101840.70999999995Movimiento 17 912 Coste(4407.3060000000005) ---> BoarHat@7433c6c
Beneficis = 102130.20999999995Movimiento 292 2 Coste(4316.956) ---> BoarHat@7b84d90d
Beneficis = 102130.20999999995Movimiento 144 182 Coste(4309.8460000000005) ---> BoarHat@2138518
Beneficis = 102400.20999999995Movimiento 401 2 Coste(4220.646000000001) ---> BoarHat@4c207286
Beneficis = 102400.20999999995Movimiento 503 706 Coste(4213.702) ---> BoarHat@70b0a10e
Beneficis = 102400.20999999995Movimiento 420 910 Coste(4206.981000000001) ---> BoarHat@5ff2b69b
Beneficis = 102654.00999999995Movimiento 396 4 Coste(4118.825000000001) ---> BoarHat@740f6624
Beneficis = 102654.00999999995Movimiento 29 774 Coste(4112.153) ---> BoarHat@60a6d25f
Beneficis = 102654.00999999995Movimiento 180 334 Coste(4105.463000000001) ---> BoarHat@4c55ded8
Beneficis = 102929.10999999996Movimiento 253 10 Coste(4015.5500000000006) ---> BoarHat@5628a19d
Beneficis = 102929.10999999996Movimiento 152 514 Coste(4008.9920000000006) ---> BoarHat@63af00e5
Beneficis = 102929.10999999996Movimiento 854 953 Coste(4002.4820000000004) ---> BoarHat@5882536f
Beneficis = 102929.10999999996Movimiento 91 140 Coste(3996.0590000000007) ---> BoarHat@41cb5812
Beneficis = 103199.10999999996Movimiento 453 25 Coste(3905.9590000000003) ---> BoarHat@5b4e376e
Beneficis = 103199.10999999996Movimiento 978 994 Coste(3899.6070000000004) ---> BoarHat@5b5576b8
Beneficis = 103199.10999999996Movimiento 695 770 Coste(3893.2740000000003) ---> BoarHat@1af82100
Beneficis = 103199.10999999996Movimiento 605 987 Coste(3887.0140000000006) ---> BoarHat@23efb176
Beneficis = 103564.80999999995Movimiento 13 4 Coste(3799.2040000000006) ---> BoarHat@9511ed8
Beneficis = 103564.80999999995Movimiento 12 371 Coste(3793.1240000000003) ---> BoarHat@ae7700f
Beneficis = 103564.80999999995Movimiento 162 460 Coste(3787.1640000000007) ---> BoarHat@1be78775
Beneficis = 103564.80999999995Movimiento 221 640 Coste(3780.9220000000005) ---> BoarHat@4d5e6045
Beneficis = 103823.40999999996Movimiento 466 26 Coste(3690.4040000000005) ---> BoarHat@534f7985
Beneficis = 103823.40999999996Movimiento 198 843 Coste(3684.6530000000002) ---> BoarHat@4b4ae720
Beneficis = 103823.40999999996Movimiento 92 886 Coste(3679.0230000000006) ---> BoarHat@501e0393
Beneficis = 103823.40999999996Movimiento 55 571 Coste(3673.4830000000006) ---> BoarHat@50cde5cb
Beneficis = 104146.50999999997Movimiento 37 4 Coste(3586.4070000000006) ---> BoarHat@17d4d6c6
Beneficis = 104146.50999999997Movimiento 154 817 Coste(3581.0920000000006) ---> BoarHat@2dc92163
Beneficis = 104146.50999999997Movimiento 248 922 Coste(3575.8340000000003) ---> BoarHat@3e0ab0fc
Beneficis = 104517.00999999997Movimiento 834 2 Coste(3489.4190000000003) ---> BoarHat@2d18103e
Beneficis = 104517.00999999997Movimiento 329 908 Coste(3484.3510000000006) ---> BoarHat@24c410ef
Beneficis = 104857.50999999997Movimiento 867 3 Coste(3396.8360000000002) ---> BoarHat@5fbec40a
Beneficis = 104857.50999999997Movimiento 543 968 Coste(3391.9660000000003) ---> BoarHat@57f5a1f7
Beneficis = 104857.50999999997Movimiento 658 976 Coste(3387.1620000000003) ---> BoarHat@28582743
Beneficis = 105250.50999999997Movimiento 313 1 Coste(3300.2620000000006) ---> BoarHat@7803e4e3
Beneficis = 105250.50999999997Movimiento 374 479 Coste(3295.5140000000006) ---> BoarHat@7b019760
Beneficis = 105250.50999999997Movimiento 74 231 Coste(3290.7830000000004) ---> BoarHat@266e7bad
Beneficis = 105250.50999999997Movimiento 1 219 Coste(3286.1280000000006) ---> BoarHat@1059d5be
Beneficis = 105250.50999999997Movimiento 580 638 Coste(3281.5040000000004) ---> BoarHat@4166feaf
Beneficis = 105250.50999999997Movimiento 475 596 Coste(3276.9000000000005) ---> BoarHat@2117a31c
Beneficis = 105250.50999999997Movimiento 234 367 Coste(3272.3130000000006) ---> BoarHat@1402a342
Beneficis = 105250.50999999997Movimiento 146 305 Coste(3267.7530000000006) ---> BoarHat@377cf521
Beneficis = 105250.50999999997Movimiento 184 951 Coste(3262.7840000000006) ---> BoarHat@65207367
Beneficis = 105673.20999999996Movimiento 729 2 Coste(3178.2830000000004) ---> BoarHat@2e1df97d
Beneficis = 105673.20999999996Movimiento 139 227 Coste(3173.7380000000003) ---> BoarHat@2c716220
Beneficis = 105673.20999999996Movimiento 511 815 Coste(3169.2160000000003) ---> BoarHat@36b56768
Beneficis = 105673.20999999996Movimiento 481 964 Coste(3164.7920000000004) ---> BoarHat@70bcdc4e
Beneficis = 105673.20999999996Movimiento 197 868 Coste(3160.4570000000003) ---> BoarHat@3d4506f9
Beneficis = 105673.20999999996Movimiento 321 887 Coste(3156.1050000000005) ---> BoarHat@f1d7dc6
Beneficis = 106029.60999999996Movimiento 98 7 Coste(3067.9850000000006) ---> BoarHat@2e4a95f0
Beneficis = 106029.60999999996Movimiento 396 415 Coste(3063.7030000000004) ---> BoarHat@6bee268d
Beneficis = 106436.40999999996Movimiento 331 4 Coste(2978.6190000000006) ---> BoarHat@568dd752
Beneficis = 106436.40999999996Movimiento 28 224 Coste(2974.3590000000004) ---> BoarHat@6a3aa2fd
Beneficis = 106436.40999999996Movimiento 112 873 Coste(2970.1310000000003) ---> BoarHat@31d81682
Beneficis = 106436.40999999996Movimiento 356 469 Coste(2965.9970000000003) ---> BoarHat@4e2ed5a8
Beneficis = 106436.40999999996Movimiento 524 948 Coste(2961.7610000000004) ---> BoarHat@78b79417
Beneficis = 106761.00999999997Movimiento 245 4 Coste(2876.9090000000006) ---> BoarHat@1a8f70fa
Beneficis = 106761.00999999997Movimiento 245 725 Coste(2871.0430000000006) ---> BoarHat@528ca57c
Beneficis = 106761.00999999997Movimiento 189 426 Coste(2866.7650000000003) ---> BoarHat@67b768a9
Beneficis = 107068.80999999997Movimiento 945 36 Coste(2779.077) ---> BoarHat@1beb1e7
Beneficis = 107068.80999999997Movimiento 191 217 Coste(2775.0420000000004) ---> BoarHat@2069c241
Beneficis = 107068.80999999997Movimiento 161 719 Coste(2771.1340000000005) ---> BoarHat@350a67d2
Beneficis = 107068.80999999997Movimiento 9 945 Coste(2767.2500000000005) ---> BoarHat@38cd4dc2
Beneficis = 107068.80999999997Movimiento 168 381 Coste(2763.4240000000004) ---> BoarHat@1e134003
Beneficis = 107068.80999999997Movimiento 807 829 Coste(2759.664) ---> BoarHat@3943f7d1
Beneficis = 107068.80999999997Movimiento 267 444 Coste(2755.9310000000005) ---> BoarHat@3cde87f0
Beneficis = 107068.80999999997Movimiento 455 958 Coste(2751.867) ---> BoarHat@167908b3
Beneficis = 107068.80999999997Movimiento 110 661 Coste(2748.166) ---> BoarHat@3f61c164
Beneficis = 107068.80999999997Movimiento 518 962 Coste(2744.6280000000006) ---> BoarHat@68904ed0
Beneficis = 107068.80999999997Movimiento 228 618 Coste(2741.0940000000005) ---> BoarHat@f326ac
Beneficis = 107068.80999999997Movimiento 111 346 Coste(2737.6240000000003) ---> BoarHat@dc11eaa
Beneficis = 107068.80999999997Movimiento 303 573 Coste(2734.1780000000003) ---> BoarHat@48991997
Beneficis = 107068.80999999997Movimiento 288 996 Coste(2730.7550000000006) ---> BoarHat@6918743e
Beneficis = 107068.80999999997Movimiento 200 993 Coste(2727.376) ---> BoarHat@34b89e23
Beneficis = 107068.80999999997Movimiento 151 242 Coste(2724.07) ---> BoarHat@38b6f9a1
Beneficis = 107068.80999999997Movimiento 179 249 Coste(2720.7980000000002) ---> BoarHat@284a3fad
Beneficis = 107068.80999999997Movimiento 237 305 Coste(2717.532) ---> BoarHat@537e5459
Beneficis = 107068.80999999997Movimiento 461 908 Coste(2713.954) ---> BoarHat@6491b4f
Beneficis = 107068.80999999997Movimiento 648 854 Coste(2710.4240000000004) ---> BoarHat@443a7659
Beneficis = 107459.10999999997Movimiento 934 4 Coste(2626.0360000000005) ---> BoarHat@1ef0978c
Beneficis = 107459.10999999997Movimiento 348 934 Coste(2621.4950000000003) ---> BoarHat@106162f3
Beneficis = 107459.10999999997Movimiento 372 712 Coste(2618.021) ---> BoarHat@172b4117
Beneficis = 107459.10999999997Movimiento 380 953 Coste(2614.7570000000005) ---> BoarHat@559d6ee5
Beneficis = 107459.10999999997Movimiento 627 714 Coste(2611.5490000000004) ---> BoarHat@1dffd974
Beneficis = 107459.10999999997Movimiento 5 250 Coste(2608.1970000000006) ---> BoarHat@4b13c58f
Beneficis = 107459.10999999997Movimiento 167 585 Coste(2605.0150000000003) ---> BoarHat@7dfc4264
Beneficis = 107459.10999999997Movimiento 530 778 Coste(2601.838) ---> BoarHat@151cec8f
Beneficis = 107459.10999999997Movimiento 141 264 Coste(2598.7470000000003) ---> BoarHat@74787573
Beneficis = 107459.10999999997Movimiento 891 941 Coste(2595.6900000000005) ---> BoarHat@6888749f
Beneficis = 107459.10999999997Movimiento 261 551 Coste(2592.6620000000003) ---> BoarHat@a4de58f
Beneficis = 107459.10999999997Movimiento 34 476 Coste(2589.6800000000003) ---> BoarHat@680eb321
Beneficis = 107459.10999999997Movimiento 30 301 Coste(2586.7650000000003) ---> BoarHat@577c457
Beneficis = 107459.10999999997Movimiento 215 655 Coste(2583.8510000000006) ---> BoarHat@54ddda50
Beneficis = 107459.10999999997Movimiento 736 762 Coste(2580.956) ---> BoarHat@103685f7
Beneficis = 107459.10999999997Movimiento 131 582 Coste(2578.0730000000003) ---> BoarHat@7bdb2fb6
Beneficis = 107459.10999999997Movimiento 130 538 Coste(2575.2090000000003) ---> BoarHat@54641742
Beneficis = 107459.10999999997Movimiento 59 637 Coste(2572.3650000000002) ---> BoarHat@18ffa0cb
Beneficis = 107459.10999999997Movimiento 181 541 Coste(2569.521) ---> BoarHat@71ad28a0
Beneficis = 107459.10999999997Movimiento 89 493 Coste(2566.6950000000006) ---> BoarHat@efcc001
Beneficis = 107459.10999999997Movimiento 280 290 Coste(2563.8710000000005) ---> BoarHat@d5fd29f
Beneficis = 107459.10999999997Movimiento 631 679 Coste(2561.0580000000004) ---> BoarHat@c9f41d5
Beneficis = 107459.10999999997Movimiento 65 549 Coste(2558.262) ---> BoarHat@ff92c36
Beneficis = 107459.10999999997Movimiento 241 833 Coste(2555.4790000000003) ---> BoarHat@2f93f12a
Beneficis = 107459.10999999997Movimiento 169 814 Coste(2552.6490000000003) ---> BoarHat@e33f741
Beneficis = 107459.10999999997Movimiento 138 427 Coste(2549.8770000000004) ---> BoarHat@2deed734
Beneficis = 107459.10999999997Movimiento 217 466 Coste(2547.1430000000005) ---> BoarHat@17156c22
Beneficis = 107459.10999999997Movimiento 716 794 Coste(2544.4330000000004) ---> BoarHat@1da5144a
Beneficis = 107459.10999999997Movimiento 79 856 Coste(2541.7370000000005) ---> BoarHat@4a5700ee
Beneficis = 107459.10999999997Movimiento 336 783 Coste(2539.0570000000002) ---> BoarHat@1791233d
Beneficis = 107459.10999999997Movimiento 82 266 Coste(2536.387) ---> BoarHat@623057
Beneficis = 107459.10999999997Movimiento 750 967 Coste(2533.7350000000006) ---> BoarHat@2a98a1cf
Beneficis = 107459.10999999997Movimiento 289 580 Coste(2530.7630000000004) ---> BoarHat@79e625c5
Beneficis = 107886.90999999997Movimiento 487 17 Coste(2446.4490000000005) ---> BoarHat@4412d248
Beneficis = 107886.90999999997Movimiento 35 835 Coste(2443.8020000000006) ---> BoarHat@58a0bf34
Beneficis = 107886.90999999997Movimiento 41 921 Coste(2441.1620000000003) ---> BoarHat@4057d3ae
Beneficis = 107886.90999999997Movimiento 14 768 Coste(2438.5460000000003) ---> BoarHat@457c741f
Beneficis = 107886.90999999997Movimiento 502 974 Coste(2435.9610000000002) ---> BoarHat@351bdb0
Beneficis = 108324.90999999997Movimiento 985 4 Coste(2352.021) ---> BoarHat@2cd0a745
Beneficis = 108324.90999999997Movimiento 107 634 Coste(2349.4710000000005) ---> BoarHat@2d25292c
Beneficis = 108324.90999999997Movimiento 220 401 Coste(2346.9350000000004) ---> BoarHat@b7f8622
Beneficis = 108324.90999999997Movimiento 18 612 Coste(2344.4040000000005) ---> BoarHat@d517aa2
Beneficis = 108324.90999999997Movimiento 19 478 Coste(2341.898) ---> BoarHat@43560fb5
Beneficis = 108774.60999999997Movimiento 468 1 Coste(2256.8880000000004) ---> BoarHat@50ceb8b0
Beneficis = 108774.60999999997Movimiento 207 969 Coste(2254.4130000000005) ---> BoarHat@6b90b186
Beneficis = 109141.80999999997Movimiento 577 0 Coste(2167.8770000000004) ---> BoarHat@354bbbc
Beneficis = 109141.80999999997Movimiento 211 471 Coste(2165.405) ---> BoarHat@48214228
Beneficis = 109141.80999999997Movimiento 256 894 Coste(2162.9360000000006) ---> BoarHat@61182a06
Beneficis = 109141.80999999997Movimiento 225 610 Coste(2160.481) ---> BoarHat@4226523f
Beneficis = 109141.80999999997Movimiento 51 704 Coste(2158.0450000000005) ---> BoarHat@73fabbe3
Beneficis = 109141.80999999997Movimiento 205 845 Coste(2155.6430000000005) ---> BoarHat@7fa827a2
Beneficis = 109141.80999999997Movimiento 353 790 Coste(2153.3050000000003) ---> BoarHat@275738f2
Beneficis = 109516.80999999997Movimiento 590 39 Coste(2068.3050000000003) ---> BoarHat@785e0cd9
Beneficis = 109516.80999999997Movimiento 590 604 Coste(2065.8050000000003) ---> BoarHat@6b92b93e
Beneficis = 109516.80999999997Movimiento 90 559 Coste(2063.4760000000006) ---> BoarHat@1482c3d9
Beneficis = 109516.80999999997Movimiento 26 915 Coste(2061.1520000000005) ---> BoarHat@3f973fa8
Beneficis = 109952.40999999997Movimiento 302 19 Coste(1975.6720000000005) ---> BoarHat@5b6a03c3
Beneficis = 109952.40999999997Movimiento 8 88 Coste(1973.3610000000003) ---> BoarHat@33ef396c
Beneficis = 109952.40999999997Movimiento 230 326 Coste(1971.0930000000003) ---> BoarHat@32680df5
Beneficis = 109952.40999999997Movimiento 214 589 Coste(1968.8450000000003) ---> BoarHat@6b61152
Beneficis = 109952.40999999997Movimiento 83 25 Coste(1966.6050000000005) ---> BoarHat@603f6d3b
Beneficis = 109952.40999999997Movimiento 465 647 Coste(1964.3890000000004) ---> BoarHat@270fd80
Beneficis = 110465.40999999997Movimiento 765 2 Coste(1881.4890000000005) ---> BoarHat@73bd153a
Beneficis = 110465.40999999997Movimiento 378 482 Coste(1879.2780000000005) ---> BoarHat@8ec0a1f
Beneficis = 110465.40999999997Movimiento 496 966 Coste(1877.0710000000004) ---> BoarHat@5e9204d2
Beneficis = 110465.40999999997Movimiento 258 892 Coste(1874.8810000000003) ---> BoarHat@769b727d
Beneficis = 110465.40999999997Movimiento 286 910 Coste(1872.7100000000005) ---> BoarHat@15da2dea
Beneficis = 110465.40999999997Movimiento 435 847 Coste(1870.5420000000004) ---> BoarHat@6fe952c3
Beneficis = 110465.40999999997Movimiento 132 570 Coste(1868.3760000000004) ---> BoarHat@305add55
Beneficis = 110465.40999999997Movimiento 87 525 Coste(1866.2380000000005) ---> BoarHat@1ebb556a
Beneficis = 110465.40999999997Movimiento 199 349 Coste(1864.1030000000005) ---> BoarHat@7493dc0c
Beneficis = 110465.40999999997Movimiento 318 849 Coste(1861.9730000000004) ---> BoarHat@4bbd9cf1
Beneficis = 110908.50999999998Movimiento 875 3 Coste(1778.2200000000005) ---> BoarHat@11426b5f
Beneficis = 110908.50999999998Movimiento 673 875 Coste(1776.0990000000004) ---> BoarHat@70a095ba
Beneficis = 110908.50999999998Movimiento 46 763 Coste(1773.9960000000005) ---> BoarHat@7ee888c2
Beneficis = 110908.50999999998Movimiento 497 902 Coste(1771.9040000000005) ---> BoarHat@335d89b1
Beneficis = 111376.20999999998Movimiento 801 4 Coste(1689.0530000000003) ---> BoarHat@add3c16
Beneficis = 111376.20999999998Movimiento 50 149 Coste(1686.9890000000005) ---> BoarHat@73eb5842
Beneficis = 111376.20999999998Movimiento 84 251 Coste(1684.9690000000005) ---> BoarHat@48c353c1
Beneficis = 111376.20999999998Movimiento 218 978 Coste(1681.7510000000004) ---> BoarHat@40f84f54
Beneficis = 111812.70999999998Movimiento 362 1 Coste(1597.7560000000005) ---> BoarHat@181abf49
Beneficis = 111812.70999999998Movimiento 21 971 Coste(1595.7590000000005) ---> BoarHat@6c79cf83
Beneficis = 111812.70999999998Movimiento 37 432 Coste(1593.7680000000005) ---> BoarHat@7cfebe24
Beneficis = 111812.70999999998Movimiento 642 732 Coste(1591.7830000000004) ---> BoarHat@1b325e4b
Beneficis = 111812.70999999998Movimiento 584 770 Coste(1589.8500000000004) ---> BoarHat@1452f735
Beneficis = 112284.30999999998Movimiento 561 4 Coste(1508.7140000000004) ---> BoarHat@1da00c2c
Beneficis = 112284.30999999998Movimiento 127 844 Coste(1506.7900000000004) ---> BoarHat@52b3b848
Beneficis = 112284.30999999998Movimiento 52 204 Coste(1504.8770000000004) ---> BoarHat@4a175f5a
Beneficis = 112284.30999999998Movimiento 29 151 Coste(1502.9730000000004) ---> BoarHat@412bcfa9
Beneficis = 112284.30999999998Movimiento 487 549 Coste(1501.0070000000005) ---> BoarHat@ae00ed7
Beneficis = 112284.30999999998Movimiento 691 727 Coste(1499.1110000000003) ---> BoarHat@263f9c5c
Beneficis = 112664.40999999999Movimiento 776 0 Coste(1413.0480000000005) ---> BoarHat@51f16c09
Beneficis = 112664.40999999999Movimiento 61 705 Coste(1411.1530000000005) ---> BoarHat@1b94e1a9
Beneficis = 112664.40999999999Movimiento 307 889 Coste(1409.2730000000004) ---> BoarHat@654f2287
Beneficis = 112664.40999999999Movimiento 155 853 Coste(1407.3990000000003) ---> BoarHat@522eee5a
Beneficis = 112664.40999999999Movimiento 147 271 Coste(1405.5270000000005) ---> BoarHat@585015
Beneficis = 112664.40999999999Movimiento 832 960 Coste(1403.6580000000004) ---> BoarHat@15d8c160
Beneficis = 112664.40999999999Movimiento 25 614 Coste(1401.7900000000004) ---> BoarHat@fac6b6c
Beneficis = 112664.40999999999Movimiento 178 874 Coste(1399.9240000000004) ---> BoarHat@47d4f0e9
Beneficis = 112664.40999999999Movimiento 171 382 Coste(1398.0640000000005) ---> BoarHat@6001c753
Beneficis = 112664.40999999999Movimiento 294 467 Coste(1396.2200000000005) ---> BoarHat@32446baa
Beneficis = 112664.40999999999Movimiento 263 345 Coste(1394.3770000000004) ---> BoarHat@28c47ab7
Beneficis = 112664.40999999999Movimiento 308 563 Coste(1392.5410000000004) ---> BoarHat@5b52d82e
Beneficis = 112664.40999999999Movimiento 446 567 Coste(1390.7150000000004) ---> BoarHat@76e3b7e6
Beneficis = 112664.40999999999Movimiento 213 229 Coste(1388.9030000000005) ---> BoarHat@2902c138
Beneficis = 112664.40999999999Movimiento 120 439 Coste(1387.1130000000005) ---> BoarHat@45a81b94
Beneficis = 112664.40999999999Movimiento 393 531 Coste(1385.3700000000006) ---> BoarHat@2a66ae0a
Beneficis = 112664.40999999999Movimiento 209 809 Coste(1383.6300000000006) ---> BoarHat@73f4811f
Beneficis = 112664.40999999999Movimiento 66 460 Coste(1381.7460000000005) ---> BoarHat@19169151
Beneficis = 112664.40999999999Movimiento 260 296 Coste(1380.0060000000005) ---> BoarHat@1595d674
Beneficis = 113183.40999999999Movimiento 118 2 Coste(1300.7660000000005) ---> BoarHat@ff7f51a
Beneficis = 113183.40999999999Movimiento 483 523 Coste(1299.0480000000005) ---> BoarHat@413dd4cd
Beneficis = 113183.40999999999Movimiento 494 625 Coste(1297.3380000000004) ---> BoarHat@1cce85e8
Beneficis = 113183.40999999999Movimiento 283 751 Coste(1295.6430000000005) ---> BoarHat@604ad626
Beneficis = 113183.40999999999Movimiento 423 554 Coste(1293.9580000000005) ---> BoarHat@47f84395
Beneficis = 113183.40999999999Movimiento 195 275 Coste(1292.2940000000006) ---> BoarHat@61bf61e2
Beneficis = 113183.40999999999Movimiento 297 454 Coste(1290.6480000000004) ---> BoarHat@10a182d3
Beneficis = 113183.40999999999Movimiento 327 561 Coste(1288.6540000000005) ---> BoarHat@2e023361
Beneficis = 113183.40999999999Movimiento 268 474 Coste(1287.0170000000005) ---> BoarHat@6376633d
Beneficis = 113183.40999999999Movimiento 351 383 Coste(1285.3820000000005) ---> BoarHat@6eb9ea4b
Beneficis = 113183.40999999999Movimiento 361 394 Coste(1283.7540000000006) ---> BoarHat@2641e37b
Beneficis = 113183.40999999999Movimiento 771 931 Coste(1282.1300000000006) ---> BoarHat@40f97415
Beneficis = 113183.40999999999Movimiento 602 641 Coste(1280.5410000000004) ---> BoarHat@3817f4f8
Beneficis = 113733.01Movimiento 654 3 Coste(1200.6930000000004) ---> BoarHat@13e62223
Beneficis = 113733.01Movimiento 437 954 Coste(1199.1260000000004) ---> BoarHat@3749e229
Beneficis = 113733.01Movimiento 414 746 Coste(1197.5730000000005) ---> BoarHat@606dcd43
Beneficis = 113733.01Movimiento 105 697 Coste(1196.0330000000006) ---> BoarHat@63f57f90
Beneficis = 113733.01Movimiento 604 824 Coste(1194.4930000000004) ---> BoarHat@592657ed
Beneficis = 113733.01Movimiento 339 950 Coste(1192.9810000000004) ---> BoarHat@6549af8e
Beneficis = 113733.01Movimiento 153 447 Coste(1191.4890000000005) ---> BoarHat@1d6d203a
Beneficis = 114288.90999999999Movimiento 745 4 Coste(1111.8720000000005) ---> BoarHat@16c41ac0
Beneficis = 114288.90999999999Movimiento 100 752 Coste(1110.3840000000005) ---> BoarHat@42fe8e7c
Beneficis = 114288.90999999999Movimiento 232 599 Coste(1108.8960000000004) ---> BoarHat@14c36e41
Beneficis = 114288.90999999999Movimiento 310 926 Coste(1107.4210000000005) ---> BoarHat@5cfddf64
Beneficis = 114288.90999999999Movimiento 507 515 Coste(1105.9480000000005) ---> BoarHat@4818153a
Beneficis = 114288.90999999999Movimiento 104 899 Coste(1104.4860000000006) ---> BoarHat@7cbb552c
Beneficis = 114288.90999999999Movimiento 137 340 Coste(1103.0310000000004) ---> BoarHat@4fbc9b6a
Beneficis = 114288.90999999999Movimiento 167 806 Coste(1101.2250000000006) ---> BoarHat@6408a755
Beneficis = 114732.60999999999Movimiento 670 12 Coste(1017.4940000000005) ---> BoarHat@62fb74fa
Beneficis = 114732.60999999999Movimiento 74 558 Coste(1016.0410000000005) ---> BoarHat@3f42f360
Beneficis = 114732.60999999999Movimiento 121 611 Coste(1014.6200000000005) ---> BoarHat@150cde70
Beneficis = 114732.60999999999Movimiento 281 503 Coste(1013.2080000000005) ---> BoarHat@6e3a7997
Beneficis = 114732.60999999999Movimiento 464 511 Coste(1011.8000000000005) ---> BoarHat@38c8911e
Beneficis = 114732.60999999999Movimiento 412 781 Coste(1010.3950000000004) ---> BoarHat@57397911
Beneficis = 114732.60999999999Movimiento 370 399 Coste(1008.9910000000004) ---> BoarHat@41a46ebd
Beneficis = 114732.60999999999Movimiento 96 961 Coste(1007.6010000000005) ---> BoarHat@6386bfbe
Beneficis = 114732.60999999999Movimiento 103 784 Coste(1006.2150000000005) ---> BoarHat@77041a7e
Beneficis = 114732.60999999999Movimiento 306 850 Coste(1004.8330000000005) ---> BoarHat@1f863f14
Beneficis = 114732.60999999999Movimiento 253 289 Coste(1003.4560000000005) ---> BoarHat@45396e85
Beneficis = 114732.60999999999Movimiento 513 880 Coste(1002.0790000000005) ---> BoarHat@2f74223a
Beneficis = 114732.60999999999Movimiento 33 350 Coste(1000.7040000000005) ---> BoarHat@2e845d28
Beneficis = 114732.60999999999Movimiento 63 210 Coste(999.3530000000005) ---> BoarHat@6eff94d0
Beneficis = 114732.60999999999Movimiento 633 700 Coste(998.0040000000005) ---> BoarHat@54e5ea68
Beneficis = 114732.60999999999Movimiento 636 917 Coste(996.6590000000006) ---> BoarHat@49344d1b
Beneficis = 114732.60999999999Movimiento 190 274 Coste(995.3430000000005) ---> BoarHat@1e4390af
Beneficis = 114732.60999999999Movimiento 6 168 Coste(994.0310000000005) ---> BoarHat@470727bb
Beneficis = 114732.60999999999Movimiento 202 452 Coste(992.7470000000005) ---> BoarHat@26216073
Beneficis = 114732.60999999999Movimiento 365 555 Coste(991.4690000000005) ---> BoarHat@d6e1172
Beneficis = 114732.60999999999Movimiento 575 939 Coste(990.1910000000005) ---> BoarHat@7fa59411
Beneficis = 114732.60999999999Movimiento 415 792 Coste(988.9200000000005) ---> BoarHat@276b7127
Beneficis = 114732.60999999999Movimiento 54 911 Coste(987.6550000000005) ---> BoarHat@583ac270
Beneficis = 114732.60999999999Movimiento 291 813 Coste(986.3930000000005) ---> BoarHat@45e2afee
Beneficis = 115302.30999999998Movimiento 628 2 Coste(909.1810000000005) ---> BoarHat@5c10b666
Beneficis = 115302.30999999998Movimiento 384 419 Coste(907.9200000000004) ---> BoarHat@ce6b2ff
Beneficis = 115302.30999999998Movimiento 442 804 Coste(906.6790000000004) ---> BoarHat@1b133b10
Beneficis = 115302.30999999998Movimiento 304 680 Coste(905.4480000000005) ---> BoarHat@41f6df2b
Beneficis = 115302.30999999998Movimiento 295 890 Coste(904.2360000000006) ---> BoarHat@366c94f7
Beneficis = 115302.30999999998Movimiento 376 810 Coste(903.0340000000006) ---> BoarHat@507b40d1
Beneficis = 115302.30999999998Movimiento 91 625 Coste(901.8330000000005) ---> BoarHat@6f28cdc2
Beneficis = 115302.30999999998Movimiento 453 488 Coste(900.3210000000005) ---> BoarHat@1625b230
Beneficis = 115302.30999999998Movimiento 11 133 Coste(898.6290000000005) ---> BoarHat@2388eebd
Beneficis = 115302.30999999998Movimiento 542 706 Coste(896.5400000000005) ---> BoarHat@129f4d42
Beneficis = 115847.10999999999Movimiento 405 3 Coste(818.3320000000004) ---> BoarHat@e77d52b
Beneficis = 115847.10999999999Movimiento 116 764 Coste(817.1480000000005) ---> BoarHat@aaf32d9
Beneficis = 115847.10999999999Movimiento 117 311 Coste(815.9660000000005) ---> BoarHat@5300f992
Beneficis = 115847.10999999999Movimiento 577 35 Coste(814.7420000000004) ---> BoarHat@56fc4ec2
Beneficis = 115847.10999999999Movimiento 185 883 Coste(813.5650000000005) ---> BoarHat@25ed76d5
Beneficis = 115847.10999999999Movimiento 663 761 Coste(812.3910000000005) ---> BoarHat@49ef80a4
Beneficis = 115847.10999999999Movimiento 728 867 Coste(811.2560000000004) ---> BoarHat@48796043
Beneficis = 115847.10999999999Movimiento 128 183 Coste(810.1220000000005) ---> BoarHat@53bac2ff
Beneficis = 115847.10999999999Movimiento 281 535 Coste(808.9890000000005) ---> BoarHat@56cb3ffe
Beneficis = 116427.00999999998Movimiento 158 4 Coste(732.1850000000004) ---> BoarHat@470df16d
Beneficis = 116427.00999999998Movimiento 158 219 Coste(730.2520000000004) ---> BoarHat@7ba60779
Beneficis = 116427.00999999998Movimiento 32 38 Coste(729.1220000000004) ---> BoarHat@581bec72
Beneficis = 116427.00999999998Movimiento 278 505 Coste(727.9960000000004) ---> BoarHat@7f899a9c
Beneficis = 116427.00999999998Movimiento 405 561 Coste(726.1800000000004) ---> BoarHat@21da3819
Beneficis = 116427.00999999998Movimiento 80 279 Coste(725.0590000000004) ---> BoarHat@655be2bc
Beneficis = 116427.00999999998Movimiento 12 180 Coste(723.9390000000004) ---> BoarHat@69c36c42
Beneficis = 116427.00999999998Movimiento 537 644 Coste(722.8220000000005) ---> BoarHat@55a8d9f8
Beneficis = 116427.00999999998Movimiento 14 588 Coste(721.7140000000004) ---> BoarHat@2437a2fd
Beneficis = 116427.00999999998Movimiento 269 858 Coste(720.6120000000004) ---> BoarHat@557f35f4
Beneficis = 116427.00999999998Movimiento 488 741 Coste(719.1000000000005) ---> BoarHat@4541b7c2
Beneficis = 116427.00999999998Movimiento 31 827 Coste(718.0080000000005) ---> BoarHat@3f9fabbb
Beneficis = 116908.80999999998Movimiento 413 0 Coste(635.6740000000004) ---> BoarHat@3d1456d7
Beneficis = 116908.80999999998Movimiento 142 895 Coste(634.5870000000004) ---> BoarHat@517e6a85
Beneficis = 116908.80999999998Movimiento 170 245 Coste(633.5050000000005) ---> BoarHat@3544b1f
Beneficis = 116908.80999999998Movimiento 221 739 Coste(631.8230000000004) ---> BoarHat@741435f8
Beneficis = 116908.80999999998Movimiento 266 566 Coste(630.7440000000004) ---> BoarHat@7c18c5e
Beneficis = 116908.80999999998Movimiento 68 747 Coste(629.6860000000004) ---> BoarHat@2c1471bf
Beneficis = 116908.80999999998Movimiento 572 767 Coste(628.6280000000004) ---> BoarHat@7eabd038
Beneficis = 116908.80999999998Movimiento 164 173 Coste(627.5740000000004) ---> BoarHat@63dbcdab
Beneficis = 116908.80999999998Movimiento 39 500 Coste(626.5390000000004) ---> BoarHat@4b4ed38f
Beneficis = 116908.80999999998Movimiento 233 28 Coste(625.5230000000005) ---> BoarHat@6cb264c5
Beneficis = 117444.00999999998Movimiento 441 4 Coste(550.4990000000005) ---> BoarHat@4bb47e5c
Beneficis = 117444.00999999998Movimiento 94 410 Coste(549.4850000000004) ---> BoarHat@e3bd34
Beneficis = 117444.00999999998Movimiento 272 358 Coste(548.4880000000004) ---> BoarHat@5dfa53e9
Beneficis = 117444.00999999998Movimiento 592 791 Coste(547.4950000000005) ---> BoarHat@10ed336c
Beneficis = 117444.00999999998Movimiento 652 992 Coste(546.5050000000005) ---> BoarHat@4212d499
Beneficis = 117444.00999999998Movimiento 626 649 Coste(545.5340000000004) ---> BoarHat@4e3f0eb5
Beneficis = 117444.00999999998Movimiento 251 485 Coste(544.4850000000005) ---> BoarHat@30b65a56
Beneficis = 117444.00999999998Movimiento 106 714 Coste(543.5190000000005) ---> BoarHat@48b5e7b1
Beneficis = 117444.00999999998Movimiento 441 779 Coste(539.9510000000005) ---> BoarHat@ad7a16f
Beneficis = 117444.00999999998Movimiento 936 947 Coste(538.9940000000004) ---> BoarHat@8bc7889
Beneficis = 117444.00999999998Movimiento 587 25 Coste(538.0400000000004) ---> BoarHat@73472351
Beneficis = 117444.00999999998Movimiento 81 653 Coste(537.0870000000004) ---> BoarHat@7eb2f824
Beneficis = 117444.00999999998Movimiento 735 882 Coste(536.1340000000005) ---> BoarHat@41bf2888
Beneficis = 117444.00999999998Movimiento 163 923 Coste(535.1830000000004) ---> BoarHat@4e527b23
Beneficis = 117444.00999999998Movimiento 45 824 Coste(534.2420000000004) ---> BoarHat@cc388f4
Beneficis = 117444.00999999998Movimiento 139 977 Coste(533.3060000000005) ---> BoarHat@66c17639
Beneficis = 117444.00999999998Movimiento 826 864 Coste(532.3740000000005) ---> BoarHat@6029d533
Beneficis = 117444.00999999998Movimiento 726 930 Coste(531.4460000000005) ---> BoarHat@30c3f0a5
Beneficis = 117444.00999999998Movimiento 476 966 Coste(530.5240000000005) ---> BoarHat@1fe7e071
Beneficis = 117444.00999999998Movimiento 290 299 Coste(529.6060000000004) ---> BoarHat@3b126770
Beneficis = 117444.00999999998Movimiento 172 552 Coste(528.6890000000004) ---> BoarHat@3097baae
Beneficis = 117444.00999999998Movimiento 919 986 Coste(527.7730000000004) ---> BoarHat@6dcd09d0
Beneficis = 117444.00999999998Movimiento 409 963 Coste(526.8790000000004) ---> BoarHat@42351de3
Beneficis = 117444.00999999998Movimiento 512 517 Coste(525.9880000000004) ---> BoarHat@2f77a79a
Beneficis = 117444.00999999998Movimiento 424 37 Coste(525.1000000000004) ---> BoarHat@2718fa3f
Beneficis = 117444.00999999998Movimiento 57 325 Coste(524.2180000000004) ---> BoarHat@154c7cbf
Beneficis = 117444.00999999998Movimiento 523 896 Coste(523.3380000000004) ---> BoarHat@299ce35
Beneficis = 117444.00999999998Movimiento 165 982 Coste(522.4620000000004) ---> BoarHat@762b72b8
Beneficis = 117444.00999999998Movimiento 93 995 Coste(521.5900000000004) ---> BoarHat@5a788d15
Beneficis = 117444.00999999998Movimiento 565 798 Coste(520.7310000000004) ---> BoarHat@3949f737
Beneficis = 117444.00999999998Movimiento 249 342 Coste(519.8730000000004) ---> BoarHat@2ce00f03
Beneficis = 117444.00999999998Movimiento 332 422 Coste(519.0150000000003) ---> BoarHat@6c207aed
Beneficis = 117444.00999999998Movimiento 836 838 Coste(518.0080000000005) ---> BoarHat@43d90681
Beneficis = 117444.00999999998Movimiento 742 760 Coste(517.1510000000004) ---> BoarHat@6604ebf6
Beneficis = 117444.00999999998Movimiento 363 981 Coste(516.2960000000004) ---> BoarHat@88f4088
Beneficis = 117444.00999999998Movimiento 749 837 Coste(515.4410000000004) ---> BoarHat@62e81d45
Beneficis = 117444.00999999998Movimiento 77 759 Coste(514.3730000000004) ---> BoarHat@3cc35afd
Beneficis = 117444.00999999998Movimiento 187 314 Coste(513.5210000000004) ---> BoarHat@5a8cf183
Beneficis = 117444.00999999998Movimiento 450 38 Coste(512.6810000000005) ---> BoarHat@3999ba60
Beneficis = 117939.00999999998Movimiento 869 2 Coste(435.7810000000004) ---> BoarHat@7dd53865
Beneficis = 117939.00999999998Movimiento 236 238 Coste(434.94300000000044) ---> BoarHat@53c30866
Beneficis = 117939.00999999998Movimiento 15 841 Coste(434.10800000000046) ---> BoarHat@71d44873
Beneficis = 117939.00999999998Movimiento 224 343 Coste(433.27400000000046) ---> BoarHat@3b2f38f7
Beneficis = 117939.00999999998Movimiento 842 16 Coste(432.44000000000045) ---> BoarHat@e136bdf
Beneficis = 117939.00999999998Movimiento 20 156 Coste(431.61500000000046) ---> BoarHat@e27e3f2
Beneficis = 117939.00999999998Movimiento 205 643 Coste(430.79100000000045) ---> BoarHat@2ad57be2
Beneficis = 117939.00999999998Movimiento 869 949 Coste(427.49100000000044) ---> BoarHat@6bf268d8
Beneficis = 118504.50999999998Movimiento 534 2 Coste(353.8810000000004) ---> BoarHat@141fa089
Beneficis = 118504.50999999998Movimiento 99 421 Coste(353.05800000000045) ---> BoarHat@54cb6666
Beneficis = 118504.50999999998Movimiento 973 22 Coste(352.23600000000044) ---> BoarHat@42fcc44e
Beneficis = 118504.50999999998Movimiento 250 924 Coste(351.4210000000004) ---> BoarHat@7995cbcf
Beneficis = 118504.50999999998Movimiento 293 490 Coste(350.61100000000044) ---> BoarHat@2aec1cad
Beneficis = 118504.50999999998Movimiento 255 952 Coste(349.80300000000045) ---> BoarHat@14d9add2
Beneficis = 118504.50999999998Movimiento 297 331 Coste(348.44700000000046) ---> BoarHat@629932cb
Beneficis = 119055.90999999997Movimiento 58 4 Coste(274.1790000000004) ---> BoarHat@e0251b5
Beneficis = 119055.90999999997Movimiento 795 21 Coste(273.3810000000004) ---> BoarHat@5163b1e
Beneficis = 119055.90999999997Movimiento 22 24 Coste(272.58500000000043) ---> BoarHat@259583c0
Beneficis = 119055.90999999997Movimiento 167 16 Coste(271.48300000000046) ---> BoarHat@92a61b9
Beneficis = 119592.60999999997Movimiento 878 12 Coste(191.16200000000043) ---> BoarHat@7b7b12a1
Beneficis = 119592.60999999997Movimiento 692 785 Coste(190.37200000000044) ---> BoarHat@4f4c39f
Beneficis = 119592.60999999997Movimiento 315 489 Coste(189.58600000000047) ---> BoarHat@3f440d95
Beneficis = 119592.60999999997Movimiento 129 543 Coste(188.80100000000047) ---> BoarHat@3056f9fe
Beneficis = 119592.60999999997Movimiento 696 28 Coste(188.01700000000048) ---> BoarHat@30dd62c3
Beneficis = 119592.60999999997Movimiento 607 675 Coste(187.23700000000048) ---> BoarHat@2112a1da
Beneficis = 119592.60999999997Movimiento 276 37 Coste(186.46300000000045) ---> BoarHat@1259d76
Beneficis = 119592.60999999997Movimiento 615 715 Coste(185.69100000000043) ---> BoarHat@58ef23f0
Beneficis = 119592.60999999997Movimiento 353 782 Coste(184.92300000000046) ---> BoarHat@5db53c48
Beneficis = 119592.60999999997Movimiento 275 427 Coste(184.15700000000044) ---> BoarHat@496ccc6c
Beneficis = 119592.60999999997Movimiento 458 935 Coste(183.39500000000044) ---> BoarHat@6f9e308
Beneficis = 119592.60999999997Movimiento 75 609 Coste(182.63900000000044) ---> BoarHat@544a2aaa
Beneficis = 119592.60999999997Movimiento 282 583 Coste(181.89100000000045) ---> BoarHat@7630177a
Beneficis = 119592.60999999997Movimiento 521 857 Coste(181.14700000000045) ---> BoarHat@1cd75dfb
Beneficis = 119592.60999999997Movimiento 125 218 Coste(180.40700000000044) ---> BoarHat@45c8c532
Beneficis = 119592.60999999997Movimiento 220 229 Coste(179.67100000000045) ---> BoarHat@4634061b
Beneficis = 119592.60999999997Movimiento 578 686 Coste(178.93600000000046) ---> BoarHat@3aba7faf
Beneficis = 119592.60999999997Movimiento 796 928 Coste(178.20700000000045) ---> BoarHat@3ca2d615
Beneficis = 119592.60999999997Movimiento 177 769 Coste(177.47900000000044) ---> BoarHat@71cf40ea
Beneficis = 119592.60999999997Movimiento 143 581 Coste(176.75200000000046) ---> BoarHat@39e349a7
Beneficis = 119592.60999999997Movimiento 4 645 Coste(176.02800000000047) ---> BoarHat@6bf279ec
Beneficis = 119592.60999999997Movimiento 805 901 Coste(175.30600000000047) ---> BoarHat@6d970c64
Beneficis = 119592.60999999997Movimiento 688 979 Coste(174.60600000000048) ---> BoarHat@33bbf3c2
Beneficis = 119592.60999999997Movimiento 690 755 Coste(173.90700000000047) ---> BoarHat@6681cfcd
Beneficis = 119592.60999999997Movimiento 97 817 Coste(173.20800000000048) ---> BoarHat@3840ebfd
Beneficis = 119592.60999999997Movimiento 312 402 Coste(172.5100000000005) ---> BoarHat@4f16ed6
Beneficis = 119592.60999999997Movimiento 445 888 Coste(171.81400000000048) ---> BoarHat@3c6fd6a0
Beneficis = 119592.60999999997Movimiento 925 0 Coste(171.11900000000048) ---> BoarHat@475746b3
Beneficis = 119592.60999999997Movimiento 677 685 Coste(170.4380000000005) ---> BoarHat@720485b9
Beneficis = 119592.60999999997Movimiento 40 980 Coste(169.7600000000005) ---> BoarHat@12815979
Beneficis = 119592.60999999997Movimiento 377 629 Coste(169.08800000000048) ---> BoarHat@7ac2963b
Beneficis = 119592.60999999997Movimiento 166 969 Coste(168.4190000000005) ---> BoarHat@4963aebb
Beneficis = 119592.60999999997Movimiento 208 594 Coste(167.7500000000005) ---> BoarHat@3573ead
Beneficis = 119592.60999999997Movimiento 53 270 Coste(167.08800000000048) ---> BoarHat@4889627d
Beneficis = 119592.60999999997Movimiento 234 744 Coste(166.42600000000047) ---> BoarHat@1e3a47c0
Beneficis = 119592.60999999997Movimiento 254 480 Coste(165.77100000000047) ---> BoarHat@5d27067
Beneficis = 119592.60999999997Movimiento 62 296 Coste(165.11900000000048) ---> BoarHat@37bf16d4
Beneficis = 119592.60999999997Movimiento 226 927 Coste(164.47000000000048) ---> BoarHat@1b0d3f3e
Beneficis = 119592.60999999997Movimiento 7 660 Coste(163.82200000000046) ---> BoarHat@bd4ffe0
Beneficis = 119592.60999999997Movimiento 319 828 Coste(163.16600000000045) ---> BoarHat@1bac8004
Beneficis = 119592.60999999997Movimiento 366 509 Coste(162.51800000000048) ---> BoarHat@c67c2a0
Beneficis = 119592.60999999997Movimiento 359 747 Coste(161.31700000000046) ---> BoarHat@6ccdd8cd
Beneficis = 119592.60999999997Movimiento 72 692 Coste(160.6710000000005) ---> BoarHat@13e332dd
Beneficis = 119592.60999999997Movimiento 695 831 Coste(159.1090000000005) ---> BoarHat@2114da6f
Beneficis = 119592.60999999997Movimiento 349 606 Coste(158.47300000000047) ---> BoarHat@4c66b31d
Beneficis = 119592.60999999997Movimiento 388 576 Coste(157.84100000000046) ---> BoarHat@1955e8d1
Beneficis = 119592.60999999997Movimiento 713 863 Coste(157.17500000000047) ---> BoarHat@601d82e3
Beneficis = 119592.60999999997Movimiento 36 388 Coste(156.5360000000005) ---> BoarHat@210f56cd
Beneficis = 119592.60999999997Movimiento 519 27 Coste(155.8640000000005) ---> BoarHat@48bcd186
Beneficis = 119592.60999999997Movimiento 174 550 Coste(155.2360000000005) ---> BoarHat@456046ab
Beneficis = 119592.60999999997Movimiento 65 773 Coste(154.6110000000005) ---> BoarHat@35491770
Beneficis = 119592.60999999997Movimiento 674 756 Coste(154.00200000000046) ---> BoarHat@405f3c4d
Beneficis = 119592.60999999997Movimiento 216 21 Coste(153.39600000000047) ---> BoarHat@735a8869
Beneficis = 119592.60999999997Movimiento 591 30 Coste(152.81200000000047) ---> BoarHat@7aa67d86
Beneficis = 119592.60999999997Movimiento 58 918 Coste(149.13600000000048) ---> BoarHat@526fc676
Beneficis = 120166.50999999997Movimiento 802 4 Coste(75.91800000000043) ---> BoarHat@64cd4d19
Beneficis = 120166.50999999997Movimiento 272 391 Coste(75.34500000000043) ---> BoarHat@721a22f6
Beneficis = 120166.50999999997Movimiento 373 667 Coste(74.78100000000043) ---> BoarHat@8e267ca
Beneficis = 120166.50999999997Movimiento 240 17 Coste(74.22700000000043) ---> BoarHat@6c42bafd
Beneficis = 120166.50999999997Movimiento 188 389 Coste(73.68700000000044) ---> BoarHat@393020d0
Beneficis = 120166.50999999997Movimiento 64 265 Coste(73.07900000000043) ---> BoarHat@44458244
Beneficis = 120166.50999999997Movimiento 613 656 Coste(72.54800000000043) ---> BoarHat@b456d26
Beneficis = 120166.50999999997Movimiento 281 932 Coste(72.01900000000043) ---> BoarHat@2d90167b
Beneficis = 120166.50999999997Movimiento 96 109 Coste(71.49100000000044) ---> BoarHat@5918d9fa
Beneficis = 120166.50999999997Movimiento 510 720 Coste(70.97000000000045) ---> BoarHat@4eb898c1
Beneficis = 120166.50999999997Movimiento 563 564 Coste(70.45000000000044) ---> BoarHat@531e073
Beneficis = 120166.50999999997Movimiento 490 515 Coste(69.93900000000048) ---> BoarHat@2aaad1a8
Beneficis = 120166.50999999997Movimiento 102 637 Coste(69.43000000000046) ---> BoarHat@3757bb53
Beneficis = 120166.50999999997Movimiento 0 123 Coste(68.92300000000046) ---> BoarHat@5a79bc20
Beneficis = 120166.50999999997Movimiento 229 24 Coste(68.41900000000047) ---> BoarHat@4c78d37a
Beneficis = 120166.50999999997Movimiento 73 623 Coste(67.91800000000046) ---> BoarHat@71cfdcad
Beneficis = 120166.50999999997Movimiento 351 800 Coste(67.41800000000046) ---> BoarHat@71427226
Beneficis = 120166.50999999997Movimiento 298 403 Coste(66.92000000000047) ---> BoarHat@79dc8099
Beneficis = 120166.50999999997Movimiento 316 361 Coste(66.42400000000043) ---> BoarHat@7854ff6a
Beneficis = 120166.50999999997Movimiento 781 812 Coste(65.93500000000046) ---> BoarHat@757abee2
Beneficis = 120166.50999999997Movimiento 909 6 Coste(65.44900000000041) ---> BoarHat@2d412a38
Beneficis = 120741.60999999997Movimiento 608 4 Coste(-7.712999999999553) ---> BoarHat@4ee66b7e
Beneficis = 120741.60999999997Movimiento 906 28 Coste(-8.195999999999572) ---> BoarHat@16f67a80
Beneficis = 120741.60999999997Movimiento 85 327 Coste(-8.676999999999566) ---> BoarHat@43cc1bad
Beneficis = 120741.60999999997Movimiento 475 34 Coste(-9.15299999999958) ---> BoarHat@16db11c0
Beneficis = 120741.60999999997Movimiento 872 885 Coste(-9.620999999999569) ---> BoarHat@966898
Beneficis = 120741.60999999997Movimiento 223 243 Coste(-10.086999999999563) ---> BoarHat@66cabb75
Beneficis = 120741.60999999997Movimiento 595 711 Coste(-10.552999999999571) ---> BoarHat@5dfb524e
Beneficis = 120741.60999999997Movimiento 599 856 Coste(-11.01699999999957) ---> BoarHat@6dd41035
Beneficis = 120741.60999999997Movimiento 212 408 Coste(-11.478999999999573) ---> BoarHat@4cc341b1
Beneficis = 120741.60999999997Movimiento 211 425 Coste(-11.933999999999585) ---> BoarHat@781f86ad
Beneficis = 120741.60999999997Movimiento 808 999 Coste(-12.385999999999584) ---> BoarHat@6cdc2133
Beneficis = 120741.60999999997Movimiento 608 658 Coste(-16.219999999999573) ---> BoarHat@21933353
Beneficis = 120741.60999999997Movimiento 159 346 Coste(-16.70699999999958) ---> BoarHat@163c20ad
Beneficis = 120741.60999999997Movimiento 871 33 Coste(-17.15699999999957) ---> BoarHat@100a7b15
Beneficis = 120741.60999999997Movimiento 630 39 Coste(-17.603999999999573) ---> BoarHat@86e5a51
Beneficis = 120741.60999999997Movimiento 621 683 Coste(-18.098999999999577) ---> BoarHat@12f9829f
Beneficis = 120741.60999999997Movimiento 721 6 Coste(-18.538999999999575) ---> BoarHat@4ce96cf1
Beneficis = 120741.60999999997Movimiento 1 880 Coste(-18.976999999999578) ---> BoarHat@3b0c56bb
Beneficis = 120741.60999999997Movimiento 698 707 Coste(-19.40199999999959) ---> BoarHat@5c2c7798
Beneficis = 120741.60999999997Movimiento 341 518 Coste(-19.823999999999586) ---> BoarHat@2f642c3
Beneficis = 120741.60999999997Movimiento 400 727 Coste(-20.237999999999573) ---> BoarHat@55f6ee48
Beneficis = 120741.60999999997Movimiento 26 39 Coste(-20.649999999999565) ---> BoarHat@6cda1824
Beneficis = 120741.60999999997Movimiento 103 214 Coste(-21.06099999999958) ---> BoarHat@65e6f3b4
Beneficis = 120741.60999999997Movimiento 119 36 Coste(-21.470999999999577) ---> BoarHat@40a31abe
Beneficis = 120741.60999999997Movimiento 364 619 Coste(-21.87899999999958) ---> BoarHat@6400b110
Beneficis = 120741.60999999997Movimiento 664 666 Coste(-22.28099999999958) ---> BoarHat@3d432cb5
Beneficis = 120741.60999999997Movimiento 482 746 Coste(-22.664999999999566) ---> BoarHat@2dd6b14f
Beneficis = 120741.60999999997Movimiento 103 517 Coste(-23.04499999999956) ---> BoarHat@1c9f0174
Beneficis = 120741.60999999997Movimiento 122 524 Coste(-23.421999999999557) ---> BoarHat@7537fda1
Beneficis = 120741.60999999997Movimiento 360 737 Coste(-23.79799999999956) ---> BoarHat@50d9547e
Beneficis = 120741.60999999997Movimiento 789 8 Coste(-24.165999999999556) ---> BoarHat@7bd6f75f
Beneficis = 120741.60999999997Movimiento 57 365 Coste(-24.526999999999575) ---> BoarHat@430bc27e
Beneficis = 120741.60999999997Movimiento 355 859 Coste(-24.87799999999956) ---> BoarHat@633d0555
Beneficis = 120741.60999999997Movimiento 46 877 Coste(-25.22599999999956) ---> BoarHat@699048bc
Beneficis = 120741.60999999997Movimiento 78 526 Coste(-25.570999999999557) ---> BoarHat@10066f19
Beneficis = 120741.60999999997Movimiento 95 668 Coste(-25.912999999999556) ---> BoarHat@a8f0e38
Beneficis = 120741.60999999997Movimiento 470 623 Coste(-26.251999999999555) ---> BoarHat@8fcaeb0
Beneficis = 120741.60999999997Movimiento 263 960 Coste(-26.58699999999955) ---> BoarHat@1073e147
Beneficis = 120741.60999999997Movimiento 47 145 Coste(-26.92099999999955) ---> BoarHat@6e125a5d
Beneficis = 120741.60999999997Movimiento 148 508 Coste(-27.24699999999956) ---> BoarHat@47c30861
Beneficis = 120741.60999999997Movimiento 673 34 Coste(-27.568999999999562) ---> BoarHat@318efb93
Beneficis = 120741.60999999997Movimiento 395 34 Coste(-27.884999999999565) ---> BoarHat@19164bf1
Beneficis = 120741.60999999997Movimiento 449 35 Coste(-28.200999999999567) ---> BoarHat@792c640f
Beneficis = 120741.60999999997Movimiento 71 12 Coste(-28.513999999999584) ---> BoarHat@bf6e37d
Beneficis = 120741.60999999997Movimiento 115 1 Coste(-28.82099999999957) ---> BoarHat@65b01b59
Beneficis = 120741.60999999997Movimiento 115 291 Coste(-29.12799999999956) ---> BoarHat@7e2fcf65
Beneficis = 120741.60999999997Movimiento 297 9 Coste(-29.461999999999563) ---> BoarHat@7781eba3
Beneficis = 120741.60999999997Movimiento 586 671 Coste(-29.763999999999584) ---> BoarHat@3601df90
Beneficis = 120741.60999999997Movimiento 657 7 Coste(-30.05899999999957) ---> BoarHat@3788eeb3
Beneficis = 120741.60999999997Movimiento 494 39 Coste(-30.34699999999961) ---> BoarHat@4f5adb89
Beneficis = 120741.60999999997Movimiento 603 631 Coste(-30.633999999999617) ---> BoarHat@146428be
Beneficis = 120741.60999999997Movimiento 324 820 Coste(-30.916999999999604) ---> BoarHat@1a0704f0
Beneficis = 120741.60999999997Movimiento 840 916 Coste(-31.1899999999996) ---> BoarHat@27103093
Beneficis = 120741.60999999997Movimiento 585 840 Coste(-31.462999999999596) ---> BoarHat@2b484be2
Beneficis = 120741.60999999997Movimiento 211 863 Coste(-31.87699999999964) ---> BoarHat@6f8350e9
Beneficis = 120741.60999999997Movimiento 456 601 Coste(-32.14899999999963) ---> BoarHat@12ce8a6d
Beneficis = 120741.60999999997Movimiento 632 3 Coste(-32.42099999999965) ---> BoarHat@f3dff58
Beneficis = 121325.70999999998Movimiento 553 4 Coste(-105.16299999999954) ---> BoarHat@664491d0
Beneficis = 121325.70999999998Movimiento 69 504 Coste(-105.43299999999955) ---> BoarHat@3aef4fb8
Beneficis = 121325.70999999998Movimiento 404 984 Coste(-105.69999999999955) ---> BoarHat@9cc2fcd
Beneficis = 121325.70999999998Movimiento 155 914 Coste(-105.95599999999955) ---> BoarHat@5ebf62a1
Beneficis = 121325.70999999998Movimiento 70 731 Coste(-106.20799999999956) ---> BoarHat@7e32534d
Beneficis = 121325.70999999998Movimiento 122 5 Coste(-106.45999999999957) ---> BoarHat@4e73340f
Beneficis = 121325.70999999998Movimiento 42 954 Coste(-106.70999999999955) ---> BoarHat@616b73e7
Beneficis = 121325.70999999998Movimiento 512 10 Coste(-106.95899999999955) ---> BoarHat@ef4d4b1
Beneficis = 121325.70999999998Movimiento 232 862 Coste(-107.20599999999956) ---> BoarHat@5e854497
Beneficis = 121325.70999999998Movimiento 929 8 Coste(-107.45299999999958) ---> BoarHat@11def0de
Beneficis = 121325.70999999998Movimiento 247 610 Coste(-107.69699999999959) ---> BoarHat@41fe9738
Beneficis = 121325.70999999998Movimiento 411 611 Coste(-107.9359999999996) ---> BoarHat@6986b277
Beneficis = 121325.70999999998Movimiento 918 5 Coste(-108.1739999999996) ---> BoarHat@5519f267
Beneficis = 121325.70999999998Movimiento 513 3 Coste(-108.40999999999958) ---> BoarHat@470803bd
Beneficis = 121325.70999999998Movimiento 753 14 Coste(-108.6449999999996) ---> BoarHat@34d0614f
Beneficis = 121325.70999999998Movimiento 215 330 Coste(-108.87499999999959) ---> BoarHat@513ceab8
Beneficis = 121325.70999999998Movimiento 972 9 Coste(-109.17899999999959) ---> BoarHat@6a2eaa3e
Beneficis = 121325.70999999998Movimiento 649 680 Coste(-109.40599999999958) ---> BoarHat@1d82e537
Beneficis = 121325.70999999998Movimiento 318 851 Coste(-109.61499999999958) ---> BoarHat@43fc0f20
Beneficis = 121325.70999999998Movimiento 766 10 Coste(-109.8199999999996) ---> BoarHat@78cf699f
Beneficis = 121325.70999999998Movimiento 199 252 Coste(-110.0219999999996) ---> BoarHat@3845ba51
Beneficis = 121325.70999999998Movimiento 722 0 Coste(-110.22399999999959) ---> BoarHat@37659de6
Beneficis = 121325.70999999998Movimiento 406 860 Coste(-110.42399999999955) ---> BoarHat@632433d8
Beneficis = 121325.70999999998Movimiento 870 31 Coste(-111.97699999999955) ---> BoarHat@1290b84a
Beneficis = 121325.70999999998Movimiento 335 30 Coste(-112.61899999999955) ---> BoarHat@dac6b4
Beneficis = 121325.70999999998Movimiento 616 11 Coste(-113.11499999999953) ---> BoarHat@f103f38
Beneficis = 121325.70999999998Movimiento 343 30 Coste(-113.55599999999953) ---> BoarHat@5d2d68bd
Beneficis = 121325.70999999998Movimiento 265 11 Coste(-113.80999999999955) ---> BoarHat@584f041a
Beneficis = 121325.70999999998Movimiento 777 30 Coste(-114.05399999999955) ---> BoarHat@5a90035
Beneficis = 121325.70999999998Movimiento 939 11 Coste(-114.29699999999954) ---> BoarHat@76380a1c
Beneficis = 121325.70999999998Movimiento 979 30 Coste(-114.51999999999953) ---> BoarHat@3292c552
Beneficis = 121325.70999999998Movimiento 293 12 Coste(-114.71799999999953) ---> BoarHat@17b08d20
Beneficis = 121325.70999999998Movimiento 303 11 Coste(-114.93199999999953) ---> BoarHat@2b23cf59
Beneficis = 121325.70999999998Movimiento 532 6 Coste(-115.26199999999952) ---> BoarHat@497809bb
Beneficis = 121325.70999999998Movimiento 445 7 Coste(-115.45999999999952) ---> BoarHat@4b846f0f
Beneficis = 121325.70999999998Movimiento 885 8 Coste(-115.65799999999953) ---> BoarHat@6258bcbe
Beneficis = 121325.70999999998Movimiento 361 895 Coste(-115.85599999999953) ---> BoarHat@24bec196
Beneficis = 121325.70999999998Movimiento 863 899 Coste(-116.05399999999952) ---> BoarHat@7fa85254
Beneficis = 121325.70999999998Movimiento 101 988 Coste(-116.24699999999956) ---> BoarHat@5d64d39f
Beneficis = 121325.70999999998Movimiento 235 287 Coste(-116.43699999999956) ---> BoarHat@70b79450
Beneficis = 121325.70999999998Movimiento 786 7 Coste(-116.62699999999953) ---> BoarHat@22bf75db
Beneficis = 121325.70999999998Movimiento 678 786 Coste(-116.81699999999954) ---> BoarHat@199a3204
Beneficis = 121325.70999999998Movimiento 136 390 Coste(-117.00499999999953) ---> BoarHat@5205c605
Beneficis = 121325.70999999998Movimiento 402 756 Coste(-117.19299999999954) ---> BoarHat@74d4d89
Beneficis = 121325.70999999998Movimiento 540 5 Coste(-117.37999999999953) ---> BoarHat@531496ac
Beneficis = 121325.70999999998Movimiento 332 30 Coste(-117.56199999999954) ---> BoarHat@3667afa6
Beneficis = 121325.70999999998Movimiento 408 5 Coste(-117.74099999999954) ---> BoarHat@5017784a
Beneficis = 121325.70999999998Movimiento 368 718 Coste(-117.91599999999956) ---> BoarHat@ddb9407
Beneficis = 121325.70999999998Movimiento 791 8 Coste(-118.08699999999955) ---> BoarHat@750d256
Beneficis = 121325.70999999998Movimiento 933 7 Coste(-118.25499999999955) ---> BoarHat@73d5bb32
Beneficis = 121325.70999999998Movimiento 285 839 Coste(-118.41599999999953) ---> BoarHat@2a6df5b9
Beneficis = 121325.70999999998Movimiento 822 3 Coste(-118.57299999999954) ---> BoarHat@4ff5bd76
Beneficis = 121325.70999999998Movimiento 501 10 Coste(-118.71999999999956) ---> BoarHat@6cb01bae
Beneficis = 121325.70999999998Movimiento 907 7 Coste(-118.86699999999958) ---> BoarHat@5273c7f
Beneficis = 121325.70999999998Movimiento 81 0 Coste(-119.01299999999956) ---> BoarHat@291aba35
Beneficis = 121325.70999999998Movimiento 911 21 Coste(-119.15699999999957) ---> BoarHat@75f9cf78
Beneficis = 121325.70999999998Movimiento 646 39 Coste(-119.32399999999956) ---> BoarHat@5b2b8f3f
Beneficis = 121325.70999999998Movimiento 624 3 Coste(-119.46499999999958) ---> BoarHat@634b54b7
Beneficis = 121325.70999999998Movimiento 772 924 Coste(-119.60599999999954) ---> BoarHat@193331c
Beneficis = 121325.70999999998Movimiento 368 872 Coste(-119.74099999999953) ---> BoarHat@2795c88b
Beneficis = 121325.70999999998Movimiento 547 1 Coste(-119.97299999999953) ---> BoarHat@21c019dc
Beneficis = 121325.70999999998Movimiento 206 8 Coste(-120.10199999999955) ---> BoarHat@18a3823b
Beneficis = 121325.70999999998Movimiento 67 21 Coste(-120.22799999999955) ---> BoarHat@5ae9bb11
Beneficis = 121325.70999999998Movimiento 116 19 Coste(-120.35099999999957) ---> BoarHat@1748552e
Beneficis = 121325.70999999998Movimiento 879 5 Coste(-120.47399999999956) ---> BoarHat@1070d5e5
Beneficis = 121325.70999999998Movimiento 650 7 Coste(-120.59599999999958) ---> BoarHat@31c666a
Beneficis = 121325.70999999998Movimiento 650 757 Coste(-120.71799999999956) ---> BoarHat@7ad8f81b
Beneficis = 121325.70999999998Movimiento 645 6 Coste(-120.93599999999958) ---> BoarHat@221eb62a
Beneficis = 121325.70999999998Movimiento 300 7 Coste(-121.05199999999957) ---> BoarHat@1dfadffd
Beneficis = 121325.70999999998Movimiento 583 983 Coste(-121.16799999999955) ---> BoarHat@30c4da76
Beneficis = 121325.70999999998Movimiento 936 15 Coste(-121.28299999999956) ---> BoarHat@6321a0d6
Beneficis = 121325.70999999998Movimiento 101 276 Coste(-121.39699999999957) ---> BoarHat@60dc6a82
Beneficis = 121325.70999999998Movimiento 404 1 Coste(-121.50599999999955) ---> BoarHat@4c070b0a
Beneficis = 121325.70999999998Movimiento 409 545 Coste(-121.61399999999955) ---> BoarHat@395e7ed
Beneficis = 121325.70999999998Movimiento 134 545 Coste(-121.83599999999956) ---> BoarHat@471b9ba1
Beneficis = 121325.70999999998Movimiento 93 1 Coste(-121.98399999999955) ---> BoarHat@4ff7ea92
Beneficis = 121325.70999999998Movimiento 457 7 Coste(-122.08999999999958) ---> BoarHat@e0571c4
Beneficis = 121325.70999999998Movimiento 7 0 Coste(-122.19599999999957) ---> BoarHat@293cad7d
Beneficis = 121325.70999999998Movimiento 142 1 Coste(-122.30199999999957) ---> BoarHat@4954e92c
Beneficis = 121325.70999999998Movimiento 95 931 Coste(-122.40599999999955) ---> BoarHat@74bc7e66
Beneficis = 121325.70999999998Movimiento 364 12 Coste(-122.50799999999956) ---> BoarHat@502bae1d
Beneficis = 121325.70999999998Movimiento 619 6 Coste(-122.60999999999953) ---> BoarHat@29d044a7
Beneficis = 121325.70999999998Movimiento 722 11 Coste(-122.71099999999953) ---> BoarHat@2c1b1c79
Beneficis = 121325.70999999998Movimiento 7 262 Coste(-122.71099999999956) ---> BoarHat@3e3546a5
Beneficis = 121325.70999999998Movimiento 421 610 Coste(-122.71099999999957) ---> BoarHat@4f78b73c
nodesExpanded : 759
Temps SolIni = 10 Tiempo HC = 275284 Tiempo SA = 0
