Central 0: [32m79[0m Produccio: [35m573.29[0m Usada: [31m561.61[0m
Central 1: [32m101[0m Produccio: [35m678.79[0m Usada: [31m666.0239999999998[0m
Central 2: [32m67[0m Produccio: [35m417.97[0m Usada: [31m415.94199999999984[0m
Central 3: [32m74[0m Produccio: [35m423.45[0m Usada: [31m410.87199999999996[0m
Central 4: [32m88[0m Produccio: [35m723.42[0m Usada: [31m704.0860000000002[0m
Central 5: [32m26[0m Produccio: [35m160.98[0m Usada: [31m160.07000000000002[0m
Central 6: [32m21[0m Produccio: [35m107.43[0m Usada: [31m107.37600000000002[0m
Central 7: [32m36[0m Produccio: [35m213.83[0m Usada: [31m212.835[0m
Central 8: [32m23[0m Produccio: [35m143.97[0m Usada: [31m143.766[0m
Central 9: [32m33[0m Produccio: [35m206.06[0m Usada: [31m205.51700000000002[0m
Central 10: [32m23[0m Produccio: [35m155.62[0m Usada: [31m155.55700000000004[0m
Central 11: [32m30[0m Produccio: [35m178.08[0m Usada: [31m177.87500000000003[0m
Central 12: [32m21[0m Produccio: [35m213.52[0m Usada: [31m211.73900000000003[0m
Central 13: [32m17[0m Produccio: [35m124.58[0m Usada: [31m123.511[0m
Central 14: [32m31[0m Produccio: [35m188.65[0m Usada: [31m187.96899999999997[0m
Central 15: [32m8[0m Produccio: [35m43.32[0m Usada: [31m42.998000000000005[0m
Central 16: [32m4[0m Produccio: [35m29.84[0m Usada: [31m29.422[0m
Central 17: [32m3[0m Produccio: [35m17.59[0m Usada: [31m17.147999999999996[0m
Central 18: [32m5[0m Produccio: [35m16.45[0m Usada: [31m15.548[0m
Central 19: [32m8[0m Produccio: [35m87.08[0m Usada: [31m86.518[0m
Central 20: [32m7[0m Produccio: [35m75.22[0m Usada: [31m73.975[0m
Central 21: [32m10[0m Produccio: [35m86.96[0m Usada: [31m85.80900000000001[0m
Central 22: [32m7[0m Produccio: [35m35.87[0m Usada: [31m34.356[0m
Central 23: [32m9[0m Produccio: [35m80.7[0m Usada: [31m79.675[0m
Central 24: [32m6[0m Produccio: [35m48.39[0m Usada: [31m45.620000000000005[0m
Central 25: [32m4[0m Produccio: [35m23.25[0m Usada: [31m21.613999999999997[0m
Central 26: [32m8[0m Produccio: [35m73.2[0m Usada: [31m72.886[0m
Central 27: [32m9[0m Produccio: [35m95.51[0m Usada: [31m95.344[0m
Central 28: [32m6[0m Produccio: [35m25.79[0m Usada: [31m23.778[0m
Central 29: [32m8[0m Produccio: [35m29.29[0m Usada: [31m27.936000000000003[0m
Central 30: [32m10[0m Produccio: [35m64.7[0m Usada: [31m64.327[0m
Central 31: [32m7[0m Produccio: [35m39.46[0m Usada: [31m36.385999999999996[0m
Central 32: [32m9[0m Produccio: [35m96.36[0m Usada: [31m94.45299999999999[0m
Central 33: [32m6[0m Produccio: [35m64.23[0m Usada: [31m62.68900000000001[0m
Central 34: [32m10[0m Produccio: [35m37.37[0m Usada: [31m37.105[0m
Central 35: [32m6[0m Produccio: [35m27.22[0m Usada: [31m26.240000000000002[0m
Central 36: [32m8[0m Produccio: [35m75.41[0m Usada: [31m75.236[0m
Central 37: [32m13[0m Produccio: [35m85.36[0m Usada: [31m83.87599999999998[0m
Central 38: [32m8[0m Produccio: [35m32.45[0m Usada: [31m31.544[0m
Central 39: [32m10[0m Produccio: [35m84.57[0m Usada: [31m83.468[0m
Central NONE: [32m0[0m
Central NONE: [32m141[0m
Beneficis = 91432.93999999996Clients No assignats = 141 Centrals Tancades 0

TSP HillClimbing  -->

Beneficis = 91483.93999999996Movimiento 581 32 Coste(13908.592) ---> BoarHat@6844b46a
Beneficis = 91539.93999999996Movimiento 995 29 Coste(13809.824) ---> BoarHat@46702a7d
Beneficis = 91596.93999999996Movimiento 604 31 Coste(13711.192) ---> BoarHat@7408ca45
Beneficis = 91659.43999999996Movimiento 890 3 Coste(13612.567) ---> BoarHat@7c9b61dc
Beneficis = 91729.93999999996Movimiento 710 22 Coste(13513.977) ---> BoarHat@3132ccd3
Beneficis = 91800.93999999996Movimiento 602 0 Coste(13415.539) ---> BoarHat@391cdda2
Beneficis = 91874.43999999996Movimiento 584 1 Coste(13317.155999999999) ---> BoarHat@7c1d1def
Beneficis = 91949.93999999996Movimiento 766 0 Coste(13218.817) ---> BoarHat@d33607d
Beneficis = 92020.43999999996Movimiento 814 1 Coste(13120.509) ---> BoarHat@17105b65
Beneficis = 92101.93999999996Movimiento 579 2 Coste(13022.302) ---> BoarHat@635edf98
Beneficis = 92185.43999999996Movimiento 839 0 Coste(12924.139) ---> BoarHat@4c0fab6e
Beneficis = 92279.43999999996Movimiento 980 0 Coste(12826.207) ---> BoarHat@563f0014
Beneficis = 92354.93999999996Movimiento 677 1 Coste(12728.321) ---> BoarHat@4516053c
Beneficis = 92451.43999999996Movimiento 950 0 Coste(12630.444) ---> BoarHat@2bd8e0f5
Beneficis = 92548.93999999996Movimiento 697 3 Coste(12532.589) ---> BoarHat@4c4f6d39
Beneficis = 92646.43999999996Movimiento 725 3 Coste(12434.734) ---> BoarHat@5163929d
Beneficis = 92737.43999999996Movimiento 626 1 Coste(12336.918) ---> BoarHat@54bed66a
Beneficis = 92817.83999999995Movimiento 874 0 Coste(12239.129) ---> BoarHat@61e11da3
Beneficis = 92920.33999999995Movimiento 806 3 Coste(12141.384) ---> BoarHat@5601602d
Beneficis = 93023.83999999995Movimiento 756 1 Coste(12043.661) ---> BoarHat@2976c2da
Beneficis = 93128.83999999995Movimiento 953 1 Coste(11945.971) ---> BoarHat@7d7c631c
Beneficis = 93231.83999999995Movimiento 809 3 Coste(11848.443) ---> BoarHat@408fb813
Beneficis = 93345.33999999995Movimiento 840 4 Coste(11750.94) ---> BoarHat@3040c445
Beneficis = 93459.83999999995Movimiento 595 24 Coste(11653.459) ---> BoarHat@3e7e7b31
Beneficis = 93570.33999999995Movimiento 991 4 Coste(11556.111) ---> BoarHat@546f51f8
Beneficis = 93698.83999999995Movimiento 647 4 Coste(11458.938) ---> BoarHat@4dc2dfcd
Beneficis = 93817.83999999995Movimiento 911 4 Coste(11361.794) ---> BoarHat@582098e5
Beneficis = 93961.23999999995Movimiento 586 4 Coste(11264.662) ---> BoarHat@60142642
Beneficis = 94080.73999999995Movimiento 618 4 Coste(11167.53) ---> BoarHat@33e46363
Beneficis = 93837.98999999992Movimiento 564 951 Coste(11142.006) ---> BoarHat@a8fd12c
Beneficis = 93937.58999999992Movimiento 720 4 Coste(11044.994) ---> BoarHat@6401f262
Beneficis = 94025.58999999992Movimiento 709 4 Coste(10948.074) ---> BoarHat@74e917ca
Beneficis = 94155.08999999992Movimiento 640 4 Coste(10851.182) ---> BoarHat@71023b09
Beneficis = 94266.58999999992Movimiento 841 4 Coste(10754.304) ---> BoarHat@68fa23e6
Beneficis = 94365.08999999992Movimiento 946 4 Coste(10657.456) ---> BoarHat@6567e4bf
Beneficis = 94508.58999999992Movimiento 998 4 Coste(10560.613) ---> BoarHat@6d26dff0
Beneficis = 94622.08999999992Movimiento 639 4 Coste(10463.791) ---> BoarHat@4be8a0b0
Beneficis = 94728.88999999993Movimiento 715 4 Coste(10366.995) ---> BoarHat@61276b01
Beneficis = 94836.88999999993Movimiento 769 4 Coste(10270.235) ---> BoarHat@6b744127
Beneficis = 94489.93999999992Movimiento 104 807 Coste(10246.364) ---> BoarHat@310651ea
Beneficis = 94575.93999999992Movimiento 573 1 Coste(10148.944) ---> BoarHat@7dd39595
Beneficis = 94702.93999999992Movimiento 684 1 Coste(10051.738) ---> BoarHat@6cb90637
Beneficis = 94819.43999999992Movimiento 955 1 Coste(9954.534) ---> BoarHat@193d6297
Beneficis = 94938.93999999992Movimiento 680 1 Coste(9857.402) ---> BoarHat@696eb943
Beneficis = 95021.33999999991Movimiento 624 1 Coste(9760.286) ---> BoarHat@fbbce86
Beneficis = 95142.33999999991Movimiento 707 1 Coste(9663.19) ---> BoarHat@21f5decb
Beneficis = 95239.5399999999Movimiento 682 1 Coste(9566.106) ---> BoarHat@4d710bf4
Beneficis = 95361.0399999999Movimiento 760 1 Coste(9469.022) ---> BoarHat@b42fe64
Beneficis = 95073.83999999991Movimiento 468 648 Coste(9446.718) ---> BoarHat@f2f3d0e
Beneficis = 95192.83999999991Movimiento 797 4 Coste(9350.05) ---> BoarHat@1ee1f191
Beneficis = 95277.2399999999Movimiento 865 4 Coste(9253.426) ---> BoarHat@30f79b34
Beneficis = 95405.2399999999Movimiento 880 4 Coste(9157.01) ---> BoarHat@a30b2ee
Beneficis = 95534.2399999999Movimiento 704 4 Coste(9060.622) ---> BoarHat@344ac4ed
Beneficis = 95637.4399999999Movimiento 738 4 Coste(8964.234) ---> BoarHat@7660a9b
Beneficis = 95760.6399999999Movimiento 853 4 Coste(8867.93) ---> BoarHat@65af828a
Beneficis = 95372.4899999999Movimiento 14 988 Coste(8846.606) ---> BoarHat@181ffc25
Beneficis = 95515.4899999999Movimiento 693 0 Coste(8750.038) ---> BoarHat@f0ad2f1
Beneficis = 95642.9899999999Movimiento 669 0 Coste(8653.608) ---> BoarHat@35ffe783
Beneficis = 95792.4899999999Movimiento 621 0 Coste(8557.196) ---> BoarHat@3b0cbd32
Beneficis = 95896.4899999999Movimiento 662 0 Coste(8460.836) ---> BoarHat@a72614e
Beneficis = 96018.8899999999Movimiento 661 0 Coste(8364.508) ---> BoarHat@64c1e30b
Beneficis = 95586.7899999999Movimiento 562 785 Coste(8343.34) ---> BoarHat@5367b4d3
Beneficis = 95692.7899999999Movimiento 681 4 Coste(8247.58) ---> BoarHat@53a6a4dc
Beneficis = 95826.2899999999Movimiento 593 4 Coste(8151.852) ---> BoarHat@24ba303a
Beneficis = 95960.7899999999Movimiento 919 4 Coste(8056.156) ---> BoarHat@24fa94e4
Beneficis = 96070.38999999991Movimiento 689 4 Coste(7960.54) ---> BoarHat@52a26787
Beneficis = 96231.58999999991Movimiento 779 4 Coste(7864.973) ---> BoarHat@29e09e04
Beneficis = 95888.38999999994Movimiento 400 965 Coste(7844.299) ---> BoarHat@598e0c36
Beneficis = 96053.88999999994Movimiento 671 3 Coste(7747.94) ---> BoarHat@1a2be958
Beneficis = 96189.48999999995Movimiento 739 3 Coste(7652.008) ---> BoarHat@e620e3c
Beneficis = 96327.08999999995Movimiento 607 3 Coste(7556.136) ---> BoarHat@25c8dde9
Beneficis = 96510.28999999995Movimiento 802 3 Coste(7460.716) ---> BoarHat@7e56b562
Beneficis = 96625.48999999995Movimiento 620 3 Coste(7365.324) ---> BoarHat@2884d278
Beneficis = 96625.48999999995Movimiento 601 670 Coste(7345.263) ---> BoarHat@640a7aeb
Beneficis = 96782.68999999994Movimiento 723 12 Coste(7249.586) ---> BoarHat@497336e
Beneficis = 96928.28999999995Movimiento 856 14 Coste(7153.954) ---> BoarHat@6a676b89
Beneficis = 97083.48999999995Movimiento 653 12 Coste(7058.61) ---> BoarHat@7e37de2f
Beneficis = 97232.28999999995Movimiento 957 12 Coste(6963.818) ---> BoarHat@1127de4e
Beneficis = 97232.28999999995Movimiento 81 259 Coste(6944.623) ---> BoarHat@2661b962
Beneficis = 97404.28999999995Movimiento 717 27 Coste(6849.439) ---> BoarHat@7e571ef
Beneficis = 97576.28999999995Movimiento 795 19 Coste(6754.599) ---> BoarHat@4f4955b3
Beneficis = 97749.48999999995Movimiento 651 19 Coste(6659.795) ---> BoarHat@4cf758b3
Beneficis = 97749.48999999995Movimiento 267 338 Coste(6641.175) ---> BoarHat@28604396
Beneficis = 97901.08999999995Movimiento 864 32 Coste(6545.344) ---> BoarHat@6412bfc5
Beneficis = 98078.68999999996Movimiento 877 4 Coste(6450.672) ---> BoarHat@58561602
Beneficis = 98323.18999999996Movimiento 830 4 Coste(6356.051) ---> BoarHat@3379c7a7
Beneficis = 98236.04000000005Movimiento 264 613 Coste(6337.984) ---> BoarHat@34c971c6
Beneficis = 98433.24000000005Movimiento 790 1 Coste(6242.914) ---> BoarHat@25795edc
Beneficis = 98653.74000000005Movimiento 781 1 Coste(6148.206) ---> BoarHat@1cf4f582
Beneficis = 98849.34000000005Movimiento 773 1 Coste(6053.585) ---> BoarHat@38b71e30
Beneficis = 98849.34000000005Movimiento 317 358 Coste(6036.733) ---> BoarHat@4fba7e1b
Beneficis = 99072.34000000005Movimiento 972 23 Coste(5941.639) ---> BoarHat@2be84352
Beneficis = 99252.74000000005Movimiento 643 23 Coste(5846.6) ---> BoarHat@56b0508d
Beneficis = 99490.24000000005Movimiento 736 23 Coste(5751.825) ---> BoarHat@32e41393
Beneficis = 99490.24000000005Movimiento 169 635 Coste(5735.09) ---> BoarHat@1cbad95a
Beneficis = 99723.24000000005Movimiento 927 7 Coste(5640.216) ---> BoarHat@489f82e5
Beneficis = 99878.64000000004Movimiento 895 4 Coste(5546.432) ---> BoarHat@5d2f9e0c
Beneficis = 99878.64000000004Movimiento 520 978 Coste(5531.665) ---> BoarHat@786259b8
Beneficis = 100097.94000000005Movimiento 982 4 Coste(5439.706) ---> BoarHat@a7e01a5
Beneficis = 100249.14000000004Movimiento 928 4 Coste(5347.77) ---> BoarHat@7cf8df44
Beneficis = 100249.14000000004Movimiento 949 966 Coste(5333.696) ---> BoarHat@5b509cc0
Beneficis = 100435.74000000005Movimiento 907 0 Coste(5239.916) ---> BoarHat@2fe04ea3
Beneficis = 100655.74000000005Movimiento 692 0 Coste(5147.616) ---> BoarHat@4658bcb8
Beneficis = 100655.74000000005Movimiento 84 101 Coste(5133.548) ---> BoarHat@7c270d75
Beneficis = 100857.64000000004Movimiento 740 32 Coste(5041.624) ---> BoarHat@1314cf51
Beneficis = 100857.64000000004Movimiento 109 778 Coste(5027.75) ---> BoarHat@63a0b578
Beneficis = 101046.34000000004Movimiento 582 39 Coste(4935.298) ---> BoarHat@6028c7fe
Beneficis = 101046.34000000004Movimiento 327 858 Coste(4922.162) ---> BoarHat@42d233da
Beneficis = 101371.94000000005Movimiento 883 36 Coste(4830.302) ---> BoarHat@304d63a0
Beneficis = 101592.59Movimiento 262 958 Coste(4817.54) ---> BoarHat@44542e39
Beneficis = 101894.19Movimiento 935 1 Coste(4726.588) ---> BoarHat@1782bc3b
Beneficis = 101894.19Movimiento 25 508 Coste(4714.603) ---> BoarHat@486a4e9f
Beneficis = 102279.39Movimiento 918 12 Coste(4624.233) ---> BoarHat@35171ff9
Beneficis = 102279.39Movimiento 2 134 Coste(4612.569) ---> BoarHat@5c7c7aa7
Beneficis = 102516.39Movimiento 989 19 Coste(4522.049) ---> BoarHat@1abb3ca6
Beneficis = 102883.59Movimiento 944 1 Coste(4432.147) ---> BoarHat@3ed2f2cb
Beneficis = 102883.59Movimiento 70 428 Coste(4420.959) ---> BoarHat@5fc6655f
Beneficis = 102883.59Movimiento 50 527 Coste(4410.036) ---> BoarHat@3f5ad70b
Beneficis = 102883.59Movimiento 368 418 Coste(4400.196) ---> BoarHat@2c9868ac
Beneficis = 102883.59Movimiento 20 525 Coste(4390.426) ---> BoarHat@6ccf5fa
Beneficis = 103299.59Movimiento 606 10 Coste(4300.826) ---> BoarHat@1f9424c5
Beneficis = 103299.59Movimiento 245 685 Coste(4291.07) ---> BoarHat@41a1bed5
Beneficis = 103651.79Movimiento 708 12 Coste(4203.984) ---> BoarHat@38e88fbe
Beneficis = 103651.79Movimiento 58 558 Coste(4194.262) ---> BoarHat@5cbba864
Beneficis = 103651.79Movimiento 195 347 Coste(4185.0779999999995) ---> BoarHat@21e3494d
Beneficis = 103651.79Movimiento 102 381 Coste(4175.996) ---> BoarHat@6bd162d3
Beneficis = 104026.98999999999Movimiento 627 33 Coste(4087.252) ---> BoarHat@2cefd4d6
Beneficis = 104026.98999999999Movimiento 732 750 Coste(4078.276) ---> BoarHat@58a0d91b
Beneficis = 104026.98999999999Movimiento 356 511 Coste(4069.374) ---> BoarHat@28bffa64
Beneficis = 104431.79Movimiento 838 4 Coste(3985.566) ---> BoarHat@7726dcbb
Beneficis = 104431.79Movimiento 846 905 Coste(3976.925) ---> BoarHat@325e7db2
Beneficis = 104431.79Movimiento 249 321 Coste(3968.425) ---> BoarHat@9c4f3f5
Beneficis = 104431.79Movimiento 519 619 Coste(3960.225) ---> BoarHat@50426959
Beneficis = 104431.79Movimiento 130 641 Coste(3952.21) ---> BoarHat@273acee0
Beneficis = 104752.79Movimiento 940 11 Coste(3865.05) ---> BoarHat@71c08e1b
Beneficis = 104752.79Movimiento 494 838 Coste(3857.099) ---> BoarHat@aabbd91
Beneficis = 104752.79Movimiento 203 572 Coste(3849.809) ---> BoarHat@2420115a
Beneficis = 104752.79Movimiento 235 408 Coste(3842.6059999999998) ---> BoarHat@7f1ef5dc
Beneficis = 104752.79Movimiento 215 493 Coste(3832.462) ---> BoarHat@1de671
Beneficis = 105103.18999999999Movimiento 759 4 Coste(3748.814) ---> BoarHat@f2db7e1
Beneficis = 105103.18999999999Movimiento 599 896 Coste(3741.824) ---> BoarHat@3001958f
Beneficis = 105103.18999999999Movimiento 92 754 Coste(3734.96) ---> BoarHat@6c3ce41
Beneficis = 105103.18999999999Movimiento 551 782 Coste(3728.098) ---> BoarHat@746fdccd
Beneficis = 105103.18999999999Movimiento 567 638 Coste(3721.277) ---> BoarHat@66c5eaba
Beneficis = 105464.08999999998Movimiento 879 10 Coste(3635.713) ---> BoarHat@421782da
Beneficis = 105464.08999999998Movimiento 93 535 Coste(3628.974) ---> BoarHat@39bba84d
Beneficis = 105464.08999999998Movimiento 143 316 Coste(3622.288) ---> BoarHat@d6366c7
Beneficis = 105464.08999999998Movimiento 497 815 Coste(3615.652) ---> BoarHat@12c21b1d
Beneficis = 105794.98999999998Movimiento 658 7 Coste(3527.785) ---> BoarHat@35089c7c
Beneficis = 105794.98999999998Movimiento 472 894 Coste(3521.302) ---> BoarHat@63fb0812
Beneficis = 105794.98999999998Movimiento 256 759 Coste(3515.132) ---> BoarHat@11d66710
Beneficis = 106210.48999999998Movimiento 666 4 Coste(3431.752) ---> BoarHat@5fc2dbd1
Beneficis = 106210.48999999998Movimiento 126 292 Coste(3425.791) ---> BoarHat@514a102b
Beneficis = 106210.48999999998Movimiento 129 220 Coste(3419.887) ---> BoarHat@5dab1ca4
Beneficis = 106210.48999999998Movimiento 568 851 Coste(3414.188) ---> BoarHat@524b2a6c
Beneficis = 106210.48999999998Movimiento 542 966 Coste(3408.381) ---> BoarHat@1afcc9de
Beneficis = 106210.48999999998Movimiento 396 628 Coste(3403.065) ---> BoarHat@52bd461e
Beneficis = 106210.48999999998Movimiento 207 376 Coste(3397.905) ---> BoarHat@2243b28a
Beneficis = 106210.48999999998Movimiento 69 73 Coste(3392.792) ---> BoarHat@2c88cf2f
Beneficis = 106635.28999999998Movimiento 893 9 Coste(3305.536) ---> BoarHat@1b70030c
Beneficis = 106635.28999999998Movimiento 237 366 Coste(3300.65) ---> BoarHat@2426c1d9
Beneficis = 106635.28999999998Movimiento 101 245 Coste(3295.579) ---> BoarHat@1176ed35
Beneficis = 106993.18999999997Movimiento 673 21 Coste(3209.895) ---> BoarHat@796099f3
Beneficis = 106993.18999999997Movimiento 234 925 Coste(3205.043) ---> BoarHat@2f302561
Beneficis = 106993.18999999997Movimiento 10 537 Coste(3200.152) ---> BoarHat@4f3d7ec8
Beneficis = 106993.18999999997Movimiento 387 389 Coste(3195.3070000000002) ---> BoarHat@4d04d7f7
Beneficis = 106993.18999999997Movimiento 13 498 Coste(3190.503) ---> BoarHat@120c1d9b
Beneficis = 107420.08999999997Movimiento 936 4 Coste(3107.579) ---> BoarHat@65a65daa
Beneficis = 107420.08999999997Movimiento 407 842 Coste(3102.829) ---> BoarHat@15ba47a3
Beneficis = 107420.08999999997Movimiento 569 928 Coste(3098.344) ---> BoarHat@334dcc0a
Beneficis = 107420.08999999997Movimiento 37 209 Coste(3094.006) ---> BoarHat@54862c36
Beneficis = 107420.08999999997Movimiento 230 365 Coste(3089.815) ---> BoarHat@4dc5d31c
Beneficis = 107420.08999999997Movimiento 272 644 Coste(3085.633) ---> BoarHat@7143392c
Beneficis = 108060.08999999997Movimiento 850 37 Coste(3001.633) ---> BoarHat@240b08f6
Beneficis = 108060.08999999997Movimiento 188 253 Coste(2997.588) ---> BoarHat@1c652f7e
Beneficis = 108060.08999999997Movimiento 451 968 Coste(2993.648) ---> BoarHat@30c58f0c
Beneficis = 108060.08999999997Movimiento 33 177 Coste(2989.719) ---> BoarHat@113bc3b1
Beneficis = 108644.88999999997Movimiento 765 0 Coste(2904.339) ---> BoarHat@68500d8
Beneficis = 108644.88999999997Movimiento 47 939 Coste(2900.415) ---> BoarHat@21a2bb6c
Beneficis = 109074.18999999997Movimiento 871 2 Coste(2817.587) ---> BoarHat@3d0ce19f
Beneficis = 109074.18999999997Movimiento 702 871 Coste(2813.387) ---> BoarHat@6ed7183b
Beneficis = 109656.58999999997Movimiento 979 2 Coste(2730.859) ---> BoarHat@41eb2ae1
Beneficis = 109656.58999999997Movimiento 250 282 Coste(2727.027) ---> BoarHat@27739f2b
Beneficis = 109656.58999999997Movimiento 46 923 Coste(2723.201) ---> BoarHat@72ffdb4f
Beneficis = 109656.58999999997Movimiento 762 969 Coste(2719.073) ---> BoarHat@22f6c728
Beneficis = 110081.68999999997Movimiento 974 9 Coste(2636.077) ---> BoarHat@79f77e25
Beneficis = 110081.68999999997Movimiento 182 494 Coste(2632.253) ---> BoarHat@5092223d
Beneficis = 110522.98999999998Movimiento 262 12 Coste(2549.905) ---> BoarHat@6da233e6
Beneficis = 110522.98999999998Movimiento 83 842 Coste(2546.096) ---> BoarHat@1527bca1
Beneficis = 110522.98999999998Movimiento 467 522 Coste(2542.302) ---> BoarHat@1942b5aa
Beneficis = 110522.98999999998Movimiento 246 686 Coste(2538.582) ---> BoarHat@4d91a4ee
Beneficis = 110522.98999999998Movimiento 143 805 Coste(2534.931) ---> BoarHat@2e592964
Beneficis = 110522.98999999998Movimiento 165 258 Coste(2531.005) ---> BoarHat@340cc25f
Beneficis = 110522.98999999998Movimiento 279 655 Coste(2527.37) ---> BoarHat@56196348
Beneficis = 110522.98999999998Movimiento 577 650 Coste(2523.744) ---> BoarHat@7e66b50a
Beneficis = 110522.98999999998Movimiento 196 243 Coste(2520.134) ---> BoarHat@b01910b
Beneficis = 110522.98999999998Movimiento 486 567 Coste(2516.274) ---> BoarHat@795c4be2
Beneficis = 111044.08999999998Movimiento 724 12 Coste(2437.118) ---> BoarHat@51910ca0
Beneficis = 111044.08999999998Movimiento 110 169 Coste(2433.542) ---> BoarHat@71f269b5
Beneficis = 111044.08999999998Movimiento 263 485 Coste(2430.022) ---> BoarHat@2080159a
Beneficis = 111044.08999999998Movimiento 81 665 Coste(2426.583) ---> BoarHat@3d34bf61
Beneficis = 111044.08999999998Movimiento 40 666 Coste(2423.111) ---> BoarHat@74386243
Beneficis = 111044.08999999998Movimiento 451 455 Coste(2419.696) ---> BoarHat@76f8f6a6
Beneficis = 111487.78999999998Movimiento 904 2 Coste(2337.444) ---> BoarHat@52a524ab
Beneficis = 111487.78999999998Movimiento 358 920 Coste(2334.04) ---> BoarHat@2e047021
Beneficis = 111487.78999999998Movimiento 659 794 Coste(2330.649) ---> BoarHat@449aba5d
Beneficis = 111487.78999999998Movimiento 365 428 Coste(2327.266) ---> BoarHat@520567ff
Beneficis = 111487.78999999998Movimiento 768 917 Coste(2323.169) ---> BoarHat@75a373e7
Beneficis = 112228.18999999997Movimiento 987 4 Coste(2241.679) ---> BoarHat@469f0120
Beneficis = 112228.18999999997Movimiento 35 315 Coste(2238.3940000000002) ---> BoarHat@6e7a1967
Beneficis = 112228.18999999997Movimiento 265 788 Coste(2235.127) ---> BoarHat@6f4749c1
Beneficis = 112228.18999999997Movimiento 554 934 Coste(2231.9120000000003) ---> BoarHat@765fe812
Beneficis = 112228.18999999997Movimiento 371 383 Coste(2228.73) ---> BoarHat@3e37f1e5
Beneficis = 112228.18999999997Movimiento 536 616 Coste(2225.574) ---> BoarHat@24d48e12
Beneficis = 112228.18999999997Movimiento 487 985 Coste(2222.326) ---> BoarHat@46db8942
Beneficis = 112893.38999999997Movimiento 912 4 Coste(2142.282) ---> BoarHat@3650c976
Beneficis = 112893.38999999997Movimiento 171 214 Coste(2139.136) ---> BoarHat@1501061a
Beneficis = 112893.38999999997Movimiento 827 886 Coste(2136.11) ---> BoarHat@1d53d276
Beneficis = 112893.38999999997Movimiento 285 885 Coste(2133.004) ---> BoarHat@1ad79289
Beneficis = 112893.38999999997Movimiento 232 345 Coste(2129.842) ---> BoarHat@3a1faedd
Beneficis = 112893.38999999997Movimiento 470 835 Coste(2126.818) ---> BoarHat@50197222
Beneficis = 112893.38999999997Movimiento 210 405 Coste(2123.866) ---> BoarHat@45bef954
Beneficis = 112893.38999999997Movimiento 87 521 Coste(2120.942) ---> BoarHat@6877f8a7
Beneficis = 112893.38999999997Movimiento 78 131 Coste(2117.675) ---> BoarHat@2a557a32
Beneficis = 112893.38999999997Movimiento 585 749 Coste(2114.76) ---> BoarHat@70f97ba9
Beneficis = 112893.38999999997Movimiento 9 27 Coste(2111.892) ---> BoarHat@69eddad0
Beneficis = 112893.38999999997Movimiento 96 352 Coste(2109.0280000000002) ---> BoarHat@135b1abd
Beneficis = 112893.38999999997Movimiento 19 937 Coste(2106.176) ---> BoarHat@61379cc7
Beneficis = 112893.38999999997Movimiento 94 292 Coste(2103.326) ---> BoarHat@501b0cd9
Beneficis = 112893.38999999997Movimiento 168 598 Coste(2100.482) ---> BoarHat@2a2e7c6c
Beneficis = 112893.38999999997Movimiento 645 787 Coste(2097.77) ---> BoarHat@4950f4f6
Beneficis = 112893.38999999997Movimiento 115 204 Coste(2095.098) ---> BoarHat@1f552c64
Beneficis = 112893.38999999997Movimiento 55 501 Coste(2092.472) ---> BoarHat@428978ca
Beneficis = 112893.38999999997Movimiento 404 823 Coste(2089.849) ---> BoarHat@652d561a
Beneficis = 112893.38999999997Movimiento 388 800 Coste(2087.252) ---> BoarHat@70f5b189
Beneficis = 112893.38999999997Movimiento 2 100 Coste(2084.666) ---> BoarHat@77dac06
Beneficis = 112893.38999999997Movimiento 100 282 Coste(2081.83) ---> BoarHat@4df72be
Beneficis = 112893.38999999997Movimiento 330 492 Coste(2078.823) ---> BoarHat@132acb1b
Beneficis = 112893.38999999997Movimiento 124 551 Coste(2076.246) ---> BoarHat@6e824b3e
Beneficis = 112893.38999999997Movimiento 22 627 Coste(2073.676) ---> BoarHat@5431474a
Beneficis = 112893.38999999997Movimiento 545 796 Coste(2071.107) ---> BoarHat@5261fc32
Beneficis = 112893.38999999997Movimiento 233 811 Coste(2068.5190000000002) ---> BoarHat@5367c0d3
Beneficis = 112893.38999999997Movimiento 236 367 Coste(2065.954) ---> BoarHat@2e05cb29
Beneficis = 112893.38999999997Movimiento 252 416 Coste(2063.437) ---> BoarHat@43a840a6
Beneficis = 112893.38999999997Movimiento 147 475 Coste(2060.928) ---> BoarHat@4b7d6e29
Beneficis = 112893.38999999997Movimiento 79 772 Coste(2058.425) ---> BoarHat@31eb03ed
Beneficis = 112893.38999999997Movimiento 138 513 Coste(2055.929) ---> BoarHat@1f363273
Beneficis = 112893.38999999997Movimiento 354 836 Coste(2053.444) ---> BoarHat@152ed107
Beneficis = 112893.38999999997Movimiento 187 444 Coste(2050.968) ---> BoarHat@30a0f68
Beneficis = 112893.38999999997Movimiento 21 458 Coste(2048.4539999999997) ---> BoarHat@7701a250
Beneficis = 112893.38999999997Movimiento 95 262 Coste(2045.512) ---> BoarHat@5c4f5c8b
Beneficis = 112893.38999999997Movimiento 158 385 Coste(2043.038) ---> BoarHat@7fbab985
Beneficis = 112893.38999999997Movimiento 507 771 Coste(2040.577) ---> BoarHat@531a4243
Beneficis = 112893.38999999997Movimiento 786 912 Coste(2036.863) ---> BoarHat@391a5854
Beneficis = 113445.68999999997Movimiento 962 4 Coste(1957.114) ---> BoarHat@375f41be
Beneficis = 113445.68999999997Movimiento 154 500 Coste(1954.674) ---> BoarHat@2a03cb52
Beneficis = 113445.68999999997Movimiento 875 974 Coste(1952.243) ---> BoarHat@43c49e43
Beneficis = 113897.78999999998Movimiento 889 9 Coste(1870.327) ---> BoarHat@21f53ca1
Beneficis = 113897.78999999998Movimiento 349 783 Coste(1867.897) ---> BoarHat@879a64b
Beneficis = 113897.78999999998Movimiento 106 379 Coste(1865.492) ---> BoarHat@a97729b
Beneficis = 113897.78999999998Movimiento 23 153 Coste(1863.088) ---> BoarHat@1758b32b
Beneficis = 113897.78999999998Movimiento 245 537 Coste(1860.684) ---> BoarHat@1561a240
Beneficis = 113897.78999999998Movimiento 717 740 Coste(1858.306) ---> BoarHat@4a23c79e
Beneficis = 113897.78999999998Movimiento 25 667 Coste(1855.936) ---> BoarHat@436c7d93
Beneficis = 114658.18999999997Movimiento 859 12 Coste(1776.847) ---> BoarHat@7779c234
Beneficis = 114658.18999999997Movimiento 159 449 Coste(1774.495) ---> BoarHat@3f2dd3d2
Beneficis = 114658.18999999997Movimiento 306 703 Coste(1772.174) ---> BoarHat@30f9afb9
Beneficis = 114658.18999999997Movimiento 576 975 Coste(1769.858) ---> BoarHat@26e94dec
Beneficis = 114658.18999999997Movimiento 151 231 Coste(1767.548) ---> BoarHat@26b44b1c
Beneficis = 114658.18999999997Movimiento 31 593 Coste(1765.244) ---> BoarHat@31c56253
Beneficis = 114658.18999999997Movimiento 226 904 Coste(1762.9489999999998) ---> BoarHat@14965c6
Beneficis = 114658.18999999997Movimiento 67 858 Coste(1760.6599999999999) ---> BoarHat@2604fe2f
Beneficis = 115133.38999999997Movimiento 852 36 Coste(1678.0839999999998) ---> BoarHat@7b4a732f
Beneficis = 115133.38999999997Movimiento 303 936 Coste(1675.8129999999999) ---> BoarHat@64ba350
Beneficis = 115554.58999999997Movimiento 820 4 Coste(1598.277) ---> BoarHat@738d2b50
Beneficis = 115554.58999999997Movimiento 181 801 Coste(1596.037) ---> BoarHat@12142f10
Beneficis = 115554.58999999997Movimiento 137 935 Coste(1593.809) ---> BoarHat@5922d3eb
Beneficis = 115554.58999999997Movimiento 150 854 Coste(1591.589) ---> BoarHat@2f2fd3a4
Beneficis = 115554.58999999997Movimiento 543 774 Coste(1589.377) ---> BoarHat@4358fa9f
Beneficis = 115554.58999999997Movimiento 91 481 Coste(1587.1979999999999) ---> BoarHat@46baed5d
Beneficis = 115554.58999999997Movimiento 340 374 Coste(1585.0349999999999) ---> BoarHat@4df2e8a3
Beneficis = 115554.58999999997Movimiento 224 724 Coste(1582.8619999999999) ---> BoarHat@722f0c9
Beneficis = 115554.58999999997Movimiento 384 546 Coste(1580.7269999999999) ---> BoarHat@6725eb93
Beneficis = 115554.58999999997Movimiento 191 473 Coste(1578.598) ---> BoarHat@7395fb2b
Beneficis = 115554.58999999997Movimiento 248 597 Coste(1576.4859999999999) ---> BoarHat@25114e91
Beneficis = 115554.58999999997Movimiento 413 480 Coste(1574.406) ---> BoarHat@3930cf29
Beneficis = 115554.58999999997Movimiento 630 634 Coste(1572.3619999999999) ---> BoarHat@3999dcf2
Beneficis = 115554.58999999997Movimiento 202 990 Coste(1570.319) ---> BoarHat@519630ed
Beneficis = 115554.58999999997Movimiento 373 733 Coste(1568.279) ---> BoarHat@7f6a04ab
Beneficis = 116034.88999999997Movimiento 468 12 Coste(1493.895) ---> BoarHat@60228f3e
Beneficis = 116034.88999999997Movimiento 396 906 Coste(1491.8609999999999) ---> BoarHat@7d0e2324
Beneficis = 116034.88999999997Movimiento 734 996 Coste(1489.827) ---> BoarHat@4da6ecaf
Beneficis = 116034.88999999997Movimiento 689 746 Coste(1487.8509999999999) ---> BoarHat@300bf3eb
Beneficis = 116034.88999999997Movimiento 670 779 Coste(1485.783) ---> BoarHat@5d154a3c
Beneficis = 116034.88999999997Movimiento 620 989 Coste(1483.841) ---> BoarHat@b6770f7
Beneficis = 116034.88999999997Movimiento 453 622 Coste(1481.723) ---> BoarHat@37c736d8
Beneficis = 116034.88999999997Movimiento 24 534 Coste(1479.787) ---> BoarHat@704e8c7c
Beneficis = 116034.88999999997Movimiento 414 767 Coste(1477.863) ---> BoarHat@585f31a9
Beneficis = 116034.88999999997Movimiento 591 663 Coste(1475.94) ---> BoarHat@dac2664
Beneficis = 116034.88999999997Movimiento 333 849 Coste(1474.039) ---> BoarHat@53f5c7d5
Beneficis = 116034.88999999997Movimiento 225 948 Coste(1472.181) ---> BoarHat@4e7d1ac7
Beneficis = 116034.88999999997Movimiento 578 861 Coste(1470.006) ---> BoarHat@3145ce1c
Beneficis = 116034.88999999997Movimiento 468 13 Coste(1463.6019999999999) ---> BoarHat@664afa33
Beneficis = 116681.68999999997Movimiento 997 12 Coste(1389.474) ---> BoarHat@5d0c291c
Beneficis = 116681.68999999997Movimiento 635 997 Coste(1386.24) ---> BoarHat@3f91cbbc
Beneficis = 116681.68999999997Movimiento 724 997 Coste(1383.0059999999999) ---> BoarHat@79dd6d1b
Beneficis = 116681.68999999997Movimiento 247 637 Coste(1381.158) ---> BoarHat@44e9fb8f
Beneficis = 116681.68999999997Movimiento 608 870 Coste(1378.867) ---> BoarHat@480b6cf1
Beneficis = 116681.68999999997Movimiento 419 944 Coste(1377.031) ---> BoarHat@5b091593
Beneficis = 116681.68999999997Movimiento 763 867 Coste(1375.199) ---> BoarHat@50eb48e7
Beneficis = 116681.68999999997Movimiento 20 83 Coste(1373.37) ---> BoarHat@7c8dddca
Beneficis = 116681.68999999997Movimiento 432 718 Coste(1371.558) ---> BoarHat@ec59e67
Beneficis = 116681.68999999997Movimiento 40 417 Coste(1369.761) ---> BoarHat@43846368
Beneficis = 116681.68999999997Movimiento 29 386 Coste(1367.981) ---> BoarHat@8e93db9
Beneficis = 116681.68999999997Movimiento 173 692 Coste(1366.215) ---> BoarHat@649cf0ec
Beneficis = 116681.68999999997Movimiento 820 973 Coste(1363.407) ---> BoarHat@3cdacfc1
Beneficis = 117169.48999999998Movimiento 264 4 Coste(1286.171) ---> BoarHat@ac94958
Beneficis = 119539.04000000001Movimiento 820 897 Coste(1284.3899999999999) ---> BoarHat@60106a6a
Beneficis = 119960.24Movimiento 820 12 Coste(1206.854) ---> BoarHat@6dbae30a
Beneficis = 119960.24Movimiento 249 572 Coste(1205.105) ---> BoarHat@240dbc08
Beneficis = 119960.24Movimiento 471 919 Coste(1203.356) ---> BoarHat@4cd6f041
Beneficis = 119960.24Movimiento 270 503 Coste(1201.6219999999998) ---> BoarHat@61371934
Beneficis = 119960.24Movimiento 10 496 Coste(1199.8899999999999) ---> BoarHat@3e05c68f
Beneficis = 119960.24Movimiento 56 68 Coste(1198.1599999999999) ---> BoarHat@2da5121c
Beneficis = 119960.24Movimiento 452 855 Coste(1196.44) ---> BoarHat@92fd770
Beneficis = 119960.24Movimiento 583 761 Coste(1194.743) ---> BoarHat@3e13d5fb
Beneficis = 119960.24Movimiento 119 189 Coste(1193.051) ---> BoarHat@4fb56208
Beneficis = 119960.24Movimiento 164 878 Coste(1191.359) ---> BoarHat@a634824
Beneficis = 119960.24Movimiento 445 456 Coste(1189.6689999999999) ---> BoarHat@1e180f82
Beneficis = 119960.24Movimiento 11 351 Coste(1187.982) ---> BoarHat@5105aa45
Beneficis = 119960.24Movimiento 491 952 Coste(1186.258) ---> BoarHat@413e19d4
Beneficis = 119960.24Movimiento 778 936 Coste(1184.585) ---> BoarHat@5c5b9b00
Beneficis = 119960.24Movimiento 318 993 Coste(1182.913) ---> BoarHat@63d91ba8
Beneficis = 119960.24Movimiento 51 808 Coste(1181.249) ---> BoarHat@657d44ff
Beneficis = 119960.24Movimiento 12 477 Coste(1179.59) ---> BoarHat@25657c9a
Beneficis = 119960.24Movimiento 149 512 Coste(1177.938) ---> BoarHat@66dfc565
Beneficis = 119960.24Movimiento 395 614 Coste(1176.2939999999999) ---> BoarHat@45abc2a4
Beneficis = 119960.24Movimiento 652 673 Coste(1174.6509999999998) ---> BoarHat@53376a0d
Beneficis = 119960.24Movimiento 435 860 Coste(1172.9569999999999) ---> BoarHat@6b1d5f4e
Beneficis = 119960.24Movimiento 114 320 Coste(1171.3519999999999) ---> BoarHat@218201e8
Beneficis = 119960.24Movimiento 335 683 Coste(1169.75) ---> BoarHat@664d8d32
Beneficis = 119960.24Movimiento 428 468 Coste(1168.149) ---> BoarHat@31e70f2b
Beneficis = 119960.24Movimiento 280 341 Coste(1166.549) ---> BoarHat@142fc9e
Beneficis = 119960.24Movimiento 641 858 Coste(1164.9679999999998) ---> BoarHat@66c0b294
Beneficis = 119960.24Movimiento 359 910 Coste(1163.393) ---> BoarHat@6d9b39b5
Beneficis = 120451.34000000001Movimiento 104 4 Coste(1086.311) ---> BoarHat@85d79cb
Beneficis = 120451.34000000001Movimiento 41 197 Coste(1084.777) ---> BoarHat@5b51740
Beneficis = 120451.34000000001Movimiento 402 590 Coste(1083.257) ---> BoarHat@53507fa6
Beneficis = 120451.34000000001Movimiento 312 322 Coste(1081.743) ---> BoarHat@3bac6717
Beneficis = 120451.34000000001Movimiento 295 924 Coste(1080.253) ---> BoarHat@62246d6
Beneficis = 120451.34000000001Movimiento 77 856 Coste(1078.7669999999998) ---> BoarHat@3ca7d742
Beneficis = 120451.34000000001Movimiento 92 135 Coste(1077.293) ---> BoarHat@13624abb
Beneficis = 120451.34000000001Movimiento 589 820 Coste(1074.1619999999998) ---> BoarHat@3b3e7e4c
Beneficis = 120451.34000000001Movimiento 387 957 Coste(1072.4009999999998) ---> BoarHat@5d66ac1a
Beneficis = 120451.34000000001Movimiento 105 844 Coste(1070.953) ---> BoarHat@6213cd07
Beneficis = 120451.34000000001Movimiento 328 561 Coste(1069.511) ---> BoarHat@b841d70
Beneficis = 120451.34000000001Movimiento 873 961 Coste(1068.071) ---> BoarHat@7ce7d744
Beneficis = 120451.34000000001Movimiento 325 482 Coste(1066.645) ---> BoarHat@5dd171f6
Beneficis = 120451.34000000001Movimiento 479 700 Coste(1065.221) ---> BoarHat@180ec9d8
Beneficis = 120451.34000000001Movimiento 393 429 Coste(1063.799) ---> BoarHat@17b01676
Beneficis = 120451.34000000001Movimiento 459 646 Coste(1062.379) ---> BoarHat@671c3e7c
Beneficis = 120451.34000000001Movimiento 148 484 Coste(1060.759) ---> BoarHat@7279b69d
Beneficis = 120451.34000000001Movimiento 90 938 Coste(1059.3429999999998) ---> BoarHat@34269f3
Beneficis = 120451.34000000001Movimiento 970 19 Coste(1057.933) ---> BoarHat@228aa35e
Beneficis = 120451.34000000001Movimiento 461 940 Coste(1056.528) ---> BoarHat@2e396c21
Beneficis = 120451.34000000001Movimiento 203 211 Coste(1055.1399999999999) ---> BoarHat@26d9d4ff
Beneficis = 120451.34000000001Movimiento 39 531 Coste(1053.7549999999999) ---> BoarHat@66f3e597
Beneficis = 120451.34000000001Movimiento 220 407 Coste(1052.37) ---> BoarHat@76c7ecfe
Beneficis = 120451.34000000001Movimiento 696 869 Coste(1050.9879999999998) ---> BoarHat@43e3eace
Beneficis = 120451.34000000001Movimiento 132 976 Coste(1049.616) ---> BoarHat@f01a697
Beneficis = 120451.34000000001Movimiento 49 332 Coste(1048.2489999999998) ---> BoarHat@27c9e1c9
Beneficis = 120451.34000000001Movimiento 122 681 Coste(1046.8829999999998) ---> BoarHat@6021c0d4
Beneficis = 120451.34000000001Movimiento 708 964 Coste(1045.4189999999999) ---> BoarHat@678aae20
Beneficis = 120937.34000000001Movimiento 649 12 Coste(971.3389999999999) ---> BoarHat@bfdcb7c
Beneficis = 120937.34000000001Movimiento 350 624 Coste(969.981) ---> BoarHat@421a08f3
Beneficis = 120937.34000000001Movimiento 97 834 Coste(968.644) ---> BoarHat@2bb1567
Beneficis = 120937.34000000001Movimiento 348 941 Coste(967.312) ---> BoarHat@299c45a0
Beneficis = 120937.34000000001Movimiento 7 556 Coste(965.982) ---> BoarHat@30ad90ec
Beneficis = 120937.34000000001Movimiento 649 737 Coste(962.475) ---> BoarHat@59ad984d
Beneficis = 121440.44000000002Movimiento 899 12 Coste(889.307) ---> BoarHat@201d9139
Beneficis = 121858.49000000008Movimiento 649 901 Coste(887.626) ---> BoarHat@29014f0a
Beneficis = 121858.49000000008Movimiento 44 547 Coste(886.306) ---> BoarHat@110b817d
Beneficis = 121858.49000000008Movimiento 494 35 Coste(885.005) ---> BoarHat@1045644a
Beneficis = 121858.49000000008Movimiento 18 16 Coste(883.7149999999999) ---> BoarHat@1bb2407d
Beneficis = 121858.49000000008Movimiento 187 416 Coste(882.4259999999999) ---> BoarHat@4d708ea8
Beneficis = 121858.49000000008Movimiento 261 275 Coste(881.142) ---> BoarHat@1fea52d1
Beneficis = 121858.49000000008Movimiento 542 854 Coste(879.864) ---> BoarHat@29287672
Beneficis = 121858.49000000008Movimiento 889 977 Coste(877.595) ---> BoarHat@346ad327
Beneficis = 121858.49000000008Movimiento 112 242 Coste(875.925) ---> BoarHat@3114be0c
Beneficis = 121858.49000000008Movimiento 865 19 Coste(874.659) ---> BoarHat@3e6786c8
Beneficis = 121858.49000000008Movimiento 369 518 Coste(873.3969999999999) ---> BoarHat@46c41272
Beneficis = 121858.49000000008Movimiento 32 502 Coste(872.141) ---> BoarHat@5851d93c
Beneficis = 121858.49000000008Movimiento 287 669 Coste(870.888) ---> BoarHat@3bab2c20
Beneficis = 121858.49000000008Movimiento 221 361 Coste(869.6400000000001) ---> BoarHat@68a760c0
Beneficis = 121858.49000000008Movimiento 568 777 Coste(868.393) ---> BoarHat@2014f0aa
Beneficis = 121858.49000000008Movimiento 528 728 Coste(867.149) ---> BoarHat@1bc3c3f4
Beneficis = 121858.49000000008Movimiento 846 861 Coste(865.73) ---> BoarHat@4bfd0bc5
Beneficis = 122392.19000000008Movimiento 564 0 Coste(787.078) ---> BoarHat@42ed2a71
Beneficis = 122392.19000000008Movimiento 527 564 Coste(785.299) ---> BoarHat@5056444e
Beneficis = 122392.19000000008Movimiento 662 714 Coste(784.059) ---> BoarHat@26f9a7f8
Beneficis = 122392.19000000008Movimiento 20 481 Coste(782.8309999999999) ---> BoarHat@1576f6da
Beneficis = 122392.19000000008Movimiento 454 687 Coste(781.605) ---> BoarHat@70901d71
Beneficis = 122392.19000000008Movimiento 108 311 Coste(780.381) ---> BoarHat@3eabc864
Beneficis = 122392.19000000008Movimiento 605 821 Coste(779.169) ---> BoarHat@10ebeb5d
Beneficis = 122392.19000000008Movimiento 57 140 Coste(777.958) ---> BoarHat@48d2bd0c
Beneficis = 122392.19000000008Movimiento 821 896 Coste(776.752) ---> BoarHat@458f4368
Beneficis = 123066.19000000008Movimiento 872 10 Coste(696.972) ---> BoarHat@27d21f71
Beneficis = 123066.19000000008Movimiento 268 860 Coste(695.7760000000001) ---> BoarHat@4ba1196a
Beneficis = 123066.19000000008Movimiento 163 820 Coste(692.569) ---> BoarHat@43b7907f
Beneficis = 123593.59000000007Movimiento 14 2 Coste(613.665) ---> BoarHat@4ebcff85
Beneficis = 123593.59000000007Movimiento 712 837 Coste(612.475) ---> BoarHat@1c62622e
Beneficis = 123593.59000000007Movimiento 329 442 Coste(611.291) ---> BoarHat@57fe9265
Beneficis = 123593.59000000007Movimiento 422 932 Coste(610.109) ---> BoarHat@3df358be
Beneficis = 123593.59000000007Movimiento 366 745 Coste(608.931) ---> BoarHat@3cd9b5af
Beneficis = 123593.59000000007Movimiento 309 433 Coste(607.754) ---> BoarHat@31a1c18
Beneficis = 123593.59000000007Movimiento 716 981 Coste(606.5790000000001) ---> BoarHat@56208461
Beneficis = 123593.59000000007Movimiento 71 308 Coste(605.427) ---> BoarHat@30805c6c
Beneficis = 123593.59000000007Movimiento 343 455 Coste(604.089) ---> BoarHat@2ab516b0
Beneficis = 124127.59000000007Movimiento 562 2 Coste(525.4490000000001) ---> BoarHat@5fddc0a4
Beneficis = 124127.59000000007Movimiento 541 892 Coste(524.325) ---> BoarHat@2be2aa8f
Beneficis = 124127.59000000007Movimiento 526 914 Coste(523.203) ---> BoarHat@620b6286
Beneficis = 124127.59000000007Movimiento 136 925 Coste(522.082) ---> BoarHat@6fc1736a
Beneficis = 124127.59000000007Movimiento 505 994 Coste(520.963) ---> BoarHat@1218d738
Beneficis = 124127.59000000007Movimiento 146 401 Coste(519.848) ---> BoarHat@6aa0b02c
Beneficis = 124127.59000000007Movimiento 157 866 Coste(518.733) ---> BoarHat@4af7fc25
Beneficis = 124127.59000000007Movimiento 457 688 Coste(517.6179999999999) ---> BoarHat@7d338141
Beneficis = 124127.59000000007Movimiento 260 339 Coste(516.508) ---> BoarHat@4edf3adc
Beneficis = 124127.59000000007Movimiento 286 423 Coste(515.2660000000001) ---> BoarHat@31372dce
Beneficis = 124127.59000000007Movimiento 127 661 Coste(514.184) ---> BoarHat@7922d148
Beneficis = 124127.59000000007Movimiento 89 660 Coste(513.128) ---> BoarHat@1ddc3110
Beneficis = 124127.59000000007Movimiento 639 776 Coste(512.086) ---> BoarHat@e713fd9
Beneficis = 124127.59000000007Movimiento 223 753 Coste(511.05) ---> BoarHat@14598e7d
Beneficis = 124127.59000000007Movimiento 713 722 Coste(510.017) ---> BoarHat@285590b8
Beneficis = 124127.59000000007Movimiento 631 785 Coste(508.969) ---> BoarHat@5e94c62
Beneficis = 124127.59000000007Movimiento 314 691 Coste(507.956) ---> BoarHat@282ddb61
Beneficis = 124127.59000000007Movimiento 478 926 Coste(506.712) ---> BoarHat@529b479a
Beneficis = 124127.59000000007Movimiento 580 698 Coste(505.7) ---> BoarHat@2bebdaf3
Beneficis = 124127.59000000007Movimiento 95 385 Coste(504.69) ---> BoarHat@791ba854
Beneficis = 124127.59000000007Movimiento 360 514 Coste(503.68) ---> BoarHat@4f315280
Beneficis = 124127.59000000007Movimiento 266 283 Coste(502.687) ---> BoarHat@629b4ad3
Beneficis = 124127.59000000007Movimiento 711 862 Coste(501.694) ---> BoarHat@1dc618bc
Beneficis = 124127.59000000007Movimiento 148 403 Coste(500.706) ---> BoarHat@3f6a2fa
Beneficis = 124127.59000000007Movimiento 946 29 Coste(499.721) ---> BoarHat@4b695195
Beneficis = 124127.59000000007Movimiento 183 548 Coste(498.73699999999997) ---> BoarHat@6f91658b
Beneficis = 124127.59000000007Movimiento 612 695 Coste(497.753) ---> BoarHat@59b1a750
Beneficis = 124127.59000000007Movimiento 391 898 Coste(496.773) ---> BoarHat@5e06fc49
Beneficis = 124127.59000000007Movimiento 690 20 Coste(495.797) ---> BoarHat@7c4482b1
Beneficis = 124613.59000000007Movimiento 649 12 Coste(421.717) ---> BoarHat@669787cb
Beneficis = 124613.59000000007Movimiento 61 367 Coste(420.742) ---> BoarHat@2691a160
Beneficis = 124613.59000000007Movimiento 257 678 Coste(419.77) ---> BoarHat@23fac4e7
Beneficis = 124613.59000000007Movimiento 184 319 Coste(418.8) ---> BoarHat@40c62374
Beneficis = 124613.59000000007Movimiento 172 210 Coste(417.832) ---> BoarHat@48a70335
Beneficis = 124613.59000000007Movimiento 238 945 Coste(416.876) ---> BoarHat@61622c9e
Beneficis = 124613.59000000007Movimiento 36 921 Coste(415.923) ---> BoarHat@38fe55c0
Beneficis = 124613.59000000007Movimiento 346 954 Coste(414.973) ---> BoarHat@210b994f
Beneficis = 124613.59000000007Movimiento 582 963 Coste(414.026) ---> BoarHat@3c1885a1
Beneficis = 125179.69000000008Movimiento 799 39 Coste(336.66999999999996) ---> BoarHat@1ac0a23c
Beneficis = 125179.69000000008Movimiento 382 26 Coste(335.72999999999996) ---> BoarHat@d0566dc
Beneficis = 125904.89000000007Movimiento 792 4 Coste(261.11199999999997) ---> BoarHat@678e7ab9
Beneficis = 125904.89000000007Movimiento 194 943 Coste(260.18699999999995) ---> BoarHat@5f8e565
Beneficis = 125904.89000000007Movimiento 216 828 Coste(259.19699999999995) ---> BoarHat@39adab30
Beneficis = 125904.89000000007Movimiento 188 214 Coste(258.28299999999996) ---> BoarHat@3c730ecd
Beneficis = 125904.89000000007Movimiento 17 563 Coste(257.37299999999993) ---> BoarHat@4d193a06
Beneficis = 125904.89000000007Movimiento 438 1 Coste(256.44499999999994) ---> BoarHat@17ae729
Beneficis = 125904.89000000007Movimiento 654 668 Coste(255.53499999999997) ---> BoarHat@5f2bd05c
Beneficis = 125904.89000000007Movimiento 276 960 Coste(254.63099999999994) ---> BoarHat@28dce30b
Beneficis = 125904.89000000007Movimiento 356 361 Coste(253.72899999999993) ---> BoarHat@74713455
Beneficis = 125904.89000000007Movimiento 111 431 Coste(252.82899999999995) ---> BoarHat@7fab879d
Beneficis = 125904.89000000007Movimiento 592 693 Coste(251.94599999999994) ---> BoarHat@751582c8
Beneficis = 125904.89000000007Movimiento 299 709 Coste(251.06599999999997) ---> BoarHat@437ecae7
Beneficis = 125904.89000000007Movimiento 0 813 Coste(250.18699999999998) ---> BoarHat@66c86ee6
Beneficis = 125904.89000000007Movimiento 464 721 Coste(249.31999999999996) ---> BoarHat@5a79b03
Beneficis = 125904.89000000007Movimiento 170 576 Coste(248.457) ---> BoarHat@58e8c65a
Beneficis = 125904.89000000007Movimiento 60 908 Coste(247.59699999999998) ---> BoarHat@78d53f4e
Beneficis = 125904.89000000007Movimiento 43 190 Coste(246.74099999999999) ---> BoarHat@731a7103
Beneficis = 125904.89000000007Movimiento 243 651 Coste(245.885) ---> BoarHat@34b16fae
Beneficis = 125904.89000000007Movimiento 498 795 Coste(244.844) ---> BoarHat@7db119a2
Beneficis = 125904.89000000007Movimiento 1 363 Coste(243.99499999999998) ---> BoarHat@60ffbecb
Beneficis = 125904.89000000007Movimiento 398 675 Coste(243.171) ---> BoarHat@1bec0fd0
Beneficis = 125904.89000000007Movimiento 116 676 Coste(242.35099999999997) ---> BoarHat@26dbd146
Beneficis = 125904.89000000007Movimiento 160 570 Coste(241.53199999999995) ---> BoarHat@2fac7ac7
Beneficis = 125904.89000000007Movimiento 175 353 Coste(240.73599999999996) ---> BoarHat@d7c562a
Beneficis = 125904.89000000007Movimiento 410 959 Coste(239.93999999999997) ---> BoarHat@a414244
Beneficis = 125904.89000000007Movimiento 152 411 Coste(239.14499999999995) ---> BoarHat@34a1b352
Beneficis = 125904.89000000007Movimiento 82 277 Coste(238.35499999999996) ---> BoarHat@3fc11100
Beneficis = 125904.89000000007Movimiento 642 1 Coste(237.58099999999996) ---> BoarHat@3b562c21
Beneficis = 125904.89000000007Movimiento 704 8 Coste(236.80699999999996) ---> BoarHat@3155a013
Beneficis = 125904.89000000007Movimiento 738 9 Coste(236.03299999999996) ---> BoarHat@20f678d5
Beneficis = 125904.89000000007Movimiento 861 932 Coste(235.25999999999993) ---> BoarHat@4e3c14bc
Beneficis = 125904.89000000007Movimiento 16 426 Coste(234.48799999999994) ---> BoarHat@848a2ca
Beneficis = 125904.89000000007Movimiento 544 588 Coste(233.71599999999995) ---> BoarHat@25384a11
Beneficis = 125904.89000000007Movimiento 725 880 Coste(232.94799999999995) ---> BoarHat@231dbb28
Beneficis = 125904.89000000007Movimiento 986 9 Coste(232.19199999999995) ---> BoarHat@3443a676
Beneficis = 126591.29000000007Movimiento 903 4 Coste(159.64799999999997) ---> BoarHat@48ebde0f
Beneficis = 126591.29000000007Movimiento 973 38 Coste(158.90399999999997) ---> BoarHat@4f4d91f8
Beneficis = 126591.29000000007Movimiento 253 864 Coste(158.16899999999998) ---> BoarHat@568598aa
Beneficis = 126591.29000000007Movimiento 476 32 Coste(157.365) ---> BoarHat@65af9927
Beneficis = 126591.29000000007Movimiento 24 24 Coste(156.63499999999996) ---> BoarHat@62bb7d38
Beneficis = 126591.29000000007Movimiento 372 817 Coste(155.90699999999998) ---> BoarHat@43b0829f
Beneficis = 126591.29000000007Movimiento 797 887 Coste(155.19299999999998) ---> BoarHat@29ec8940
Beneficis = 126591.29000000007Movimiento 532 0 Coste(154.48499999999996) ---> BoarHat@1c891c24
Beneficis = 126591.29000000007Movimiento 269 460 Coste(153.79099999999994) ---> BoarHat@cdfd801
Beneficis = 126591.29000000007Movimiento 66 1 Coste(153.09799999999996) ---> BoarHat@2eec4571
Beneficis = 126591.29000000007Movimiento 141 824 Coste(152.4339999999999) ---> BoarHat@3258a12f
Beneficis = 126591.29000000007Movimiento 436 764 Coste(151.7779999999999) ---> BoarHat@403b6f47
Beneficis = 126591.29000000007Movimiento 302 524 Coste(150.97399999999993) ---> BoarHat@4b4c4dd2
Beneficis = 126591.29000000007Movimiento 415 6 Coste(150.33199999999994) ---> BoarHat@7932ca75
Beneficis = 126591.29000000007Movimiento 951 21 Coste(149.70199999999994) ---> BoarHat@7ebacfa7
Beneficis = 126591.29000000007Movimiento 289 956 Coste(149.07699999999994) ---> BoarHat@6690658
Beneficis = 126591.29000000007Movimiento 394 882 Coste(148.28199999999993) ---> BoarHat@1de39a3d
Beneficis = 126591.29000000007Movimiento 28 891 Coste(147.5739999999999) ---> BoarHat@2bda0e67
Beneficis = 126591.29000000007Movimiento 759 846 Coste(146.40599999999995) ---> BoarHat@229241f1
Beneficis = 126591.29000000007Movimiento 346 427 Coste(145.765) ---> BoarHat@c006dbd
Beneficis = 126591.29000000007Movimiento 180 853 Coste(145.14899999999994) ---> BoarHat@53d64bfd
Beneficis = 126591.29000000007Movimiento 540 24 Coste(144.53699999999992) ---> BoarHat@4d9e1b84
Beneficis = 126591.29000000007Movimiento 357 514 Coste(143.92899999999992) ---> BoarHat@53836f90
Beneficis = 126591.29000000007Movimiento 85 168 Coste(143.3209999999999) ---> BoarHat@31844b4
Beneficis = 126591.29000000007Movimiento 233 664 Coste(142.61299999999994) ---> BoarHat@63baa428
Beneficis = 126591.29000000007Movimiento 792 2 Coste(138.9869999999999) ---> BoarHat@430dbd2b
Beneficis = 127107.59000000007Movimiento 400 4 Coste(66.523) ---> BoarHat@57351f37
Beneficis = 127107.59000000007Movimiento 117 10 Coste(65.92099999999999) ---> BoarHat@64fe7733
Beneficis = 127107.59000000007Movimiento 64 515 Coste(65.321) ---> BoarHat@6104a464
Beneficis = 127107.59000000007Movimiento 656 900 Coste(64.727) ---> BoarHat@293145b7
Beneficis = 127806.79000000007Movimiento 818 4 Coste(-7.305000000000007) ---> BoarHat@6d620bef
Beneficis = 127806.79000000007Movimiento 538 5 Coste(-7.89500000000001) ---> BoarHat@bbe32e5
Beneficis = 127806.79000000007Movimiento 48 298 Coste(-8.477000000000018) ---> BoarHat@74546a80
Beneficis = 127806.79000000007Movimiento 364 574 Coste(-9.053000000000011) ---> BoarHat@2e50834e
Beneficis = 127806.79000000007Movimiento 540 701 Coste(-9.627000000000024) ---> BoarHat@70208747
Beneficis = 127806.79000000007Movimiento 540 836 Coste(-10.243000000000038) ---> BoarHat@67f0482
Beneficis = 127806.79000000007Movimiento 406 6 Coste(-10.81000000000003) ---> BoarHat@4d414a0c
Beneficis = 127806.79000000007Movimiento 420 913 Coste(-11.373000000000047) ---> BoarHat@4b521102
Beneficis = 127806.79000000007Movimiento 516 9 Coste(-11.997000000000043) ---> BoarHat@2e033c97
Beneficis = 127806.79000000007Movimiento 446 648 Coste(-12.549000000000035) ---> BoarHat@25aa44a2
Beneficis = 127806.79000000007Movimiento 118 988 Coste(-13.097000000000037) ---> BoarHat@271b70cb
Beneficis = 127806.79000000007Movimiento 371 408 Coste(-13.839000000000027) ---> BoarHat@5a069b90
Beneficis = 127806.79000000007Movimiento 59 142 Coste(-14.502000000000038) ---> BoarHat@37c10021
Beneficis = 127806.79000000007Movimiento 53 573 Coste(-15.150000000000034) ---> BoarHat@9b55c3b
Beneficis = 127806.79000000007Movimiento 271 847 Coste(-15.69500000000005) ---> BoarHat@5b3a6b48
Beneficis = 127806.79000000007Movimiento 205 833 Coste(-16.231000000000023) ---> BoarHat@4b22720c
Beneficis = 127806.79000000007Movimiento 715 38 Coste(-16.76500000000003) ---> BoarHat@69bb6385
Beneficis = 127806.79000000007Movimiento 565 579 Coste(-17.29100000000004) ---> BoarHat@2bdc3674
Beneficis = 127806.79000000007Movimiento 76 27 Coste(-17.80500000000002) ---> BoarHat@1373303c
Beneficis = 127806.79000000007Movimiento 244 435 Coste(-18.30300000000004) ---> BoarHat@858803a
Beneficis = 127806.79000000007Movimiento 54 848 Coste(-18.787000000000035) ---> BoarHat@33f37123
Beneficis = 127806.79000000007Movimiento 36 301 Coste(-19.271000000000043) ---> BoarHat@479b5c42
Beneficis = 127806.79000000007Movimiento 198 999 Coste(-19.755000000000024) ---> BoarHat@75686535
Beneficis = 127806.79000000007Movimiento 591 992 Coste(-20.235000000000042) ---> BoarHat@35711357
Beneficis = 127806.79000000007Movimiento 121 192 Coste(-20.749000000000024) ---> BoarHat@41d565b2
Beneficis = 127806.79000000007Movimiento 240 856 Coste(-21.335000000000036) ---> BoarHat@46290233
Beneficis = 127806.79000000007Movimiento 586 27 Coste(-21.813000000000017) ---> BoarHat@7f9163bd
Beneficis = 127806.79000000007Movimiento 618 27 Coste(-22.291000000000025) ---> BoarHat@484f1b34
Beneficis = 127806.79000000007Movimiento 845 931 Coste(-22.767000000000024) ---> BoarHat@793550e0
Beneficis = 127806.79000000007Movimiento 409 483 Coste(-23.242000000000047) ---> BoarHat@10729a07
Beneficis = 127806.79000000007Movimiento 91 247 Coste(-23.76600000000002) ---> BoarHat@6ab839a1
Beneficis = 127806.79000000007Movimiento 902 8 Coste(-24.378000000000043) ---> BoarHat@2855c5a4
Beneficis = 127806.79000000007Movimiento 415 863 Coste(-24.85000000000005) ---> BoarHat@1404e224
Beneficis = 127806.79000000007Movimiento 254 310 Coste(-25.30400000000003) ---> BoarHat@28747df2
Beneficis = 127806.79000000007Movimiento 841 13 Coste(-25.750000000000057) ---> BoarHat@746eb775
Beneficis = 127806.79000000007Movimiento 71 972 Coste(-26.196000000000055) ---> BoarHat@39d431ea
Beneficis = 127806.79000000007Movimiento 442 877 Coste(-26.640000000000057) ---> BoarHat@32d3c081
Beneficis = 127806.79000000007Movimiento 219 819 Coste(-27.084000000000046) ---> BoarHat@ef0ea1
Beneficis = 127806.79000000007Movimiento 663 26 Coste(-27.528000000000034) ---> BoarHat@4b91dfbd
Beneficis = 127806.79000000007Movimiento 991 26 Coste(-27.97000000000004) ---> BoarHat@3eca634b
Beneficis = 128559.99000000006Movimiento 751 4 Coste(-97.84200000000003) ---> BoarHat@190b6370
Beneficis = 128559.99000000006Movimiento 16 251 Coste(-98.27600000000002) ---> BoarHat@7aa68aa3
Beneficis = 128559.99000000006Movimiento 744 3 Coste(-98.78900000000003) ---> BoarHat@5db72d91
Beneficis = 128559.99000000006Movimiento 613 789 Coste(-99.21600000000002) ---> BoarHat@70b5d478
Beneficis = 128559.99000000006Movimiento 202 624 Coste(-99.64200000000004) ---> BoarHat@4b86c79e
Beneficis = 128559.99000000006Movimiento 299 39 Coste(-100.06600000000005) ---> BoarHat@4b59ff54
Beneficis = 128559.99000000006Movimiento 370 804 Coste(-100.48000000000003) ---> BoarHat@547517e4
Beneficis = 128559.99000000006Movimiento 734 11 Coste(-100.89400000000002) ---> BoarHat@1d1bfb77
Beneficis = 128559.99000000006Movimiento 38 278 Coste(-101.30200000000004) ---> BoarHat@79034bfe
Beneficis = 128559.99000000006Movimiento 125 11 Coste(-101.71000000000002) ---> BoarHat@149d3d71
Beneficis = 128559.99000000006Movimiento 424 28 Coste(-102.11800000000001) ---> BoarHat@454327f7
Beneficis = 128559.99000000006Movimiento 297 9 Coste(-102.52200000000003) ---> BoarHat@71964bc4
Beneficis = 128559.99000000006Movimiento 445 706 Coste(-103.01600000000003) ---> BoarHat@247cfaab
Beneficis = 128559.99000000006Movimiento 107 922 Coste(-103.41700000000002) ---> BoarHat@4ce04077
Beneficis = 128559.99000000006Movimiento 489 2 Coste(-103.93700000000003) ---> BoarHat@2467614
Beneficis = 128559.99000000006Movimiento 114 633 Coste(-104.33700000000003) ---> BoarHat@39ae7984
Beneficis = 128559.99000000006Movimiento 442 11 Coste(-104.73700000000001) ---> BoarHat@42f9b12f
Beneficis = 128559.99000000006Movimiento 421 11 Coste(-105.13100000000001) ---> BoarHat@48354af2
Beneficis = 128559.99000000006Movimiento 75 206 Coste(-105.51900000000002) ---> BoarHat@7777cd78
Beneficis = 128559.99000000006Movimiento 196 653 Coste(-105.90700000000002) ---> BoarHat@30df59d9
Beneficis = 128559.99000000006Movimiento 611 780 Coste(-106.29200000000004) ---> BoarHat@60180427
Beneficis = 128559.99000000006Movimiento 403 0 Coste(-106.67600000000003) ---> BoarHat@43469b35
Beneficis = 128559.99000000006Movimiento 236 382 Coste(-107.05100000000004) ---> BoarHat@3ef2a5cf
Beneficis = 128559.99000000006Movimiento 888 33 Coste(-107.39600000000003) ---> BoarHat@667d27da
Beneficis = 128559.99000000006Movimiento 186 610 Coste(-107.74000000000002) ---> BoarHat@733f9c9c
Beneficis = 128559.99000000006Movimiento 887 2 Coste(-108.09400000000004) ---> BoarHat@35c7d627
Beneficis = 128559.99000000006Movimiento 632 24 Coste(-108.43300000000004) ---> BoarHat@c08538f
Beneficis = 128559.99000000006Movimiento 596 969 Coste(-108.76200000000004) ---> BoarHat@73e58111
Beneficis = 128559.99000000006Movimiento 32 10 Coste(-109.08600000000006) ---> BoarHat@1ead8616
Beneficis = 128559.99000000006Movimiento 12 26 Coste(-109.41000000000004) ---> BoarHat@17a33019
Beneficis = 128559.99000000006Movimiento 604 951 Coste(-109.73400000000002) ---> BoarHat@14cadd5f
Beneficis = 128559.99000000006Movimiento 296 308 Coste(-110.05600000000003) ---> BoarHat@47c99ff3
Beneficis = 128559.99000000006Movimiento 575 0 Coste(-110.37600000000002) ---> BoarHat@b1f7a3e
Beneficis = 128559.99000000006Movimiento 354 679 Coste(-110.68700000000003) ---> BoarHat@4a96f99c
Beneficis = 128559.99000000006Movimiento 176 621 Coste(-110.98600000000003) ---> BoarHat@7a5e292b
Beneficis = 128559.99000000006Movimiento 123 11 Coste(-111.28200000000002) ---> BoarHat@24d029ea
Beneficis = 128559.99000000006Movimiento 63 67 Coste(-111.57700000000004) ---> BoarHat@10d08ce2
Beneficis = 128559.99000000006Movimiento 658 922 Coste(-111.97800000000001) ---> BoarHat@f2dcbc9
Beneficis = 128559.99000000006Movimiento 368 978 Coste(-112.95100000000002) ---> BoarHat@7976ed9f
Beneficis = 128559.99000000006Movimiento 115 294 Coste(-113.52300000000002) ---> BoarHat@abd6337
Beneficis = 128559.99000000006Movimiento 448 1 Coste(-114.03500000000003) ---> BoarHat@3a6fc964
Beneficis = 128559.99000000006Movimiento 430 5 Coste(-114.52700000000004) ---> BoarHat@66d31986
Beneficis = 128559.99000000006Movimiento 390 5 Coste(-114.99900000000002) ---> BoarHat@2eaf2093
Beneficis = 128559.99000000006Movimiento 502 5 Coste(-115.46500000000003) ---> BoarHat@52ffcb03
Beneficis = 128559.99000000006Movimiento 900 38 Coste(-115.75900000000004) ---> BoarHat@6bd23d31
Beneficis = 128559.99000000006Movimiento 155 813 Coste(-116.05200000000005) ---> BoarHat@2902b4c1
Beneficis = 128559.99000000006Movimiento 398 841 Coste(-116.34400000000005) ---> BoarHat@77e60d1e
Beneficis = 128559.99000000006Movimiento 474 25 Coste(-116.62700000000004) ---> BoarHat@3c163909
Beneficis = 128559.99000000006Movimiento 971 11 Coste(-116.90700000000004) ---> BoarHat@55f2068f
Beneficis = 128559.99000000006Movimiento 183 322 Coste(-117.18500000000003) ---> BoarHat@e8bd42e
Beneficis = 128559.99000000006Movimiento 322 707 Coste(-117.49400000000003) ---> BoarHat@41505abb
Beneficis = 128559.99000000006Movimiento 139 147 Coste(-117.769) ---> BoarHat@191fcd0c
Beneficis = 128559.99000000006Movimiento 34 89 Coste(-118.04300000000003) ---> BoarHat@351934ac
Beneficis = 128559.99000000006Movimiento 103 7 Coste(-118.37900000000003) ---> BoarHat@309d9d2
Beneficis = 128559.99000000006Movimiento 434 9 Coste(-118.653) ---> BoarHat@3bd8599f
Beneficis = 128559.99000000006Movimiento 190 463 Coste(-118.92500000000001) ---> BoarHat@7ce0a71d
Beneficis = 128559.99000000006Movimiento 300 985 Coste(-119.19500000000002) ---> BoarHat@7ddd9e26
Beneficis = 128559.99000000006Movimiento 514 960 Coste(-119.46300000000002) ---> BoarHat@ca6c56c
Beneficis = 128559.99000000006Movimiento 86 352 Coste(-119.73000000000002) ---> BoarHat@79e506c9
Beneficis = 128559.99000000006Movimiento 737 10 Coste(-119.99700000000003) ---> BoarHat@7800fc3c
Beneficis = 128559.99000000006Movimiento 208 270 Coste(-120.26400000000002) ---> BoarHat@1de6f9b9
Beneficis = 128559.99000000006Movimiento 390 477 Coste(-120.53100000000002) ---> BoarHat@158f94ec
Beneficis = 128559.99000000006Movimiento 98 212 Coste(-120.79200000000003) ---> BoarHat@44160335
Beneficis = 128559.99000000006Movimiento 333 587 Coste(-121.05200000000004) ---> BoarHat@42ddd67a
Beneficis = 128559.99000000006Movimiento 393 549 Coste(-121.31100000000004) ---> BoarHat@11c5922
Beneficis = 128559.99000000006Movimiento 190 343 Coste(-121.57000000000002) ---> BoarHat@679198e8
Beneficis = 128559.99000000006Movimiento 640 10 Coste(-121.82900000000002) ---> BoarHat@72d1bc63
Beneficis = 128559.99000000006Movimiento 304 348 Coste(-122.08600000000001) ---> BoarHat@7375d07c
Beneficis = 128559.99000000006Movimiento 469 2 Coste(-122.57000000000002) ---> BoarHat@5a3fa319
Beneficis = 128559.99000000006Movimiento 326 26 Coste(-122.82000000000002) ---> BoarHat@1ca53218
Beneficis = 128559.99000000006Movimiento 232 503 Coste(-123.28100000000003) ---> BoarHat@64787c30
Beneficis = 128559.99000000006Movimiento 336 28 Coste(-123.52900000000002) ---> BoarHat@74122ee4
Beneficis = 128559.99000000006Movimiento 82 506 Coste(-123.77300000000002) ---> BoarHat@25dba0c8
Beneficis = 128559.99000000006Movimiento 719 793 Coste(-124.01700000000002) ---> BoarHat@248a2988
Beneficis = 128559.99000000006Movimiento 679 682 Coste(-124.26000000000003) ---> BoarHat@277612ee
Beneficis = 128559.99000000006Movimiento 561 687 Coste(-124.50300000000003) ---> BoarHat@49af1b26
Beneficis = 128559.99000000006Movimiento 492 0 Coste(-124.74500000000002) ---> BoarHat@42d35116
Beneficis = 128559.99000000006Movimiento 269 39 Coste(-125.01600000000003) ---> BoarHat@392bbe1a
Beneficis = 128559.99000000006Movimiento 607 876 Coste(-125.25800000000004) ---> BoarHat@fa547c1
Beneficis = 128559.99000000006Movimiento 437 703 Coste(-125.69600000000003) ---> BoarHat@36ef333d
Beneficis = 128559.99000000006Movimiento 155 305 Coste(-125.93700000000004) ---> BoarHat@31ccc9dc
Beneficis = 128559.99000000006Movimiento 560 28 Coste(-126.17700000000005) ---> BoarHat@73a28b64
Beneficis = 128559.99000000006Movimiento 731 784 Coste(-126.41600000000005) ---> BoarHat@2d9edfb8
Beneficis = 128559.99000000006Movimiento 580 595 Coste(-126.65300000000006) ---> BoarHat@26e7073c
Beneficis = 128559.99000000006Movimiento 228 755 Coste(-126.88800000000006) ---> BoarHat@22940fc6
Beneficis = 128559.99000000006Movimiento 643 743 Coste(-127.23800000000006) ---> BoarHat@6e822283
Beneficis = 128559.99000000006Movimiento 97 23 Coste(-127.67000000000004) ---> BoarHat@64c021a0
Beneficis = 128559.99000000006Movimiento 644 3 Coste(-128.25600000000003) ---> BoarHat@526ada36
Beneficis = 128559.99000000006Movimiento 649 934 Coste(-128.491) ---> BoarHat@53a30f34
Beneficis = 128559.99000000006Movimiento 433 756 Coste(-128.723) ---> BoarHat@242afde6
Beneficis = 128559.99000000006Movimiento 538 995 Coste(-128.95300000000003) ---> BoarHat@384476df
Beneficis = 128559.99000000006Movimiento 82 559 Coste(-129.177) ---> BoarHat@5afd69c5
Beneficis = 128559.99000000006Movimiento 86 11 Coste(-129.4) ---> BoarHat@11e39135
Beneficis = 128559.99000000006Movimiento 157 10 Coste(-129.622) ---> BoarHat@9a93f8b
Beneficis = 128559.99000000006Movimiento 190 0 Coste(-129.83800000000002) ---> BoarHat@182b5569
Beneficis = 128559.99000000006Movimiento 411 953 Coste(-130.04800000000003) ---> BoarHat@1c1c17b
Beneficis = 128559.99000000006Movimiento 868 888 Coste(-130.27200000000002) ---> BoarHat@2e690ebe
Beneficis = 128559.99000000006Movimiento 132 434 Coste(-130.50400000000002) ---> BoarHat@f1d22f7
Beneficis = 128559.99000000006Movimiento 695 2 Coste(-130.72500000000002) ---> BoarHat@5417ef2e
Beneficis = 128559.99000000006Movimiento 784 26 Coste(-130.93300000000005) ---> BoarHat@5fe7ebec
Beneficis = 128559.99000000006Movimiento 144 636 Coste(-131.14100000000002) ---> BoarHat@71b044ea
Beneficis = 128559.99000000006Movimiento 699 26 Coste(-131.34900000000002) ---> BoarHat@312c54ab
Beneficis = 128559.99000000006Movimiento 504 18 Coste(-131.55600000000004) ---> BoarHat@bff0422
Beneficis = 128559.99000000006Movimiento 617 798 Coste(-131.90400000000002) ---> BoarHat@1cf300b7
Beneficis = 128559.99000000006Movimiento 769 3 Coste(-132.44400000000005) ---> BoarHat@74f3e256
Beneficis = 128559.99000000006Movimiento 774 10 Coste(-132.65000000000003) ---> BoarHat@1733d8bb
Beneficis = 128559.99000000006Movimiento 921 21 Coste(-132.85000000000002) ---> BoarHat@538382fb
Beneficis = 128559.99000000006Movimiento 4 423 Coste(-133.049) ---> BoarHat@6fa41b5d
Beneficis = 128559.99000000006Movimiento 161 777 Coste(-133.247) ---> BoarHat@74d6498d
Beneficis = 128559.99000000006Movimiento 392 1 Coste(-133.46900000000002) ---> BoarHat@6e91f279
Beneficis = 128559.99000000006Movimiento 74 13 Coste(-133.803) ---> BoarHat@5c4b6686
Beneficis = 128559.99000000006Movimiento 500 26 Coste(-133.991) ---> BoarHat@68a19ee2
Beneficis = 128559.99000000006Movimiento 569 35 Coste(-134.38400000000001) ---> BoarHat@6e503ce4
Beneficis = 128559.99000000006Movimiento 0 10 Coste(-134.56900000000002) ---> BoarHat@54a7e335
Beneficis = 128559.99000000006Movimiento 26 273 Coste(-134.74) ---> BoarHat@1e5e6c0a
Beneficis = 128559.99000000006Movimiento 174 758 Coste(-134.91000000000003) ---> BoarHat@5d31bb4e
Beneficis = 128559.99000000006Movimiento 579 10 Coste(-135.073) ---> BoarHat@c1738d4
Beneficis = 128559.99000000006Movimiento 113 296 Coste(-135.235) ---> BoarHat@7066290d
Beneficis = 128559.99000000006Movimiento 151 25 Coste(-135.389) ---> BoarHat@5e220478
Beneficis = 128559.99000000006Movimiento 941 26 Coste(-135.53700000000003) ---> BoarHat@52deb136
Beneficis = 128559.99000000006Movimiento 206 219 Coste(-135.67700000000002) ---> BoarHat@310c86e3
Beneficis = 128559.99000000006Movimiento 491 25 Coste(-135.81300000000002) ---> BoarHat@3476973b
Beneficis = 128559.99000000006Movimiento 634 694 Coste(-135.949) ---> BoarHat@4a351731
Beneficis = 128559.99000000006Movimiento 284 0 Coste(-136.157) ---> BoarHat@54322a1
Beneficis = 128559.99000000006Movimiento 43 594 Coste(-136.28500000000003) ---> BoarHat@48d075f7
Beneficis = 128559.99000000006Movimiento 359 12 Coste(-136.412) ---> BoarHat@1dfbe12d
Beneficis = 128559.99000000006Movimiento 631 2 Coste(-136.53400000000002) ---> BoarHat@73a9e6
Beneficis = 128559.99000000006Movimiento 111 465 Coste(-136.53400000000005) ---> BoarHat@f2c7554
Beneficis = 128559.99000000006Movimiento 215 557 Coste(-136.53400000000008) ---> BoarHat@51fbf529
Beneficis = 128559.99000000006Movimiento 264 998 Coste(-136.5340000000001) ---> BoarHat@65deae20
nodesExpanded : 694
Temps SolIni = 9 Tiempo HC = 251970 Tiempo SA = 0
