Central 0: [32m77[0m Produccio: [35m749.58[0m Usada: [31m744.2150000000001[0m
Central 1: [32m47[0m Produccio: [35m333.46[0m Usada: [31m327.77000000000004[0m
Central 2: [32m52[0m Produccio: [35m343.46[0m Usada: [31m338.3980000000001[0m
Central 3: [32m56[0m Produccio: [35m404.7[0m Usada: [31m396.74899999999997[0m
Central 4: [32m63[0m Produccio: [35m375.03[0m Usada: [31m362.008[0m
Central 5: [32m26[0m Produccio: [35m152.07[0m Usada: [31m152.056[0m
Central 6: [32m28[0m Produccio: [35m199.77[0m Usada: [31m198.33199999999997[0m
Central 7: [32m28[0m Produccio: [35m142.01[0m Usada: [31m140.61400000000003[0m
Central 8: [32m14[0m Produccio: [35m134.62[0m Usada: [31m134.374[0m
Central 9: [32m44[0m Produccio: [35m249.65[0m Usada: [31m247.548[0m
Central 10: [32m23[0m Produccio: [35m181.07[0m Usada: [31m179.96599999999998[0m
Central 11: [32m47[0m Produccio: [35m242.14[0m Usada: [31m232.75099999999995[0m
Central 12: [32m29[0m Produccio: [35m147.28[0m Usada: [31m146.66500000000002[0m
Central 13: [32m25[0m Produccio: [35m125.53[0m Usada: [31m124.989[0m
Central 14: [32m19[0m Produccio: [35m146.74[0m Usada: [31m145.664[0m
Central 15: [32m11[0m Produccio: [35m53.09[0m Usada: [31m52.885999999999996[0m
Central 16: [32m12[0m Produccio: [35m57.58[0m Usada: [31m57.461999999999996[0m
Central 17: [32m6[0m Produccio: [35m51.62[0m Usada: [31m50.870000000000005[0m
Central 18: [32m9[0m Produccio: [35m53.05[0m Usada: [31m53.046[0m
Central 19: [32m7[0m Produccio: [35m47.75[0m Usada: [31m45.565[0m
Central 20: [32m5[0m Produccio: [35m41.91[0m Usada: [31m41.15599999999999[0m
Central 21: [32m7[0m Produccio: [35m36.42[0m Usada: [31m36.370999999999995[0m
Central 22: [32m3[0m Produccio: [35m13.59[0m Usada: [31m12.395[0m
Central 23: [32m2[0m Produccio: [35m25.66[0m Usada: [31m25.102[0m
Central 24: [32m3[0m Produccio: [35m11.78[0m Usada: [31m10.826[0m
Central 25: [32m8[0m Produccio: [35m95.44[0m Usada: [31m93.926[0m
Central 26: [32m9[0m Produccio: [35m49.96[0m Usada: [31m49.10699999999999[0m
Central 27: [32m9[0m Produccio: [35m33.19[0m Usada: [31m32.595000000000006[0m
Central 28: [32m11[0m Produccio: [35m78.84[0m Usada: [31m78.66599999999998[0m
Central 29: [32m15[0m Produccio: [35m96.75[0m Usada: [31m96.31099999999999[0m
Central 30: [32m14[0m Produccio: [35m65.49[0m Usada: [31m65.479[0m
Central 31: [32m3[0m Produccio: [35m11.12[0m Usada: [31m9.690999999999999[0m
Central 32: [32m13[0m Produccio: [35m86.67[0m Usada: [31m86.428[0m
Central 33: [32m13[0m Produccio: [35m68.9[0m Usada: [31m67.364[0m
Central 34: [32m16[0m Produccio: [35m95.37[0m Usada: [31m95.09800000000003[0m
Central 35: [32m11[0m Produccio: [35m75.41[0m Usada: [31m73.404[0m
Central 36: [32m9[0m Produccio: [35m38.25[0m Usada: [31m37.988[0m
Central 37: [32m17[0m Produccio: [35m88.76[0m Usada: [31m88.69299999999998[0m
Central 38: [32m6[0m Produccio: [35m43.45[0m Usada: [31m42.354[0m
Central 39: [32m6[0m Produccio: [35m41.78[0m Usada: [31m40.092999999999996[0m
Central NONE: [32m0[0m
Central NONE: [32m197[0m
Beneficis = 78641.96000000022Clients No assignats = 197 Centrals Tancades 0

TSP HillClimbing  -->

Beneficis = 78693.96000000022Movimiento 501 35 Coste(19527.075) ---> BoarHat@59cc46a4
Beneficis = 78747.46000000022Movimiento 645 7 Coste(19428.145) ---> BoarHat@38fcc931
Beneficis = 78801.96000000022Movimiento 755 22 Coste(19329.235) ---> BoarHat@25c68df3
Beneficis = 78851.96000000022Movimiento 835 6 Coste(19230.335) ---> BoarHat@a3f3227
Beneficis = 78908.46000000022Movimiento 913 25 Coste(19131.465) ---> BoarHat@4963ff1c
Beneficis = 78965.96000000022Movimiento 951 11 Coste(19032.615) ---> BoarHat@10b3195f
Beneficis = 79022.46000000022Movimiento 734 1 Coste(18933.858) ---> BoarHat@46d62ec6
Beneficis = 79079.46000000022Movimiento 340 39 Coste(18835.112) ---> BoarHat@34af327b
Beneficis = 79136.96000000022Movimiento 908 11 Coste(18736.377) ---> BoarHat@3ce6f125
Beneficis = 79196.96000000022Movimiento 854 31 Coste(18637.697) ---> BoarHat@7521e6f1
Beneficis = 79255.96000000022Movimiento 899 2 Coste(18539.113) ---> BoarHat@6c5e8dfb
Beneficis = 79317.46000000022Movimiento 323 0 Coste(18440.589) ---> BoarHat@200e384e
Beneficis = 79378.96000000022Movimiento 597 0 Coste(18342.065) ---> BoarHat@58be0cfc
Beneficis = 79456.46000000022Movimiento 238 11 Coste(18243.615) ---> BoarHat@6099dfd
Beneficis = 79526.96000000022Movimiento 593 9 Coste(18145.166) ---> BoarHat@47d0fbd2
Beneficis = 79592.96000000022Movimiento 311 2 Coste(18046.75) ---> BoarHat@3555fb8b
Beneficis = 79672.46000000022Movimiento 382 11 Coste(17948.34) ---> BoarHat@4ee21d1
Beneficis = 79753.46000000022Movimiento 650 2 Coste(17849.96) ---> BoarHat@4adcf28c
Beneficis = 79821.96000000022Movimiento 249 3 Coste(17751.604) ---> BoarHat@2b64e200
Beneficis = 79900.96000000022Movimiento 494 11 Coste(17653.342) ---> BoarHat@1cd6944c
Beneficis = 79968.96000000022Movimiento 754 3 Coste(17555.246) ---> BoarHat@35078860
Beneficis = 80028.46000000022Movimiento 903 0 Coste(17457.15) ---> BoarHat@77f29a66
Beneficis = 80108.96000000022Movimiento 873 1 Coste(17359.082) ---> BoarHat@4ad8de2f
Beneficis = 80170.46000000022Movimiento 404 1 Coste(17261.05) ---> BoarHat@15bebe57
Beneficis = 80272.46000000022Movimiento 663 19 Coste(17163.09) ---> BoarHat@dea67e0
Beneficis = 80345.96000000022Movimiento 490 3 Coste(17065.148) ---> BoarHat@457906b0
Beneficis = 80434.96000000022Movimiento 431 3 Coste(16967.284) ---> BoarHat@17918ad9
Beneficis = 80542.96000000022Movimiento 825 4 Coste(16869.444) ---> BoarHat@2f33fd13
Beneficis = 80620.46000000022Movimiento 803 4 Coste(16771.614) ---> BoarHat@3588f0b2
Beneficis = 80700.86000000022Movimiento 727 4 Coste(16673.825) ---> BoarHat@6d3b58ac
Beneficis = 80801.86000000022Movimiento 314 4 Coste(16576.047) ---> BoarHat@691aa202
Beneficis = 80881.36000000022Movimiento 341 4 Coste(16478.273) ---> BoarHat@7966f69f
Beneficis = 80545.86000000015Movimiento 23 917 Coste(16450.841) ---> BoarHat@61c7a83b
Beneficis = 80635.86000000015Movimiento 861 0 Coste(16353.361) ---> BoarHat@7f4bcc0f
Beneficis = 80726.86000000015Movimiento 551 0 Coste(16255.909) ---> BoarHat@2d40f5fb
Beneficis = 80808.86000000015Movimiento 784 0 Coste(16158.533) ---> BoarHat@4be8bdd
Beneficis = 80918.86000000015Movimiento 422 0 Coste(16061.173) ---> BoarHat@b9292a2
Beneficis = 81001.36000000015Movimiento 587 0 Coste(15963.813) ---> BoarHat@23f5a709
Beneficis = 81096.36000000015Movimiento 925 0 Coste(15866.473) ---> BoarHat@114c6468
Beneficis = 81191.36000000015Movimiento 984 0 Coste(15769.133) ---> BoarHat@1bd8d42f
Beneficis = 81288.96000000015Movimiento 801 0 Coste(15671.817000000001) ---> BoarHat@12b77509
Beneficis = 81411.96000000015Movimiento 296 0 Coste(15574.523000000001) ---> BoarHat@38e6c9ee
Beneficis = 81498.46000000015Movimiento 344 0 Coste(15477.291000000001) ---> BoarHat@389e92fe
Beneficis = 81498.46000000015Movimiento 419 822 Coste(15454.983) ---> BoarHat@287381a
Beneficis = 81593.96000000015Movimiento 976 2 Coste(15357.084) ---> BoarHat@6cfa33bd
Beneficis = 81686.96000000015Movimiento 864 2 Coste(15259.316) ---> BoarHat@6a788f55
Beneficis = 81785.96000000015Movimiento 838 2 Coste(15161.692000000001) ---> BoarHat@54607bee
Beneficis = 81894.46000000015Movimiento 518 2 Coste(15064.079) ---> BoarHat@477f0a20
Beneficis = 81995.46000000015Movimiento 613 2 Coste(14966.503) ---> BoarHat@491c7375
Beneficis = 82111.96000000015Movimiento 292 0 Coste(14869.299) ---> BoarHat@45966fda
Beneficis = 82240.46000000015Movimiento 789 0 Coste(14772.126) ---> BoarHat@33823bb5
Beneficis = 82328.96000000015Movimiento 742 0 Coste(14674.958) ---> BoarHat@6e419c36
Beneficis = 81991.46000000018Movimiento 133 802 Coste(14655.453) ---> BoarHat@115f3026
Beneficis = 82095.96000000018Movimiento 405 2 Coste(14557.961) ---> BoarHat@255e6fed
Beneficis = 82210.96000000018Movimiento 349 2 Coste(14460.491) ---> BoarHat@1b5326f5
Beneficis = 82312.56000000019Movimiento 365 2 Coste(14363.031) ---> BoarHat@2176534e
Beneficis = 82421.56000000019Movimiento 360 2 Coste(14265.647) ---> BoarHat@204e7786
Beneficis = 82531.56000000019Movimiento 912 2 Coste(14168.287) ---> BoarHat@2df3ca0d
Beneficis = 82647.06000000019Movimiento 505 2 Coste(14071.059) ---> BoarHat@4affd988
Beneficis = 82769.06000000019Movimiento 827 2 Coste(13973.987000000001) ---> BoarHat@77a50231
Beneficis = 82769.06000000019Movimiento 92 357 Coste(13954.865) ---> BoarHat@5e495206
Beneficis = 82862.06000000019Movimiento 882 8 Coste(13857.097) ---> BoarHat@75f3869e
Beneficis = 82957.56000000019Movimiento 967 8 Coste(13759.389000000001) ---> BoarHat@34c6d21a
Beneficis = 83067.06000000019Movimiento 388 8 Coste(13661.798) ---> BoarHat@25c127b
Beneficis = 83179.56000000019Movimiento 817 8 Coste(13564.273000000001) ---> BoarHat@77e4470d
Beneficis = 83307.56000000019Movimiento 275 8 Coste(13466.833) ---> BoarHat@37b90819
Beneficis = 83401.56000000019Movimiento 954 8 Coste(13369.418) ---> BoarHat@6b316d70
Beneficis = 83489.96000000018Movimiento 438 32 Coste(13272.07) ---> BoarHat@6aa90c12
Beneficis = 83489.96000000018Movimiento 173 959 Coste(13253.044) ---> BoarHat@6b0a7ccb
Beneficis = 83616.46000000018Movimiento 689 14 Coste(13155.574) ---> BoarHat@21950bf0
Beneficis = 83744.96000000018Movimiento 328 1 Coste(13058.658) ---> BoarHat@325eb12f
Beneficis = 83890.96000000018Movimiento 979 1 Coste(12961.87) ---> BoarHat@68ab1b0f
Beneficis = 84000.16000000018Movimiento 671 1 Coste(12865.146) ---> BoarHat@2b1c40f8
Beneficis = 84137.16000000018Movimiento 868 1 Coste(12768.434) ---> BoarHat@52b2d322
Beneficis = 83843.16000000013Movimiento 118 507 Coste(12751.076000000001) ---> BoarHat@2babe36b
Beneficis = 83963.66000000013Movimiento 511 0 Coste(12653.968) ---> BoarHat@4e4f6e59
Beneficis = 84087.16000000013Movimiento 240 0 Coste(12556.932) ---> BoarHat@3282308
Beneficis = 84191.16000000013Movimiento 342 0 Coste(12460.052) ---> BoarHat@1d47605a
Beneficis = 84296.36000000013Movimiento 267 0 Coste(12363.208) ---> BoarHat@3d0bb184
Beneficis = 84440.86000000013Movimiento 285 0 Coste(12266.387) ---> BoarHat@3bd2e2e0
Beneficis = 84577.86000000013Movimiento 391 0 Coste(12169.675) ---> BoarHat@3e5c29c8
Beneficis = 84214.91000000013Movimiento 61 855 Coste(12152.647) ---> BoarHat@acc31e
Beneficis = 84332.91000000013Movimiento 486 0 Coste(12055.951000000001) ---> BoarHat@5a5ee749
Beneficis = 84471.41000000013Movimiento 695 0 Coste(11959.275) ---> BoarHat@10399f1e
Beneficis = 84596.21000000014Movimiento 381 0 Coste(11862.707) ---> BoarHat@13b2e6af
Beneficis = 84695.01000000014Movimiento 641 0 Coste(11766.165) ---> BoarHat@4bbb1c80
Beneficis = 84804.01000000014Movimiento 487 0 Coste(11669.653) ---> BoarHat@7107d721
Beneficis = 84414.11000000015Movimiento 88 600 Coste(11653.578) ---> BoarHat@4c5d25f3
Beneficis = 84516.91000000015Movimiento 890 0 Coste(11557.176) ---> BoarHat@6549af1
Beneficis = 84637.31000000014Movimiento 904 0 Coste(11460.788) ---> BoarHat@71670953
Beneficis = 84766.31000000014Movimiento 981 0 Coste(11364.4) ---> BoarHat@7d3b6f5d
Beneficis = 84895.81000000014Movimiento 393 0 Coste(11268.026) ---> BoarHat@3e89e257
Beneficis = 84895.81000000014Movimiento 771 877 Coste(11252.168) ---> BoarHat@3f072b74
Beneficis = 85006.61000000015Movimiento 665 4 Coste(11155.492) ---> BoarHat@22264acc
Beneficis = 85107.01000000014Movimiento 631 4 Coste(11059.006) ---> BoarHat@78a42957
Beneficis = 85239.01000000014Movimiento 284 4 Coste(10962.636) ---> BoarHat@29e1d8b1
Beneficis = 85371.81000000014Movimiento 547 4 Coste(10866.288) ---> BoarHat@4cddf461
Beneficis = 85146.61000000012Movimiento 171 940 Coste(10850.594000000001) ---> BoarHat@4904b77d
Beneficis = 85270.21000000012Movimiento 239 3 Coste(10753.993) ---> BoarHat@2def3e75
Beneficis = 85386.61000000012Movimiento 276 3 Coste(10657.485) ---> BoarHat@df6543c
Beneficis = 85521.41000000012Movimiento 818 3 Coste(10561.192000000001) ---> BoarHat@38f79dea
Beneficis = 85637.41000000012Movimiento 978 3 Coste(10464.904) ---> BoarHat@6232e35a
Beneficis = 85428.5600000001Movimiento 157 807 Coste(10449.976) ---> BoarHat@7db549d0
Beneficis = 85537.7600000001Movimiento 591 3 Coste(10353.798) ---> BoarHat@2824e519
Beneficis = 85674.7600000001Movimiento 611 3 Coste(10257.634) ---> BoarHat@406d5c3a
Beneficis = 85803.16000000009Movimiento 770 3 Coste(10161.486) ---> BoarHat@7ec3ebee
Beneficis = 85933.56000000008Movimiento 332 3 Coste(10065.398000000001) ---> BoarHat@643dafb
Beneficis = 85933.56000000008Movimiento 62 776 Coste(10050.655) ---> BoarHat@622c59d8
Beneficis = 86073.56000000008Movimiento 946 8 Coste(9953.455) ---> BoarHat@62921d5e
Beneficis = 86181.16000000009Movimiento 335 8 Coste(9856.414) ---> BoarHat@481a73a3
Beneficis = 86329.66000000009Movimiento 455 8 Coste(9759.681) ---> BoarHat@37aa4b83
Beneficis = 86446.06000000008Movimiento 534 8 Coste(9663.173) ---> BoarHat@1a1b63e
Beneficis = 86564.86000000009Movimiento 406 0 Coste(9567.331) ---> BoarHat@636b69e9
Beneficis = 86564.86000000009Movimiento 30 592 Coste(9553.671) ---> BoarHat@338e2dec
Beneficis = 86704.06000000008Movimiento 233 14 Coste(9457.151) ---> BoarHat@3eaf9d14
Beneficis = 86826.06000000008Movimiento 980 14 Coste(9360.811) ---> BoarHat@7d7a97cf
Beneficis = 86965.26000000008Movimiento 972 14 Coste(9264.639000000001) ---> BoarHat@68513564
Beneficis = 86773.06000000007Movimiento 69 779 Coste(9251.048) ---> BoarHat@18abddce
Beneficis = 86913.86000000007Movimiento 646 0 Coste(9155.272) ---> BoarHat@4242f991
Beneficis = 87050.86000000007Movimiento 705 0 Coste(9059.656) ---> BoarHat@7e494890
Beneficis = 87161.66000000008Movimiento 850 0 Coste(8964.088) ---> BoarHat@b292431
Beneficis = 87161.66000000008Movimiento 421 445 Coste(8951.231) ---> BoarHat@76f0cb40
Beneficis = 87307.16000000008Movimiento 756 2 Coste(8854.432) ---> BoarHat@46621f23
Beneficis = 87471.56000000007Movimiento 306 29 Coste(8758.542) ---> BoarHat@1d32064c
Beneficis = 87626.76000000007Movimiento 675 29 Coste(8662.81) ---> BoarHat@64ea86e
Beneficis = 87626.76000000007Movimiento 210 222 Coste(8650.843) ---> BoarHat@2af6040c
Beneficis = 87778.36000000007Movimiento 819 0 Coste(8555.391) ---> BoarHat@5903b870
Beneficis = 87910.36000000007Movimiento 266 0 Coste(8460.011) ---> BoarHat@2b4ab0ee
Beneficis = 87715.86000000009Movimiento 101 432 Coste(8448.153) ---> BoarHat@495a96e8
Beneficis = 87835.86000000009Movimiento 316 0 Coste(8352.953) ---> BoarHat@2c0a3c1e
Beneficis = 88001.06000000008Movimiento 259 0 Coste(8257.909) ---> BoarHat@451a380b
Beneficis = 88146.26000000008Movimiento 244 0 Coste(8162.991) ---> BoarHat@30ade6bc
Beneficis = 88146.26000000008Movimiento 628 796 Coste(8152.419) ---> BoarHat@2d9b82
Beneficis = 88292.66000000008Movimiento 769 4 Coste(8057.543000000001) ---> BoarHat@4b4eb6f9
Beneficis = 88292.66000000008Movimiento 706 748 Coste(8047.085) ---> BoarHat@458c37d1
Beneficis = 88445.06000000007Movimiento 676 9 Coste(7951.657) ---> BoarHat@5e3113f2
Beneficis = 88597.86000000007Movimiento 287 9 Coste(7856.241) ---> BoarHat@27c9e620
Beneficis = 88465.71000000006Movimiento 152 456 Coste(7845.831) ---> BoarHat@50f19f0c
Beneficis = 88601.71000000006Movimiento 774 3 Coste(7750.591) ---> BoarHat@5acb04fb
Beneficis = 88760.91000000006Movimiento 409 3 Coste(7655.367) ---> BoarHat@18ab8de
Beneficis = 88760.91000000006Movimiento 389 848 Coste(7645.161) ---> BoarHat@799baa0c
Beneficis = 88926.11000000006Movimiento 279 2 Coste(7549.704) ---> BoarHat@74b7ea25
Beneficis = 89106.51000000005Movimiento 491 11 Coste(7454.665) ---> BoarHat@5fa574e
Beneficis = 88962.51000000005Movimiento 74 604 Coste(7444.847) ---> BoarHat@c10b86f
Beneficis = 89118.11000000006Movimiento 466 0 Coste(7350.293000000001) ---> BoarHat@5f605ae8
Beneficis = 89275.31000000006Movimiento 394 0 Coste(7255.795) ---> BoarHat@4809c9a7
Beneficis = 88972.11000000006Movimiento 22 583 Coste(7246.015) ---> BoarHat@19d7e99d
Beneficis = 89115.71000000006Movimiento 653 0 Coste(7151.759) ---> BoarHat@30757358
Beneficis = 89115.71000000006Movimiento 229 354 Coste(7142.451) ---> BoarHat@4757ae14
Beneficis = 89298.11000000006Movimiento 970 15 Coste(7047.923) ---> BoarHat@1610293
Beneficis = 89298.11000000006Movimiento 136 729 Coste(7038.643) ---> BoarHat@17a040c2
Beneficis = 89475.31000000006Movimiento 561 1 Coste(6944.845) ---> BoarHat@3d7b49ac
Beneficis = 89475.31000000006Movimiento 255 910 Coste(6935.689) ---> BoarHat@53cbfabf
Beneficis = 89639.31000000006Movimiento 374 0 Coste(6842.249) ---> BoarHat@74be69e0
Beneficis = 89639.31000000006Movimiento 128 462 Coste(6834.033) ---> BoarHat@15147652
Beneficis = 89555.76000000004Movimiento 40 508 Coste(6826.217000000001) ---> BoarHat@1e6eb806
Beneficis = 89722.56000000004Movimiento 836 0 Coste(6732.889) ---> BoarHat@3eb5100a
Beneficis = 89722.56000000004Movimiento 411 477 Coste(6725.457) ---> BoarHat@47e25d56
Beneficis = 89896.56000000004Movimiento 740 28 Coste(6630.677000000001) ---> BoarHat@5aefe1d4
Beneficis = 89896.56000000004Movimiento 215 938 Coste(6623.692) ---> BoarHat@26f880f2
Beneficis = 90093.36000000004Movimiento 743 11 Coste(6529.5960000000005) ---> BoarHat@7c5e78ec
Beneficis = 90093.36000000004Movimiento 648 782 Coste(6522.74) ---> BoarHat@7e83b279
Beneficis = 90268.16000000005Movimiento 724 4 Coste(6428.858) ---> BoarHat@10962a49
Beneficis = 90460.56000000004Movimiento 330 4 Coste(6335.592000000001) ---> BoarHat@f6dd338
Beneficis = 90468.46000000002Movimiento 195 881 Coste(6329.46) ---> BoarHat@5f2e376b
Beneficis = 90661.26000000002Movimiento 373 4 Coste(6236.2080000000005) ---> BoarHat@276c17ba
Beneficis = 90661.26000000002Movimiento 73 86 Coste(6230.1810000000005) ---> BoarHat@756c41f1
Beneficis = 90846.86000000003Movimiento 495 17 Coste(6134.821) ---> BoarHat@2d9c32cd
Beneficis = 90846.86000000003Movimiento 451 632 Coste(6128.933) ---> BoarHat@20773895
Beneficis = 90846.86000000003Movimiento 15 990 Coste(6123.086) ---> BoarHat@52bf838e
Beneficis = 91040.06000000003Movimiento 379 11 Coste(6029.526) ---> BoarHat@4821310c
Beneficis = 91040.06000000003Movimiento 19 794 Coste(6023.706) ---> BoarHat@62b44701
Beneficis = 91238.86000000003Movimiento 564 2 Coste(5929.67) ---> BoarHat@4aab4f98
Beneficis = 91238.86000000003Movimiento 444 992 Coste(5923.918000000001) ---> BoarHat@45ade0dd
Beneficis = 91425.76000000002Movimiento 785 1 Coste(5830.771) ---> BoarHat@54d861ee
Beneficis = 91425.76000000002Movimiento 283 434 Coste(5825.255) ---> BoarHat@68b9bed9
Beneficis = 91425.76000000002Movimiento 211 746 Coste(5819.823) ---> BoarHat@5c174625
Beneficis = 91618.56000000003Movimiento 457 0 Coste(5727.535) ---> BoarHat@161f617e
Beneficis = 91787.46000000002Movimiento 375 1 Coste(5635.417) ---> BoarHat@180e272c
Beneficis = 91787.46000000002Movimiento 164 669 Coste(5630.017) ---> BoarHat@6f449751
Beneficis = 91787.46000000002Movimiento 93 414 Coste(5624.635) ---> BoarHat@2c5352f5
Beneficis = 91787.46000000002Movimiento 735 926 Coste(5619.303) ---> BoarHat@1c79f235
Beneficis = 91787.46000000002Movimiento 398 594 Coste(5614.022) ---> BoarHat@5e2b9815
Beneficis = 91787.46000000002Movimiento 168 221 Coste(5608.758) ---> BoarHat@7adf3f4a
Beneficis = 91787.46000000002Movimiento 346 949 Coste(5603.643) ---> BoarHat@5054c8c2
Beneficis = 91944.66000000002Movimiento 370 0 Coste(5512.027) ---> BoarHat@4578785b
Beneficis = 91944.66000000002Movimiento 176 879 Coste(5506.937) ---> BoarHat@6c3ae1e9
Beneficis = 92183.46000000002Movimiento 867 11 Coste(5414.897) ---> BoarHat@7c03ec6a
Beneficis = 92183.46000000002Movimiento 293 922 Coste(5410.036) ---> BoarHat@6536db45
Beneficis = 92183.46000000002Movimiento 530 830 Coste(5405.247) ---> BoarHat@4be621ff
Beneficis = 92477.76000000002Movimiento 627 0 Coste(5317.019) ---> BoarHat@745f602b
Beneficis = 92477.76000000002Movimiento 599 845 Coste(5312.323) ---> BoarHat@6e9dd21e
Beneficis = 92791.56000000003Movimiento 40 3 Coste(5224.875) ---> BoarHat@34238fca
Beneficis = 92791.56000000003Movimiento 147 489 Coste(5220.45) ---> BoarHat@3cd4016f
Beneficis = 92791.56000000003Movimiento 557 773 Coste(5216.152) ---> BoarHat@5ef52f52
Beneficis = 92791.56000000003Movimiento 421 596 Coste(5212.009) ---> BoarHat@11192eea
Beneficis = 92791.56000000003Movimiento 243 794 Coste(5207.881) ---> BoarHat@6b904ec4
Beneficis = 92791.56000000003Movimiento 467 853 Coste(5203.755) ---> BoarHat@5a53fe45
Beneficis = 92791.56000000003Movimiento 235 655 Coste(5198.777) ---> BoarHat@cc8218e
Beneficis = 92791.56000000003Movimiento 79 983 Coste(5194.176) ---> BoarHat@afc120e
Beneficis = 93169.26000000002Movimiento 606 0 Coste(5108.025000000001) ---> BoarHat@268518c4
Beneficis = 93169.26000000002Movimiento 370 427 Coste(5103.91) ---> BoarHat@7835345f
Beneficis = 93169.26000000002Movimiento 550 598 Coste(5098.9800000000005) ---> BoarHat@6a9c1bef
Beneficis = 93487.56000000003Movimiento 804 1 Coste(5011.712) ---> BoarHat@2660269b
Beneficis = 93487.56000000003Movimiento 748 876 Coste(5007.646000000001) ---> BoarHat@699777eb
Beneficis = 93487.56000000003Movimiento 274 719 Coste(5003.716) ---> BoarHat@1b53b55
Beneficis = 93487.56000000003Movimiento 32 621 Coste(4999.796) ---> BoarHat@13aea8ab
Beneficis = 93487.56000000003Movimiento 24 595 Coste(4995.006) ---> BoarHat@40abeb48
Beneficis = 93487.56000000003Movimiento 47 697 Coste(4990.374) ---> BoarHat@4f2a28d1
Beneficis = 93487.56000000003Movimiento 430 440 Coste(4986.548) ---> BoarHat@2867beae
Beneficis = 93763.26000000002Movimiento 195 10 Coste(4897.576) ---> BoarHat@59036fe1
Beneficis = 93763.26000000002Movimiento 256 897 Coste(4893.778) ---> BoarHat@1cfc21f9
Beneficis = 93763.26000000002Movimiento 605 622 Coste(4889.986) ---> BoarHat@3cbb7b6e
Beneficis = 94118.46000000002Movimiento 918 0 Coste(4804.194) ---> BoarHat@506fa41b
Beneficis = 94118.46000000002Movimiento 563 643 Coste(4800.45) ---> BoarHat@26b6e926
Beneficis = 94118.46000000002Movimiento 183 812 Coste(4796.74) ---> BoarHat@6ab286f2
Beneficis = 94118.46000000002Movimiento 194 334 Coste(4793.034000000001) ---> BoarHat@5c4f74e5
Beneficis = 94118.46000000002Movimiento 18 448 Coste(4789.452) ---> BoarHat@ec42156
Beneficis = 94118.46000000002Movimiento 217 457 Coste(4785.887000000001) ---> BoarHat@46870ff7
Beneficis = 94118.46000000002Movimiento 598 656 Coste(4782.377) ---> BoarHat@7e76f000
Beneficis = 94493.76000000002Movimiento 300 0 Coste(4697.389) ---> BoarHat@40a0d270
Beneficis = 94493.76000000002Movimiento 506 584 Coste(4693.901) ---> BoarHat@16f7a642
Beneficis = 94871.76000000002Movimiento 74 9 Coste(4606.501) ---> BoarHat@275655a4
Beneficis = 94871.76000000002Movimiento 371 436 Coste(4603.015) ---> BoarHat@b81308a
Beneficis = 94871.76000000002Movimiento 539 598 Coste(4598.184) ---> BoarHat@68b06fa6
Beneficis = 94871.76000000002Movimiento 261 330 Coste(4594.715) ---> BoarHat@25d042f
Beneficis = 94871.76000000002Movimiento 355 810 Coste(4591.247) ---> BoarHat@10b23a98
Beneficis = 94871.76000000002Movimiento 100 715 Coste(4587.782) ---> BoarHat@471eeaaa
Beneficis = 94871.76000000002Movimiento 205 386 Coste(4584.344) ---> BoarHat@68084d15
Beneficis = 94871.76000000002Movimiento 307 325 Coste(4580.906) ---> BoarHat@67ebe6a2
Beneficis = 94871.76000000002Movimiento 630 955 Coste(4577.503000000001) ---> BoarHat@61a66ee7
Beneficis = 95223.36000000003Movimiento 710 4 Coste(4491.567) ---> BoarHat@8e342b8
Beneficis = 95223.36000000003Movimiento 9 590 Coste(4488.247) ---> BoarHat@7ea8abf9
Beneficis = 95223.36000000003Movimiento 608 820 Coste(4484.822) ---> BoarHat@5b4c7e75
Beneficis = 95553.36000000003Movimiento 612 0 Coste(4400.222) ---> BoarHat@6d36c309
Beneficis = 95553.36000000003Movimiento 612 702 Coste(4396.9220000000005) ---> BoarHat@425726f5
Beneficis = 95553.36000000003Movimiento 262 609 Coste(4393.638) ---> BoarHat@4a000769
Beneficis = 95858.16000000003Movimiento 883 3 Coste(4307.862) ---> BoarHat@2fa74f99
Beneficis = 95858.16000000003Movimiento 517 568 Coste(4304.658) ---> BoarHat@7e3f60bc
Beneficis = 95858.16000000003Movimiento 70 458 Coste(4301.349) ---> BoarHat@248b0064
Beneficis = 95858.16000000003Movimiento 122 193 Coste(4298.158) ---> BoarHat@94c316d
Beneficis = 95858.16000000003Movimiento 293 782 Coste(4294.9890000000005) ---> BoarHat@13d5a004
Beneficis = 95858.16000000003Movimiento 712 865 Coste(4291.827) ---> BoarHat@7a832a27
Beneficis = 96197.76000000004Movimiento 236 0 Coste(4207.675) ---> BoarHat@4c898fcf
Beneficis = 96197.76000000004Movimiento 304 472 Coste(4204.535) ---> BoarHat@1aa641dd
Beneficis = 96197.76000000004Movimiento 228 286 Coste(4201.261) ---> BoarHat@56c801bd
Beneficis = 96197.76000000004Movimiento 272 744 Coste(4198.143) ---> BoarHat@594be3df
Beneficis = 96197.76000000004Movimiento 80 552 Coste(4195.032) ---> BoarHat@460ffaf9
Beneficis = 96197.76000000004Movimiento 2 813 Coste(4191.984) ---> BoarHat@1e6f670b
Beneficis = 96197.76000000004Movimiento 463 528 Coste(4188.945000000001) ---> BoarHat@7f7b78f1
Beneficis = 96197.76000000004Movimiento 481 510 Coste(4185.909000000001) ---> BoarHat@1049825e
Beneficis = 96197.76000000004Movimiento 716 783 Coste(4182.981) ---> BoarHat@6d3c0cac
Beneficis = 96197.76000000004Movimiento 619 653 Coste(4180.066) ---> BoarHat@1912ead5
Beneficis = 96197.76000000004Movimiento 218 411 Coste(4177.162) ---> BoarHat@5a255f24
Beneficis = 96197.76000000004Movimiento 162 610 Coste(4174.286) ---> BoarHat@491494c4
Beneficis = 96197.76000000004Movimiento 383 423 Coste(4171.43) ---> BoarHat@3c93102c
Beneficis = 96197.76000000004Movimiento 169 540 Coste(4168.67) ---> BoarHat@1fafbfda
Beneficis = 96197.76000000004Movimiento 277 950 Coste(4165.927000000001) ---> BoarHat@6bfa3071
Beneficis = 96197.76000000004Movimiento 316 576 Coste(4163.302000000001) ---> BoarHat@48e6c9ea
Beneficis = 96197.76000000004Movimiento 295 881 Coste(4160.704000000001) ---> BoarHat@324d2948
Beneficis = 96197.76000000004Movimiento 373 971 Coste(4158.1140000000005) ---> BoarHat@33af5bc0
Beneficis = 96197.76000000004Movimiento 367 998 Coste(4155.536) ---> BoarHat@62122d4c
Beneficis = 96197.76000000004Movimiento 337 962 Coste(4153.006) ---> BoarHat@7efc9754
Beneficis = 96197.76000000004Movimiento 35 190 Coste(4150.52) ---> BoarHat@561fe4a
Beneficis = 96197.76000000004Movimiento 134 691 Coste(4148.04) ---> BoarHat@328fc72c
Beneficis = 96197.76000000004Movimiento 537 918 Coste(4145.196) ---> BoarHat@3fc512bc
Beneficis = 96197.76000000004Movimiento 402 821 Coste(4142.72) ---> BoarHat@6fc1d1d6
Beneficis = 96197.76000000004Movimiento 81 374 Coste(4140.26) ---> BoarHat@3793cc1a
Beneficis = 96540.06000000004Movimiento 618 0 Coste(4056.2340000000004) ---> BoarHat@1119bd62
Beneficis = 96540.06000000004Movimiento 43 138 Coste(4053.775) ---> BoarHat@2d530360
Beneficis = 96540.06000000004Movimiento 212 555 Coste(4051.327) ---> BoarHat@577197f8
Beneficis = 96908.76000000004Movimiento 919 4 Coste(3966.0750000000003) ---> BoarHat@2b569da4
Beneficis = 96908.76000000004Movimiento 113 844 Coste(3963.6440000000002) ---> BoarHat@129f9000
Beneficis = 96908.76000000004Movimiento 37 858 Coste(3961.2180000000003) ---> BoarHat@154831f1
Beneficis = 96908.76000000004Movimiento 499 596 Coste(3958.8140000000003) ---> BoarHat@4f92a2ee
Beneficis = 97268.76000000004Movimiento 974 29 Coste(3873.2140000000004) ---> BoarHat@244912cb
Beneficis = 97268.76000000004Movimiento 103 112 Coste(3870.849) ---> BoarHat@4b0ad128
Beneficis = 97268.76000000004Movimiento 347 525 Coste(3868.233) ---> BoarHat@51671005
Beneficis = 97593.66000000003Movimiento 446 1 Coste(3783.395) ---> BoarHat@28274bcf
Beneficis = 97593.66000000003Movimiento 772 797 Coste(3780.925) ---> BoarHat@29682245
Beneficis = 97593.66000000003Movimiento 399 618 Coste(3778.2630000000004) ---> BoarHat@3d585f72
Beneficis = 98030.76000000004Movimiento 232 0 Coste(3694.2900000000004) ---> BoarHat@27f78870
Beneficis = 98030.76000000004Movimiento 574 704 Coste(3691.9260000000004) ---> BoarHat@c089ad4
Beneficis = 98030.76000000004Movimiento 733 761 Coste(3689.574) ---> BoarHat@27ae00da
Beneficis = 98030.76000000004Movimiento 83 484 Coste(3687.252) ---> BoarHat@6c051446
Beneficis = 98030.76000000004Movimiento 502 780 Coste(3684.934) ---> BoarHat@37e7bc68
Beneficis = 98030.76000000004Movimiento 447 498 Coste(3682.628) ---> BoarHat@3bde296a
Beneficis = 98030.76000000004Movimiento 142 804 Coste(3679.8680000000004) ---> BoarHat@b7ffca3
Beneficis = 98030.76000000004Movimiento 125 415 Coste(3677.568) ---> BoarHat@2fe04095
Beneficis = 98030.76000000004Movimiento 53 567 Coste(3675.279) ---> BoarHat@63caac04
Beneficis = 98030.76000000004Movimiento 6 364 Coste(3673.007) ---> BoarHat@7da025ae
Beneficis = 98030.76000000004Movimiento 496 701 Coste(3670.3190000000004) ---> BoarHat@6641dddf
Beneficis = 98030.76000000004Movimiento 556 987 Coste(3668.061) ---> BoarHat@3c583afc
Beneficis = 98030.76000000004Movimiento 729 753 Coste(3665.808) ---> BoarHat@2112bca7
Beneficis = 98030.76000000004Movimiento 21 686 Coste(3663.46) ---> BoarHat@1e1829b2
Beneficis = 98030.76000000004Movimiento 247 836 Coste(3661.2140000000004) ---> BoarHat@59525184
Beneficis = 98030.76000000004Movimiento 184 945 Coste(3658.9900000000002) ---> BoarHat@1e1b4370
Beneficis = 98030.76000000004Movimiento 187 290 Coste(3656.7990000000004) ---> BoarHat@7895edc7
Beneficis = 98030.76000000004Movimiento 129 723 Coste(3654.6110000000003) ---> BoarHat@44eb0c5f
Beneficis = 98030.76000000004Movimiento 124 266 Coste(3652.431) ---> BoarHat@729bd247
Beneficis = 98030.76000000004Movimiento 361 575 Coste(3650.2670000000003) ---> BoarHat@1e3ab322
Beneficis = 98030.76000000004Movimiento 849 934 Coste(3648.1090000000004) ---> BoarHat@6ac169ab
Beneficis = 98421.36000000004Movimiento 152 1 Coste(3563.733) ---> BoarHat@375b9ef3
Beneficis = 98421.36000000004Movimiento 343 824 Coste(3561.6380000000004) ---> BoarHat@42909a73
Beneficis = 98421.36000000004Movimiento 41 805 Coste(3559.5530000000003) ---> BoarHat@41b4ac57
Beneficis = 98421.36000000004Movimiento 690 926 Coste(3557.485) ---> BoarHat@9bd288d
Beneficis = 98421.36000000004Movimiento 375 497 Coste(3555.357) ---> BoarHat@291ad30a
Beneficis = 98825.16000000005Movimiento 410 1 Coste(3471.509) ---> BoarHat@7826b56f
Beneficis = 98825.16000000005Movimiento 147 883 Coste(3469.4770000000003) ---> BoarHat@461d2e1d
Beneficis = 98825.16000000005Movimiento 268 766 Coste(3467.4550000000004) ---> BoarHat@50218774
Beneficis = 99272.76000000005Movimiento 482 3 Coste(3382.375) ---> BoarHat@1177468f
Beneficis = 99272.76000000005Movimiento 121 189 Coste(3380.391) ---> BoarHat@1f6edf8
Beneficis = 99272.76000000005Movimiento 200 565 Coste(3378.409) ---> BoarHat@3a1f1827
Beneficis = 99272.76000000005Movimiento 392 678 Coste(3376.4280000000003) ---> BoarHat@7d0577fb
Beneficis = 99730.56000000006Movimiento 866 4 Coste(3293.2140000000004) ---> BoarHat@48008158
Beneficis = 99730.56000000006Movimiento 216 960 Coste(3291.2360000000003) ---> BoarHat@30d2c95
Beneficis = 99730.56000000006Movimiento 840 928 Coste(3289.259) ---> BoarHat@3c9b2e31
Beneficis = 99730.56000000006Movimiento 219 986 Coste(3287.295) ---> BoarHat@7d9014f
Beneficis = 99730.56000000006Movimiento 165 333 Coste(3285.3360000000002) ---> BoarHat@32042c01
Beneficis = 99730.56000000006Movimiento 681 939 Coste(3283.4) ---> BoarHat@49a4207b
Beneficis = 99730.56000000006Movimiento 872 893 Coste(3281.491) ---> BoarHat@7a2f073d
Beneficis = 99730.56000000006Movimiento 135 811 Coste(3279.5950000000003) ---> BoarHat@2b41e69f
Beneficis = 99730.56000000006Movimiento 143 526 Coste(3277.721) ---> BoarHat@6a4e3ebc
Beneficis = 99730.56000000006Movimiento 195 483 Coste(3275.9010000000003) ---> BoarHat@2a0d572f
Beneficis = 99730.56000000006Movimiento 52 206 Coste(3273.735) ---> BoarHat@55c53994
Beneficis = 99730.56000000006Movimiento 63 504 Coste(3271.9370000000004) ---> BoarHat@7d50a718
Beneficis = 99730.56000000006Movimiento 410 977 Coste(3268.956) ---> BoarHat@4b805ea6
Beneficis = 99730.56000000006Movimiento 131 372 Coste(3267.1730000000002) ---> BoarHat@5b867ce0
Beneficis = 99730.56000000006Movimiento 211 722 Coste(3265.407) ---> BoarHat@105596f9
Beneficis = 99730.56000000006Movimiento 694 732 Coste(3263.6490000000003) ---> BoarHat@361a98ed
Beneficis = 99730.56000000006Movimiento 320 461 Coste(3261.8940000000002) ---> BoarHat@4b4f4a83
Beneficis = 99730.56000000006Movimiento 58 303 Coste(3259.951) ---> BoarHat@6228af5f
Beneficis = 99730.56000000006Movimiento 75 499 Coste(3258.203) ---> BoarHat@640c79c
Beneficis = 99730.56000000006Movimiento 515 969 Coste(3256.1710000000003) ---> BoarHat@3056e767
Beneficis = 100222.86000000006Movimiento 692 1 Coste(3174.222) ---> BoarHat@44aca6bc
Beneficis = 100222.86000000006Movimiento 60 225 Coste(3172.478) ---> BoarHat@56afe004
Beneficis = 100222.86000000006Movimiento 345 843 Coste(3170.804) ---> BoarHat@87fdd1f
Beneficis = 100222.86000000006Movimiento 762 842 Coste(3169.1360000000004) ---> BoarHat@1d91ecd8
Beneficis = 100222.86000000006Movimiento 6 398 Coste(3167.469) ---> BoarHat@3b6c88af
Beneficis = 100222.86000000006Movimiento 146 236 Coste(3165.2050000000004) ---> BoarHat@46085fe0
Beneficis = 100712.46000000006Movimiento 22 0 Coste(3081.525) ---> BoarHat@67d22712
Beneficis = 100712.46000000006Movimiento 236 359 Coste(3079.547) ---> BoarHat@4b7a9b2b
Beneficis = 100712.46000000006Movimiento 476 901 Coste(3077.9010000000003) ---> BoarHat@5b52ab70
Beneficis = 100712.46000000006Movimiento 390 652 Coste(3076.2810000000004) ---> BoarHat@4d95c701
Beneficis = 100712.46000000006Movimiento 139 352 Coste(3074.6690000000003) ---> BoarHat@2aa67300
Beneficis = 100712.46000000006Movimiento 230 232 Coste(3073.0750000000003) ---> BoarHat@1f2f2025
Beneficis = 101178.96000000006Movimiento 101 0 Coste(2990.1800000000003) ---> BoarHat@585625af
Beneficis = 101178.96000000006Movimiento 702 823 Coste(2988.587) ---> BoarHat@455816d7
Beneficis = 101178.96000000006Movimiento 348 778 Coste(2987.0240000000003) ---> BoarHat@358cb172
Beneficis = 101178.96000000006Movimiento 301 892 Coste(2985.462) ---> BoarHat@76bf13f3
Beneficis = 101178.96000000006Movimiento 513 658 Coste(2983.911) ---> BoarHat@4c06c44d
Beneficis = 101178.96000000006Movimiento 748 866 Coste(2982.385) ---> BoarHat@2237cdb1
Beneficis = 101178.96000000006Movimiento 226 629 Coste(2980.8650000000002) ---> BoarHat@6ef3d010
Beneficis = 101178.96000000006Movimiento 72 685 Coste(2979.357) ---> BoarHat@7884693
Beneficis = 101178.96000000006Movimiento 87 680 Coste(2977.849) ---> BoarHat@6c710a6c
Beneficis = 101178.96000000006Movimiento 441 860 Coste(2976.3430000000003) ---> BoarHat@5eb19dbe
Beneficis = 101551.56000000007Movimiento 961 0 Coste(2893.731) ---> BoarHat@60045ae2
Beneficis = 101551.56000000007Movimiento 36 707 Coste(2892.2470000000003) ---> BoarHat@69814455
Beneficis = 101551.56000000007Movimiento 110 25 Coste(2890.771) ---> BoarHat@36fdddf1
Beneficis = 101551.56000000007Movimiento 449 724 Coste(2889.295) ---> BoarHat@36c35f56
Beneficis = 101930.46000000006Movimiento 282 4 Coste(2806.9770000000003) ---> BoarHat@5d3b9eb8
Beneficis = 101930.46000000006Movimiento 519 541 Coste(2805.511) ---> BoarHat@171e1776
Beneficis = 101930.46000000006Movimiento 55 174 Coste(2804.0510000000004) ---> BoarHat@2624375b
Beneficis = 101930.46000000006Movimiento 713 714 Coste(2802.6040000000003) ---> BoarHat@57e318e7
Beneficis = 101930.46000000006Movimiento 48 241 Coste(2801.1780000000003) ---> BoarHat@6f328b
Beneficis = 101930.46000000006Movimiento 942 23 Coste(2799.7560000000003) ---> BoarHat@29a69628
Beneficis = 101930.46000000006Movimiento 446 863 Coste(2796.081) ---> BoarHat@629d94b3
Beneficis = 102276.96000000006Movimiento 602 1 Coste(2714.561) ---> BoarHat@6c15c5d
Beneficis = 102276.96000000006Movimiento 356 633 Coste(2713.165) ---> BoarHat@7556125d
Beneficis = 102276.96000000006Movimiento 324 434 Coste(2711.7720000000004) ---> BoarHat@67a7837b
Beneficis = 102276.96000000006Movimiento 588 725 Coste(2710.362) ---> BoarHat@752bfe93
Beneficis = 102276.96000000006Movimiento 166 745 Coste(2708.976) ---> BoarHat@146f3e55
Beneficis = 102276.96000000006Movimiento 711 964 Coste(2707.59) ---> BoarHat@223510de
Beneficis = 102276.96000000006Movimiento 586 767 Coste(2706.2070000000003) ---> BoarHat@694eb27
Beneficis = 102276.96000000006Movimiento 120 691 Coste(2704.833) ---> BoarHat@6540dbc0
Beneficis = 102276.96000000006Movimiento 299 738 Coste(2703.208) ---> BoarHat@3d85f97
Beneficis = 102276.96000000006Movimiento 45 338 Coste(2701.324) ---> BoarHat@1908a69b
Beneficis = 102276.96000000006Movimiento 536 605 Coste(2699.9500000000003) ---> BoarHat@9502e76
Beneficis = 102276.96000000006Movimiento 27 56 Coste(2698.588) ---> BoarHat@6e9f93c6
Beneficis = 102276.96000000006Movimiento 291 302 Coste(2697.226) ---> BoarHat@24f45822
Beneficis = 102276.96000000006Movimiento 638 750 Coste(2695.8610000000003) ---> BoarHat@4309ce01
Beneficis = 102276.96000000006Movimiento 46 895 Coste(2694.541) ---> BoarHat@716e62f
Beneficis = 102276.96000000006Movimiento 130 252 Coste(2693.224) ---> BoarHat@6a231425
Beneficis = 102276.96000000006Movimiento 158 637 Coste(2691.55) ---> BoarHat@50e58311
Beneficis = 102276.96000000006Movimiento 273 350 Coste(2690.244) ---> BoarHat@6e551e30
Beneficis = 102276.96000000006Movimiento 585 699 Coste(2688.944) ---> BoarHat@428dacc5
Beneficis = 102276.96000000006Movimiento 580 728 Coste(2687.664) ---> BoarHat@3d7c8e97
Beneficis = 102276.96000000006Movimiento 837 889 Coste(2686.4120000000003) ---> BoarHat@36ac9c54
Beneficis = 102276.96000000006Movimiento 469 924 Coste(2685.096) ---> BoarHat@75f11375
Beneficis = 102276.96000000006Movimiento 245 21 Coste(2683.86) ---> BoarHat@3db1a113
Beneficis = 102276.96000000006Movimiento 17 677 Coste(2682.6440000000002) ---> BoarHat@7e3b9574
Beneficis = 102276.96000000006Movimiento 234 905 Coste(2681.443) ---> BoarHat@37e506bc
Beneficis = 102276.96000000006Movimiento 480 933 Coste(2680.252) ---> BoarHat@16b96cd0
Beneficis = 102276.96000000006Movimiento 673 833 Coste(2679.0710000000004) ---> BoarHat@41f8f6ac
Beneficis = 102276.96000000006Movimiento 626 880 Coste(2677.8990000000003) ---> BoarHat@3be551dd
Beneficis = 102276.96000000006Movimiento 758 906 Coste(2676.73) ---> BoarHat@5f373cdb
Beneficis = 102276.96000000006Movimiento 82 666 Coste(2675.563) ---> BoarHat@5a981233
Beneficis = 102276.96000000006Movimiento 385 636 Coste(2674.415) ---> BoarHat@6e9e0536
Beneficis = 102276.96000000006Movimiento 251 870 Coste(2673.271) ---> BoarHat@2dd289a0
Beneficis = 102276.96000000006Movimiento 76 512 Coste(2672.132) ---> BoarHat@3e58e142
Beneficis = 102276.96000000006Movimiento 616 662 Coste(2671.001) ---> BoarHat@65b5be15
Beneficis = 102276.96000000006Movimiento 5 175 Coste(2669.878) ---> BoarHat@1aae2ca3
Beneficis = 102276.96000000006Movimiento 417 788 Coste(2668.7560000000003) ---> BoarHat@786d76be
Beneficis = 102276.96000000006Movimiento 425 841 Coste(2667.637) ---> BoarHat@17283147
Beneficis = 102276.96000000006Movimiento 670 980 Coste(2666.5510000000004) ---> BoarHat@4e5aded7
Beneficis = 102276.96000000006Movimiento 451 712 Coste(2665.143) ---> BoarHat@16a6e82a
Beneficis = 102276.96000000006Movimiento 177 198 Coste(2664.063) ---> BoarHat@de5d31f
Beneficis = 102276.96000000006Movimiento 34 554 Coste(2662.991) ---> BoarHat@891f126
Beneficis = 102276.96000000006Movimiento 355 746 Coste(2661.0910000000003) ---> BoarHat@4bc2318
Beneficis = 102627.96000000006Movimiento 157 1 Coste(2579.811) ---> BoarHat@705b38d4
Beneficis = 102627.96000000006Movimiento 157 852 Coste(2577.164) ---> BoarHat@377dc153
Beneficis = 102983.16000000006Movimiento 468 1 Coste(2496.108) ---> BoarHat@f4dfb31
Beneficis = 102983.16000000006Movimiento 539 546 Coste(2495.039) ---> BoarHat@2120c72
Beneficis = 102983.16000000006Movimiento 743 810 Coste(2493.77) ---> BoarHat@69d1fdd6
Beneficis = 102983.16000000006Movimiento 703 963 Coste(2492.576) ---> BoarHat@4833edae
Beneficis = 103539.66000000006Movimiento 88 4 Coste(2411.126) ---> BoarHat@6fc4771b
Beneficis = 103539.66000000006Movimiento 624 7 Coste(2410.058) ---> BoarHat@1cb8d6d0
Beneficis = 103539.66000000006Movimiento 615 997 Coste(2408.996) ---> BoarHat@7a7bc489
Beneficis = 103539.66000000006Movimiento 107 904 Coste(2407.94) ---> BoarHat@4baabbc5
Beneficis = 103539.66000000006Movimiento 209 701 Coste(2406.895) ---> BoarHat@45011521
Beneficis = 103539.66000000006Movimiento 313 559 Coste(2405.855) ---> BoarHat@3cbf2ea3
Beneficis = 103539.66000000006Movimiento 65 396 Coste(2404.8250000000003) ---> BoarHat@106c1a89
Beneficis = 103539.66000000006Movimiento 503 907 Coste(2403.779) ---> BoarHat@5878dca8
Beneficis = 103539.66000000006Movimiento 280 560 Coste(2402.7250000000004) ---> BoarHat@14d205a0
Beneficis = 103539.66000000006Movimiento 599 856 Coste(2401.715) ---> BoarHat@3c738fff
Beneficis = 103539.66000000006Movimiento 3 757 Coste(2400.717) ---> BoarHat@25ade73
Beneficis = 103539.66000000006Movimiento 336 351 Coste(2399.726) ---> BoarHat@629c455f
Beneficis = 103539.66000000006Movimiento 204 472 Coste(2398.7400000000002) ---> BoarHat@259a57b1
Beneficis = 103539.66000000006Movimiento 98 564 Coste(2397.456) ---> BoarHat@791f1259
Beneficis = 103539.66000000006Movimiento 975 39 Coste(2396.46) ---> BoarHat@5f44cffd
Beneficis = 103539.66000000006Movimiento 433 929 Coste(2395.474) ---> BoarHat@4dde3ea7
Beneficis = 103539.66000000006Movimiento 148 274 Coste(2394.4900000000002) ---> BoarHat@342ce220
Beneficis = 103539.66000000006Movimiento 537 896 Coste(2393.52) ---> BoarHat@e011441
Beneficis = 104031.96000000006Movimiento 69 0 Coste(2311.5710000000004) ---> BoarHat@66d70bb8
Beneficis = 104031.96000000006Movimiento 244 545 Coste(2310.606) ---> BoarHat@3bf84136
Beneficis = 104031.96000000006Movimiento 377 403 Coste(2309.643) ---> BoarHat@1067f771
Beneficis = 104031.96000000006Movimiento 413 930 Coste(2308.684) ---> BoarHat@27c97cac
Beneficis = 104031.96000000006Movimiento 26 199 Coste(2307.728) ---> BoarHat@eebfe99
Beneficis = 104031.96000000006Movimiento 90 170 Coste(2306.7760000000003) ---> BoarHat@17ad4a56
Beneficis = 104031.96000000006Movimiento 857 931 Coste(2305.828) ---> BoarHat@432b20df
Beneficis = 104031.96000000006Movimiento 7 790 Coste(2304.882) ---> BoarHat@48770c77
Beneficis = 104031.96000000006Movimiento 832 862 Coste(2303.94) ---> BoarHat@31d63a13
Beneficis = 104031.96000000006Movimiento 369 740 Coste(2303.0020000000004) ---> BoarHat@b71eab6
Beneficis = 104031.96000000006Movimiento 331 995 Coste(2302.034) ---> BoarHat@6d905f97
Beneficis = 104031.96000000006Movimiento 99 898 Coste(2301.1000000000004) ---> BoarHat@67699325
Beneficis = 104031.96000000006Movimiento 486 634 Coste(2300.0660000000003) ---> BoarHat@63bf62f7
Beneficis = 104031.96000000006Movimiento 827 869 Coste(2299.132) ---> BoarHat@7b7fb60
Beneficis = 104031.96000000006Movimiento 394 674 Coste(2298.213) ---> BoarHat@1dcf7887
Beneficis = 104031.96000000006Movimiento 237 970 Coste(2297.3010000000004) ---> BoarHat@6948f3da
Beneficis = 104031.96000000006Movimiento 775 798 Coste(2296.395) ---> BoarHat@282c719e
Beneficis = 104031.96000000006Movimiento 38 7 Coste(2294.7870000000003) ---> BoarHat@37a9c200
Beneficis = 104031.96000000006Movimiento 664 968 Coste(2293.882) ---> BoarHat@15f1b517
Beneficis = 104031.96000000006Movimiento 281 780 Coste(2292.9900000000002) ---> BoarHat@57da29a9
Beneficis = 104031.96000000006Movimiento 201 319 Coste(2292.0280000000002) ---> BoarHat@78efc106
Beneficis = 104031.96000000006Movimiento 197 30 Coste(2291.1400000000003) ---> BoarHat@72b57b0
Beneficis = 104031.96000000006Movimiento 659 921 Coste(2290.253) ---> BoarHat@1809300b
Beneficis = 104031.96000000006Movimiento 35 136 Coste(2289.3720000000003) ---> BoarHat@334cc2b2
Beneficis = 104031.96000000006Movimiento 142 439 Coste(2288.5040000000004) ---> BoarHat@131b1d8f
Beneficis = 104031.96000000006Movimiento 156 912 Coste(2287.645) ---> BoarHat@68b0f060
Beneficis = 104031.96000000006Movimiento 11 363 Coste(2286.7870000000003) ---> BoarHat@72f008d1
Beneficis = 104031.96000000006Movimiento 33 839 Coste(2285.8590000000004) ---> BoarHat@55ede485
Beneficis = 104031.96000000006Movimiento 475 785 Coste(2285.0080000000003) ---> BoarHat@7bda8363
Beneficis = 104401.56000000007Movimiento 242 1 Coste(2204.7200000000003) ---> BoarHat@2be01823
Beneficis = 104401.56000000007Movimiento 474 522 Coste(2203.873) ---> BoarHat@72f0ac18
Beneficis = 104401.56000000007Movimiento 140 380 Coste(2203.031) ---> BoarHat@573d1134
Beneficis = 104401.56000000007Movimiento 191 534 Coste(2202.19) ---> BoarHat@74a8884e
Beneficis = 104401.56000000007Movimiento 31 145 Coste(2201.356) ---> BoarHat@64281d7b
Beneficis = 104401.56000000007Movimiento 493 24 Coste(2200.496) ---> BoarHat@2f2bb645
Beneficis = 104401.56000000007Movimiento 100 248 Coste(2199.684) ---> BoarHat@21909414
Beneficis = 104401.56000000007Movimiento 383 981 Coste(2198.8720000000003) ---> BoarHat@25e7e48e
Beneficis = 104401.56000000007Movimiento 292 387 Coste(2198.065) ---> BoarHat@79e9dfe8
Beneficis = 104401.56000000007Movimiento 885 31 Coste(2197.261) ---> BoarHat@67d27e73
Beneficis = 104401.56000000007Movimiento 401 611 Coste(2196.471) ---> BoarHat@20204b31
Beneficis = 104401.56000000007Movimiento 154 15 Coste(2195.693) ---> BoarHat@11f631c7
Beneficis = 104401.56000000007Movimiento 466 506 Coste(2194.915) ---> BoarHat@2c2f4248
Beneficis = 104401.56000000007Movimiento 529 739 Coste(2194.141) ---> BoarHat@67d55b53
Beneficis = 104401.56000000007Movimiento 263 909 Coste(2193.353) ---> BoarHat@37d08619
Beneficis = 104401.56000000007Movimiento 533 819 Coste(2192.5950000000003) ---> BoarHat@ca74f56
Beneficis = 104401.56000000007Movimiento 569 607 Coste(2191.844) ---> BoarHat@322139ca
Beneficis = 104401.56000000007Movimiento 669 13 Coste(2191.094) ---> BoarHat@6e7b2991
Beneficis = 104401.56000000007Movimiento 139 468 Coste(2188.726) ---> BoarHat@6279c79e
Beneficis = 104898.66000000008Movimiento 488 1 Coste(2108.61) ---> BoarHat@6d6f3723
Beneficis = 104898.66000000008Movimiento 176 532 Coste(2107.8680000000004) ---> BoarHat@5bd18990
Beneficis = 104898.66000000008Movimiento 787 915 Coste(2107.1240000000003) ---> BoarHat@1fbd51f3
Beneficis = 104898.66000000008Movimiento 246 888 Coste(2106.404) ---> BoarHat@5e06b7bd
Beneficis = 104898.66000000008Movimiento 10 28 Coste(2105.6890000000003) ---> BoarHat@71b8a87b
Beneficis = 104898.66000000008Movimiento 344 2 Coste(2104.9970000000003) ---> BoarHat@49a33b73
Beneficis = 105307.56000000007Movimiento 171 0 Coste(2024.0790000000002) ---> BoarHat@63d6a937
Beneficis = 105307.56000000007Movimiento 261 925 Coste(2023.39) ---> BoarHat@7229c927
Beneficis = 105307.56000000007Movimiento 224 251 Coste(2022.7030000000002) ---> BoarHat@5c3e504c
Beneficis = 105307.56000000007Movimiento 523 749 Coste(2022.0230000000001) ---> BoarHat@7a7cf729
Beneficis = 105307.56000000007Movimiento 372 418 Coste(2021.3290000000002) ---> BoarHat@20c90c46
Beneficis = 105307.56000000007Movimiento 12 254 Coste(2020.669) ---> BoarHat@7a5bdac1
Beneficis = 105307.56000000007Movimiento 587 22 Coste(2020.0090000000002) ---> BoarHat@753b096
Beneficis = 105307.56000000007Movimiento 105 185 Coste(2019.3570000000002) ---> BoarHat@35cbb8a
Beneficis = 105307.56000000007Movimiento 85 509 Coste(2018.7150000000001) ---> BoarHat@620b7571
Beneficis = 105307.56000000007Movimiento 985 27 Coste(2018.007) ---> BoarHat@49a3a21b
Beneficis = 105307.56000000007Movimiento 270 644 Coste(2017.3670000000002) ---> BoarHat@786c4d6e
Beneficis = 105307.56000000007Movimiento 515 878 Coste(2016.5090000000002) ---> BoarHat@7c64e4dc
Beneficis = 105307.56000000007Movimiento 113 948 Coste(2015.871) ---> BoarHat@ef9b4a8
Beneficis = 105307.56000000007Movimiento 77 424 Coste(2015.237) ---> BoarHat@5877b5ec
Beneficis = 105307.56000000007Movimiento 67 440 Coste(2014.6150000000002) ---> BoarHat@14eaf8dc
Beneficis = 105307.56000000007Movimiento 220 12 Coste(2013.8270000000002) ---> BoarHat@642adec8
Beneficis = 105832.56000000007Movimiento 362 4 Coste(1933.0770000000002) ---> BoarHat@4774d0
Beneficis = 105832.56000000007Movimiento 404 17 Coste(1932.4620000000002) ---> BoarHat@280d4e1a
Beneficis = 105832.56000000007Movimiento 137 547 Coste(1931.8660000000002) ---> BoarHat@1d9a6437
Beneficis = 105832.56000000007Movimiento 4 668 Coste(1931.2800000000002) ---> BoarHat@266b9056
Beneficis = 105832.56000000007Movimiento 288 20 Coste(1930.708) ---> BoarHat@5337b789
Beneficis = 105832.56000000007Movimiento 25 814 Coste(1930.15) ---> BoarHat@6300e05b
Beneficis = 105832.56000000007Movimiento 454 460 Coste(1929.5940000000003) ---> BoarHat@4bf2a20d
Beneficis = 105832.56000000007Movimiento 8 13 Coste(1929.054) ---> BoarHat@35e7f74
Beneficis = 105832.56000000007Movimiento 114 337 Coste(1928.5140000000001) ---> BoarHat@449c3760
Beneficis = 105832.56000000007Movimiento 474 558 Coste(1927.987) ---> BoarHat@1195b5b6
Beneficis = 105832.56000000007Movimiento 226 859 Coste(1927.4740000000002) ---> BoarHat@655148f1
Beneficis = 105832.56000000007Movimiento 106 163 Coste(1926.891) ---> BoarHat@4ef7130
Beneficis = 105832.56000000007Movimiento 182 296 Coste(1926.3790000000001) ---> BoarHat@481bc8a9
Beneficis = 105832.56000000007Movimiento 151 965 Coste(1925.8690000000001) ---> BoarHat@41773638
Beneficis = 105832.56000000007Movimiento 623 2 Coste(1925.3650000000002) ---> BoarHat@46d9a86d
Beneficis = 105832.56000000007Movimiento 326 777 Coste(1924.8630000000003) ---> BoarHat@753b7602
Beneficis = 105832.56000000007Movimiento 208 871 Coste(1924.3730000000003) ---> BoarHat@4ecfc7ab
Beneficis = 105832.56000000007Movimiento 111 148 Coste(1923.891) ---> BoarHat@59b99f38
Beneficis = 105832.56000000007Movimiento 151 826 Coste(1923.3810000000003) ---> BoarHat@7fde6704
Beneficis = 105832.56000000007Movimiento 535 649 Coste(1922.8770000000002) ---> BoarHat@5644b93
Beneficis = 105832.56000000007Movimiento 435 814 Coste(1922.3990000000001) ---> BoarHat@7aee1796
Beneficis = 105832.56000000007Movimiento 803 2 Coste(1921.9340000000002) ---> BoarHat@139421d9
Beneficis = 105832.56000000007Movimiento 444 704 Coste(1921.477) ---> BoarHat@538b530
Beneficis = 105832.56000000007Movimiento 167 442 Coste(1921.0210000000002) ---> BoarHat@6baf736c
Beneficis = 105832.56000000007Movimiento 178 2 Coste(1920.5650000000003) ---> BoarHat@23f1bf4e
Beneficis = 105832.56000000007Movimiento 310 2 Coste(1920.1090000000002) ---> BoarHat@6435034b
Beneficis = 105832.56000000007Movimiento 661 21 Coste(1919.6530000000002) ---> BoarHat@50cf93b0
Beneficis = 105832.56000000007Movimiento 84 608 Coste(1919.2040000000002) ---> BoarHat@62039410
Beneficis = 105832.56000000007Movimiento 115 2 Coste(1918.7620000000002) ---> BoarHat@5c412a69
Beneficis = 105832.56000000007Movimiento 497 26 Coste(1918.323) ---> BoarHat@2015d721
Beneficis = 106260.66000000008Movimiento 966 1 Coste(1838.3010000000002) ---> BoarHat@398beca5
Beneficis = 106260.66000000008Movimiento 116 24 Coste(1837.8720000000003) ---> BoarHat@41b34198
Beneficis = 106260.66000000008Movimiento 153 223 Coste(1837.4460000000001) ---> BoarHat@acb1b66
Beneficis = 106260.66000000008Movimiento 192 977 Coste(1837.0260000000003) ---> BoarHat@1d61778c
Beneficis = 106260.66000000008Movimiento 935 943 Coste(1836.6060000000002) ---> BoarHat@5c23bd57
Beneficis = 106260.66000000008Movimiento 271 847 Coste(1836.1920000000002) ---> BoarHat@697a7fa9
Beneficis = 106260.66000000008Movimiento 591 956 Coste(1835.6460000000002) ---> BoarHat@1ea2d878
Beneficis = 106260.66000000008Movimiento 791 2 Coste(1835.2340000000002) ---> BoarHat@767b9753
Beneficis = 106260.66000000008Movimiento 686 851 Coste(1834.8260000000002) ---> BoarHat@3194fc0
Beneficis = 106260.66000000008Movimiento 79 135 Coste(1834.4350000000002) ---> BoarHat@40cdc6ef
Beneficis = 106260.66000000008Movimiento 287 478 Coste(1834.053) ---> BoarHat@27fd6c2e
Beneficis = 106260.66000000008Movimiento 696 727 Coste(1833.6850000000002) ---> BoarHat@1138f39d
Beneficis = 106260.66000000008Movimiento 496 33 Coste(1833.3350000000003) ---> BoarHat@69f60156
Beneficis = 106260.66000000008Movimiento 469 38 Coste(1832.987) ---> BoarHat@7f3698a7
Beneficis = 106260.66000000008Movimiento 524 694 Coste(1832.641) ---> BoarHat@26d9467a
Beneficis = 106260.66000000008Movimiento 475 18 Coste(1832.2990000000002) ---> BoarHat@1ca0b818
Beneficis = 106260.66000000008Movimiento 358 553 Coste(1831.977) ---> BoarHat@15783c0e
Beneficis = 106260.66000000008Movimiento 625 687 Coste(1831.5210000000002) ---> BoarHat@79495de3
Beneficis = 106260.66000000008Movimiento 849 3 Coste(1831.0520000000001) ---> BoarHat@1f85d0f7
Beneficis = 106260.66000000008Movimiento 205 492 Coste(1830.7380000000003) ---> BoarHat@4886d4bf
Beneficis = 106260.66000000008Movimiento 852 3 Coste(1830.4310000000003) ---> BoarHat@64ff2ae1
Beneficis = 106260.66000000008Movimiento 352 549 Coste(1830.1340000000002) ---> BoarHat@1bfbcf10
Beneficis = 106260.66000000008Movimiento 202 478 Coste(1829.8390000000002) ---> BoarHat@521d0c02
Beneficis = 106260.66000000008Movimiento 298 786 Coste(1829.525) ---> BoarHat@6b7bc20
Beneficis = 106260.66000000008Movimiento 260 3 Coste(1829.2330000000002) ---> BoarHat@2fe424c9
Beneficis = 106760.46000000008Movimiento 366 1 Coste(1749.2250000000001) ---> BoarHat@7a2b6742
Beneficis = 106760.46000000008Movimiento 479 617 Coste(1748.9440000000002) ---> BoarHat@2cb2c60
Beneficis = 106760.46000000008Movimiento 855 3 Coste(1748.669) ---> BoarHat@2b3910de
Beneficis = 106760.46000000008Movimiento 110 447 Coste(1748.3990000000001) ---> BoarHat@55a2c959
Beneficis = 106760.46000000008Movimiento 64 7 Coste(1748.0060000000003) ---> BoarHat@69348a1
Beneficis = 106760.46000000008Movimiento 16 10 Coste(1747.496) ---> BoarHat@5486a20c
Beneficis = 106760.46000000008Movimiento 77 567 Coste(1747.2330000000002) ---> BoarHat@1557b312
Beneficis = 106760.46000000008Movimiento 102 808 Coste(1746.9700000000003) ---> BoarHat@63a764cc
Beneficis = 106760.46000000008Movimiento 191 558 Coste(1746.7110000000002) ---> BoarHat@2acabde5
Beneficis = 106760.46000000008Movimiento 470 786 Coste(1746.4590000000003) ---> BoarHat@74bc843b
Beneficis = 106760.46000000008Movimiento 609 916 Coste(1746.2110000000002) ---> BoarHat@8a4bf48
Beneficis = 106760.46000000008Movimiento 328 3 Coste(1745.9540000000002) ---> BoarHat@28c4f608
Beneficis = 106760.46000000008Movimiento 179 993 Coste(1745.708) ---> BoarHat@5062cb77
Beneficis = 106760.46000000008Movimiento 207 2 Coste(1745.3690000000001) ---> BoarHat@48dc015f
Beneficis = 106760.46000000008Movimiento 312 854 Coste(1745.1250000000002) ---> BoarHat@15f611ca
Beneficis = 106760.46000000008Movimiento 667 954 Coste(1744.7210000000002) ---> BoarHat@25c57925
Beneficis = 106760.46000000008Movimiento 937 8 Coste(1744.3730000000003) ---> BoarHat@436d70f0
Beneficis = 106760.46000000008Movimiento 71 816 Coste(1744.1370000000002) ---> BoarHat@fc4a9bb
Beneficis = 106760.46000000008Movimiento 278 651 Coste(1743.9040000000002) ---> BoarHat@1307f768
Beneficis = 106760.46000000008Movimiento 578 6 Coste(1743.6420000000003) ---> BoarHat@484d19ee
Beneficis = 106760.46000000008Movimiento 941 38 Coste(1743.4110000000003) ---> BoarHat@5f5877fe
Beneficis = 106760.46000000008Movimiento 166 438 Coste(1743.188) ---> BoarHat@313f2251
Beneficis = 106760.46000000008Movimiento 331 30 Coste(1742.9660000000001) ---> BoarHat@674fc653
Beneficis = 106760.46000000008Movimiento 104 999 Coste(1742.7540000000001) ---> BoarHat@6543494e
Beneficis = 106760.46000000008Movimiento 27 480 Coste(1742.5470000000003) ---> BoarHat@33e0b29f
Beneficis = 106760.46000000008Movimiento 7 613 Coste(1742.3450000000003) ---> BoarHat@5a2b7f25
Beneficis = 106760.46000000008Movimiento 319 802 Coste(1742.1240000000003) ---> BoarHat@6bddddcd
Beneficis = 106760.46000000008Movimiento 378 948 Coste(1741.842) ---> BoarHat@5ac5fac7
Beneficis = 106760.46000000008Movimiento 601 2 Coste(1741.5620000000001) ---> BoarHat@71f17973
Beneficis = 106760.46000000008Movimiento 682 827 Coste(1741.3180000000002) ---> BoarHat@3f4b2b9f
Beneficis = 106760.46000000008Movimiento 314 38 Coste(1741.1160000000002) ---> BoarHat@775745a0
Beneficis = 106760.46000000008Movimiento 725 837 Coste(1740.9160000000002) ---> BoarHat@6bdea4ae
Beneficis = 106760.46000000008Movimiento 75 957 Coste(1740.7240000000002) ---> BoarHat@701e1215
Beneficis = 106760.46000000008Movimiento 587 752 Coste(1740.5470000000003) ---> BoarHat@30d9385e
Beneficis = 106760.46000000008Movimiento 667 752 Coste(1740.3700000000001) ---> BoarHat@29f599da
Beneficis = 106760.46000000008Movimiento 13 615 Coste(1740.2040000000002) ---> BoarHat@6fc36e3b
Beneficis = 106760.46000000008Movimiento 168 714 Coste(1740.0410000000002) ---> BoarHat@1365a017
Beneficis = 107268.66000000008Movimiento 61 4 Coste(1660.3690000000001) ---> BoarHat@6b415eb8
Beneficis = 107268.66000000008Movimiento 793 3 Coste(1660.2320000000002) ---> BoarHat@1d7e0b11
Beneficis = 107268.66000000008Movimiento 682 38 Coste(1660.0960000000002) ---> BoarHat@25226c15
Beneficis = 107268.66000000008Movimiento 685 1 Coste(1659.9800000000002) ---> BoarHat@40e43cca
nodesExpanded : 600
Temps SolIni = 15 Tiempo HC = 228112 Tiempo SA = 0
