Size: 763
Central 0: [32m61[0m Produccio: [35m300.33[0m Usada: [31m300.26[0m
Central 1: [32m60[0m Produccio: [35m259.97[0m Usada: [31m259.94900000000007[0m
Central 2: [32m115[0m Produccio: [35m619.15[0m Usada: [31m601.5089999999999[0m
Central 3: [32m150[0m Produccio: [35m675.6[0m Usada: [31m642.2299999999997[0m
Central 4: [32m80[0m Produccio: [35m346.01[0m Usada: [31m321.34299999999996[0m
Central 5: [32m45[0m Produccio: [35m230.72[0m Usada: [31m230.598[0m
Central 6: [32m27[0m Produccio: [35m189.73[0m Usada: [31m188.787[0m
Central 7: [32m15[0m Produccio: [35m151.82[0m Usada: [31m151.751[0m
Central 8: [32m44[0m Produccio: [35m244.05[0m Usada: [31m243.573[0m
Central 9: [32m49[0m Produccio: [35m239.03[0m Usada: [31m239.024[0m
Central 10: [32m34[0m Produccio: [35m197.99[0m Usada: [31m197.46299999999997[0m
Central 11: [32m38[0m Produccio: [35m211.83[0m Usada: [31m211.10399999999998[0m
Central 12: [32m19[0m Produccio: [35m156.76[0m Usada: [31m156.114[0m
Central 13: [32m8[0m Produccio: [35m118.37[0m Usada: [31m117.684[0m
Central 14: [32m14[0m Produccio: [35m131.63[0m Usada: [31m130.843[0m
Central 15: [32m7[0m Produccio: [35m93.91[0m Usada: [31m93.49[0m
Central 16: [32m4[0m Produccio: [35m59.81[0m Usada: [31m59.708000000000006[0m
Central 17: [32m3[0m Produccio: [35m33.18[0m Usada: [31m33.158[0m
Central 18: [32m2[0m Produccio: [35m21.88[0m Usada: [31m21.81[0m
Central 19: [32m3[0m Produccio: [35m32.8[0m Usada: [31m32.79[0m
Central 20: [32m5[0m Produccio: [35m68.82[0m Usada: [31m68.64[0m
Central 21: [32m2[0m Produccio: [35m17.32[0m Usada: [31m17.296[0m
Central 22: [32m3[0m Produccio: [35m44.33[0m Usada: [31m44.216[0m
Central 23: [32m2[0m Produccio: [35m42.08[0m Usada: [31m41.678[0m
Central 24: [32m5[0m Produccio: [35m71.17[0m Usada: [31m71.07000000000001[0m
Central 25: [32m6[0m Produccio: [35m82.1[0m Usada: [31m81.418[0m
Central 26: [32m4[0m Produccio: [35m57.35[0m Usada: [31m57.330999999999996[0m
Central 27: [32m4[0m Produccio: [35m73.42[0m Usada: [31m72.522[0m
Central 28: [32m2[0m Produccio: [35m19.2[0m Usada: [31m19.131999999999998[0m
Central 29: [32m3[0m Produccio: [35m40.82[0m Usada: [31m40.812[0m
Central 30: [32m6[0m Produccio: [35m84.53[0m Usada: [31m84.283[0m
Central 31: [32m6[0m Produccio: [35m75.56[0m Usada: [31m75.31700000000001[0m
Central 32: [32m5[0m Produccio: [35m66.98[0m Usada: [31m66.915[0m
Central 33: [32m9[0m Produccio: [35m95.02[0m Usada: [31m94.902[0m
Central 34: [32m7[0m Produccio: [35m84.22[0m Usada: [31m84.185[0m
Central 35: [32m8[0m Produccio: [35m83.93[0m Usada: [31m83.862[0m
Central 36: [32m5[0m Produccio: [35m68.59[0m Usada: [31m68.409[0m
Central 37: [32m7[0m Produccio: [35m93.08[0m Usada: [31m92.73900000000002[0m
Central 38: [32m4[0m Produccio: [35m58.74[0m Usada: [31m58.675[0m
Central 39: [32m6[0m Produccio: [35m67.6[0m Usada: [31m67.571[0m
Central NONE: [32m0[0m
Central NONE: [32m123[0m
Beneficis = 89175.11000000006Clients No assignats = 123 Centrals Tancades 0

TSP HillClimbing  -->

Beneficis = 88612.11000000006Movimiento 47 974 Coste(12187.627) ---> BoarHat@18151a14
Beneficis = 87988.11000000009Movimiento 455 765 Coste(12161.667) ---> BoarHat@1aa7788b
Beneficis = 87519.96000000006Movimiento 156 561 Coste(12141.901) ---> BoarHat@18679066
Beneficis = 87067.31000000007Movimiento 34 725 Coste(12122.376) ---> BoarHat@30ea8aa6
Beneficis = 86616.61000000004Movimiento 85 998 Coste(12103.118) ---> BoarHat@42d82e74
Beneficis = 86616.61000000004Movimiento 614 933 Coste(12084.386) ---> BoarHat@71ba331f
Beneficis = 86096.86000000004Movimiento 267 606 Coste(12065.846) ---> BoarHat@339e0b8f
Beneficis = 85580.41000000006Movimiento 82 550 Coste(12048.296) ---> BoarHat@48a2c1ba
Beneficis = 85580.41000000006Movimiento 114 846 Coste(12030.868) ---> BoarHat@7f96f4a1
Beneficis = 85580.41000000006Movimiento 595 698 Coste(12014.362) ---> BoarHat@2ac1e929
Beneficis = 85203.56000000006Movimiento 438 466 Coste(11997.988) ---> BoarHat@5df1ab7d
Beneficis = 84839.71000000005Movimiento 306 757 Coste(11982.114) ---> BoarHat@65ed891b
Beneficis = 84839.71000000005Movimiento 166 250 Coste(11967.178) ---> BoarHat@16ce7069
Beneficis = 84839.71000000005Movimiento 389 793 Coste(11952.419) ---> BoarHat@1dc294d4
Beneficis = 84443.66000000003Movimiento 143 816 Coste(11937.791) ---> BoarHat@3710ecf7
Beneficis = 84122.46000000005Movimiento 127 827 Coste(11923.573) ---> BoarHat@1c9de3b9
Beneficis = 84122.46000000005Movimiento 196 678 Coste(11909.389) ---> BoarHat@6fc875e8
Beneficis = 84122.46000000005Movimiento 350 604 Coste(11895.269) ---> BoarHat@4b35a3d
Beneficis = 83806.81000000004Movimiento 447 487 Coste(11881.153) ---> BoarHat@795ca52c
Beneficis = 83806.81000000004Movimiento 792 940 Coste(11867.824999999999) ---> BoarHat@4579ba87
Beneficis = 83537.36000000006Movimiento 42 905 Coste(11854.592999999999) ---> BoarHat@2ff381bc
Beneficis = 83293.01000000005Movimiento 102 891 Coste(11841.609) ---> BoarHat@b273653
Beneficis = 83293.01000000005Movimiento 357 425 Coste(11828.794) ---> BoarHat@59b8093d
Beneficis = 83293.01000000005Movimiento 399 664 Coste(11816.074) ---> BoarHat@43b0a0bb
Beneficis = 83293.01000000005Movimiento 686 914 Coste(11803.39) ---> BoarHat@48fe2ae7
Beneficis = 83293.01000000005Movimiento 683 741 Coste(11791.496) ---> BoarHat@7f52789
Beneficis = 83095.61000000006Movimiento 148 489 Coste(11780.096) ---> BoarHat@27b10c5c
Beneficis = 83095.61000000006Movimiento 338 585 Coste(11768.824) ---> BoarHat@2cf5fde8
Beneficis = 83095.61000000006Movimiento 544 711 Coste(11757.659) ---> BoarHat@29cb68d8
Beneficis = 83095.61000000006Movimiento 523 712 Coste(11746.631) ---> BoarHat@33394644
Beneficis = 83095.61000000006Movimiento 36 932 Coste(11735.696) ---> BoarHat@4518efb
Beneficis = 83095.61000000006Movimiento 140 766 Coste(11724.885) ---> BoarHat@2ab69b2
Beneficis = 83095.61000000006Movimiento 19 632 Coste(11714.677) ---> BoarHat@14586930
Beneficis = 83095.61000000006Movimiento 284 875 Coste(11704.655999999999) ---> BoarHat@59d5ca63
Beneficis = 83095.61000000006Movimiento 359 847 Coste(11695.256) ---> BoarHat@e04846a
Beneficis = 83095.61000000006Movimiento 279 574 Coste(11685.925) ---> BoarHat@f4283c5
Beneficis = 83095.61000000006Movimiento 244 548 Coste(11677.092) ---> BoarHat@278756e0
Beneficis = 83095.61000000006Movimiento 67 358 Coste(11668.363) ---> BoarHat@1b2e69cd
Beneficis = 83095.61000000006Movimiento 236 943 Coste(11659.821) ---> BoarHat@bb29a09
Beneficis = 82871.86000000006Movimiento 266 803 Coste(11651.67) ---> BoarHat@54e8cf4
Beneficis = 82646.56000000007Movimiento 104 708 Coste(11643.618) ---> BoarHat@2bdf59bc
Beneficis = 82646.56000000007Movimiento 584 791 Coste(11635.673999999999) ---> BoarHat@3b521014
Beneficis = 82646.56000000007Movimiento 60 366 Coste(11627.944) ---> BoarHat@15d29fb0
Beneficis = 82646.56000000007Movimiento 516 990 Coste(11620.34) ---> BoarHat@27722f6e
Beneficis = 82646.56000000007Movimiento 719 877 Coste(11612.785) ---> BoarHat@4bba171d
Beneficis = 82502.11000000009Movimiento 295 580 Coste(11605.497) ---> BoarHat@542ca940
Beneficis = 82332.91000000008Movimiento 326 633 Coste(11598.585) ---> BoarHat@326e1247
Beneficis = 82332.91000000008Movimiento 66 957 Coste(11592.216) ---> BoarHat@72647b95
Beneficis = 82332.91000000008Movimiento 12 365 Coste(11585.892) ---> BoarHat@109b10ca
Beneficis = 82332.91000000008Movimiento 86 483 Coste(11579.625) ---> BoarHat@37a95408
Beneficis = 82171.7100000001Movimiento 140 856 Coste(11573.546) ---> BoarHat@36239dee
Beneficis = 82171.7100000001Movimiento 216 600 Coste(11567.532) ---> BoarHat@48579528
Beneficis = 82171.7100000001Movimiento 950 965 Coste(11561.576) ---> BoarHat@2c39a863
Beneficis = 82171.7100000001Movimiento 846 969 Coste(11555.748) ---> BoarHat@4403d6b3
Beneficis = 82171.7100000001Movimiento 175 696 Coste(11550.144) ---> BoarHat@477f7b50
Beneficis = 82171.7100000001Movimiento 247 997 Coste(11544.542) ---> BoarHat@1379c57a
Beneficis = 82171.7100000001Movimiento 158 907 Coste(11539.145999999999) ---> BoarHat@13f852f0
Beneficis = 82171.7100000001Movimiento 396 817 Coste(11533.826) ---> BoarHat@1529fa52
Beneficis = 82171.7100000001Movimiento 609 918 Coste(11528.624) ---> BoarHat@3637a8e
Beneficis = 82171.7100000001Movimiento 0 296 Coste(11523.439999999999) ---> BoarHat@11974665
Beneficis = 82171.7100000001Movimiento 206 784 Coste(11518.307999999999) ---> BoarHat@595ad568
Beneficis = 82171.7100000001Movimiento 333 705 Coste(11513.189999999999) ---> BoarHat@596ce02e
Beneficis = 82171.7100000001Movimiento 166 331 Coste(11508.121) ---> BoarHat@364d69b8
Beneficis = 82171.7100000001Movimiento 176 460 Coste(11503.133) ---> BoarHat@59dcfa74
Beneficis = 82071.8100000001Movimiento 155 782 Coste(11498.182999999999) ---> BoarHat@43ebb87f
Beneficis = 81940.51000000011Movimiento 305 479 Coste(11493.265) ---> BoarHat@5bdbb5f0
Beneficis = 81795.26000000011Movimiento 427 810 Coste(11488.350999999999) ---> BoarHat@5c18310a
Beneficis = 81795.26000000011Movimiento 344 738 Coste(11483.526) ---> BoarHat@67ef468
Beneficis = 81795.26000000011Movimiento 329 462 Coste(11478.849999999999) ---> BoarHat@2fa77add
Beneficis = 81795.26000000011Movimiento 129 319 Coste(11474.192) ---> BoarHat@3c9bba4c
Beneficis = 81795.26000000011Movimiento 269 925 Coste(11469.546999999999) ---> BoarHat@782ada31
Beneficis = 81795.26000000011Movimiento 345 677 Coste(11465.073999999999) ---> BoarHat@4730757
Beneficis = 81795.26000000011Movimiento 375 582 Coste(11460.66) ---> BoarHat@cce7d3a
Beneficis = 81795.26000000011Movimiento 171 820 Coste(11456.296999999999) ---> BoarHat@1ac1c1b8
Beneficis = 81684.6600000001Movimiento 16 583 Coste(11451.976999999999) ---> BoarHat@c405ea9
Beneficis = 81583.76000000008Movimiento 139 951 Coste(11447.688999999998) ---> BoarHat@e6b6dd7
Beneficis = 81492.41000000008Movimiento 439 740 Coste(11443.404999999999) ---> BoarHat@19a44948
Beneficis = 81492.41000000008Movimiento 401 805 Coste(11439.233) ---> BoarHat@4bc1f873
Beneficis = 81492.41000000008Movimiento 24 87 Coste(11435.105) ---> BoarHat@1ffc1434
Beneficis = 81492.41000000008Movimiento 194 693 Coste(11431.001) ---> BoarHat@224b7751
Beneficis = 81492.41000000008Movimiento 71 124 Coste(11426.905999999999) ---> BoarHat@20660754
Beneficis = 81415.26000000008Movimiento 70 898 Coste(11422.818) ---> BoarHat@1ac00189
Beneficis = 81415.26000000008Movimiento 361 908 Coste(11418.865) ---> BoarHat@2cd699fc
Beneficis = 81415.26000000008Movimiento 65 679 Coste(11414.938) ---> BoarHat@1a4f6ee2
Beneficis = 81317.0600000001Movimiento 392 714 Coste(11411.014) ---> BoarHat@b50036a
Beneficis = 81317.0600000001Movimiento 202 937 Coste(11407.098) ---> BoarHat@7a0c2074
Beneficis = 81317.0600000001Movimiento 377 999 Coste(11403.237) ---> BoarHat@29c6c7c2
Beneficis = 81317.0600000001Movimiento 294 988 Coste(11399.409) ---> BoarHat@4dd6250e
Beneficis = 81317.0600000001Movimiento 356 865 Coste(11395.464) ---> BoarHat@3dcf1929
Beneficis = 81317.0600000001Movimiento 294 844 Coste(11391.539999999999) ---> BoarHat@33012eba
Beneficis = 81317.0600000001Movimiento 117 716 Coste(11387.724) ---> BoarHat@1c08088b
Beneficis = 81317.0600000001Movimiento 98 146 Coste(11384.001) ---> BoarHat@3effcc2e
Beneficis = 81317.0600000001Movimiento 226 296 Coste(11380.32) ---> BoarHat@77ecd21b
Beneficis = 81317.0600000001Movimiento 26 721 Coste(11376.731) ---> BoarHat@6c3a198c
Beneficis = 81317.0600000001Movimiento 472 475 Coste(11373.172999999999) ---> BoarHat@2af9a98e
Beneficis = 81211.11000000009Movimiento 351 840 Coste(11369.628999999999) ---> BoarHat@7957ae5f
Beneficis = 81211.11000000009Movimiento 435 935 Coste(11366.136999999999) ---> BoarHat@2a67cdc0
Beneficis = 81211.11000000009Movimiento 727 932 Coste(11362.663) ---> BoarHat@3b4cf927
Beneficis = 81211.11000000009Movimiento 722 902 Coste(11359.211) ---> BoarHat@787d46ee
Beneficis = 81094.11000000009Movimiento 269 980 Coste(11355.761999999999) ---> BoarHat@7cdee86b
Beneficis = 81094.11000000009Movimiento 465 743 Coste(11352.346) ---> BoarHat@6e545a0b
Beneficis = 81094.11000000009Movimiento 17 165 Coste(11348.973) ---> BoarHat@33fd0690
Beneficis = 81094.11000000009Movimiento 67 669 Coste(11345.721) ---> BoarHat@1e988bad
Beneficis = 81094.11000000009Movimiento 201 841 Coste(11342.48) ---> BoarHat@6fd232e7
Beneficis = 81023.01000000008Movimiento 76 959 Coste(11339.256) ---> BoarHat@3ceb4d3e
Beneficis = 81023.01000000008Movimiento 59 919 Coste(11336.044) ---> BoarHat@48423aec
Beneficis = 81023.01000000008Movimiento 184 230 Coste(11332.252) ---> BoarHat@36276809
Beneficis = 81023.01000000008Movimiento 577 826 Coste(11329.046) ---> BoarHat@4a760ffd
Beneficis = 81023.01000000008Movimiento 474 547 Coste(11325.849) ---> BoarHat@70a28032
Beneficis = 81023.01000000008Movimiento 187 692 Coste(11322.688) ---> BoarHat@72aa51f1
Beneficis = 81023.01000000008Movimiento 313 473 Coste(11319.554) ---> BoarHat@170bb066
Beneficis = 81023.01000000008Movimiento 125 785 Coste(11316.438) ---> BoarHat@5c2b9da3
Beneficis = 81023.01000000008Movimiento 658 774 Coste(11313.366) ---> BoarHat@2ba2ae1f
Beneficis = 81023.01000000008Movimiento 186 527 Coste(11310.297999999999) ---> BoarHat@45365bf7
Beneficis = 81023.01000000008Movimiento 598 864 Coste(11307.238) ---> BoarHat@1fb70ae6
Beneficis = 81023.01000000008Movimiento 413 916 Coste(11304.18) ---> BoarHat@7fda5526
Beneficis = 81023.01000000008Movimiento 144 417 Coste(11301.134) ---> BoarHat@7898c21a
Beneficis = 81023.01000000008Movimiento 554 608 Coste(11298.101999999999) ---> BoarHat@1d005ca1
Beneficis = 81023.01000000008Movimiento 229 431 Coste(11295.091999999999) ---> BoarHat@66e1e7be
Beneficis = 81023.01000000008Movimiento 46 620 Coste(11292.152) ---> BoarHat@2a25c027
Beneficis = 81023.01000000008Movimiento 244 524 Coste(11289.238) ---> BoarHat@766bc76c
Beneficis = 80943.36000000009Movimiento 394 648 Coste(11286.355) ---> BoarHat@5d3ef9df
Beneficis = 80835.36000000009Movimiento 118 885 Coste(11283.474999999999) ---> BoarHat@c27ccf9
Beneficis = 80835.36000000009Movimiento 285 300 Coste(11280.599999999999) ---> BoarHat@791aa126
Beneficis = 80835.36000000009Movimiento 49 263 Coste(11277.74) ---> BoarHat@73bf373c
Beneficis = 80835.36000000009Movimiento 543 584 Coste(11274.891) ---> BoarHat@6033531e
Beneficis = 80835.36000000009Movimiento 149 691 Coste(11272.043) ---> BoarHat@309b80db
Beneficis = 80835.36000000009Movimiento 381 897 Coste(11269.195) ---> BoarHat@29b27732
Beneficis = 80835.36000000009Movimiento 642 755 Coste(11266.364) ---> BoarHat@4e5bacf6
Beneficis = 80835.36000000009Movimiento 271 321 Coste(11263.576) ---> BoarHat@d3f936
Beneficis = 80835.36000000009Movimiento 136 441 Coste(11260.804) ---> BoarHat@6959cff0
Beneficis = 80835.36000000009Movimiento 604 965 Coste(11258.069) ---> BoarHat@630de7c7
Beneficis = 80762.91000000012Movimiento 208 480 Coste(11255.399) ---> BoarHat@43ecd957
Beneficis = 80762.91000000012Movimiento 504 852 Coste(11252.731) ---> BoarHat@68e49197
Beneficis = 80762.91000000012Movimiento 18 380 Coste(11250.065999999999) ---> BoarHat@7f370a66
Beneficis = 80762.91000000012Movimiento 379 552 Coste(11247.412) ---> BoarHat@10587730
Beneficis = 80762.91000000012Movimiento 532 882 Coste(11244.797999999999) ---> BoarHat@7c8a96c0
Beneficis = 80678.61000000013Movimiento 263 505 Coste(11242.206) ---> BoarHat@1d908923
Beneficis = 80678.61000000013Movimiento 31 57 Coste(11239.639) ---> BoarHat@64c9ea07
Beneficis = 80678.61000000013Movimiento 54 510 Coste(11237.08) ---> BoarHat@f856f2e
Beneficis = 80678.61000000013Movimiento 869 963 Coste(11234.527) ---> BoarHat@6d786a17
Beneficis = 80678.61000000013Movimiento 416 912 Coste(11231.997) ---> BoarHat@473fcf07
Beneficis = 80678.61000000013Movimiento 576 631 Coste(11229.473) ---> BoarHat@161f15c2
Beneficis = 80678.61000000013Movimiento 567 729 Coste(11226.974) ---> BoarHat@4047e98d
Beneficis = 80604.91000000012Movimiento 237 641 Coste(11224.478) ---> BoarHat@1db90e3a
Beneficis = 80604.91000000012Movimiento 280 874 Coste(11221.985999999999) ---> BoarHat@9b29123
Beneficis = 80604.91000000012Movimiento 627 732 Coste(11219.507) ---> BoarHat@711ad949
Beneficis = 80554.86000000013Movimiento 314 958 Coste(11217.035) ---> BoarHat@223bddbe
Beneficis = 80554.86000000013Movimiento 88 448 Coste(11214.627) ---> BoarHat@4fd7ed12
Beneficis = 80554.86000000013Movimiento 115 261 Coste(11212.22) ---> BoarHat@247e3db5
Beneficis = 80554.86000000013Movimiento 568 699 Coste(11209.827) ---> BoarHat@7608fc8f
Beneficis = 80554.86000000013Movimiento 225 370 Coste(11207.475) ---> BoarHat@67925c4
Beneficis = 80554.86000000013Movimiento 262 398 Coste(11205.124) ---> BoarHat@45aa638a
Beneficis = 80554.86000000013Movimiento 213 595 Coste(11202.795) ---> BoarHat@aa26f84
Beneficis = 80554.86000000013Movimiento 423 822 Coste(11200.487) ---> BoarHat@271937d5
Beneficis = 80554.86000000013Movimiento 219 362 Coste(11198.189) ---> BoarHat@4426a13a
Beneficis = 80554.86000000013Movimiento 330 968 Coste(11195.892) ---> BoarHat@7d1b999d
Beneficis = 80554.86000000013Movimiento 5 734 Coste(11193.598) ---> BoarHat@6064c07
Beneficis = 80554.86000000013Movimiento 675 753 Coste(11191.314) ---> BoarHat@258c755a
Beneficis = 80461.71000000014Movimiento 253 551 Coste(11189.037) ---> BoarHat@2e334940
Beneficis = 80461.71000000014Movimiento 477 522 Coste(11186.796) ---> BoarHat@4663f27e
Beneficis = 80461.71000000014Movimiento 109 151 Coste(11184.562) ---> BoarHat@59fa41c4
Beneficis = 80461.71000000014Movimiento 19 950 Coste(11182.332) ---> BoarHat@4215c91c
Beneficis = 80461.71000000014Movimiento 387 559 Coste(11180.164) ---> BoarHat@134e573c
Beneficis = 80461.71000000014Movimiento 573 961 Coste(11177.998) ---> BoarHat@375d6b22
Beneficis = 80409.21000000011Movimiento 228 960 Coste(11175.842) ---> BoarHat@7c0270ff
Beneficis = 80409.21000000011Movimiento 308 564 Coste(11173.693) ---> BoarHat@5832c1ed
Beneficis = 80409.21000000011Movimiento 574 969 Coste(11171.55) ---> BoarHat@891aec
Beneficis = 80409.21000000011Movimiento 328 731 Coste(11169.412) ---> BoarHat@66f8637e
Beneficis = 80409.21000000011Movimiento 93 637 Coste(11167.279999999999) ---> BoarHat@7d29e825
Beneficis = 80409.21000000011Movimiento 107 593 Coste(11165.201) ---> BoarHat@4ea6c06e
Beneficis = 80409.21000000011Movimiento 207 922 Coste(11163.126) ---> BoarHat@4bdb6128
Beneficis = 80409.21000000011Movimiento 207 932 Coste(11160.520999999999) ---> BoarHat@45cced74
Beneficis = 80350.36000000013Movimiento 43 872 Coste(11158.449) ---> BoarHat@1c0cbe08
Beneficis = 80350.36000000013Movimiento 347 695 Coste(11156.384) ---> BoarHat@5b17f155
Beneficis = 80350.36000000013Movimiento 569 661 Coste(11154.323) ---> BoarHat@2e584ed2
Beneficis = 80350.36000000013Movimiento 83 885 Coste(11152.262999999999) ---> BoarHat@1ef2df85
Beneficis = 80350.36000000013Movimiento 284 997 Coste(11150.217999999999) ---> BoarHat@62c74d8c
Beneficis = 80350.36000000013Movimiento 217 663 Coste(11148.187) ---> BoarHat@589a25a1
Beneficis = 80350.36000000013Movimiento 399 981 Coste(11146.163) ---> BoarHat@7abf19a5
Beneficis = 80350.36000000013Movimiento 132 520 Coste(11144.14) ---> BoarHat@49638d97
Beneficis = 80350.36000000013Movimiento 160 470 Coste(11142.127) ---> BoarHat@1f9f0de5
Beneficis = 80350.36000000013Movimiento 191 310 Coste(11140.116) ---> BoarHat@7418d9e0
Beneficis = 80350.36000000013Movimiento 45 587 Coste(11138.114) ---> BoarHat@43e92708
Beneficis = 80350.36000000013Movimiento 57 865 Coste(11136.144) ---> BoarHat@5f1962f8
Beneficis = 80350.36000000013Movimiento 354 623 Coste(11134.176) ---> BoarHat@4b685a7f
Beneficis = 80310.36000000013Movimiento 349 611 Coste(11132.22) ---> BoarHat@131c94db
Beneficis = 80310.36000000013Movimiento 645 887 Coste(11130.276) ---> BoarHat@71e63dc8
Beneficis = 80310.36000000013Movimiento 64 411 Coste(11128.34) ---> BoarHat@6d40759a
Beneficis = 80310.36000000013Movimiento 464 519 Coste(11126.414) ---> BoarHat@4ced3909
Beneficis = 80310.36000000013Movimiento 533 582 Coste(11124.492) ---> BoarHat@4b38e392
Beneficis = 80310.36000000013Movimiento 72 778 Coste(11122.58) ---> BoarHat@4bc9ebc5
Beneficis = 80310.36000000013Movimiento 707 900 Coste(11120.675) ---> BoarHat@4791eab0
Beneficis = 80310.36000000013Movimiento 119 536 Coste(11118.779999999999) ---> BoarHat@17583654
Beneficis = 80310.36000000013Movimiento 25 565 Coste(11116.894) ---> BoarHat@732cb703
Beneficis = 80310.36000000013Movimiento 339 682 Coste(11115.011999999999) ---> BoarHat@31bee816
Beneficis = 80310.36000000013Movimiento 482 737 Coste(11113.133) ---> BoarHat@788fbe99
Beneficis = 80310.36000000013Movimiento 113 434 Coste(11111.267) ---> BoarHat@b0b99fa
Beneficis = 80310.36000000013Movimiento 95 630 Coste(11109.407) ---> BoarHat@4b4dbc06
Beneficis = 80310.36000000013Movimiento 688 948 Coste(11107.548999999999) ---> BoarHat@69876814
Beneficis = 80310.36000000013Movimiento 18 981 Coste(11105.708) ---> BoarHat@37106104
Beneficis = 80310.36000000013Movimiento 159 193 Coste(11103.875) ---> BoarHat@63b23d41
Beneficis = 80310.36000000013Movimiento 291 956 Coste(11102.057) ---> BoarHat@3b159fcf
Beneficis = 80310.36000000013Movimiento 303 985 Coste(11100.29) ---> BoarHat@5cb8c9a5
Beneficis = 80310.36000000013Movimiento 4 828 Coste(11098.539) ---> BoarHat@289daef3
Beneficis = 80310.36000000013Movimiento 69 594 Coste(11096.788) ---> BoarHat@28950484
Beneficis = 80310.36000000013Movimiento 410 675 Coste(11093.708999999999) ---> BoarHat@58e1d3ce
Beneficis = 80310.36000000013Movimiento 493 854 Coste(11091.963) ---> BoarHat@67876c39
Beneficis = 80310.36000000013Movimiento 259 353 Coste(11090.222) ---> BoarHat@31a00ac4
Beneficis = 80310.36000000013Movimiento 342 529 Coste(11088.485) ---> BoarHat@5b5c3f38
Beneficis = 80310.36000000013Movimiento 40 89 Coste(11086.75) ---> BoarHat@6a295f36
Beneficis = 80310.36000000013Movimiento 581 613 Coste(11085.037) ---> BoarHat@6d207b85
Beneficis = 80267.66000000012Movimiento 55 748 Coste(11083.332999999999) ---> BoarHat@12183f0e
Beneficis = 80267.66000000012Movimiento 2 490 Coste(11081.636999999999) ---> BoarHat@55830fcc
Beneficis = 80267.66000000012Movimiento 435 793 Coste(11079.953) ---> BoarHat@4c7f86f2
Beneficis = 80267.66000000012Movimiento 94 770 Coste(11078.274) ---> BoarHat@2ab4a0bf
Beneficis = 80267.66000000012Movimiento 318 643 Coste(11076.598) ---> BoarHat@40a48d7d
Beneficis = 80267.66000000012Movimiento 371 668 Coste(11074.963) ---> BoarHat@3f10c8c5
Beneficis = 80267.66000000012Movimiento 878 972 Coste(11073.338) ---> BoarHat@a796b4
Beneficis = 80267.66000000012Movimiento 80 252 Coste(11071.726999999999) ---> BoarHat@41136e89
Beneficis = 80267.66000000012Movimiento 758 917 Coste(11070.146999999999) ---> BoarHat@23d50ce8
Beneficis = 80267.66000000012Movimiento 570 600 Coste(11068.57) ---> BoarHat@6c598757
Beneficis = 80267.66000000012Movimiento 545 930 Coste(11067.002) ---> BoarHat@673440a3
Beneficis = 80267.66000000012Movimiento 110 422 Coste(11065.455) ---> BoarHat@6a12c4ba
Beneficis = 80267.66000000012Movimiento 205 823 Coste(11063.927) ---> BoarHat@3ce676d1
Beneficis = 80267.66000000012Movimiento 163 397 Coste(11062.411) ---> BoarHat@75c8e87
Beneficis = 80267.66000000012Movimiento 181 618 Coste(11060.895) ---> BoarHat@4333a860
Beneficis = 80267.66000000012Movimiento 393 941 Coste(11059.395) ---> BoarHat@a82bca0
Beneficis = 80252.06000000014Movimiento 168 849 Coste(11057.901) ---> BoarHat@1688f5ac
Beneficis = 80252.06000000014Movimiento 84 257 Coste(11056.409) ---> BoarHat@5e1337c2
Beneficis = 80211.36000000016Movimiento 7 680 Coste(11054.922999999999) ---> BoarHat@37b35bed
Beneficis = 80211.36000000016Movimiento 508 754 Coste(11053.438999999998) ---> BoarHat@4276fad6
Beneficis = 80211.36000000016Movimiento 99 323 Coste(11051.961) ---> BoarHat@36cbd486
Beneficis = 80180.96000000017Movimiento 7 384 Coste(11050.487) ---> BoarHat@1d4e4427
Beneficis = 80180.96000000017Movimiento 446 903 Coste(11049.026) ---> BoarHat@263aba8e
Beneficis = 80180.96000000017Movimiento 861 906 Coste(11047.582) ---> BoarHat@66759894
Beneficis = 80180.96000000017Movimiento 424 735 Coste(11046.151) ---> BoarHat@2722303f
Beneficis = 80180.96000000017Movimiento 588 928 Coste(11044.73) ---> BoarHat@ee76196
Beneficis = 80180.96000000017Movimiento 56 418 Coste(11043.327) ---> BoarHat@7b89f4d6
Beneficis = 80180.96000000017Movimiento 96 458 Coste(11041.93) ---> BoarHat@3810f571
Beneficis = 80180.96000000017Movimiento 626 811 Coste(11040.56) ---> BoarHat@36f056d1
Beneficis = 80180.96000000017Movimiento 239 960 Coste(11039.192) ---> BoarHat@2dfd56e8
Beneficis = 80180.96000000017Movimiento 491 884 Coste(11037.828) ---> BoarHat@3d5a157
Beneficis = 80180.96000000017Movimiento 62 986 Coste(11036.467) ---> BoarHat@6ecf58e7
Beneficis = 80130.11000000016Movimiento 390 713 Coste(11035.110999999999) ---> BoarHat@52ab80eb
Beneficis = 80130.11000000016Movimiento 301 921 Coste(11033.755) ---> BoarHat@577a7d14
Beneficis = 80130.11000000016Movimiento 360 503 Coste(11032.399) ---> BoarHat@3e1d8553
Beneficis = 80130.11000000016Movimiento 329 838 Coste(11031.048999999999) ---> BoarHat@3dcce018
Beneficis = 80130.11000000016Movimiento 233 499 Coste(11029.701) ---> BoarHat@4edba56d
Beneficis = 80130.11000000016Movimiento 180 815 Coste(11028.358) ---> BoarHat@4a81fc54
Beneficis = 80130.11000000016Movimiento 356 543 Coste(11027.018) ---> BoarHat@260f3be2
Beneficis = 80130.11000000016Movimiento 863 901 Coste(11025.701) ---> BoarHat@6432ade9
Beneficis = 80130.11000000016Movimiento 202 814 Coste(11024.399) ---> BoarHat@543fc1c9
Beneficis = 80130.11000000016Movimiento 133 341 Coste(11023.099999999999) ---> BoarHat@61212bfc
Beneficis = 80130.11000000016Movimiento 599 685 Coste(11021.812) ---> BoarHat@1b01460c
Beneficis = 80130.11000000016Movimiento 310 415 Coste(11020.538999999999) ---> BoarHat@57a23a1f
Beneficis = 80130.11000000016Movimiento 111 719 Coste(11019.276) ---> BoarHat@4a693be5
Beneficis = 80130.11000000016Movimiento 540 938 Coste(11018.014) ---> BoarHat@1624b374
Beneficis = 80130.11000000016Movimiento 325 597 Coste(11016.771999999999) ---> BoarHat@667ddf3e
Beneficis = 80130.11000000016Movimiento 625 742 Coste(11015.529999999999) ---> BoarHat@29d16203
Beneficis = 80130.11000000016Movimiento 243 868 Coste(11014.288999999999) ---> BoarHat@4cd50973
Beneficis = 80130.11000000016Movimiento 123 612 Coste(11013.053) ---> BoarHat@40ed3fb5
Beneficis = 80130.11000000016Movimiento 27 857 Coste(11011.824) ---> BoarHat@7b033096
Beneficis = 80130.11000000016Movimiento 41 421 Coste(11010.597) ---> BoarHat@69729ff2
Beneficis = 80130.11000000016Movimiento 73 798 Coste(11009.383) ---> BoarHat@1aaaf596
Beneficis = 80130.11000000016Movimiento 443 750 Coste(11008.173999999999) ---> BoarHat@34e1fcf1
Beneficis = 80130.11000000016Movimiento 835 892 Coste(11006.967) ---> BoarHat@7f068af
Beneficis = 80130.11000000016Movimiento 894 923 Coste(11005.769) ---> BoarHat@79f5930
Beneficis = 80130.11000000016Movimiento 98 278 Coste(11003.438) ---> BoarHat@632bd7ae
Beneficis = 80130.11000000016Movimiento 251 436 Coste(11002.241999999998) ---> BoarHat@7ed66b80
Beneficis = 80130.11000000016Movimiento 20 77 Coste(11001.047999999999) ---> BoarHat@6447e40
Beneficis = 80130.11000000016Movimiento 304 647 Coste(10999.872) ---> BoarHat@12d0c9c6
Beneficis = 80130.11000000016Movimiento 106 428 Coste(10998.703) ---> BoarHat@3d8d69f0
Beneficis = 80130.11000000016Movimiento 245 276 Coste(10997.536) ---> BoarHat@4b67c38
Beneficis = 80130.11000000016Movimiento 292 527 Coste(10996.369999999999) ---> BoarHat@42a4257a
Beneficis = 80130.11000000016Movimiento 316 322 Coste(10995.204) ---> BoarHat@6c714f6b
Beneficis = 80130.11000000016Movimiento 813 996 Coste(10994.038) ---> BoarHat@1827bed0
Beneficis = 80130.11000000016Movimiento 229 787 Coste(10992.876) ---> BoarHat@479003df
Beneficis = 80130.11000000016Movimiento 391 776 Coste(10991.717999999999) ---> BoarHat@584378a7
Beneficis = 80130.11000000016Movimiento 449 628 Coste(10990.562) ---> BoarHat@612adf59
Beneficis = 80130.11000000016Movimiento 373 804 Coste(10989.408) ---> BoarHat@52156bbc
Beneficis = 80130.11000000016Movimiento 13 141 Coste(10988.276) ---> BoarHat@75cb14d5
Beneficis = 80130.11000000016Movimiento 46 954 Coste(10987.148) ---> BoarHat@5914beec
Beneficis = 80108.71000000017Movimiento 442 553 Coste(10986.02) ---> BoarHat@1adc2985
Beneficis = 80108.71000000017Movimiento 468 855 Coste(10984.895) ---> BoarHat@43d96ae8
Beneficis = 80108.71000000017Movimiento 458 564 Coste(10983.783) ---> BoarHat@6511ed7d
Beneficis = 80108.71000000017Movimiento 63 521 Coste(10982.679) ---> BoarHat@62f03075
Beneficis = 80108.71000000017Movimiento 403 872 Coste(10981.577) ---> BoarHat@5d873310
Beneficis = 80108.71000000017Movimiento 161 343 Coste(10980.475999999999) ---> BoarHat@689d10f6
Beneficis = 80108.71000000017Movimiento 22 463 Coste(10979.384) ---> BoarHat@18404123
Beneficis = 80108.71000000017Movimiento 498 592 Coste(10978.297999999999) ---> BoarHat@6574f8e7
Beneficis = 80108.71000000017Movimiento 201 414 Coste(10977.23) ---> BoarHat@381c8742
Beneficis = 80108.71000000017Movimiento 277 879 Coste(10976.171999999999) ---> BoarHat@500ee021
Beneficis = 80108.71000000017Movimiento 317 667 Coste(10975.124) ---> BoarHat@4ef7a4a8
Beneficis = 80108.71000000017Movimiento 796 987 Coste(10974.077) ---> BoarHat@1949e37b
Beneficis = 80108.71000000017Movimiento 33 153 Coste(10973.033) ---> BoarHat@2b61419f
Beneficis = 80108.71000000017Movimiento 206 680 Coste(10971.999) ---> BoarHat@3cce5d6f
Beneficis = 80108.71000000017Movimiento 234 867 Coste(10970.971) ---> BoarHat@32bd4224
Beneficis = 80108.71000000017Movimiento 518 942 Coste(10969.947) ---> BoarHat@5214613a
Beneficis = 80108.71000000017Movimiento 254 457 Coste(10968.93) ---> BoarHat@31ecd1a4
Beneficis = 80108.71000000017Movimiento 79 485 Coste(10967.913999999999) ---> BoarHat@68ca386a
Beneficis = 80108.71000000017Movimiento 645 659 Coste(10966.908) ---> BoarHat@3b568828
Beneficis = 80108.71000000017Movimiento 130 931 Coste(10965.902999999998) ---> BoarHat@8d86f53
Beneficis = 80108.71000000017Movimiento 601 806 Coste(10964.909) ---> BoarHat@412319d
Beneficis = 80108.71000000017Movimiento 154 546 Coste(10963.929) ---> BoarHat@504d4cdb
Beneficis = 80108.71000000017Movimiento 53 502 Coste(10962.951) ---> BoarHat@1fe490fd
Beneficis = 80108.71000000017Movimiento 39 993 Coste(10961.976999999999) ---> BoarHat@48e61e4c
Beneficis = 80108.71000000017Movimiento 199 967 Coste(10961.046999999999) ---> BoarHat@73f141ef
Beneficis = 80108.71000000017Movimiento 730 967 Coste(10960.105) ---> BoarHat@5b83043b
Beneficis = 80108.71000000017Movimiento 137 724 Coste(10959.201) ---> BoarHat@4c272102
Beneficis = 80108.71000000017Movimiento 474 711 Coste(10958.296999999999) ---> BoarHat@754cfbe4
Beneficis = 80108.71000000017Movimiento 195 817 Coste(10957.394) ---> BoarHat@26a76364
Beneficis = 80108.71000000017Movimiento 268 312 Coste(10956.491) ---> BoarHat@22cc1b0c
Beneficis = 80108.71000000017Movimiento 790 801 Coste(10955.588) ---> BoarHat@184c4cc6
Beneficis = 80108.71000000017Movimiento 337 831 Coste(10954.687999999998) ---> BoarHat@b112a9b
Beneficis = 80108.71000000017Movimiento 777 783 Coste(10953.793) ---> BoarHat@116e3dca
Beneficis = 80108.71000000017Movimiento 367 823 Coste(10952.899) ---> BoarHat@3d058d5e
Beneficis = 80108.71000000017Movimiento 710 808 Coste(10952.026) ---> BoarHat@2b942513
Beneficis = 80108.71000000017Movimiento 48 694 Coste(10951.154) ---> BoarHat@55188a01
Beneficis = 80108.71000000017Movimiento 334 511 Coste(10950.297999999999) ---> BoarHat@45cb7985
Beneficis = 80108.71000000017Movimiento 137 334 Coste(10949.428) ---> BoarHat@69d424a
Beneficis = 80076.76000000018Movimiento 212 890 Coste(10948.576) ---> BoarHat@6fd429ff
Beneficis = 80076.76000000018Movimiento 558 895 Coste(10947.724) ---> BoarHat@77daba4e
Beneficis = 80076.76000000018Movimiento 377 636 Coste(10946.875) ---> BoarHat@4b0abab4
Beneficis = 80076.76000000018Movimiento 655 837 Coste(10946.028) ---> BoarHat@2f2dda10
Beneficis = 80076.76000000018Movimiento 274 461 Coste(10945.189) ---> BoarHat@5919083b
Beneficis = 80076.76000000018Movimiento 246 459 Coste(10944.354) ---> BoarHat@5a69ea22
Beneficis = 80076.76000000018Movimiento 204 829 Coste(10943.524) ---> BoarHat@749a53b6
Beneficis = 80076.76000000018Movimiento 364 633 Coste(10942.734) ---> BoarHat@3800dd1f
Beneficis = 80076.76000000018Movimiento 336 764 Coste(10941.945) ---> BoarHat@1071982a
Beneficis = 80076.76000000018Movimiento 178 517 Coste(10941.166) ---> BoarHat@37f3fde3
Beneficis = 80076.76000000018Movimiento 525 528 Coste(10940.386999999999) ---> BoarHat@42d5be5f
Beneficis = 80076.76000000018Movimiento 471 843 Coste(10939.613) ---> BoarHat@5f3324df
Beneficis = 80076.76000000018Movimiento 309 571 Coste(10938.841) ---> BoarHat@7a70ed17
Beneficis = 80076.76000000018Movimiento 873 959 Coste(10938.072) ---> BoarHat@75ba020a
Beneficis = 80076.76000000018Movimiento 747 849 Coste(10937.328) ---> BoarHat@6468050d
Beneficis = 80076.76000000018Movimiento 167 924 Coste(10936.585) ---> BoarHat@3cdfb63a
Beneficis = 80076.76000000018Movimiento 273 469 Coste(10935.843) ---> BoarHat@16f9364
Beneficis = 80076.76000000018Movimiento 238 889 Coste(10935.106) ---> BoarHat@6b8e6c8a
Beneficis = 80076.76000000018Movimiento 507 704 Coste(10934.377) ---> BoarHat@5d254c16
Beneficis = 80076.76000000018Movimiento 129 757 Coste(10933.65) ---> BoarHat@86936bb
Beneficis = 80076.76000000018Movimiento 11 302 Coste(10932.933) ---> BoarHat@40eb9301
Beneficis = 80076.76000000018Movimiento 641 702 Coste(10932.226) ---> BoarHat@6feb4e54
Beneficis = 80041.56000000017Movimiento 353 509 Coste(10931.522) ---> BoarHat@631873b3
Beneficis = 80041.56000000017Movimiento 369 484 Coste(10930.818) ---> BoarHat@e4ef378
Beneficis = 80041.56000000017Movimiento 649 876 Coste(10930.114) ---> BoarHat@63bfff97
Beneficis = 80041.56000000017Movimiento 115 541 Coste(10929.428) ---> BoarHat@4a63b855
Beneficis = 80041.56000000017Movimiento 214 562 Coste(10928.765) ---> BoarHat@6e4ddaed
Beneficis = 80041.56000000017Movimiento 453 810 Coste(10928.103) ---> BoarHat@15ba25ad
Beneficis = 80041.56000000017Movimiento 405 454 Coste(10927.452) ---> BoarHat@294f1496
Beneficis = 80041.56000000017Movimiento 30 701 Coste(10926.812) ---> BoarHat@3ae9b03f
Beneficis = 80041.56000000017Movimiento 86 746 Coste(10926.172999999999) ---> BoarHat@4277c208
Beneficis = 80041.56000000017Movimiento 973 979 Coste(10925.547999999999) ---> BoarHat@397e03b6
Beneficis = 80041.56000000017Movimiento 74 450 Coste(10924.927) ---> BoarHat@62b5f043
Beneficis = 80041.56000000017Movimiento 147 681 Coste(10924.306999999999) ---> BoarHat@62d27493
Beneficis = 80041.56000000017Movimiento 223 224 Coste(10923.693) ---> BoarHat@81704cb
Beneficis = 80024.16000000018Movimiento 224 893 Coste(10922.769) ---> BoarHat@4eb19b20
Beneficis = 80024.16000000018Movimiento 249 382 Coste(10922.167) ---> BoarHat@3da51bd3
Beneficis = 80024.16000000018Movimiento 241 506 Coste(10921.571) ---> BoarHat@b5baae6
Beneficis = 80024.16000000018Movimiento 886 971 Coste(10920.985) ---> BoarHat@4faa9fad
Beneficis = 80024.16000000018Movimiento 162 935 Coste(10919.807999999999) ---> BoarHat@2d69c6f5
Beneficis = 80024.16000000018Movimiento 556 899 Coste(10919.226999999999) ---> BoarHat@33b5f6c4
Beneficis = 80024.16000000018Movimiento 437 479 Coste(10918.663) ---> BoarHat@6988c446
Beneficis = 80024.16000000018Movimiento 615 905 Coste(10918.106) ---> BoarHat@68791bc1
Beneficis = 80024.16000000018Movimiento 9 934 Coste(10917.556999999999) ---> BoarHat@8a8f507
Beneficis = 80024.16000000018Movimiento 551 853 Coste(10917.017) ---> BoarHat@5e7a4bb
Beneficis = 80024.16000000018Movimiento 29 386 Coste(10916.481) ---> BoarHat@3ad02d83
Beneficis = 80002.5600000002Movimiento 92 512 Coste(10915.953) ---> BoarHat@157d6ef
Beneficis = 80002.5600000002Movimiento 134 398 Coste(10915.437) ---> BoarHat@6fd9e050
Beneficis = 80002.5600000002Movimiento 14 883 Coste(10914.921999999999) ---> BoarHat@7d639e51
Beneficis = 80002.5600000002Movimiento 54 372 Coste(10914.408) ---> BoarHat@1325916c
Beneficis = 80002.5600000002Movimiento 311 695 Coste(10913.898) ---> BoarHat@3f266924
Beneficis = 80002.5600000002Movimiento 278 304 Coste(10913.389) ---> BoarHat@41a527af
Beneficis = 80002.5600000002Movimiento 751 754 Coste(10912.881) ---> BoarHat@119573c9
Beneficis = 80002.5600000002Movimiento 640 662 Coste(10912.377) ---> BoarHat@19bc0d50
Beneficis = 80002.5600000002Movimiento 192 297 Coste(10911.877999999999) ---> BoarHat@23a4eaf8
Beneficis = 80002.5600000002Movimiento 105 151 Coste(10911.382) ---> BoarHat@47deebf5
Beneficis = 80002.5600000002Movimiento 145 215 Coste(10910.892) ---> BoarHat@429804d4
Beneficis = 79980.51000000018Movimiento 236 953 Coste(10910.402) ---> BoarHat@231f7d07
Beneficis = 79980.51000000018Movimiento 429 652 Coste(10909.913999999999) ---> BoarHat@34e08fd2
Beneficis = 79980.51000000018Movimiento 597 646 Coste(10909.435) ---> BoarHat@24b40a0a
Beneficis = 79980.51000000018Movimiento 413 756 Coste(10908.962) ---> BoarHat@760fb6f9
Beneficis = 79980.51000000018Movimiento 637 949 Coste(10908.494999999999) ---> BoarHat@23fe4202
Beneficis = 79980.51000000018Movimiento 547 628 Coste(10908.032) ---> BoarHat@67c7821f
Beneficis = 79980.51000000018Movimiento 172 805 Coste(10907.57) ---> BoarHat@2a5d01e5
Beneficis = 79980.51000000018Movimiento 395 958 Coste(10907.110999999999) ---> BoarHat@65ddc9ea
Beneficis = 79980.51000000018Movimiento 117 197 Coste(10906.653999999999) ---> BoarHat@560e264c
Beneficis = 79980.51000000018Movimiento 4 562 Coste(10906.197999999999) ---> BoarHat@4f20fb9d
Beneficis = 79980.51000000018Movimiento 177 880 Coste(10905.742999999999) ---> BoarHat@50183ace
Beneficis = 79980.51000000018Movimiento 383 685 Coste(10905.287999999999) ---> BoarHat@39bae63d
Beneficis = 79980.51000000018Movimiento 65 494 Coste(10904.833999999999) ---> BoarHat@518feb5c
Beneficis = 79980.51000000018Movimiento 494 854 Coste(10904.05) ---> BoarHat@6aea29c7
Beneficis = 79980.51000000018Movimiento 10 851 Coste(10903.599999999999) ---> BoarHat@10e8db56
Beneficis = 79980.51000000018Movimiento 121 731 Coste(10903.161) ---> BoarHat@5c70d178
Beneficis = 79980.51000000018Movimiento 248 539 Coste(10902.723) ---> BoarHat@6b92b60c
Beneficis = 79980.51000000018Movimiento 664 806 Coste(10902.285) ---> BoarHat@1c2ac9bb
Beneficis = 79980.51000000018Movimiento 666 977 Coste(10901.859999999999) ---> BoarHat@4520ec35
Beneficis = 79980.51000000018Movimiento 258 748 Coste(10901.436) ---> BoarHat@18e59d7a
Beneficis = 79980.51000000018Movimiento 141 270 Coste(10901.025) ---> BoarHat@3761246a
Beneficis = 79980.51000000018Movimiento 164 580 Coste(10900.623) ---> BoarHat@6f8ddcfd
Beneficis = 79980.51000000018Movimiento 780 975 Coste(10900.222) ---> BoarHat@700d766b
Beneficis = 79980.51000000018Movimiento 282 327 Coste(10899.826) ---> BoarHat@43eb8b84
Beneficis = 79980.51000000018Movimiento 182 761 Coste(10899.432999999999) ---> BoarHat@61f16261
Beneficis = 79980.51000000018Movimiento 225 850 Coste(10899.041) ---> BoarHat@104b0843
Beneficis = 79980.51000000018Movimiento 50 749 Coste(10898.651) ---> BoarHat@514a663c
Beneficis = 79980.51000000018Movimiento 204 952 Coste(10898.266) ---> BoarHat@7c30d1f5
Beneficis = 79980.51000000018Movimiento 22 232 Coste(10897.886) ---> BoarHat@457e8543
Beneficis = 79980.51000000018Movimiento 634 677 Coste(10897.51) ---> BoarHat@6957bcd9
Beneficis = 79980.51000000018Movimiento 226 820 Coste(10897.139) ---> BoarHat@44c4006b
Beneficis = 79980.51000000018Movimiento 100 673 Coste(10896.77) ---> BoarHat@1fcf71dd
Beneficis = 79980.51000000018Movimiento 272 657 Coste(10896.401) ---> BoarHat@5c7c2398
Beneficis = 79980.51000000018Movimiento 370 677 Coste(10896.035) ---> BoarHat@79b6731c
Beneficis = 79980.51000000018Movimiento 368 379 Coste(10895.67) ---> BoarHat@1cc8087b
Beneficis = 79980.51000000018Movimiento 190 535 Coste(10895.306999999999) ---> BoarHat@32031b41
Beneficis = 79980.51000000018Movimiento 221 444 Coste(10894.944) ---> BoarHat@4e7317fb
Beneficis = 79980.51000000018Movimiento 75 227 Coste(10894.594) ---> BoarHat@723c6eed
Beneficis = 79980.51000000018Movimiento 544 913 Coste(10894.252999999999) ---> BoarHat@68bf6c35
Beneficis = 79980.51000000018Movimiento 0 714 Coste(10893.912999999999) ---> BoarHat@466e2220
Beneficis = 79948.9100000002Movimiento 431 726 Coste(10893.574999999999) ---> BoarHat@2ff2617a
Beneficis = 79948.9100000002Movimiento 602 720 Coste(10893.237) ---> BoarHat@7de1cc83
Beneficis = 79948.9100000002Movimiento 28 795 Coste(10892.9) ---> BoarHat@2dc4f15
Beneficis = 79948.9100000002Movimiento 17 924 Coste(10892.568) ---> BoarHat@621906f7
Beneficis = 79948.9100000002Movimiento 432 565 Coste(10892.253999999999) ---> BoarHat@7e53b01e
Beneficis = 79948.9100000002Movimiento 72 656 Coste(10891.942) ---> BoarHat@450327d5
Beneficis = 79948.9100000002Movimiento 308 788 Coste(10891.635999999999) ---> BoarHat@1000c207
Beneficis = 79948.9100000002Movimiento 561 819 Coste(10891.332) ---> BoarHat@4994604b
Beneficis = 79948.9100000002Movimiento 328 430 Coste(10891.034) ---> BoarHat@53b36ec4
Beneficis = 79948.9100000002Movimiento 58 608 Coste(10890.739) ---> BoarHat@7a5e0ebf
Beneficis = 79948.9100000002Movimiento 548 608 Coste(10890.444) ---> BoarHat@43a3ff24
Beneficis = 79948.9100000002Movimiento 108 506 Coste(10890.152) ---> BoarHat@4cbd88fc
Beneficis = 79948.9100000002Movimiento 144 975 Coste(10889.869999999999) ---> BoarHat@37864383
Beneficis = 79948.9100000002Movimiento 242 315 Coste(10889.594) ---> BoarHat@49987b83
Beneficis = 79948.9100000002Movimiento 12 769 Coste(10888.628) ---> BoarHat@5e6c353d
Beneficis = 79948.9100000002Movimiento 454 891 Coste(10888.351999999999) ---> BoarHat@54b02b2f
Beneficis = 79909.36000000022Movimiento 45 492 Coste(10888.082) ---> BoarHat@20eeccb6
Beneficis = 79909.36000000022Movimiento 68 178 Coste(10887.814999999999) ---> BoarHat@33fd722a
Beneficis = 79909.36000000022Movimiento 412 637 Coste(10887.552) ---> BoarHat@21453480
Beneficis = 79909.36000000022Movimiento 290 361 Coste(10887.295) ---> BoarHat@7ceff3b
Beneficis = 79909.36000000022Movimiento 103 116 Coste(10887.039999999999) ---> BoarHat@6ad318e8
Beneficis = 79909.36000000022Movimiento 603 728 Coste(10886.786) ---> BoarHat@77bda8d0
Beneficis = 79909.36000000022Movimiento 44 385 Coste(10886.534) ---> BoarHat@3d59086e
Beneficis = 79909.36000000022Movimiento 44 346 Coste(10886.182999999999) ---> BoarHat@2ac51aec
Beneficis = 79909.36000000022Movimiento 8 590 Coste(10885.935) ---> BoarHat@4eb85a94
Beneficis = 79909.36000000022Movimiento 63 858 Coste(10885.689) ---> BoarHat@25173e3a
Beneficis = 79909.36000000022Movimiento 145 184 Coste(10885.446) ---> BoarHat@1dd29b38
Beneficis = 79909.36000000022Movimiento 209 437 Coste(10885.208) ---> BoarHat@768080e5
Beneficis = 79909.36000000022Movimiento 58 871 Coste(10884.972) ---> BoarHat@87af7cf
Beneficis = 79909.36000000022Movimiento 281 723 Coste(10884.737) ---> BoarHat@bbe45a8
Beneficis = 79909.36000000022Movimiento 198 465 Coste(10884.503) ---> BoarHat@4b95371d
Beneficis = 79909.36000000022Movimiento 217 383 Coste(10884.274) ---> BoarHat@3c321ef5
Beneficis = 79909.36000000022Movimiento 456 874 Coste(10884.046) ---> BoarHat@301b86b6
Beneficis = 79909.36000000022Movimiento 61 73 Coste(10883.819) ---> BoarHat@12b4c623
Beneficis = 79909.36000000022Movimiento 169 380 Coste(10883.593) ---> BoarHat@7fde2e52
Beneficis = 79909.36000000022Movimiento 235 736 Coste(10883.368999999999) ---> BoarHat@62a9eed
Beneficis = 79909.36000000022Movimiento 408 501 Coste(10883.145) ---> BoarHat@783cdbc6
Beneficis = 79909.36000000022Movimiento 468 856 Coste(10882.922) ---> BoarHat@3068cdc
Beneficis = 79909.36000000022Movimiento 488 712 Coste(10882.699999999999) ---> BoarHat@7d50ddd6
Beneficis = 79909.36000000022Movimiento 195 476 Coste(10882.478) ---> BoarHat@32c19225
Beneficis = 79909.36000000022Movimiento 138 538 Coste(10882.261999999999) ---> BoarHat@93131df
Beneficis = 79909.36000000022Movimiento 476 811 Coste(10882.047999999999) ---> BoarHat@64dba7df
Beneficis = 79909.36000000022Movimiento 23 378 Coste(10881.842) ---> BoarHat@191ff554
Beneficis = 79909.36000000022Movimiento 278 741 Coste(10881.636999999999) ---> BoarHat@245a9838
Beneficis = 79909.36000000022Movimiento 94 288 Coste(10881.432999999999) ---> BoarHat@3302726b
Beneficis = 79909.36000000022Movimiento 126 838 Coste(10881.231) ---> BoarHat@59ee324b
Beneficis = 79909.36000000022Movimiento 238 982 Coste(10881.030999999999) ---> BoarHat@3a5b10b9
Beneficis = 79909.36000000022Movimiento 294 992 Coste(10880.831) ---> BoarHat@72da1a6a
Beneficis = 79909.36000000022Movimiento 440 982 Coste(10880.631) ---> BoarHat@3cc66f12
Beneficis = 79909.36000000022Movimiento 358 756 Coste(10880.432999999999) ---> BoarHat@3dfe1ad9
Beneficis = 79909.36000000022Movimiento 48 840 Coste(10880.237) ---> BoarHat@7a915d8d
Beneficis = 79909.36000000022Movimiento 420 909 Coste(10880.043) ---> BoarHat@6ef1dd1
Beneficis = 79909.36000000022Movimiento 235 575 Coste(10879.856) ---> BoarHat@159b300c
Beneficis = 79909.36000000022Movimiento 21 495 Coste(10879.67) ---> BoarHat@2af3f11b
Beneficis = 79909.36000000022Movimiento 97 241 Coste(10879.485) ---> BoarHat@66f2b3a1
Beneficis = 79909.36000000022Movimiento 398 845 Coste(10879.303) ---> BoarHat@12bb545
Beneficis = 79909.36000000022Movimiento 734 845 Coste(10879.121) ---> BoarHat@29979456
Beneficis = 79909.36000000022Movimiento 15 500 Coste(10878.940999999999) ---> BoarHat@752072b7
Beneficis = 79909.36000000022Movimiento 303 509 Coste(10878.761999999999) ---> BoarHat@3a44c1e5
Beneficis = 79909.36000000022Movimiento 591 981 Coste(10878.582999999999) ---> BoarHat@97d632e
Beneficis = 79909.36000000022Movimiento 445 857 Coste(10878.405999999999) ---> BoarHat@6f518369
Beneficis = 79909.36000000022Movimiento 749 927 Coste(10878.234) ---> BoarHat@1c62b629
Beneficis = 79909.36000000022Movimiento 189 218 Coste(10878.063) ---> BoarHat@4cab0971
Beneficis = 79909.36000000022Movimiento 422 426 Coste(10877.894) ---> BoarHat@7c544a23
Beneficis = 79909.36000000022Movimiento 325 421 Coste(10877.73) ---> BoarHat@70f8cb40
Beneficis = 79909.36000000022Movimiento 58 800 Coste(10877.567) ---> BoarHat@7daf6690
Beneficis = 79909.36000000022Movimiento 135 808 Coste(10877.405999999999) ---> BoarHat@6fc0bda4
Beneficis = 79909.36000000022Movimiento 117 789 Coste(10877.252) ---> BoarHat@78decd90
Beneficis = 79909.36000000022Movimiento 123 816 Coste(10877.099) ---> BoarHat@10b916fc
Beneficis = 79909.36000000022Movimiento 30 918 Coste(10876.948) ---> BoarHat@7c5eb293
Beneficis = 79909.36000000022Movimiento 30 233 Coste(10876.796999999999) ---> BoarHat@1b401096
Beneficis = 79909.36000000022Movimiento 227 341 Coste(10876.653) ---> BoarHat@6978ffe5
Beneficis = 79909.36000000022Movimiento 369 371 Coste(10876.517) ---> BoarHat@240fa971
Beneficis = 79909.36000000022Movimiento 470 715 Coste(10876.381) ---> BoarHat@5c7f1e3a
Beneficis = 79902.76000000021Movimiento 116 605 Coste(10876.249) ---> BoarHat@2316cf08
Beneficis = 79902.76000000021Movimiento 466 546 Coste(10876.118999999999) ---> BoarHat@5ead35eb
Beneficis = 79902.76000000021Movimiento 466 689 Coste(10875.989) ---> BoarHat@4d0b5ba2
Beneficis = 79902.76000000021Movimiento 466 751 Coste(10875.859) ---> BoarHat@3d6ab337
Beneficis = 79902.76000000021Movimiento 725 794 Coste(10875.73) ---> BoarHat@7f9a9f2b
Beneficis = 79902.76000000021Movimiento 794 948 Coste(10875.587) ---> BoarHat@1577c775
Beneficis = 79902.76000000021Movimiento 254 665 Coste(10875.475999999999) ---> BoarHat@59b163bf
Beneficis = 79902.76000000021Movimiento 344 374 Coste(10875.367999999999) ---> BoarHat@621d50c8
Beneficis = 79902.76000000021Movimiento 870 974 Coste(10875.264) ---> BoarHat@56a97154
Beneficis = 79902.76000000021Movimiento 638 926 Coste(10875.161) ---> BoarHat@36f2cb8a
Beneficis = 79902.76000000021Movimiento 357 797 Coste(10875.059) ---> BoarHat@14e3509
Beneficis = 79873.01000000021Movimiento 448 745 Coste(10874.96) ---> BoarHat@17bb79c3
Beneficis = 79870.76000000018Movimiento 131 392 Coste(10874.91) ---> BoarHat@6885007c
nodesExpanded : 506
Temps SolIni = 27 Tiempo HC = 200680 Tiempo SA = 0
