Size: 741
Central 0: [32m114[0m Produccio: [35m569.61[0m Usada: [31m537.314[0m
Central 1: [32m104[0m Produccio: [35m560.98[0m Usada: [31m516.559[0m
Central 2: [32m115[0m Produccio: [35m596.61[0m Usada: [31m554.8049999999998[0m
Central 3: [32m133[0m Produccio: [35m642.59[0m Usada: [31m615.1009999999998[0m
Central 4: [32m99[0m Produccio: [35m511.93[0m Usada: [31m467.8170000000001[0m
Central 5: [32m17[0m Produccio: [35m164.29[0m Usada: [31m164.224[0m
Central 6: [32m9[0m Produccio: [35m121.13[0m Usada: [31m120.85[0m
Central 7: [32m18[0m Produccio: [35m165.32[0m Usada: [31m165.3[0m
Central 8: [32m27[0m Produccio: [35m225.42[0m Usada: [31m225.27799999999996[0m
Central 9: [32m6[0m Produccio: [35m105.15[0m Usada: [31m105.05199999999999[0m
Central 10: [32m10[0m Produccio: [35m117.59[0m Usada: [31m117.485[0m
Central 11: [32m32[0m Produccio: [35m211.12[0m Usada: [31m211.106[0m
Central 12: [32m34[0m Produccio: [35m211.77[0m Usada: [31m211.717[0m
Central 13: [32m22[0m Produccio: [35m171.44[0m Usada: [31m171.32800000000003[0m
Central 14: [32m41[0m Produccio: [35m239.53[0m Usada: [31m239.398[0m
Central 15: [32m2[0m Produccio: [35m31.86[0m Usada: [31m31.823999999999998[0m
Central 16: [32m3[0m Produccio: [35m51.76[0m Usada: [31m51.734[0m
Central 17: [32m4[0m Produccio: [35m75.0[0m Usada: [31m73.786[0m
Central 18: [32m1[0m Produccio: [35m15.69[0m Usada: [31m15.553999999999998[0m
Central 19: [32m3[0m Produccio: [35m48.52[0m Usada: [31m48.376000000000005[0m
Central 20: [32m4[0m Produccio: [35m53.42[0m Usada: [31m53.312[0m
Central 21: [32m5[0m Produccio: [35m63.64[0m Usada: [31m63.63700000000001[0m
Central 22: [32m2[0m Produccio: [35m11.96[0m Usada: [31m11.819999999999999[0m
Central 23: [32m6[0m Produccio: [35m83.72[0m Usada: [31m83.70700000000001[0m
Central 24: [32m5[0m Produccio: [35m90.4[0m Usada: [31m89.89399999999999[0m
Central 25: [32m4[0m Produccio: [35m59.25[0m Usada: [31m59.104[0m
Central 26: [32m3[0m Produccio: [35m58.68[0m Usada: [31m58.622[0m
Central 27: [32m6[0m Produccio: [35m96.81[0m Usada: [31m96.71100000000001[0m
Central 28: [32m3[0m Produccio: [35m47.18[0m Usada: [31m46.896[0m
Central 29: [32m3[0m Produccio: [35m48.51[0m Usada: [31m48.454[0m
Central 30: [32m6[0m Produccio: [35m89.06[0m Usada: [31m88.44[0m
Central 31: [32m5[0m Produccio: [35m64.43[0m Usada: [31m64.41699999999999[0m
Central 32: [32m7[0m Produccio: [35m94.68[0m Usada: [31m94.107[0m
Central 33: [32m4[0m Produccio: [35m71.63[0m Usada: [31m71.451[0m
Central 34: [32m1[0m Produccio: [35m24.91[0m Usada: [31m24.052[0m
Central 35: [32m3[0m Produccio: [35m59.97[0m Usada: [31m59.694[0m
Central 36: [32m4[0m Produccio: [35m78.06[0m Usada: [31m77.902[0m
Central 37: [32m4[0m Produccio: [35m66.54[0m Usada: [31m65.5[0m
Central 38: [32m2[0m Produccio: [35m13.47[0m Usada: [31m13.416[0m
Central 39: [32m1[0m Produccio: [35m17.96[0m Usada: [31m17.024[0m
Central NONE: [32m0[0m
Central NONE: [32m128[0m
Beneficis = 94154.67000000016Clients No assignats = 128 Centrals Tancades 0

TSP HillClimbing  -->

Beneficis = 93560.92000000011Movimiento 156 647 Coste(12572.43) ---> BoarHat@16c3388e
Beneficis = 93020.47000000019Movimiento 129 630 Coste(12546.057999999999) ---> BoarHat@771506b4
Beneficis = 92461.47000000016Movimiento 204 634 Coste(12522.488) ---> BoarHat@12bbbb34
Beneficis = 91989.42000000017Movimiento 203 865 Coste(12499.046) ---> BoarHat@368f561
Beneficis = 91439.72000000019Movimiento 125 643 Coste(12475.81) ---> BoarHat@1aec7277
Beneficis = 90914.97000000016Movimiento 305 626 Coste(12453.81) ---> BoarHat@2074113a
Beneficis = 90306.37000000016Movimiento 486 637 Coste(12432.103) ---> BoarHat@5f7e26b5
Beneficis = 89816.0200000001Movimiento 52 658 Coste(12411.439) ---> BoarHat@7ca22909
Beneficis = 89193.12000000017Movimiento 478 811 Coste(12390.966) ---> BoarHat@42ee0b9b
Beneficis = 89193.12000000017Movimiento 622 852 Coste(12371.297999999999) ---> BoarHat@aa33ea7
Beneficis = 89193.12000000017Movimiento 395 866 Coste(12351.681999999999) ---> BoarHat@29965209
Beneficis = 89193.12000000017Movimiento 61 953 Coste(12332.8) ---> BoarHat@12aee575
Beneficis = 88645.77000000016Movimiento 164 572 Coste(12314.925) ---> BoarHat@28261560
Beneficis = 88237.12000000017Movimiento 237 703 Coste(12297.127) ---> BoarHat@3b9f20fb
Beneficis = 87765.82000000021Movimiento 394 545 Coste(12279.871) ---> BoarHat@e66f0fb
Beneficis = 87765.82000000021Movimiento 92 308 Coste(12263.233) ---> BoarHat@3eeddff9
Beneficis = 87380.47000000018Movimiento 360 578 Coste(12246.699) ---> BoarHat@46b7b005
Beneficis = 87380.47000000018Movimiento 212 674 Coste(12230.217999999999) ---> BoarHat@6002f7a
Beneficis = 86935.0200000002Movimiento 301 708 Coste(12214.054) ---> BoarHat@3c51e337
Beneficis = 86503.72000000018Movimiento 289 519 Coste(12198.094) ---> BoarHat@2410f4e9
Beneficis = 86503.72000000018Movimiento 366 793 Coste(12182.198999999999) ---> BoarHat@20950898
Beneficis = 86503.72000000018Movimiento 855 945 Coste(12166.484999999999) ---> BoarHat@70a34adb
Beneficis = 86218.17000000019Movimiento 96 747 Coste(12151.521999999999) ---> BoarHat@442603e5
Beneficis = 85783.97000000018Movimiento 152 975 Coste(12136.957999999999) ---> BoarHat@34db4a80
Beneficis = 85408.72000000018Movimiento 426 902 Coste(12122.905999999999) ---> BoarHat@634d4ccc
Beneficis = 85408.72000000018Movimiento 363 471 Coste(12108.936) ---> BoarHat@38689b36
Beneficis = 85149.22000000018Movimiento 501 832 Coste(12095.036) ---> BoarHat@3e8013b2
Beneficis = 85149.22000000018Movimiento 771 972 Coste(12081.336) ---> BoarHat@195c87d
Beneficis = 84796.42000000016Movimiento 472 610 Coste(12067.755) ---> BoarHat@31ba9220
Beneficis = 84796.42000000016Movimiento 63 598 Coste(12054.555999999999) ---> BoarHat@7d4b876c
Beneficis = 84796.42000000016Movimiento 173 532 Coste(12041.412) ---> BoarHat@4f68b8c6
Beneficis = 84796.42000000016Movimiento 330 989 Coste(12028.443) ---> BoarHat@5cabb2f9
Beneficis = 84796.42000000016Movimiento 97 231 Coste(12015.695) ---> BoarHat@1c594b0f
Beneficis = 84796.42000000016Movimiento 316 342 Coste(12003.01) ---> BoarHat@452cae6c
Beneficis = 84796.42000000016Movimiento 265 593 Coste(11990.623) ---> BoarHat@16dd6e7a
Beneficis = 84500.82000000012Movimiento 189 729 Coste(11978.823) ---> BoarHat@57fda1da
Beneficis = 84164.37000000014Movimiento 452 804 Coste(11967.042) ---> BoarHat@30cb123
Beneficis = 84164.37000000014Movimiento 88 166 Coste(11955.332999999999) ---> BoarHat@576d8a0e
Beneficis = 84164.37000000014Movimiento 371 927 Coste(11943.654999999999) ---> BoarHat@58dd3b91
Beneficis = 84164.37000000014Movimiento 755 886 Coste(11932.122) ---> BoarHat@7bfeac0a
Beneficis = 83960.42000000011Movimiento 269 887 Coste(11920.722) ---> BoarHat@65eb8d3f
Beneficis = 83960.42000000011Movimiento 594 991 Coste(11910.303) ---> BoarHat@69b2b526
Beneficis = 83740.17000000011Movimiento 405 823 Coste(11899.922999999999) ---> BoarHat@732e03c2
Beneficis = 83470.67000000014Movimiento 484 753 Coste(11889.780999999999) ---> BoarHat@14827e52
Beneficis = 83470.67000000014Movimiento 219 420 Coste(11879.77) ---> BoarHat@4d1de20f
Beneficis = 83470.67000000014Movimiento 178 719 Coste(11869.981) ---> BoarHat@61d8fe02
Beneficis = 83274.92000000014Movimiento 71 579 Coste(11860.193) ---> BoarHat@6644baea
Beneficis = 83274.92000000014Movimiento 546 698 Coste(11850.592999999999) ---> BoarHat@7180f802
Beneficis = 83036.82000000011Movimiento 117 969 Coste(11841.030999999999) ---> BoarHat@5e2aaf55
Beneficis = 83036.82000000011Movimiento 686 983 Coste(11831.618) ---> BoarHat@1c280648
Beneficis = 82849.82000000014Movimiento 323 941 Coste(11822.568) ---> BoarHat@c0d4ee2
Beneficis = 82639.22000000013Movimiento 427 595 Coste(11813.831) ---> BoarHat@cfa1055
Beneficis = 82461.32000000014Movimiento 270 665 Coste(11805.099) ---> BoarHat@433de353
Beneficis = 82461.32000000014Movimiento 299 511 Coste(11796.413999999999) ---> BoarHat@89b13af
Beneficis = 82461.32000000014Movimiento 275 697 Coste(11787.805999999999) ---> BoarHat@451196b4
Beneficis = 82461.32000000014Movimiento 84 193 Coste(11779.622) ---> BoarHat@a7b50e9
Beneficis = 82461.32000000014Movimiento 11 769 Coste(11771.599999999999) ---> BoarHat@56238ff3
Beneficis = 82307.82000000017Movimiento 335 965 Coste(11763.72) ---> BoarHat@39119693
Beneficis = 82307.82000000017Movimiento 485 723 Coste(11755.869999999999) ---> BoarHat@5279d148
Beneficis = 82113.42000000014Movimiento 227 786 Coste(11748.045999999998) ---> BoarHat@3dcbe6a4
Beneficis = 82113.42000000014Movimiento 337 866 Coste(11740.642) ---> BoarHat@3505755c
Beneficis = 82113.42000000014Movimiento 338 407 Coste(11733.261999999999) ---> BoarHat@48b527b7
Beneficis = 82113.42000000014Movimiento 343 476 Coste(11726.065999999999) ---> BoarHat@66239c56
Beneficis = 81953.67000000017Movimiento 413 967 Coste(11718.930999999999) ---> BoarHat@2d48d0d1
Beneficis = 81806.82000000017Movimiento 277 619 Coste(11711.859) ---> BoarHat@18466f67
Beneficis = 81806.82000000017Movimiento 842 917 Coste(11704.973) ---> BoarHat@20f2535d
Beneficis = 81806.82000000017Movimiento 263 506 Coste(11698.259) ---> BoarHat@6f539a25
Beneficis = 81806.82000000017Movimiento 159 181 Coste(11691.67) ---> BoarHat@5bf36722
Beneficis = 81806.82000000017Movimiento 54 262 Coste(11685.16) ---> BoarHat@190fe78
Beneficis = 81806.82000000017Movimiento 135 187 Coste(11678.676) ---> BoarHat@4587d5b6
Beneficis = 81806.82000000017Movimiento 64 107 Coste(11672.315999999999) ---> BoarHat@7154382f
Beneficis = 81806.82000000017Movimiento 894 984 Coste(11666.094) ---> BoarHat@1e3c411b
Beneficis = 81806.82000000017Movimiento 225 392 Coste(11659.978) ---> BoarHat@13377cd5
Beneficis = 81806.82000000017Movimiento 67 903 Coste(11653.891) ---> BoarHat@5eed8de1
Beneficis = 81806.82000000017Movimiento 779 810 Coste(11647.955) ---> BoarHat@34b30050
Beneficis = 81806.82000000017Movimiento 260 770 Coste(11642.139) ---> BoarHat@358c14a2
Beneficis = 81806.82000000017Movimiento 493 897 Coste(11636.690999999999) ---> BoarHat@3a11cc87
Beneficis = 81806.82000000017Movimiento 737 901 Coste(11631.337) ---> BoarHat@1f721e38
Beneficis = 81806.82000000017Movimiento 124 556 Coste(11626.119999999999) ---> BoarHat@49fdffc5
Beneficis = 81806.82000000017Movimiento 105 645 Coste(11620.986) ---> BoarHat@6b1577f2
Beneficis = 81806.82000000017Movimiento 762 891 Coste(11616.083999999999) ---> BoarHat@31466e84
Beneficis = 81806.82000000017Movimiento 334 964 Coste(11611.374) ---> BoarHat@3e793a39
Beneficis = 81806.82000000017Movimiento 948 978 Coste(11606.696) ---> BoarHat@71a907fa
Beneficis = 81806.82000000017Movimiento 63 581 Coste(11602.029) ---> BoarHat@1f5fb0b6
Beneficis = 81806.82000000017Movimiento 345 889 Coste(11597.414999999999) ---> BoarHat@3c50060e
Beneficis = 81806.82000000017Movimiento 575 966 Coste(11592.805) ---> BoarHat@7d35e2ad
Beneficis = 81806.82000000017Movimiento 280 527 Coste(11588.2) ---> BoarHat@8a4967c
Beneficis = 81723.97000000019Movimiento 86 526 Coste(11583.603) ---> BoarHat@4070a74a
Beneficis = 81619.42000000017Movimiento 508 746 Coste(11579.122) ---> BoarHat@3f40d8b8
Beneficis = 81619.42000000017Movimiento 348 987 Coste(11574.646) ---> BoarHat@60fa7e4c
Beneficis = 81619.42000000017Movimiento 221 744 Coste(11570.183) ---> BoarHat@43573430
Beneficis = 81619.42000000017Movimiento 224 315 Coste(11565.802) ---> BoarHat@6c3097df
Beneficis = 81619.42000000017Movimiento 307 860 Coste(11561.442) ---> BoarHat@6a5bca5a
Beneficis = 81496.32000000017Movimiento 244 635 Coste(11557.102) ---> BoarHat@6ba24656
Beneficis = 81386.67000000017Movimiento 184 814 Coste(11552.832) ---> BoarHat@4e321df1
Beneficis = 81386.67000000017Movimiento 425 711 Coste(11548.587) ---> BoarHat@74be9609
Beneficis = 81284.77000000018Movimiento 7 837 Coste(11544.415) ---> BoarHat@6b8db830
Beneficis = 81284.77000000018Movimiento 631 797 Coste(11540.312) ---> BoarHat@698ee47f
Beneficis = 81284.77000000018Movimiento 30 962 Coste(11536.212) ---> BoarHat@3902773a
Beneficis = 81284.77000000018Movimiento 98 312 Coste(11532.156) ---> BoarHat@50444482
Beneficis = 81284.77000000018Movimiento 28 723 Coste(11528.232) ---> BoarHat@7a1c31d4
Beneficis = 81284.77000000018Movimiento 465 893 Coste(11524.333) ---> BoarHat@64f2af25
Beneficis = 81284.77000000018Movimiento 646 743 Coste(11520.437) ---> BoarHat@2e9b9001
Beneficis = 81284.77000000018Movimiento 92 929 Coste(11516.56) ---> BoarHat@5240b87b
Beneficis = 81284.77000000018Movimiento 262 818 Coste(11512.767) ---> BoarHat@45dc72b0
Beneficis = 81284.77000000018Movimiento 498 544 Coste(11509.005000000001) ---> BoarHat@6dc177ee
Beneficis = 81284.77000000018Movimiento 559 607 Coste(11505.306) ---> BoarHat@2b788560
Beneficis = 81284.77000000018Movimiento 174 229 Coste(11501.684) ---> BoarHat@1e506576
Beneficis = 81284.77000000018Movimiento 369 675 Coste(11498.101999999999) ---> BoarHat@4b5ff2df
Beneficis = 81284.77000000018Movimiento 288 353 Coste(11494.559) ---> BoarHat@2f92874d
Beneficis = 81284.77000000018Movimiento 313 763 Coste(11491.019) ---> BoarHat@5f01ac20
Beneficis = 81284.77000000018Movimiento 157 715 Coste(11487.497) ---> BoarHat@d264a50
Beneficis = 81284.77000000018Movimiento 264 551 Coste(11483.976) ---> BoarHat@513e7a12
Beneficis = 81284.77000000018Movimiento 222 782 Coste(11480.053) ---> BoarHat@7b0def8c
Beneficis = 81180.77000000015Movimiento 186 895 Coste(11476.572) ---> BoarHat@2fb86256
Beneficis = 81104.52000000012Movimiento 390 785 Coste(11473.115) ---> BoarHat@3941753e
Beneficis = 81104.52000000012Movimiento 158 318 Coste(11469.762999999999) ---> BoarHat@160858a2
Beneficis = 81104.52000000012Movimiento 319 676 Coste(11466.451) ---> BoarHat@6c10752c
Beneficis = 81104.52000000012Movimiento 566 971 Coste(11463.181) ---> BoarHat@5af629be
Beneficis = 81104.52000000012Movimiento 279 774 Coste(11459.975) ---> BoarHat@55daad08
Beneficis = 81104.52000000012Movimiento 21 232 Coste(11456.77) ---> BoarHat@cf343dd
Beneficis = 81014.17000000014Movimiento 159 552 Coste(11453.565) ---> BoarHat@10e09609
Beneficis = 81014.17000000014Movimiento 652 926 Coste(11450.386) ---> BoarHat@4cb67c68
Beneficis = 81014.17000000014Movimiento 565 727 Coste(11447.234) ---> BoarHat@4f296aa
Beneficis = 81014.17000000014Movimiento 113 973 Coste(11444.132) ---> BoarHat@12877ade
Beneficis = 81014.17000000014Movimiento 149 851 Coste(11441.044) ---> BoarHat@6c7b68ea
Beneficis = 81014.17000000014Movimiento 136 863 Coste(11437.96) ---> BoarHat@64f24ac3
Beneficis = 80958.12000000013Movimiento 297 928 Coste(11434.884) ---> BoarHat@59527893
Beneficis = 80958.12000000013Movimiento 371 529 Coste(11431.823) ---> BoarHat@4205f9d3
Beneficis = 80958.12000000013Movimiento 336 662 Coste(11428.821) ---> BoarHat@3a8d548
Beneficis = 80958.12000000013Movimiento 32 150 Coste(11425.833999999999) ---> BoarHat@5cbd7bea
Beneficis = 80958.12000000013Movimiento 162 314 Coste(11422.858) ---> BoarHat@6d2dd4d6
Beneficis = 80958.12000000013Movimiento 876 935 Coste(11419.883) ---> BoarHat@5172dbc4
Beneficis = 80958.12000000013Movimiento 306 955 Coste(11416.909) ---> BoarHat@15bb49f6
Beneficis = 80958.12000000013Movimiento 177 807 Coste(11413.966) ---> BoarHat@712a21fc
Beneficis = 80958.12000000013Movimiento 27 858 Coste(11411.063999999998) ---> BoarHat@55eddf02
Beneficis = 80958.12000000013Movimiento 46 500 Coste(11408.201) ---> BoarHat@3c8199ab
Beneficis = 80958.12000000013Movimiento 758 829 Coste(11405.351999999999) ---> BoarHat@b914848
Beneficis = 80958.12000000013Movimiento 5 591 Coste(11402.512999999999) ---> BoarHat@55de3cf9
Beneficis = 80958.12000000013Movimiento 733 772 Coste(11399.716) ---> BoarHat@419cceab
Beneficis = 80886.27000000012Movimiento 458 580 Coste(11396.92) ---> BoarHat@1e691125
Beneficis = 80886.27000000012Movimiento 119 338 Coste(11394.131) ---> BoarHat@359cbb09
Beneficis = 80886.27000000012Movimiento 386 843 Coste(11391.359) ---> BoarHat@6dbf860e
Beneficis = 80886.27000000012Movimiento 257 553 Coste(11388.589) ---> BoarHat@14b84102
Beneficis = 80886.27000000012Movimiento 845 981 Coste(11385.819) ---> BoarHat@7f9cd1c8
Beneficis = 80858.87000000013Movimiento 303 560 Coste(11383.074999999999) ---> BoarHat@28ff15ed
Beneficis = 80858.87000000013Movimiento 240 787 Coste(11380.355) ---> BoarHat@3fa2a26a
Beneficis = 80858.87000000013Movimiento 197 341 Coste(11377.646999999999) ---> BoarHat@7b9faf70
Beneficis = 80858.87000000013Movimiento 43 226 Coste(11375.0) ---> BoarHat@3041ae4a
Beneficis = 80858.87000000013Movimiento 48 103 Coste(11372.364) ---> BoarHat@631c5dad
Beneficis = 80858.87000000013Movimiento 77 740 Coste(11369.748) ---> BoarHat@134768ee
Beneficis = 80858.87000000013Movimiento 492 541 Coste(11367.186) ---> BoarHat@3c6183cd
Beneficis = 80772.92000000014Movimiento 45 798 Coste(11364.65) ---> BoarHat@1485d170
Beneficis = 80772.92000000014Movimiento 664 846 Coste(11362.119999999999) ---> BoarHat@490f589f
Beneficis = 80772.92000000014Movimiento 153 750 Coste(11359.609999999999) ---> BoarHat@343c687e
Beneficis = 80772.92000000014Movimiento 24 875 Coste(11357.116999999998) ---> BoarHat@dd5911d
Beneficis = 80772.92000000014Movimiento 83 376 Coste(11354.649) ---> BoarHat@7a3c771
Beneficis = 80772.92000000014Movimiento 59 931 Coste(11352.251999999999) ---> BoarHat@c325cd8
Beneficis = 80772.92000000014Movimiento 220 825 Coste(11349.869999999999) ---> BoarHat@5bae8963
Beneficis = 80772.92000000014Movimiento 133 368 Coste(11347.510999999999) ---> BoarHat@32342186
Beneficis = 80772.92000000014Movimiento 377 477 Coste(11345.153999999999) ---> BoarHat@8060d2
Beneficis = 80772.92000000014Movimiento 356 368 Coste(11342.805999999999) ---> BoarHat@802074
Beneficis = 80772.92000000014Movimiento 169 583 Coste(11340.461) ---> BoarHat@41bbb614
Beneficis = 80772.92000000014Movimiento 528 587 Coste(11338.116999999998) ---> BoarHat@826c804
Beneficis = 80772.92000000014Movimiento 40 142 Coste(11335.776999999998) ---> BoarHat@2ca34c06
Beneficis = 80772.92000000014Movimiento 170 440 Coste(11333.461) ---> BoarHat@51f40e8b
Beneficis = 80772.92000000014Movimiento 155 914 Coste(11331.159) ---> BoarHat@2e644b6c
Beneficis = 80772.92000000014Movimiento 148 185 Coste(11328.859999999999) ---> BoarHat@10cc3904
Beneficis = 80772.92000000014Movimiento 546 674 Coste(11326.564999999999) ---> BoarHat@77ba32e1
Beneficis = 80772.92000000014Movimiento 123 273 Coste(11324.274) ---> BoarHat@2c0b124e
Beneficis = 80772.92000000014Movimiento 161 600 Coste(11322.006) ---> BoarHat@1e2cd2a9
Beneficis = 80772.92000000014Movimiento 470 606 Coste(11319.740999999998) ---> BoarHat@7a938468
Beneficis = 80772.92000000014Movimiento 183 199 Coste(11317.48) ---> BoarHat@67b0e7b1
Beneficis = 80772.92000000014Movimiento 444 726 Coste(11315.273) ---> BoarHat@21ed6989
Beneficis = 80772.92000000014Movimiento 247 293 Coste(11313.07) ---> BoarHat@5f43e463
Beneficis = 80772.92000000014Movimiento 249 331 Coste(11310.894) ---> BoarHat@4291ca29
Beneficis = 80709.32000000017Movimiento 488 602 Coste(11308.759999999998) ---> BoarHat@1209d5cf
Beneficis = 80709.32000000017Movimiento 268 520 Coste(11306.627) ---> BoarHat@ca5bb97
Beneficis = 80709.32000000017Movimiento 616 896 Coste(11304.511999999999) ---> BoarHat@508d11e5
Beneficis = 80709.32000000017Movimiento 367 586 Coste(11302.416) ---> BoarHat@6972f131
Beneficis = 80709.32000000017Movimiento 524 833 Coste(11300.323999999999) ---> BoarHat@7c14f7c5
Beneficis = 80709.32000000017Movimiento 176 207 Coste(11298.251999999999) ---> BoarHat@7a98aa26
Beneficis = 80709.32000000017Movimiento 8 792 Coste(11296.193) ---> BoarHat@1a6c64e7
Beneficis = 80709.32000000017Movimiento 847 854 Coste(11294.141) ---> BoarHat@52fe18b
Beneficis = 80709.32000000017Movimiento 380 479 Coste(11292.109) ---> BoarHat@2a115a4
Beneficis = 80709.32000000017Movimiento 381 466 Coste(11290.09) ---> BoarHat@67fa4563
Beneficis = 80709.32000000017Movimiento 271 439 Coste(11288.078) ---> BoarHat@75c25fda
Beneficis = 80709.32000000017Movimiento 81 998 Coste(11286.068) ---> BoarHat@4d7fdfae
Beneficis = 80709.32000000017Movimiento 294 387 Coste(11284.064999999999) ---> BoarHat@b50d4ee
Beneficis = 80709.32000000017Movimiento 352 557 Coste(11282.078) ---> BoarHat@3251334
Beneficis = 80709.32000000017Movimiento 12 121 Coste(11280.098999999998) ---> BoarHat@4005c4f1
Beneficis = 80709.32000000017Movimiento 433 819 Coste(11278.128999999999) ---> BoarHat@7ebffc77
Beneficis = 80709.32000000017Movimiento 90 411 Coste(11276.168) ---> BoarHat@557611ad
Beneficis = 80709.32000000017Movimiento 298 805 Coste(11274.214) ---> BoarHat@6431b101
Beneficis = 80709.32000000017Movimiento 62 461 Coste(11272.265) ---> BoarHat@6f7c6465
Beneficis = 80709.32000000017Movimiento 206 455 Coste(11270.317) ---> BoarHat@3708b7a5
Beneficis = 80709.32000000017Movimiento 178 532 Coste(11268.387999999999) ---> BoarHat@7659eb19
Beneficis = 80709.32000000017Movimiento 491 911 Coste(11266.46) ---> BoarHat@7c52fec9
Beneficis = 80709.32000000017Movimiento 463 724 Coste(11264.547999999999) ---> BoarHat@177d3676
Beneficis = 80709.32000000017Movimiento 168 568 Coste(11262.651999999998) ---> BoarHat@2e80f0ce
Beneficis = 80709.32000000017Movimiento 517 691 Coste(11260.782) ---> BoarHat@2c26037d
Beneficis = 80709.32000000017Movimiento 274 589 Coste(11258.928) ---> BoarHat@7bf3826f
Beneficis = 80709.32000000017Movimiento 683 848 Coste(11257.105) ---> BoarHat@684806a6
Beneficis = 80709.32000000017Movimiento 233 627 Coste(11255.283) ---> BoarHat@701fde31
Beneficis = 80709.32000000017Movimiento 409 748 Coste(11253.488) ---> BoarHat@5773421e
Beneficis = 80709.32000000017Movimiento 283 454 Coste(11251.717999999999) ---> BoarHat@67892f51
Beneficis = 80709.32000000017Movimiento 147 803 Coste(11249.952) ---> BoarHat@269ee80a
Beneficis = 80709.32000000017Movimiento 575 906 Coste(11248.205999999998) ---> BoarHat@6012d38b
Beneficis = 80709.32000000017Movimiento 18 890 Coste(11246.489) ---> BoarHat@7e65bad1
Beneficis = 80709.32000000017Movimiento 55 838 Coste(11244.783) ---> BoarHat@6f0c0bb5
Beneficis = 80709.32000000017Movimiento 659 784 Coste(11243.095) ---> BoarHat@6209748
Beneficis = 80709.32000000017Movimiento 202 326 Coste(11241.418999999998) ---> BoarHat@559c4466
Beneficis = 80709.32000000017Movimiento 51 980 Coste(11239.747) ---> BoarHat@1b16a344
Beneficis = 80709.32000000017Movimiento 49 904 Coste(11238.096) ---> BoarHat@7ebd61ba
Beneficis = 80709.32000000017Movimiento 39 263 Coste(11236.447999999999) ---> BoarHat@5217f4d6
Beneficis = 80709.32000000017Movimiento 773 813 Coste(11234.819) ---> BoarHat@52dbbb68
Beneficis = 80709.32000000017Movimiento 78 608 Coste(11233.190999999999) ---> BoarHat@5589bf11
Beneficis = 80709.32000000017Movimiento 134 621 Coste(11231.567) ---> BoarHat@59e8b61b
Beneficis = 80709.32000000017Movimiento 489 765 Coste(11229.947) ---> BoarHat@18ded17d
Beneficis = 80709.32000000017Movimiento 336 552 Coste(11228.337) ---> BoarHat@420e0eb9
Beneficis = 80709.32000000017Movimiento 49 219 Coste(11225.947999999999) ---> BoarHat@3987310f
Beneficis = 80709.32000000017Movimiento 546 945 Coste(11224.338) ---> BoarHat@36db3d4
Beneficis = 80694.47000000013Movimiento 35 861 Coste(11222.732) ---> BoarHat@73a62c39
Beneficis = 80694.47000000013Movimiento 250 841 Coste(11221.141) ---> BoarHat@1b00fa6
Beneficis = 80694.47000000013Movimiento 228 456 Coste(11219.572) ---> BoarHat@365ba07d
Beneficis = 80694.47000000013Movimiento 267 754 Coste(11218.017) ---> BoarHat@62a64ed9
Beneficis = 80694.47000000013Movimiento 53 223 Coste(11216.478) ---> BoarHat@736a2da7
Beneficis = 80694.47000000013Movimiento 28 410 Coste(11214.942) ---> BoarHat@2467e29c
Beneficis = 80694.47000000013Movimiento 287 571 Coste(11213.405999999999) ---> BoarHat@24ca5121
Beneficis = 80694.47000000013Movimiento 1 669 Coste(11211.900999999998) ---> BoarHat@5338b614
Beneficis = 80694.47000000013Movimiento 217 396 Coste(11210.395999999999) ---> BoarHat@1eac10df
Beneficis = 80694.47000000013Movimiento 68 821 Coste(11208.901999999998) ---> BoarHat@3e7a4d85
Beneficis = 80694.47000000013Movimiento 503 614 Coste(11207.417) ---> BoarHat@2e188e1c
Beneficis = 80670.37000000016Movimiento 30 856 Coste(11205.953) ---> BoarHat@7bc3cb31
Beneficis = 80670.37000000016Movimiento 108 882 Coste(11204.489) ---> BoarHat@5e9bcd77
Beneficis = 80670.37000000016Movimiento 41 284 Coste(11203.048999999999) ---> BoarHat@1b3a49d1
Beneficis = 80670.37000000016Movimiento 6 535 Coste(11201.610999999999) ---> BoarHat@4df115d2
Beneficis = 80670.37000000016Movimiento 194 699 Coste(11200.177) ---> BoarHat@1d5ed5
Beneficis = 80670.37000000016Movimiento 9 441 Coste(11198.744999999999) ---> BoarHat@19f65f98
Beneficis = 80670.37000000016Movimiento 912 986 Coste(11197.314999999999) ---> BoarHat@2c7bd166
Beneficis = 80670.37000000016Movimiento 254 474 Coste(11195.896999999999) ---> BoarHat@1ca2b84c
Beneficis = 80670.37000000016Movimiento 118 435 Coste(11194.482999999998) ---> BoarHat@7f2f06aa
Beneficis = 80670.37000000016Movimiento 442 835 Coste(11193.078999999998) ---> BoarHat@f4b9a53
Beneficis = 80670.37000000016Movimiento 871 933 Coste(11191.679) ---> BoarHat@3802199b
Beneficis = 80670.37000000016Movimiento 74 751 Coste(11190.292) ---> BoarHat@76d1540
Beneficis = 80670.37000000016Movimiento 330 366 Coste(11188.911) ---> BoarHat@2f466f2a
Beneficis = 80670.37000000016Movimiento 308 366 Coste(11187.518999999998) ---> BoarHat@5a92d19
Beneficis = 80650.22000000013Movimiento 48 958 Coste(11186.152999999998) ---> BoarHat@71073a36
Beneficis = 80650.22000000013Movimiento 384 918 Coste(11184.787999999999) ---> BoarHat@2812ad73
Beneficis = 80650.22000000013Movimiento 558 925 Coste(11183.437999999998) ---> BoarHat@4c012d3a
Beneficis = 80650.22000000013Movimiento 262 436 Coste(11182.100999999999) ---> BoarHat@1cbd64bb
Beneficis = 80650.22000000013Movimiento 214 997 Coste(11180.773) ---> BoarHat@546bb4f3
Beneficis = 80650.22000000013Movimiento 31 726 Coste(11179.05) ---> BoarHat@7069f31f
Beneficis = 80650.22000000013Movimiento 29 582 Coste(11177.744999999999) ---> BoarHat@58425d1b
Beneficis = 80650.22000000013Movimiento 596 680 Coste(11176.46) ---> BoarHat@3e7d9d87
Beneficis = 80650.22000000013Movimiento 137 739 Coste(11175.179) ---> BoarHat@55239719
Beneficis = 80650.22000000013Movimiento 143 242 Coste(11173.903999999999) ---> BoarHat@602e303d
Beneficis = 80650.22000000013Movimiento 505 864 Coste(11172.646999999999) ---> BoarHat@21e7d040
Beneficis = 80650.22000000013Movimiento 171 923 Coste(11171.394999999999) ---> BoarHat@5f3a1748
Beneficis = 80650.22000000013Movimiento 311 919 Coste(11170.146999999999) ---> BoarHat@59d89c40
Beneficis = 80650.22000000013Movimiento 235 513 Coste(11168.932999999999) ---> BoarHat@35287291
Beneficis = 80650.22000000013Movimiento 421 781 Coste(11167.721999999998) ---> BoarHat@4e8e689
Beneficis = 80642.42000000011Movimiento 87 624 Coste(11166.512999999999) ---> BoarHat@3618f94a
Beneficis = 80642.42000000011Movimiento 15 93 Coste(11165.315999999999) ---> BoarHat@50d0f7dd
Beneficis = 80642.42000000011Movimiento 295 531 Coste(11164.124) ---> BoarHat@35572ec5
Beneficis = 80642.42000000011Movimiento 469 867 Coste(11162.939999999999) ---> BoarHat@27473661
Beneficis = 80642.42000000011Movimiento 172 633 Coste(11161.764) ---> BoarHat@49fef008
Beneficis = 80642.42000000011Movimiento 259 499 Coste(11160.597) ---> BoarHat@36f85142
Beneficis = 80642.42000000011Movimiento 510 623 Coste(11159.436999999998) ---> BoarHat@47adef3f
Beneficis = 80642.42000000011Movimiento 393 543 Coste(11158.291) ---> BoarHat@5a36a3eb
Beneficis = 80642.42000000011Movimiento 651 985 Coste(11157.168) ---> BoarHat@39afc600
Beneficis = 80642.42000000011Movimiento 201 467 Coste(11156.046999999999) ---> BoarHat@1365f33d
Beneficis = 80642.42000000011Movimiento 211 704 Coste(11154.928) ---> BoarHat@50c4976f
Beneficis = 80642.42000000011Movimiento 102 423 Coste(11153.81) ---> BoarHat@1b68b94e
Beneficis = 80642.42000000011Movimiento 502 806 Coste(11152.707999999999) ---> BoarHat@46807d80
Beneficis = 80642.42000000011Movimiento 285 681 Coste(11151.614) ---> BoarHat@6cb45053
Beneficis = 80642.42000000011Movimiento 717 957 Coste(11150.521999999999) ---> BoarHat@3d7a0bef
Beneficis = 80642.42000000011Movimiento 686 952 Coste(11149.431999999999) ---> BoarHat@793ad9cf
Beneficis = 80642.42000000011Movimiento 131 351 Coste(11148.346) ---> BoarHat@54bbee18
Beneficis = 80642.42000000011Movimiento 14 516 Coste(11147.280999999999) ---> BoarHat@a840a5a
Beneficis = 80642.42000000011Movimiento 163 317 Coste(11146.221) ---> BoarHat@45bb6d39
Beneficis = 80642.42000000011Movimiento 444 691 Coste(11145.17) ---> BoarHat@469a6362
Beneficis = 80642.42000000011Movimiento 110 859 Coste(11144.127999999999) ---> BoarHat@9239f34
Beneficis = 80592.92000000011Movimiento 211 910 Coste(11143.091999999999) ---> BoarHat@74e429be
Beneficis = 80592.92000000011Movimiento 50 122 Coste(11142.068) ---> BoarHat@1411a121
Beneficis = 80592.92000000011Movimiento 321 339 Coste(11141.047999999999) ---> BoarHat@2bbd95ea
Beneficis = 80592.92000000011Movimiento 70 416 Coste(11140.029999999999) ---> BoarHat@19a856d9
Beneficis = 80592.92000000011Movimiento 146 309 Coste(11139.026) ---> BoarHat@36694ee7
Beneficis = 80592.92000000011Movimiento 218 944 Coste(11138.023) ---> BoarHat@1e0562fb
Beneficis = 80592.92000000011Movimiento 82 447 Coste(11137.028999999999) ---> BoarHat@f4d7306
Beneficis = 80592.92000000011Movimiento 239 874 Coste(11136.042) ---> BoarHat@35d197
Beneficis = 80592.92000000011Movimiento 275 340 Coste(11135.056) ---> BoarHat@7cad66de
Beneficis = 80592.92000000011Movimiento 128 473 Coste(11134.072) ---> BoarHat@5dddcbdb
Beneficis = 80592.92000000011Movimiento 824 946 Coste(11133.09) ---> BoarHat@15c3d4f4
Beneficis = 80592.92000000011Movimiento 4 857 Coste(11132.114) ---> BoarHat@17be8e4f
Beneficis = 80592.92000000011Movimiento 418 938 Coste(11131.143) ---> BoarHat@26574d4c
Beneficis = 80592.92000000011Movimiento 191 248 Coste(11130.195) ---> BoarHat@38aa0654
Beneficis = 80592.92000000011Movimiento 16 922 Coste(11129.252999999999) ---> BoarHat@5f2f7d39
Beneficis = 80592.92000000011Movimiento 256 388 Coste(11128.311) ---> BoarHat@782c537e
Beneficis = 80592.92000000011Movimiento 120 550 Coste(11127.376999999999) ---> BoarHat@4e1d5194
Beneficis = 80592.92000000011Movimiento 399 950 Coste(11126.451) ---> BoarHat@1cf822c0
Beneficis = 80592.92000000011Movimiento 481 979 Coste(11125.538999999999) ---> BoarHat@1a091bec
Beneficis = 80592.92000000011Movimiento 3 976 Coste(11124.632999999998) ---> BoarHat@33c56907
Beneficis = 80592.92000000011Movimiento 497 776 Coste(11123.726999999999) ---> BoarHat@14977085
Beneficis = 80592.92000000011Movimiento 291 389 Coste(11122.836) ---> BoarHat@e2c17cc
Beneficis = 80592.92000000011Movimiento 632 690 Coste(11121.951) ---> BoarHat@49653e0e
Beneficis = 80592.92000000011Movimiento 200 540 Coste(11121.078) ---> BoarHat@3ca232da
Beneficis = 80592.92000000011Movimiento 329 332 Coste(11120.21) ---> BoarHat@27fce97f
Beneficis = 80592.92000000011Movimiento 448 999 Coste(11119.360999999999) ---> BoarHat@3796e259
Beneficis = 80592.92000000011Movimiento 300 801 Coste(11118.521999999999) ---> BoarHat@1dab728
Beneficis = 80592.92000000011Movimiento 678 870 Coste(11117.687) ---> BoarHat@69b8611c
Beneficis = 80592.92000000011Movimiento 327 790 Coste(11116.856) ---> BoarHat@6f037cc
Beneficis = 80592.92000000011Movimiento 104 213 Coste(11116.026) ---> BoarHat@8a0ea26
Beneficis = 80592.92000000011Movimiento 320 879 Coste(11115.196) ---> BoarHat@3dc9643c
Beneficis = 80592.92000000011Movimiento 196 365 Coste(11114.366999999998) ---> BoarHat@38a7ea05
Beneficis = 80592.92000000011Movimiento 563 995 Coste(11113.568) ---> BoarHat@788f1876
Beneficis = 80592.92000000011Movimiento 460 775 Coste(11112.773) ---> BoarHat@358198c
Beneficis = 80592.92000000011Movimiento 383 496 Coste(11111.985999999999) ---> BoarHat@4d1ad09b
Beneficis = 80592.92000000011Movimiento 346 561 Coste(11111.21) ---> BoarHat@45029403
Beneficis = 80592.92000000011Movimiento 57 639 Coste(11110.437999999998) ---> BoarHat@12aeb6af
Beneficis = 80592.92000000011Movimiento 112 599 Coste(11109.666) ---> BoarHat@737ab37
Beneficis = 80592.92000000011Movimiento 165 175 Coste(11108.905999999999) ---> BoarHat@4cb05f57
Beneficis = 80592.92000000011Movimiento 475 977 Coste(11108.146999999999) ---> BoarHat@2ea539ec
Beneficis = 80592.92000000011Movimiento 562 757 Coste(11107.396999999999) ---> BoarHat@7f6cfbc0
Beneficis = 80592.92000000011Movimiento 209 412 Coste(11106.649) ---> BoarHat@10508c30
Beneficis = 80592.92000000011Movimiento 238 812 Coste(11105.903) ---> BoarHat@1f01bd21
Beneficis = 80592.92000000011Movimiento 155 812 Coste(11104.171999999999) ---> BoarHat@6beb80e2
Beneficis = 80592.92000000011Movimiento 483 613 Coste(11103.439999999999) ---> BoarHat@6c626d86
Beneficis = 80592.92000000011Movimiento 794 974 Coste(11102.719) ---> BoarHat@76147726
Beneficis = 80592.92000000011Movimiento 118 679 Coste(11102.003999999999) ---> BoarHat@5b39f733
Beneficis = 80592.92000000011Movimiento 490 702 Coste(11101.295999999998) ---> BoarHat@2b79900c
Beneficis = 80592.92000000011Movimiento 39 982 Coste(11100.589999999998) ---> BoarHat@5fb9b424
Beneficis = 80592.92000000011Movimiento 190 487 Coste(11099.885999999999) ---> BoarHat@485aba66
Beneficis = 80592.92000000011Movimiento 77 986 Coste(11099.184) ---> BoarHat@564061cf
Beneficis = 80592.92000000011Movimiento 266 431 Coste(11098.49) ---> BoarHat@7157bc99
Beneficis = 80592.92000000011Movimiento 2 374 Coste(11097.797999999999) ---> BoarHat@786c3450
Beneficis = 80592.92000000011Movimiento 670 742 Coste(11097.124) ---> BoarHat@66c628dd
Beneficis = 80592.92000000011Movimiento 507 802 Coste(11096.457) ---> BoarHat@642c892
Beneficis = 80592.92000000011Movimiento 180 480 Coste(11095.797) ---> BoarHat@3bb51d0a
Beneficis = 80592.92000000011Movimiento 322 868 Coste(11095.137999999999) ---> BoarHat@6ccc7860
Beneficis = 80561.02000000012Movimiento 151 795 Coste(11094.5) ---> BoarHat@ed84d82
Beneficis = 80561.02000000012Movimiento 73 347 Coste(11093.863) ---> BoarHat@413ffc82
Beneficis = 80561.02000000012Movimiento 518 994 Coste(11093.233) ---> BoarHat@775c919b
Beneficis = 80561.02000000012Movimiento 60 880 Coste(11092.606) ---> BoarHat@3023d11e
Beneficis = 80561.02000000012Movimiento 24 132 Coste(11091.981) ---> BoarHat@679228d8
Beneficis = 80561.02000000012Movimiento 174 702 Coste(11091.371) ---> BoarHat@2a40ea96
Beneficis = 80561.02000000012Movimiento 457 873 Coste(11090.760999999999) ---> BoarHat@6f9dae5d
Beneficis = 80561.02000000012Movimiento 75 101 Coste(11090.153999999999) ---> BoarHat@5b70e461
Beneficis = 80561.02000000012Movimiento 13 764 Coste(11089.547999999999) ---> BoarHat@57aa9138
Beneficis = 80561.02000000012Movimiento 160 421 Coste(11088.956999999999) ---> BoarHat@70c78179
Beneficis = 80561.02000000012Movimiento 65 188 Coste(11088.375) ---> BoarHat@532e40e0
Beneficis = 80561.02000000012Movimiento 733 760 Coste(11087.793) ---> BoarHat@5b6edbbe
Beneficis = 80561.02000000012Movimiento 106 139 Coste(11087.215) ---> BoarHat@b87408b
Beneficis = 80561.02000000012Movimiento 115 414 Coste(11086.636999999999) ---> BoarHat@745d8d27
Beneficis = 80561.02000000012Movimiento 182 762 Coste(11086.059) ---> BoarHat@b8c1456
Beneficis = 80561.02000000012Movimiento 434 792 Coste(11085.487) ---> BoarHat@38d393d6
Beneficis = 80561.02000000012Movimiento 10 76 Coste(11084.927) ---> BoarHat@7178b0b6
Beneficis = 80561.02000000012Movimiento 293 987 Coste(11084.367) ---> BoarHat@6c40b958
Beneficis = 80561.02000000012Movimiento 110 771 Coste(11083.809) ---> BoarHat@5bf8dee0
Beneficis = 80561.02000000012Movimiento 138 511 Coste(11083.251) ---> BoarHat@28c7e60e
Beneficis = 80561.02000000012Movimiento 208 642 Coste(11082.695) ---> BoarHat@6f6c354c
Beneficis = 80561.02000000012Movimiento 47 154 Coste(11082.143) ---> BoarHat@311dba9b
Beneficis = 80538.52000000012Movimiento 398 617 Coste(11081.592999999999) ---> BoarHat@2985855d
Beneficis = 80538.52000000012Movimiento 333 791 Coste(11081.044) ---> BoarHat@2021437d
Beneficis = 80538.52000000012Movimiento 385 644 Coste(11080.498) ---> BoarHat@79988940
Beneficis = 80538.52000000012Movimiento 243 991 Coste(11079.96) ---> BoarHat@5e13b012
Beneficis = 80538.52000000012Movimiento 712 803 Coste(11079.426) ---> BoarHat@3dc8182e
Beneficis = 80538.52000000012Movimiento 273 832 Coste(11078.911) ---> BoarHat@7927a2cd
Beneficis = 80538.52000000012Movimiento 616 839 Coste(11078.401) ---> BoarHat@ab2d414
Beneficis = 80538.52000000012Movimiento 128 672 Coste(11077.921999999999) ---> BoarHat@67a8ad98
Beneficis = 80538.52000000012Movimiento 216 378 Coste(11077.452) ---> BoarHat@5992a317
Beneficis = 80538.52000000012Movimiento 76 384 Coste(11076.983) ---> BoarHat@71fcd23d
Beneficis = 80538.52000000012Movimiento 116 432 Coste(11076.528999999999) ---> BoarHat@12634413
Beneficis = 80538.52000000012Movimiento 42 700 Coste(11076.079) ---> BoarHat@5334717d
Beneficis = 80538.52000000012Movimiento 241 453 Coste(11075.63) ---> BoarHat@483f179b
Beneficis = 80538.52000000012Movimiento 121 280 Coste(11075.186) ---> BoarHat@3ca1e239
Beneficis = 80538.52000000012Movimiento 612 709 Coste(11074.758) ---> BoarHat@691e1cb
Beneficis = 80538.52000000012Movimiento 325 375 Coste(11074.335) ---> BoarHat@4944a555
Beneficis = 80538.52000000012Movimiento 37 85 Coste(11073.912999999999) ---> BoarHat@604cf2c8
Beneficis = 80538.52000000012Movimiento 124 690 Coste(11073.505) ---> BoarHat@6c52a94c
Beneficis = 80538.52000000012Movimiento 126 292 Coste(11073.099999999999) ---> BoarHat@70d31d7c
Beneficis = 80538.52000000012Movimiento 66 482 Coste(11072.699999999999) ---> BoarHat@5dfcacc0
Beneficis = 80538.52000000012Movimiento 761 932 Coste(11072.31) ---> BoarHat@1b7cc217
Beneficis = 80538.52000000012Movimiento 361 415 Coste(11071.930999999999) ---> BoarHat@65195694
Beneficis = 80538.52000000012Movimiento 276 985 Coste(11071.553999999998) ---> BoarHat@646c42d1
Beneficis = 80538.52000000012Movimiento 140 209 Coste(11071.178) ---> BoarHat@5b3cb47
Beneficis = 80538.52000000012Movimiento 438 461 Coste(11070.802) ---> BoarHat@42c59d68
Beneficis = 80538.52000000012Movimiento 573 661 Coste(11070.431999999999) ---> BoarHat@31121f39
Beneficis = 80538.52000000012Movimiento 62 927 Coste(11070.064999999999) ---> BoarHat@356af971
Beneficis = 80538.52000000012Movimiento 363 710 Coste(11069.701) ---> BoarHat@36690dd8
Beneficis = 80522.02000000012Movimiento 370 849 Coste(11069.341) ---> BoarHat@f95de8c
Beneficis = 80522.02000000012Movimiento 519 789 Coste(11068.999) ---> BoarHat@63c919c0
Beneficis = 80522.02000000012Movimiento 294 716 Coste(11068.662) ---> BoarHat@e83f4c5
Beneficis = 80522.02000000012Movimiento 36 915 Coste(11068.333999999999) ---> BoarHat@728fdabe
Beneficis = 80522.02000000012Movimiento 521 635 Coste(11068.006) ---> BoarHat@529c6e90
Beneficis = 80522.02000000012Movimiento 310 706 Coste(11067.679) ---> BoarHat@b60c659
Beneficis = 80522.02000000012Movimiento 357 509 Coste(11067.351999999999) ---> BoarHat@e9b2385
Beneficis = 80522.02000000012Movimiento 282 401 Coste(11067.027) ---> BoarHat@749170c8
Beneficis = 80522.02000000012Movimiento 111 728 Coste(11066.705) ---> BoarHat@25f0c145
Beneficis = 80522.02000000012Movimiento 417 948 Coste(11066.385999999999) ---> BoarHat@207a6321
Beneficis = 80522.02000000012Movimiento 728 829 Coste(11066.082999999999) ---> BoarHat@7045756c
Beneficis = 80522.02000000012Movimiento 626 692 Coste(11065.787) ---> BoarHat@51307720
Beneficis = 80522.02000000012Movimiento 341 599 Coste(11065.492) ---> BoarHat@6e040e86
Beneficis = 80522.02000000012Movimiento 592 707 Coste(11065.199999999999) ---> BoarHat@1c195565
Beneficis = 80522.02000000012Movimiento 942 990 Coste(11064.909) ---> BoarHat@4dacf2a3
Beneficis = 80522.02000000012Movimiento 38 208 Coste(11064.628999999999) ---> BoarHat@69e7e198
Beneficis = 80522.02000000012Movimiento 12 660 Coste(11063.899) ---> BoarHat@6d0c37a8
Beneficis = 80522.02000000012Movimiento 348 624 Coste(11063.626) ---> BoarHat@3c7d4d06
Beneficis = 80522.02000000012Movimiento 143 494 Coste(11063.359) ---> BoarHat@14ea78ac
Beneficis = 80522.02000000012Movimiento 29 198 Coste(11063.092999999999) ---> BoarHat@3f5e853f
Beneficis = 80522.02000000012Movimiento 109 666 Coste(11062.829) ---> BoarHat@55d5ec53
Beneficis = 80522.02000000012Movimiento 190 195 Coste(11062.568) ---> BoarHat@5de6db37
Beneficis = 80522.02000000012Movimiento 272 382 Coste(11062.312) ---> BoarHat@50c8e95c
Beneficis = 80522.02000000012Movimiento 41 849 Coste(11062.056999999999) ---> BoarHat@755c0fe8
Beneficis = 80522.02000000012Movimiento 168 240 Coste(11061.804) ---> BoarHat@4b5cc789
Beneficis = 80522.02000000012Movimiento 450 871 Coste(11061.553999999998) ---> BoarHat@2a79d852
Beneficis = 80522.02000000012Movimiento 29 783 Coste(11061.303999999998) ---> BoarHat@f3e57ac
Beneficis = 80522.02000000012Movimiento 437 842 Coste(11061.056999999999) ---> BoarHat@76acf826
Beneficis = 80522.02000000012Movimiento 22 250 Coste(11060.814999999999) ---> BoarHat@5121186
Beneficis = 80522.02000000012Movimiento 144 959 Coste(11060.574999999999) ---> BoarHat@3d864ad4
Beneficis = 80522.02000000012Movimiento 17 33 Coste(11060.336) ---> BoarHat@6476ab59
Beneficis = 80522.02000000012Movimiento 109 165 Coste(11060.097) ---> BoarHat@4c1d15ee
Beneficis = 80522.02000000012Movimiento 99 337 Coste(11059.858999999999) ---> BoarHat@17e08014
Beneficis = 80522.02000000012Movimiento 470 671 Coste(11059.621) ---> BoarHat@3202017d
Beneficis = 80522.02000000012Movimiento 8 602 Coste(11059.384) ---> BoarHat@30283d8
Beneficis = 80522.02000000012Movimiento 503 947 Coste(11059.148) ---> BoarHat@5c503e12
Beneficis = 80522.02000000012Movimiento 667 735 Coste(11058.912) ---> BoarHat@65d8c59
Beneficis = 80522.02000000012Movimiento 53 826 Coste(11058.677) ---> BoarHat@7264306
Beneficis = 80522.02000000012Movimiento 44 981 Coste(11058.454) ---> BoarHat@4cf78e53
Beneficis = 80522.02000000012Movimiento 310 409 Coste(11058.234) ---> BoarHat@57a26e10
Beneficis = 80522.02000000012Movimiento 344 900 Coste(11058.018) ---> BoarHat@607f271d
Beneficis = 80522.02000000012Movimiento 286 820 Coste(11057.803) ---> BoarHat@517e21f7
Beneficis = 80522.02000000012Movimiento 428 663 Coste(11057.589) ---> BoarHat@9a22bcc
Beneficis = 80522.02000000012Movimiento 456 604 Coste(11057.377) ---> BoarHat@748292be
Beneficis = 80522.02000000012Movimiento 677 781 Coste(11057.168) ---> BoarHat@2120e319
Beneficis = 80522.02000000012Movimiento 474 700 Coste(11056.962) ---> BoarHat@47cfa253
Beneficis = 80522.02000000012Movimiento 290 777 Coste(11056.758) ---> BoarHat@35fe7157
Beneficis = 80522.02000000012Movimiento 68 766 Coste(11056.556) ---> BoarHat@1531a98f
Beneficis = 80522.02000000012Movimiento 336 443 Coste(11056.144999999999) ---> BoarHat@733cec44
Beneficis = 80522.02000000012Movimiento 150 816 Coste(11055.945) ---> BoarHat@2ed4389a
Beneficis = 80513.02000000015Movimiento 306 767 Coste(11055.744999999999) ---> BoarHat@2c00389
Beneficis = 80513.02000000015Movimiento 687 998 Coste(11055.545) ---> BoarHat@4fe4c4aa
Beneficis = 80513.02000000015Movimiento 354 551 Coste(11055.355) ---> BoarHat@3bddcfee
Beneficis = 80513.02000000015Movimiento 228 422 Coste(11055.166) ---> BoarHat@456ebb0d
Beneficis = 80513.02000000015Movimiento 285 610 Coste(11054.976999999999) ---> BoarHat@5df009e3
Beneficis = 80513.02000000015Movimiento 764 864 Coste(11054.788) ---> BoarHat@37e50f39
Beneficis = 80513.02000000015Movimiento 355 881 Coste(11054.603) ---> BoarHat@9d42dc8
Beneficis = 80513.02000000015Movimiento 327 952 Coste(11054.423999999999) ---> BoarHat@17f4fdb7
Beneficis = 80513.02000000015Movimiento 554 579 Coste(11054.246) ---> BoarHat@19faa309
Beneficis = 80513.02000000015Movimiento 56 539 Coste(11054.069) ---> BoarHat@4346459
Beneficis = 80513.02000000015Movimiento 791 978 Coste(11053.894) ---> BoarHat@187328be
Beneficis = 80513.02000000015Movimiento 685 738 Coste(11053.72) ---> BoarHat@49264f83
Beneficis = 80513.02000000015Movimiento 102 735 Coste(11053.548999999999) ---> BoarHat@633067fb
Beneficis = 80513.02000000015Movimiento 477 603 Coste(11053.251) ---> BoarHat@50f865ad
Beneficis = 80513.02000000015Movimiento 424 758 Coste(11053.083999999999) ---> BoarHat@50e63ffd
Beneficis = 80513.02000000015Movimiento 56 261 Coste(11052.923999999999) ---> BoarHat@6da44ace
Beneficis = 80513.02000000015Movimiento 380 796 Coste(11052.771999999999) ---> BoarHat@44a44a7e
Beneficis = 80513.02000000015Movimiento 139 345 Coste(11052.621) ---> BoarHat@f1b8670
Beneficis = 80513.02000000015Movimiento 338 514 Coste(11052.471) ---> BoarHat@5f2dedd0
Beneficis = 80513.02000000015Movimiento 118 340 Coste(11052.322) ---> BoarHat@5067b851
Beneficis = 80513.02000000015Movimiento 359 451 Coste(11052.175) ---> BoarHat@279e81cc
Beneficis = 80513.02000000015Movimiento 346 862 Coste(11052.030999999999) ---> BoarHat@42fa327f
Beneficis = 80513.02000000015Movimiento 81 362 Coste(11051.892) ---> BoarHat@1f9bbaca
Beneficis = 80513.02000000015Movimiento 304 431 Coste(11051.759) ---> BoarHat@5f53294f
Beneficis = 80513.02000000015Movimiento 462 684 Coste(11051.626999999999) ---> BoarHat@102110bd
Beneficis = 80513.02000000015Movimiento 738 807 Coste(11051.502999999999) ---> BoarHat@17ce6b88
Beneficis = 80513.02000000015Movimiento 401 495 Coste(11051.383) ---> BoarHat@6f35c4e1
Beneficis = 80532.47000000013Movimiento 172 830 Coste(11051.275) ---> BoarHat@6380b1
Beneficis = 80532.47000000013Movimiento 255 620 Coste(11051.168) ---> BoarHat@5123299b
nodesExpanded : 470
Temps SolIni = 34 Tiempo HC = 208754 Tiempo SA = 0
