Size: 768
Central 0: [32m131[0m Produccio: [35m707.21[0m Usada: [31m670.9490000000002[0m
Central 1: [32m124[0m Produccio: [35m584.14[0m Usada: [31m566.519[0m
Central 2: [32m93[0m Produccio: [35m453.09[0m Usada: [31m395.7889999999999[0m
Central 3: [32m114[0m Produccio: [35m542.59[0m Usada: [31m508.5390000000001[0m
Central 4: [32m109[0m Produccio: [35m544.89[0m Usada: [31m501.8500000000001[0m
Central 5: [32m28[0m Produccio: [35m245.14[0m Usada: [31m244.50300000000001[0m
Central 6: [32m8[0m Produccio: [35m123.69[0m Usada: [31m123.11999999999999[0m
Central 7: [32m25[0m Produccio: [35m215.37[0m Usada: [31m213.951[0m
Central 8: [32m25[0m Produccio: [35m196.17[0m Usada: [31m196.08[0m
Central 9: [32m8[0m Produccio: [35m124.54[0m Usada: [31m123.406[0m
Central 10: [32m21[0m Produccio: [35m210.62[0m Usada: [31m210.39000000000001[0m
Central 11: [32m27[0m Produccio: [35m213.56[0m Usada: [31m213.48399999999995[0m
Central 12: [32m35[0m Produccio: [35m244.22[0m Usada: [31m243.998[0m
Central 13: [32m19[0m Produccio: [35m194.13[0m Usada: [31m193.86299999999997[0m
Central 14: [32m21[0m Produccio: [35m181.21[0m Usada: [31m180.741[0m
Central 15: [32m3[0m Produccio: [35m50.47[0m Usada: [31m50.291999999999994[0m
Central 16: [32m3[0m Produccio: [35m29.51[0m Usada: [31m29.476[0m
Central 17: [32m6[0m Produccio: [35m94.98[0m Usada: [31m93.81800000000001[0m
Central 18: [32m2[0m Produccio: [35m17.91[0m Usada: [31m17.652[0m
Central 19: [32m2[0m Produccio: [35m24.41[0m Usada: [31m24.348[0m
Central 20: [32m5[0m Produccio: [35m95.47[0m Usada: [31m94.574[0m
Central 21: [32m4[0m Produccio: [35m68.1[0m Usada: [31m67.987[0m
Central 22: [32m4[0m Produccio: [35m64.81[0m Usada: [31m64.756[0m
Central 23: [32m3[0m Produccio: [35m45.15[0m Usada: [31m44.772[0m
Central 24: [32m4[0m Produccio: [35m57.44[0m Usada: [31m57.33599999999999[0m
Central 25: [32m4[0m Produccio: [35m58.52[0m Usada: [31m58.443000000000005[0m
Central 26: [32m4[0m Produccio: [35m77.86[0m Usada: [31m77.176[0m
Central 27: [32m2[0m Produccio: [35m32.8[0m Usada: [31m32.623999999999995[0m
Central 28: [32m4[0m Produccio: [35m57.86[0m Usada: [31m57.838[0m
Central 29: [32m5[0m Produccio: [35m81.4[0m Usada: [31m81.398[0m
Central 30: [32m2[0m Produccio: [35m21.62[0m Usada: [31m21.47[0m
Central 31: [32m5[0m Produccio: [35m84.01[0m Usada: [31m83.98599999999999[0m
Central 32: [32m4[0m Produccio: [35m49.81[0m Usada: [31m49.691[0m
Central 33: [32m2[0m Produccio: [35m26.98[0m Usada: [31m26.7[0m
Central 34: [32m4[0m Produccio: [35m67.99[0m Usada: [31m67.858[0m
Central 35: [32m6[0m Produccio: [35m95.39[0m Usada: [31m94.498[0m
Central 36: [32m4[0m Produccio: [35m73.2[0m Usada: [31m72.776[0m
Central 37: [32m2[0m Produccio: [35m27.49[0m Usada: [31m27.158[0m
Central 38: [32m6[0m Produccio: [35m90.11[0m Usada: [31m89.96199999999999[0m
Central 39: [32m2[0m Produccio: [35m39.44[0m Usada: [31m38.262[0m
Central NONE: [32m0[0m
Central NONE: [32m120[0m
Beneficis = 98297.10000000027Clients No assignats = 120 Centrals Tancades 0

TSP HillClimbing  -->

Beneficis = 97750.00000000025Movimiento 174 880 Coste(11772.167) ---> BoarHat@4b158e16
Beneficis = 97203.35000000025Movimiento 45 561 Coste(11745.771) ---> BoarHat@48b3b9dd
Beneficis = 96633.25000000025Movimiento 326 787 Coste(11721.897) ---> BoarHat@75769c57
Beneficis = 96065.85000000022Movimiento 16 761 Coste(11701.414) ---> BoarHat@2d0ea823
Beneficis = 95523.4500000002Movimiento 34 833 Coste(11681.631000000001) ---> BoarHat@28c6cb5f
Beneficis = 94944.50000000019Movimiento 411 854 Coste(11662.524000000001) ---> BoarHat@287acf1a
Beneficis = 94944.50000000019Movimiento 208 244 Coste(11644.744) ---> BoarHat@61c45d10
Beneficis = 94540.95000000019Movimiento 455 646 Coste(11627.006000000001) ---> BoarHat@7351211c
Beneficis = 94540.95000000019Movimiento 253 707 Coste(11609.568000000001) ---> BoarHat@154b0b1e
Beneficis = 94069.70000000019Movimiento 419 618 Coste(11592.54) ---> BoarHat@6d75862e
Beneficis = 94069.70000000019Movimiento 284 619 Coste(11575.938) ---> BoarHat@4abb2b0a
Beneficis = 94069.70000000019Movimiento 163 555 Coste(11559.964) ---> BoarHat@2950f840
Beneficis = 94069.70000000019Movimiento 58 77 Coste(11544.074) ---> BoarHat@7a0841c3
Beneficis = 94069.70000000019Movimiento 130 172 Coste(11528.184000000001) ---> BoarHat@559181c6
Beneficis = 93646.0000000002Movimiento 78 762 Coste(11512.4) ---> BoarHat@16626569
Beneficis = 93146.4000000002Movimiento 222 497 Coste(11496.640000000001) ---> BoarHat@798598fc
Beneficis = 92792.80000000022Movimiento 298 852 Coste(11481.416000000001) ---> BoarHat@1866fe56
Beneficis = 92792.80000000022Movimiento 20 908 Coste(11466.238000000001) ---> BoarHat@1877ad05
Beneficis = 92456.20000000022Movimiento 90 725 Coste(11451.404) ---> BoarHat@7d8b8c31
Beneficis = 92162.80000000019Movimiento 69 869 Coste(11436.788) ---> BoarHat@64d43dee
Beneficis = 92162.80000000019Movimiento 35 867 Coste(11422.232) ---> BoarHat@7fbcd5a6
Beneficis = 92162.80000000019Movimiento 278 951 Coste(11408.452) ---> BoarHat@3f238893
Beneficis = 91866.1500000002Movimiento 435 649 Coste(11395.057) ---> BoarHat@3785a4a9
Beneficis = 91866.1500000002Movimiento 188 464 Coste(11381.793) ---> BoarHat@75cba4f2
Beneficis = 91866.1500000002Movimiento 260 323 Coste(11368.626) ---> BoarHat@20c7bf84
Beneficis = 91576.05000000019Movimiento 288 641 Coste(11355.691) ---> BoarHat@5774f56c
Beneficis = 91576.05000000019Movimiento 59 719 Coste(11342.991) ---> BoarHat@575057ed
Beneficis = 91243.5000000002Movimiento 96 601 Coste(11330.547) ---> BoarHat@6c4f803f
Beneficis = 91243.5000000002Movimiento 687 856 Coste(11318.543) ---> BoarHat@34a9c52c
Beneficis = 90924.45000000019Movimiento 116 606 Coste(11306.555) ---> BoarHat@575ff7c7
Beneficis = 90924.45000000019Movimiento 915 945 Coste(11294.661) ---> BoarHat@47701887
Beneficis = 90924.45000000019Movimiento 212 282 Coste(11282.956) ---> BoarHat@74e578fd
Beneficis = 90924.45000000019Movimiento 584 871 Coste(11271.543) ---> BoarHat@601cb781
Beneficis = 90924.45000000019Movimiento 216 397 Coste(11259.963) ---> BoarHat@41e2cf17
Beneficis = 90690.35000000015Movimiento 324 793 Coste(11248.806) ---> BoarHat@54959c79
Beneficis = 90690.35000000015Movimiento 192 991 Coste(11237.77) ---> BoarHat@7ff7edf6
Beneficis = 90690.35000000015Movimiento 448 551 Coste(11226.749) ---> BoarHat@6ce2860b
Beneficis = 90690.35000000015Movimiento 423 765 Coste(11215.802) ---> BoarHat@9ea2c92
Beneficis = 90690.35000000015Movimiento 348 764 Coste(11205.15) ---> BoarHat@434ce828
Beneficis = 90430.20000000016Movimiento 372 498 Coste(11194.887) ---> BoarHat@6a4e59d1
Beneficis = 90173.15000000014Movimiento 160 484 Coste(11184.691) ---> BoarHat@3b85f0b0
Beneficis = 90173.15000000014Movimiento 67 121 Coste(11174.567) ---> BoarHat@33cdf40a
Beneficis = 90173.15000000014Movimiento 403 935 Coste(11164.932) ---> BoarHat@253f78be
Beneficis = 90173.15000000014Movimiento 763 783 Coste(11155.389) ---> BoarHat@39a7c338
Beneficis = 90173.15000000014Movimiento 450 472 Coste(11145.917) ---> BoarHat@1558b30f
Beneficis = 89905.95000000016Movimiento 13 701 Coste(11136.612) ---> BoarHat@2c8c824f
Beneficis = 89905.95000000016Movimiento 373 647 Coste(11127.35) ---> BoarHat@274b13d4
Beneficis = 89905.95000000016Movimiento 902 953 Coste(11117.714) ---> BoarHat@535a9211
Beneficis = 89664.25000000017Movimiento 442 829 Coste(11108.474) ---> BoarHat@62bff578
Beneficis = 89664.25000000017Movimiento 437 540 Coste(11099.546) ---> BoarHat@7327d88f
Beneficis = 89664.25000000017Movimiento 287 865 Coste(11090.902) ---> BoarHat@b0b1746
Beneficis = 89664.25000000017Movimiento 143 663 Coste(11082.597) ---> BoarHat@70c14ee
Beneficis = 89462.05000000019Movimiento 364 704 Coste(11074.485) ---> BoarHat@333ba8b4
Beneficis = 89462.05000000019Movimiento 99 831 Coste(11066.389) ---> BoarHat@6982ee0a
Beneficis = 89462.05000000019Movimiento 140 385 Coste(11058.46) ---> BoarHat@4fe3e080
Beneficis = 89462.05000000019Movimiento 366 970 Coste(11050.615) ---> BoarHat@2e3235bd
Beneficis = 89462.05000000019Movimiento 53 343 Coste(11043.202) ---> BoarHat@50577b4f
Beneficis = 89462.05000000019Movimiento 376 742 Coste(11035.792) ---> BoarHat@453082d9
Beneficis = 89462.05000000019Movimiento 281 463 Coste(11028.539999999999) ---> BoarHat@44dd0b7
Beneficis = 89298.95000000019Movimiento 399 723 Coste(11021.353) ---> BoarHat@4090fb58
Beneficis = 89298.95000000019Movimiento 32 491 Coste(11014.519) ---> BoarHat@c3ce9ba
Beneficis = 89298.95000000019Movimiento 365 768 Coste(11007.767) ---> BoarHat@7becc5a7
Beneficis = 89298.95000000019Movimiento 263 714 Coste(11001.075) ---> BoarHat@7f410703
Beneficis = 89298.95000000019Movimiento 154 418 Coste(10994.388) ---> BoarHat@16d09fed
Beneficis = 89128.9000000002Movimiento 327 620 Coste(10987.711) ---> BoarHat@19c29136
Beneficis = 89128.9000000002Movimiento 308 916 Coste(10981.209) ---> BoarHat@e767b43
Beneficis = 89128.9000000002Movimiento 573 950 Coste(10974.065) ---> BoarHat@181e4780
Beneficis = 89128.9000000002Movimiento 269 320 Coste(10967.685) ---> BoarHat@66c3252e
Beneficis = 89128.9000000002Movimiento 103 759 Coste(10961.369) ---> BoarHat@5800d512
Beneficis = 89128.9000000002Movimiento 209 969 Coste(10955.253) ---> BoarHat@59d01bdc
Beneficis = 88988.95000000019Movimiento 438 889 Coste(10949.476999999999) ---> BoarHat@45382bde
Beneficis = 88988.95000000019Movimiento 277 650 Coste(10943.727) ---> BoarHat@201e2420
Beneficis = 88988.95000000019Movimiento 169 794 Coste(10938.045) ---> BoarHat@5154011f
Beneficis = 88988.95000000019Movimiento 124 955 Coste(10932.497) ---> BoarHat@3598e076
Beneficis = 88988.95000000019Movimiento 17 227 Coste(10927.349) ---> BoarHat@65f1371e
Beneficis = 88842.50000000017Movimiento 235 790 Coste(10922.205) ---> BoarHat@5e5020ce
Beneficis = 88842.50000000017Movimiento 187 282 Coste(10917.083) ---> BoarHat@3a65fa13
Beneficis = 88842.50000000017Movimiento 286 801 Coste(10911.979) ---> BoarHat@1beb4b40
Beneficis = 88770.75000000015Movimiento 72 782 Coste(10906.876) ---> BoarHat@6bdb50f5
Beneficis = 88770.75000000015Movimiento 664 844 Coste(10901.884) ---> BoarHat@59bf353c
Beneficis = 88770.75000000015Movimiento 313 964 Coste(10896.945) ---> BoarHat@30caecbe
Beneficis = 88770.75000000015Movimiento 450 835 Coste(10892.099) ---> BoarHat@35d5455
Beneficis = 88770.75000000015Movimiento 100 515 Coste(10887.311) ---> BoarHat@7c65d048
Beneficis = 88683.15000000017Movimiento 122 730 Coste(10882.524) ---> BoarHat@3f5d25fe
Beneficis = 88683.15000000017Movimiento 290 413 Coste(10877.755000000001) ---> BoarHat@7e1ac6fe
Beneficis = 88683.15000000017Movimiento 42 744 Coste(10873.027) ---> BoarHat@7f4e3174
Beneficis = 88683.15000000017Movimiento 470 608 Coste(10868.303) ---> BoarHat@1726123b
Beneficis = 88683.15000000017Movimiento 431 900 Coste(10863.59) ---> BoarHat@51731343
Beneficis = 88588.70000000016Movimiento 109 671 Coste(10858.898) ---> BoarHat@4a3f8303
Beneficis = 88506.20000000016Movimiento 40 525 Coste(10854.29) ---> BoarHat@4402778c
Beneficis = 88506.20000000016Movimiento 660 993 Coste(10849.746) ---> BoarHat@765fe52a
Beneficis = 88506.20000000016Movimiento 231 307 Coste(10845.23) ---> BoarHat@6e1ce0e1
Beneficis = 88506.20000000016Movimiento 192 807 Coste(10840.742) ---> BoarHat@736aae34
Beneficis = 88506.20000000016Movimiento 712 907 Coste(10836.361) ---> BoarHat@5bc4e174
Beneficis = 88506.20000000016Movimiento 913 914 Coste(10831.992) ---> BoarHat@1ef6a246
Beneficis = 88506.20000000016Movimiento 520 550 Coste(10827.636) ---> BoarHat@773ffca
Beneficis = 88506.20000000016Movimiento 215 398 Coste(10823.321) ---> BoarHat@16e095ce
Beneficis = 88506.20000000016Movimiento 695 731 Coste(10819.149) ---> BoarHat@3b97c267
Beneficis = 88506.20000000016Movimiento 377 582 Coste(10814.985) ---> BoarHat@2e507863
Beneficis = 88506.20000000016Movimiento 506 941 Coste(10810.83) ---> BoarHat@48c20d32
Beneficis = 88506.20000000016Movimiento 226 717 Coste(10806.708) ---> BoarHat@47e2e460
Beneficis = 88506.20000000016Movimiento 557 591 Coste(10802.628) ---> BoarHat@c10f919
Beneficis = 88506.20000000016Movimiento 68 490 Coste(10798.58) ---> BoarHat@662220d0
Beneficis = 88506.20000000016Movimiento 284 390 Coste(10794.578) ---> BoarHat@7f80be80
Beneficis = 88391.90000000014Movimiento 10 890 Coste(10790.578) ---> BoarHat@44de618a
Beneficis = 88391.90000000014Movimiento 321 687 Coste(10786.593) ---> BoarHat@148f3b42
Beneficis = 88391.90000000014Movimiento 119 963 Coste(10782.657) ---> BoarHat@67ae862b
Beneficis = 88391.90000000014Movimiento 868 987 Coste(10778.798999999999) ---> BoarHat@edb36a5
Beneficis = 88391.90000000014Movimiento 523 656 Coste(10774.955) ---> BoarHat@7080c4d9
Beneficis = 88391.90000000014Movimiento 655 728 Coste(10771.149) ---> BoarHat@56bf55ed
Beneficis = 88391.90000000014Movimiento 197 257 Coste(10767.502) ---> BoarHat@765d0f54
Beneficis = 88391.90000000014Movimiento 448 908 Coste(10763.907) ---> BoarHat@522faf80
Beneficis = 88391.90000000014Movimiento 79 375 Coste(10760.333) ---> BoarHat@58a9e83b
Beneficis = 88391.90000000014Movimiento 46 467 Coste(10756.869) ---> BoarHat@55b91294
Beneficis = 88391.90000000014Movimiento 232 968 Coste(10753.444) ---> BoarHat@3e957408
Beneficis = 88391.90000000014Movimiento 214 544 Coste(10750.032) ---> BoarHat@31287177
Beneficis = 88391.90000000014Movimiento 683 705 Coste(10746.646) ---> BoarHat@367f42f
Beneficis = 88391.90000000014Movimiento 739 825 Coste(10743.261) ---> BoarHat@566c60f1
Beneficis = 88391.90000000014Movimiento 195 457 Coste(10739.891) ---> BoarHat@59fbe032
Beneficis = 88273.55000000013Movimiento 179 961 Coste(10736.53) ---> BoarHat@20417a3d
Beneficis = 88273.55000000013Movimiento 355 897 Coste(10733.194) ---> BoarHat@19338b34
Beneficis = 88273.55000000013Movimiento 121 821 Coste(10729.892) ---> BoarHat@723c0e71
Beneficis = 88273.55000000013Movimiento 424 951 Coste(10726.648) ---> BoarHat@2bb260c
Beneficis = 88273.55000000013Movimiento 35 515 Coste(10723.42) ---> BoarHat@1c6ed27e
Beneficis = 88273.55000000013Movimiento 278 760 Coste(10720.202000000001) ---> BoarHat@15cf1785
Beneficis = 88273.55000000013Movimiento 679 698 Coste(10717.012) ---> BoarHat@2a58fae2
Beneficis = 88273.55000000013Movimiento 477 544 Coste(10713.828) ---> BoarHat@7195c9aa
Beneficis = 88273.55000000013Movimiento 14 410 Coste(10710.648000000001) ---> BoarHat@4cec9139
Beneficis = 88273.55000000013Movimiento 711 815 Coste(10707.512) ---> BoarHat@63eaf2f0
Beneficis = 88273.55000000013Movimiento 293 563 Coste(10704.38) ---> BoarHat@503ed323
Beneficis = 88273.55000000013Movimiento 144 936 Coste(10701.255) ---> BoarHat@60b777a
Beneficis = 88273.55000000013Movimiento 589 977 Coste(10698.131) ---> BoarHat@6fae714e
Beneficis = 88273.55000000013Movimiento 167 668 Coste(10695.077000000001) ---> BoarHat@747a73d5
Beneficis = 88178.15000000014Movimiento 338 985 Coste(10692.041000000001) ---> BoarHat@747222ad
Beneficis = 88178.15000000014Movimiento 129 189 Coste(10689.022) ---> BoarHat@e9a788c
Beneficis = 88178.15000000014Movimiento 52 763 Coste(10686.028) ---> BoarHat@49bacd5a
Beneficis = 88178.15000000014Movimiento 429 863 Coste(10683.051) ---> BoarHat@3872be20
Beneficis = 88178.15000000014Movimiento 261 945 Coste(10680.12) ---> BoarHat@55217618
Beneficis = 88178.15000000014Movimiento 33 789 Coste(10677.204) ---> BoarHat@4f5e1c3
Beneficis = 88178.15000000014Movimiento 736 983 Coste(10674.292) ---> BoarHat@1e42debd
Beneficis = 88120.35000000015Movimiento 413 780 Coste(10671.412) ---> BoarHat@16c20f24
Beneficis = 88120.35000000015Movimiento 602 735 Coste(10668.534) ---> BoarHat@66a0d7ba
Beneficis = 88120.35000000015Movimiento 107 768 Coste(10665.705) ---> BoarHat@68c7ba69
Beneficis = 88120.35000000015Movimiento 131 302 Coste(10662.883) ---> BoarHat@6f7e3db1
Beneficis = 88120.35000000015Movimiento 19 446 Coste(10660.063) ---> BoarHat@5aa6f1f2
Beneficis = 88120.35000000015Movimiento 369 543 Coste(10657.255000000001) ---> BoarHat@69e2ec63
Beneficis = 88120.35000000015Movimiento 23 128 Coste(10654.45) ---> BoarHat@599167aa
Beneficis = 88024.05000000016Movimiento 242 882 Coste(10651.648000000001) ---> BoarHat@624b8a55
Beneficis = 88024.05000000016Movimiento 202 430 Coste(10648.862000000001) ---> BoarHat@1b00ff21
Beneficis = 88024.05000000016Movimiento 180 452 Coste(10646.092) ---> BoarHat@1133db11
Beneficis = 88024.05000000016Movimiento 255 855 Coste(10643.334) ---> BoarHat@3795bb72
Beneficis = 88024.05000000016Movimiento 107 380 Coste(10640.584) ---> BoarHat@596b06b9
Beneficis = 87972.75000000015Movimiento 86 748 Coste(10637.838) ---> BoarHat@2da5e1c9
Beneficis = 87972.75000000015Movimiento 611 692 Coste(10635.094000000001) ---> BoarHat@4ee1beea
Beneficis = 87972.75000000015Movimiento 710 899 Coste(10632.368) ---> BoarHat@162b3e46
Beneficis = 87972.75000000015Movimiento 271 562 Coste(10629.651) ---> BoarHat@7dbc0d19
Beneficis = 87972.75000000015Movimiento 194 842 Coste(10626.972) ---> BoarHat@3448a8e7
Beneficis = 87972.75000000015Movimiento 373 994 Coste(10624.168) ---> BoarHat@5c793057
Beneficis = 87972.75000000015Movimiento 47 998 Coste(10621.558) ---> BoarHat@5f44cde0
Beneficis = 87972.75000000015Movimiento 567 883 Coste(10618.963) ---> BoarHat@3e9ed44c
Beneficis = 87972.75000000015Movimiento 112 861 Coste(10616.374) ---> BoarHat@28cee059
Beneficis = 87972.75000000015Movimiento 292 877 Coste(10613.786) ---> BoarHat@6b6cb2c6
Beneficis = 87972.75000000015Movimiento 126 990 Coste(10611.258) ---> BoarHat@192c44e6
Beneficis = 87924.35000000015Movimiento 454 811 Coste(10608.73) ---> BoarHat@6a89f351
Beneficis = 87924.35000000015Movimiento 354 648 Coste(10606.256000000001) ---> BoarHat@6efe6396
Beneficis = 87924.35000000015Movimiento 207 962 Coste(10603.784) ---> BoarHat@5990fca0
Beneficis = 87924.35000000015Movimiento 690 918 Coste(10601.315) ---> BoarHat@472cc24a
Beneficis = 87924.35000000015Movimiento 225 494 Coste(10598.863000000001) ---> BoarHat@7376645b
Beneficis = 87924.35000000015Movimiento 265 995 Coste(10596.422) ---> BoarHat@75b20e67
Beneficis = 87924.35000000015Movimiento 132 966 Coste(10593.983) ---> BoarHat@1c963fd1
Beneficis = 87924.35000000015Movimiento 223 582 Coste(10591.558) ---> BoarHat@7c342c4f
Beneficis = 87924.35000000015Movimiento 73 145 Coste(10589.143) ---> BoarHat@339cdd0e
Beneficis = 87924.35000000015Movimiento 120 386 Coste(10586.753) ---> BoarHat@59b53de3
Beneficis = 87924.35000000015Movimiento 553 651 Coste(10584.367) ---> BoarHat@59336a3d
Beneficis = 87924.35000000015Movimiento 117 740 Coste(10581.982) ---> BoarHat@9425164
Beneficis = 87924.35000000015Movimiento 340 757 Coste(10579.633000000002) ---> BoarHat@785368ec
Beneficis = 87924.35000000015Movimiento 478 542 Coste(10577.314) ---> BoarHat@2c475aca
Beneficis = 87924.35000000015Movimiento 142 303 Coste(10575.005000000001) ---> BoarHat@16802731
Beneficis = 87924.35000000015Movimiento 299 417 Coste(10572.701000000001) ---> BoarHat@6056ea82
Beneficis = 87886.05000000013Movimiento 217 621 Coste(10570.401) ---> BoarHat@626109e1
Beneficis = 87886.05000000013Movimiento 305 374 Coste(10568.123000000001) ---> BoarHat@1c1c43d0
Beneficis = 87886.05000000013Movimiento 158 176 Coste(10565.849) ---> BoarHat@2cebc9f0
Beneficis = 87886.05000000013Movimiento 213 473 Coste(10563.581) ---> BoarHat@12d89eb2
Beneficis = 87886.05000000013Movimiento 831 875 Coste(10561.329000000002) ---> BoarHat@39a13981
Beneficis = 87886.05000000013Movimiento 328 741 Coste(10559.103000000001) ---> BoarHat@3eed2205
Beneficis = 87886.05000000013Movimiento 667 958 Coste(10556.894) ---> BoarHat@5c07605a
Beneficis = 87853.30000000016Movimiento 301 693 Coste(10554.720000000001) ---> BoarHat@717db436
Beneficis = 87853.30000000016Movimiento 98 267 Coste(10552.550000000001) ---> BoarHat@3daaf557
Beneficis = 87853.30000000016Movimiento 11 205 Coste(10550.418000000001) ---> BoarHat@629dec81
Beneficis = 87853.30000000016Movimiento 453 795 Coste(10548.310000000001) ---> BoarHat@4f9c495b
Beneficis = 87853.30000000016Movimiento 412 954 Coste(10546.223) ---> BoarHat@2f3b9217
Beneficis = 87853.30000000016Movimiento 379 510 Coste(10544.140000000001) ---> BoarHat@44141a2e
Beneficis = 87853.30000000016Movimiento 81 972 Coste(10542.068000000001) ---> BoarHat@5a23dd65
Beneficis = 87853.30000000016Movimiento 456 865 Coste(10540.0) ---> BoarHat@6d1ce5e
Beneficis = 87853.30000000016Movimiento 347 778 Coste(10537.933) ---> BoarHat@357fa39b
Beneficis = 87853.30000000016Movimiento 137 975 Coste(10535.873000000001) ---> BoarHat@6cccd02e
Beneficis = 87853.30000000016Movimiento 48 150 Coste(10533.818000000001) ---> BoarHat@17b77bec
Beneficis = 87853.30000000016Movimiento 103 395 Coste(10531.768) ---> BoarHat@3c81d9a1
Beneficis = 87853.30000000016Movimiento 626 984 Coste(10529.736) ---> BoarHat@11a40e19
Beneficis = 87853.30000000016Movimiento 555 788 Coste(10527.712) ---> BoarHat@7f3a9e5c
Beneficis = 87853.30000000016Movimiento 574 902 Coste(10525.114) ---> BoarHat@3a7c754c
Beneficis = 87853.30000000016Movimiento 603 682 Coste(10522.946) ---> BoarHat@315c780f
Beneficis = 87811.95000000016Movimiento 108 670 Coste(10520.934000000001) ---> BoarHat@dd0950c
Beneficis = 87811.95000000016Movimiento 84 732 Coste(10518.936) ---> BoarHat@26037b4a
Beneficis = 87811.95000000016Movimiento 263 360 Coste(10516.958) ---> BoarHat@1190f5fa
Beneficis = 87811.95000000016Movimiento 4 837 Coste(10514.988000000001) ---> BoarHat@35659dda
Beneficis = 87811.95000000016Movimiento 505 737 Coste(10513.028) ---> BoarHat@5e454e6f
Beneficis = 87811.95000000016Movimiento 594 800 Coste(10511.084) ---> BoarHat@572c61e6
Beneficis = 87811.95000000016Movimiento 230 776 Coste(10509.151) ---> BoarHat@21009f65
Beneficis = 87811.95000000016Movimiento 102 784 Coste(10507.238000000001) ---> BoarHat@7709f74c
Beneficis = 87811.95000000016Movimiento 390 719 Coste(10505.328) ---> BoarHat@1366eebd
Beneficis = 87811.95000000016Movimiento 209 362 Coste(10503.432) ---> BoarHat@468cf3c6
Beneficis = 87811.95000000016Movimiento 558 685 Coste(10501.551) ---> BoarHat@53a41ca0
Beneficis = 87811.95000000016Movimiento 12 405 Coste(10499.671) ---> BoarHat@26d33629
Beneficis = 87811.95000000016Movimiento 482 609 Coste(10497.799) ---> BoarHat@5e1a4393
Beneficis = 87811.95000000016Movimiento 247 528 Coste(10495.93) ---> BoarHat@116765ad
Beneficis = 87811.95000000016Movimiento 439 680 Coste(10494.073) ---> BoarHat@7d95ac16
Beneficis = 87811.95000000016Movimiento 203 766 Coste(10492.228000000001) ---> BoarHat@5b277780
Beneficis = 87743.55000000013Movimiento 433 496 Coste(10490.404) ---> BoarHat@32d61129
Beneficis = 87743.55000000013Movimiento 53 111 Coste(10488.582) ---> BoarHat@25f2209d
Beneficis = 87743.55000000013Movimiento 146 524 Coste(10486.766) ---> BoarHat@329292ff
Beneficis = 87743.55000000013Movimiento 146 212 Coste(10484.572) ---> BoarHat@1e7207af
Beneficis = 87743.55000000013Movimiento 156 920 Coste(10482.757000000001) ---> BoarHat@419f1ed6
Beneficis = 87743.55000000013Movimiento 366 744 Coste(10480.968) ---> BoarHat@8964844
Beneficis = 87743.55000000013Movimiento 653 974 Coste(10479.185000000001) ---> BoarHat@5fa9aaba
Beneficis = 87743.55000000013Movimiento 223 935 Coste(10477.413) ---> BoarHat@215a9b9e
Beneficis = 87743.55000000013Movimiento 3 314 Coste(10475.645) ---> BoarHat@25f096c2
Beneficis = 87743.55000000013Movimiento 850 860 Coste(10473.880000000001) ---> BoarHat@756ed7
Beneficis = 87743.55000000013Movimiento 633 734 Coste(10472.138) ---> BoarHat@3361e55
Beneficis = 87743.55000000013Movimiento 143 855 Coste(10470.402) ---> BoarHat@59f3ac7
Beneficis = 87743.55000000013Movimiento 931 981 Coste(10468.695) ---> BoarHat@18a1cd60
Beneficis = 87743.55000000013Movimiento 471 689 Coste(10466.989000000001) ---> BoarHat@76e13ccb
Beneficis = 87743.55000000013Movimiento 106 590 Coste(10465.297) ---> BoarHat@bcb0dcb
Beneficis = 87743.55000000013Movimiento 361 898 Coste(10463.611) ---> BoarHat@42a4d74f
Beneficis = 87743.55000000013Movimiento 95 469 Coste(10461.937) ---> BoarHat@497b7997
Beneficis = 87743.55000000013Movimiento 847 901 Coste(10460.265000000001) ---> BoarHat@6f2496a4
Beneficis = 87743.55000000013Movimiento 331 415 Coste(10458.597) ---> BoarHat@4d501cd
Beneficis = 87743.55000000013Movimiento 458 952 Coste(10456.953000000001) ---> BoarHat@7392f99
Beneficis = 87743.55000000013Movimiento 258 560 Coste(10455.351) ---> BoarHat@79ebe5d3
Beneficis = 87743.55000000013Movimiento 279 392 Coste(10453.754) ---> BoarHat@471e48bf
Beneficis = 87743.55000000013Movimiento 224 813 Coste(10452.16) ---> BoarHat@56349d73
Beneficis = 87743.55000000013Movimiento 533 688 Coste(10450.586000000001) ---> BoarHat@6786672
Beneficis = 87743.55000000013Movimiento 51 955 Coste(10449.015) ---> BoarHat@54abc49b
Beneficis = 87743.55000000013Movimiento 396 518 Coste(10447.458) ---> BoarHat@4a1220c9
Beneficis = 87743.55000000013Movimiento 198 824 Coste(10445.904) ---> BoarHat@765be420
Beneficis = 87743.55000000013Movimiento 250 541 Coste(10444.372) ---> BoarHat@17dbd82e
Beneficis = 87743.55000000013Movimiento 138 196 Coste(10442.845000000001) ---> BoarHat@2725751e
Beneficis = 87743.55000000013Movimiento 76 460 Coste(10441.321) ---> BoarHat@233280a4
Beneficis = 87743.55000000013Movimiento 445 965 Coste(10439.809000000001) ---> BoarHat@61777ef6
Beneficis = 87743.55000000013Movimiento 80 274 Coste(10438.311) ---> BoarHat@317ee1f5
Beneficis = 87743.55000000013Movimiento 394 548 Coste(10436.827000000001) ---> BoarHat@192ff54a
Beneficis = 87743.55000000013Movimiento 779 808 Coste(10435.357) ---> BoarHat@1a5148e6
Beneficis = 87743.55000000013Movimiento 447 948 Coste(10433.909) ---> BoarHat@4a1c68f9
Beneficis = 87743.55000000013Movimiento 29 487 Coste(10432.462) ---> BoarHat@51a00fe0
Beneficis = 87743.55000000013Movimiento 261 894 Coste(10431.018) ---> BoarHat@67a7d87
Beneficis = 87743.55000000013Movimiento 268 721 Coste(10429.574) ---> BoarHat@113c155c
Beneficis = 87743.55000000013Movimiento 68 350 Coste(10428.134) ---> BoarHat@35cfb170
Beneficis = 87743.55000000013Movimiento 772 839 Coste(10426.694) ---> BoarHat@86d0ac0
Beneficis = 87743.55000000013Movimiento 295 517 Coste(10425.269) ---> BoarHat@3a90fec3
Beneficis = 87743.55000000013Movimiento 50 449 Coste(10423.853000000001) ---> BoarHat@4cfb3343
Beneficis = 87743.55000000013Movimiento 352 489 Coste(10422.439) ---> BoarHat@332592e0
Beneficis = 87743.55000000013Movimiento 49 241 Coste(10421.044) ---> BoarHat@2229368
Beneficis = 87743.55000000013Movimiento 71 177 Coste(10419.654) ---> BoarHat@731523e2
Beneficis = 87726.95000000013Movimiento 21 978 Coste(10418.269) ---> BoarHat@155b341f
Beneficis = 87726.95000000013Movimiento 118 638 Coste(10416.904) ---> BoarHat@2d6a0ed6
Beneficis = 87726.95000000013Movimiento 291 485 Coste(10415.546) ---> BoarHat@1fb3d0e4
Beneficis = 87726.95000000013Movimiento 36 98 Coste(10414.202000000001) ---> BoarHat@7410cfc5
Beneficis = 87726.95000000013Movimiento 310 991 Coste(10412.864) ---> BoarHat@564437a5
Beneficis = 87726.95000000013Movimiento 630 822 Coste(10411.529) ---> BoarHat@5cec97da
Beneficis = 87726.95000000013Movimiento 588 904 Coste(10410.2) ---> BoarHat@70ed35fd
Beneficis = 87726.95000000013Movimiento 254 724 Coste(10408.876) ---> BoarHat@709c9464
Beneficis = 87726.95000000013Movimiento 93 744 Coste(10407.559000000001) ---> BoarHat@4f991ff9
Beneficis = 87726.95000000013Movimiento 677 997 Coste(10406.242) ---> BoarHat@1053cdeb
Beneficis = 87726.95000000013Movimiento 65 888 Coste(10404.933) ---> BoarHat@6a0b2f34
Beneficis = 87726.95000000013Movimiento 85 151 Coste(10403.628) ---> BoarHat@14ac83b2
Beneficis = 87726.95000000013Movimiento 597 608 Coste(10402.331) ---> BoarHat@6e1dde3f
Beneficis = 87726.95000000013Movimiento 182 576 Coste(10401.049) ---> BoarHat@2461602
Beneficis = 87726.95000000013Movimiento 91 756 Coste(10399.769) ---> BoarHat@11d4169f
Beneficis = 87726.95000000013Movimiento 33 370 Coste(10398.497) ---> BoarHat@107645cf
Beneficis = 87726.95000000013Movimiento 24 628 Coste(10397.229000000001) ---> BoarHat@232e5e85
Beneficis = 87726.95000000013Movimiento 848 933 Coste(10395.984) ---> BoarHat@64609cde
Beneficis = 87726.95000000013Movimiento 593 798 Coste(10394.761) ---> BoarHat@53c1693e
Beneficis = 87726.95000000013Movimiento 171 917 Coste(10393.548) ---> BoarHat@3da9aba1
Beneficis = 87726.95000000013Movimiento 153 546 Coste(10392.355) ---> BoarHat@5bd3b9a0
Beneficis = 87726.95000000013Movimiento 303 476 Coste(10391.166000000001) ---> BoarHat@2718aaeb
Beneficis = 87734.80000000013Movimiento 226 912 Coste(10389.98) ---> BoarHat@747d471b
Beneficis = 87734.80000000013Movimiento 385 486 Coste(10388.794) ---> BoarHat@2e21114f
Beneficis = 87734.80000000013Movimiento 345 520 Coste(10387.609) ---> BoarHat@44379b89
Beneficis = 87734.80000000013Movimiento 97 527 Coste(10386.437) ---> BoarHat@7f05cd35
Beneficis = 87713.90000000014Movimiento 173 976 Coste(10385.271) ---> BoarHat@77513a14
Beneficis = 87713.90000000014Movimiento 30 516 Coste(10384.117) ---> BoarHat@75632901
Beneficis = 87713.90000000014Movimiento 774 954 Coste(10382.967) ---> BoarHat@73be16e3
Beneficis = 87713.90000000014Movimiento 436 726 Coste(10381.825) ---> BoarHat@75862048
Beneficis = 87713.90000000014Movimiento 25 664 Coste(10380.703000000001) ---> BoarHat@2047948c
Beneficis = 87713.90000000014Movimiento 427 910 Coste(10379.6) ---> BoarHat@4bdd88fe
Beneficis = 87713.90000000014Movimiento 148 581 Coste(10378.504) ---> BoarHat@61c15f50
Beneficis = 87713.90000000014Movimiento 102 210 Coste(10377.417) ---> BoarHat@467034aa
Beneficis = 87713.90000000014Movimiento 31 971 Coste(10376.343) ---> BoarHat@12460581
Beneficis = 87713.90000000014Movimiento 239 580 Coste(10375.272) ---> BoarHat@45f93622
Beneficis = 87713.90000000014Movimiento 336 675 Coste(10374.217) ---> BoarHat@6c06916c
Beneficis = 87713.90000000014Movimiento 325 420 Coste(10373.169) ---> BoarHat@4a1e6ff4
Beneficis = 87713.90000000014Movimiento 289 816 Coste(10372.122) ---> BoarHat@4391f3f4
Beneficis = 87713.90000000014Movimiento 817 826 Coste(10371.082) ---> BoarHat@405b3140
Beneficis = 87713.90000000014Movimiento 613 676 Coste(10370.05) ---> BoarHat@722449c6
Beneficis = 87713.90000000014Movimiento 233 864 Coste(10369.019) ---> BoarHat@295def47
Beneficis = 87713.90000000014Movimiento 683 771 Coste(10367.998) ---> BoarHat@1d827f6b
Beneficis = 87713.90000000014Movimiento 41 568 Coste(10366.982) ---> BoarHat@3bb17e8
Beneficis = 87713.90000000014Movimiento 123 501 Coste(10365.967) ---> BoarHat@58517155
Beneficis = 87713.90000000014Movimiento 269 418 Coste(10364.953) ---> BoarHat@47591727
Beneficis = 87713.90000000014Movimiento 727 906 Coste(10363.941) ---> BoarHat@458916a4
Beneficis = 87713.90000000014Movimiento 317 889 Coste(10362.941) ---> BoarHat@786156cc
Beneficis = 87713.90000000014Movimiento 786 982 Coste(10361.945) ---> BoarHat@45b74da9
Beneficis = 87713.90000000014Movimiento 152 792 Coste(10360.972) ---> BoarHat@2640052c
Beneficis = 87713.90000000014Movimiento 577 812 Coste(10360.002) ---> BoarHat@bf00593
Beneficis = 87713.90000000014Movimiento 8 404 Coste(10359.033) ---> BoarHat@62baf8c5
Beneficis = 87713.90000000014Movimiento 205 310 Coste(10358.069) ---> BoarHat@230cf4f6
Beneficis = 87713.90000000014Movimiento 431 546 Coste(10357.131) ---> BoarHat@5ba22bfc
Beneficis = 87695.20000000016Movimiento 356 919 Coste(10356.205) ---> BoarHat@11566509
Beneficis = 87695.20000000016Movimiento 193 615 Coste(10355.3) ---> BoarHat@3d3ea0c1
Beneficis = 87695.20000000016Movimiento 607 733 Coste(10354.396) ---> BoarHat@58c9d4bd
Beneficis = 87695.20000000016Movimiento 190 696 Coste(10353.516) ---> BoarHat@154acd14
Beneficis = 87695.20000000016Movimiento 378 574 Coste(10352.636) ---> BoarHat@fed5abb
Beneficis = 87695.20000000016Movimiento 166 432 Coste(10351.757) ---> BoarHat@103f615a
Beneficis = 87695.20000000016Movimiento 616 799 Coste(10350.883) ---> BoarHat@68f00379
Beneficis = 87695.20000000016Movimiento 755 909 Coste(10350.009) ---> BoarHat@1fce1a86
Beneficis = 87695.20000000016Movimiento 94 805 Coste(10349.139) ---> BoarHat@566cae41
Beneficis = 87695.20000000016Movimiento 521 939 Coste(10348.269) ---> BoarHat@50575d65
Beneficis = 87695.20000000016Movimiento 110 211 Coste(10347.404) ---> BoarHat@5044cdf9
Beneficis = 87695.20000000016Movimiento 286 471 Coste(10346.54) ---> BoarHat@17c02764
Beneficis = 87695.20000000016Movimiento 767 946 Coste(10345.676) ---> BoarHat@595b9e34
Beneficis = 87695.20000000016Movimiento 64 309 Coste(10344.824) ---> BoarHat@6b2805e5
Beneficis = 87695.20000000016Movimiento 135 186 Coste(10344.006000000001) ---> BoarHat@5ac00367
Beneficis = 87695.20000000016Movimiento 25 343 Coste(10343.192) ---> BoarHat@752197ed
Beneficis = 87695.20000000016Movimiento 201 827 Coste(10342.381000000001) ---> BoarHat@cb4e3aa
Beneficis = 87695.20000000016Movimiento 51 240 Coste(10341.573) ---> BoarHat@4c7bda0b
Beneficis = 87695.20000000016Movimiento 319 426 Coste(10340.785) ---> BoarHat@6efce1fe
Beneficis = 87695.20000000016Movimiento 199 574 Coste(10340.002) ---> BoarHat@2b8aea40
Beneficis = 87695.20000000016Movimiento 273 335 Coste(10339.220000000001) ---> BoarHat@bb66e3b
Beneficis = 87695.20000000016Movimiento 73 332 Coste(10338.45) ---> BoarHat@6d06cf26
Beneficis = 87695.20000000016Movimiento 368 552 Coste(10337.68) ---> BoarHat@281bf19e
Beneficis = 87695.20000000016Movimiento 878 881 Coste(10336.915) ---> BoarHat@da70284
Beneficis = 87695.20000000016Movimiento 352 659 Coste(10336.154) ---> BoarHat@5806e257
Beneficis = 87695.20000000016Movimiento 243 858 Coste(10335.402) ---> BoarHat@2b081d0f
Beneficis = 87695.20000000016Movimiento 493 684 Coste(10334.650000000001) ---> BoarHat@1031d587
Beneficis = 87695.20000000016Movimiento 7 967 Coste(10333.900000000001) ---> BoarHat@61f949f3
Beneficis = 87695.20000000016Movimiento 204 230 Coste(10333.157000000001) ---> BoarHat@2944ca9
Beneficis = 87695.20000000016Movimiento 337 699 Coste(10332.425000000001) ---> BoarHat@278d9f25
Beneficis = 87695.20000000016Movimiento 513 624 Coste(10331.701000000001) ---> BoarHat@f017e76
Beneficis = 87695.20000000016Movimiento 532 862 Coste(10330.985) ---> BoarHat@4118467f
Beneficis = 87695.20000000016Movimiento 538 890 Coste(10330.271) ---> BoarHat@77571cba
Beneficis = 87695.20000000016Movimiento 216 798 Coste(10329.568000000001) ---> BoarHat@647b05da
Beneficis = 87695.20000000016Movimiento 565 743 Coste(10328.867) ---> BoarHat@1795c590
Beneficis = 87695.20000000016Movimiento 1 363 Coste(10328.167000000001) ---> BoarHat@5f61ade9
Beneficis = 87695.20000000016Movimiento 139 960 Coste(10327.467) ---> BoarHat@1405ffea
Beneficis = 87695.20000000016Movimiento 265 785 Coste(10326.769) ---> BoarHat@706d3fe0
Beneficis = 87695.20000000016Movimiento 162 693 Coste(10326.077000000001) ---> BoarHat@3680abb1
Beneficis = 87695.20000000016Movimiento 592 612 Coste(10325.389) ---> BoarHat@74875a17
Beneficis = 87695.20000000016Movimiento 38 87 Coste(10324.718) ---> BoarHat@43776b82
Beneficis = 87695.20000000016Movimiento 169 907 Coste(10324.049) ---> BoarHat@2aa6beea
Beneficis = 87695.20000000016Movimiento 416 464 Coste(10322.737000000001) ---> BoarHat@3f43c716
Beneficis = 87695.20000000016Movimiento 246 564 Coste(10322.069) ---> BoarHat@4937ce91
Beneficis = 87695.20000000016Movimiento 120 200 Coste(10321.411) ---> BoarHat@760bc353
Beneficis = 87695.20000000016Movimiento 604 940 Coste(10320.763) ---> BoarHat@41bc46a5
Beneficis = 87695.20000000016Movimiento 248 434 Coste(10320.119) ---> BoarHat@55b39a5d
Beneficis = 87695.20000000016Movimiento 80 657 Coste(10319.478000000001) ---> BoarHat@786aace9
Beneficis = 87695.20000000016Movimiento 792 816 Coste(10318.841) ---> BoarHat@4fb7fe06
Beneficis = 87695.20000000016Movimiento 181 341 Coste(10318.215) ---> BoarHat@35306ad7
Beneficis = 87679.25000000017Movimiento 344 512 Coste(10317.612000000001) ---> BoarHat@65d98920
Beneficis = 87679.25000000017Movimiento 388 884 Coste(10317.013) ---> BoarHat@e829e33
Beneficis = 87679.25000000017Movimiento 308 682 Coste(10316.415) ---> BoarHat@16a8b34
Beneficis = 87679.25000000017Movimiento 598 718 Coste(10315.835000000001) ---> BoarHat@50cee6b7
Beneficis = 87679.25000000017Movimiento 18 258 Coste(10315.267) ---> BoarHat@1ae0f6c5
Beneficis = 87679.25000000017Movimiento 164 600 Coste(10314.718) ---> BoarHat@4142e115
Beneficis = 87679.25000000017Movimiento 75 409 Coste(10314.172) ---> BoarHat@5f285ede
Beneficis = 87679.25000000017Movimiento 17 28 Coste(10313.628) ---> BoarHat@2d312ab1
Beneficis = 87679.25000000017Movimiento 342 895 Coste(10313.093) ---> BoarHat@7760ec50
Beneficis = 87679.25000000017Movimiento 359 975 Coste(10312.561) ---> BoarHat@339677ff
Beneficis = 87679.25000000017Movimiento 245 275 Coste(10312.034) ---> BoarHat@167f6039
Beneficis = 87679.25000000017Movimiento 256 905 Coste(10311.508) ---> BoarHat@3dcef364
Beneficis = 87679.25000000017Movimiento 219 371 Coste(10310.984) ---> BoarHat@48e7ea23
Beneficis = 87679.25000000017Movimiento 566 777 Coste(10310.460000000001) ---> BoarHat@598dc7cc
Beneficis = 87679.25000000017Movimiento 166 921 Coste(10309.946) ---> BoarHat@208d3db9
Beneficis = 87679.25000000017Movimiento 466 872 Coste(10309.436) ---> BoarHat@17454941
Beneficis = 87679.25000000017Movimiento 471 932 Coste(10308.926) ---> BoarHat@39d3bbd9
Beneficis = 87679.25000000017Movimiento 358 623 Coste(10308.417000000001) ---> BoarHat@774dc894
Beneficis = 87679.25000000017Movimiento 182 879 Coste(10307.909) ---> BoarHat@1ffc9217
Beneficis = 87679.25000000017Movimiento 492 525 Coste(10307.403) ---> BoarHat@663fbdf7
Beneficis = 87656.1500000002Movimiento 61 511 Coste(10306.899000000001) ---> BoarHat@565c33ff
Beneficis = 87656.1500000002Movimiento 585 636 Coste(10306.398000000001) ---> BoarHat@aebb99d
Beneficis = 87656.1500000002Movimiento 62 440 Coste(10305.902) ---> BoarHat@3466cfd3
Beneficis = 87656.1500000002Movimiento 92 745 Coste(10305.412) ---> BoarHat@10627583
Beneficis = 87656.1500000002Movimiento 133 280 Coste(10304.923) ---> BoarHat@4610f98
Beneficis = 87656.1500000002Movimiento 421 511 Coste(10304.435000000001) ---> BoarHat@17912175
Beneficis = 87656.1500000002Movimiento 400 535 Coste(10303.949) ---> BoarHat@74cffef1
Beneficis = 87656.1500000002Movimiento 658 938 Coste(10303.463) ---> BoarHat@1efdca7b
Beneficis = 87656.1500000002Movimiento 462 769 Coste(10302.982) ---> BoarHat@177dc37d
Beneficis = 87656.1500000002Movimiento 519 563 Coste(10302.507000000001) ---> BoarHat@57d3e89d
Beneficis = 87656.1500000002Movimiento 389 632 Coste(10302.033) ---> BoarHat@635b6385
Beneficis = 87656.1500000002Movimiento 312 670 Coste(10301.565) ---> BoarHat@716c5743
Beneficis = 87656.1500000002Movimiento 220 451 Coste(10301.107) ---> BoarHat@550c7579
Beneficis = 87656.1500000002Movimiento 113 873 Coste(10300.651000000002) ---> BoarHat@1eee6ffb
Beneficis = 87656.1500000002Movimiento 414 992 Coste(10300.209) ---> BoarHat@3b0c2025
Beneficis = 87656.1500000002Movimiento 52 992 Coste(10299.767) ---> BoarHat@46ed9070
Beneficis = 87656.1500000002Movimiento 375 502 Coste(10299.333) ---> BoarHat@245a4350
Beneficis = 87656.1500000002Movimiento 593 837 Coste(10298.905) ---> BoarHat@6b4a0b1f
Beneficis = 87656.1500000002Movimiento 387 479 Coste(10298.481) ---> BoarHat@2f1513d0
Beneficis = 87656.1500000002Movimiento 155 673 Coste(10298.060000000001) ---> BoarHat@1146a36f
Beneficis = 87656.1500000002Movimiento 662 669 Coste(10297.642) ---> BoarHat@bd9e2a6
Beneficis = 87656.1500000002Movimiento 190 377 Coste(10297.23) ---> BoarHat@28e4595c
Beneficis = 87656.1500000002Movimiento 529 736 Coste(10296.823) ---> BoarHat@15799e42
Beneficis = 87656.1500000002Movimiento 311 827 Coste(10296.418) ---> BoarHat@a9c9ba4
Beneficis = 87656.1500000002Movimiento 313 740 Coste(10296.015) ---> BoarHat@6810522
Beneficis = 87656.1500000002Movimiento 481 631 Coste(10295.612000000001) ---> BoarHat@7d0ac621
Beneficis = 87656.1500000002Movimiento 751 756 Coste(10295.213) ---> BoarHat@1679424f
Beneficis = 87656.1500000002Movimiento 297 810 Coste(10294.817000000001) ---> BoarHat@7bf8954d
Beneficis = 87656.1500000002Movimiento 738 989 Coste(10294.421) ---> BoarHat@2d8d4f2c
Beneficis = 87656.1500000002Movimiento 264 635 Coste(10294.031) ---> BoarHat@4b229bc
Beneficis = 87656.1500000002Movimiento 333 468 Coste(10293.652) ---> BoarHat@c162914
Beneficis = 87656.1500000002Movimiento 239 728 Coste(10293.274000000001) ---> BoarHat@2db330c2
Beneficis = 87656.1500000002Movimiento 99 229 Coste(10292.9) ---> BoarHat@509b8721
Beneficis = 87656.1500000002Movimiento 329 869 Coste(10292.53) ---> BoarHat@432c895
Beneficis = 87656.1500000002Movimiento 54 393 Coste(10292.161) ---> BoarHat@5952a6fb
Beneficis = 87656.1500000002Movimiento 5 391 Coste(10291.796) ---> BoarHat@6c7246a5
Beneficis = 87656.1500000002Movimiento 167 381 Coste(10291.434000000001) ---> BoarHat@1347f961
Beneficis = 87656.1500000002Movimiento 234 583 Coste(10291.087) ---> BoarHat@7eacdeed
Beneficis = 87656.1500000002Movimiento 660 704 Coste(10290.743) ---> BoarHat@3fe38473
Beneficis = 87656.1500000002Movimiento 530 925 Coste(10290.407) ---> BoarHat@4f44ad33
Beneficis = 87656.1500000002Movimiento 714 941 Coste(10290.073) ---> BoarHat@7def9b7e
Beneficis = 87656.1500000002Movimiento 238 441 Coste(10289.745) ---> BoarHat@2a8fb3ac
Beneficis = 87656.1500000002Movimiento 652 898 Coste(10289.423) ---> BoarHat@4cf67c1
Beneficis = 87656.1500000002Movimiento 128 814 Coste(10289.102) ---> BoarHat@3fbf687e
Beneficis = 87656.1500000002Movimiento 322 746 Coste(10288.798) ---> BoarHat@27019934
Beneficis = 87656.1500000002Movimiento 18 679 Coste(10288.503) ---> BoarHat@1ebdfd3c
Beneficis = 87656.1500000002Movimiento 89 837 Coste(10288.214) ---> BoarHat@48d6f669
Beneficis = 87656.1500000002Movimiento 279 430 Coste(10287.925) ---> BoarHat@4bdc23a5
Beneficis = 87656.1500000002Movimiento 289 492 Coste(10287.637) ---> BoarHat@1189cbf8
Beneficis = 87656.1500000002Movimiento 218 539 Coste(10287.354) ---> BoarHat@38d6b2e9
Beneficis = 87656.1500000002Movimiento 346 949 Coste(10287.074) ---> BoarHat@7f75a43
Beneficis = 87656.1500000002Movimiento 251 923 Coste(10286.798) ---> BoarHat@29894b73
Beneficis = 87656.1500000002Movimiento 418 434 Coste(10286.525) ---> BoarHat@54e764ce
Beneficis = 87656.1500000002Movimiento 15 711 Coste(10286.253) ---> BoarHat@4e4fe94f
Beneficis = 87656.1500000002Movimiento 159 803 Coste(10285.982) ---> BoarHat@333bd4c0
Beneficis = 87656.1500000002Movimiento 170 507 Coste(10285.713) ---> BoarHat@3872eea4
Beneficis = 87656.1500000002Movimiento 339 634 Coste(10285.445) ---> BoarHat@1c52e278
Beneficis = 87673.95000000019Movimiento 156 876 Coste(10285.181) ---> BoarHat@354ff317
Beneficis = 87662.25000000017Movimiento 189 823 Coste(10284.921) ---> BoarHat@52614430
Beneficis = 87662.25000000017Movimiento 334 572 Coste(10284.663) ---> BoarHat@71ab5e8a
Beneficis = 87662.25000000017Movimiento 321 605 Coste(10284.412) ---> BoarHat@f1dfb3e
Beneficis = 87662.25000000017Movimiento 255 757 Coste(10284.130000000001) ---> BoarHat@5401ef6b
Beneficis = 87662.25000000017Movimiento 451 477 Coste(10283.882) ---> BoarHat@21b48b35
Beneficis = 87662.25000000017Movimiento 30 299 Coste(10283.637999999999) ---> BoarHat@4154d116
Beneficis = 87662.25000000017Movimiento 691 852 Coste(10283.396) ---> BoarHat@1ec4db5b
Beneficis = 87662.25000000017Movimiento 74 748 Coste(10283.171) ---> BoarHat@42433ecc
Beneficis = 87662.25000000017Movimiento 120 617 Coste(10282.957) ---> BoarHat@6d77c075
Beneficis = 87664.45000000016Movimiento 254 750 Coste(10282.743) ---> BoarHat@47e06577
Beneficis = 87664.45000000016Movimiento 201 671 Coste(10282.530999999999) ---> BoarHat@4685969b
Beneficis = 87664.45000000016Movimiento 155 330 Coste(10282.325) ---> BoarHat@570e47a2
Beneficis = 87664.45000000016Movimiento 612 874 Coste(10282.119999999999) ---> BoarHat@5b61d199
Beneficis = 87664.45000000016Movimiento 241 765 Coste(10281.925) ---> BoarHat@e889ac8
Beneficis = 87664.45000000016Movimiento 249 270 Coste(10281.73) ---> BoarHat@7001167f
Beneficis = 87664.45000000016Movimiento 345 908 Coste(10281.537) ---> BoarHat@5a159554
Beneficis = 87664.45000000016Movimiento 82 291 Coste(10281.357) ---> BoarHat@114a4989
Beneficis = 87664.45000000016Movimiento 384 569 Coste(10281.18) ---> BoarHat@4a2278a2
Beneficis = 87664.45000000016Movimiento 401 809 Coste(10281.01) ---> BoarHat@6b82a4b7
Beneficis = 87664.45000000016Movimiento 132 402 Coste(10280.846) ---> BoarHat@5ef5cb15
Beneficis = 87664.45000000016Movimiento 43 696 Coste(10280.69) ---> BoarHat@1f852011
Beneficis = 87664.45000000016Movimiento 55 206 Coste(10280.537) ---> BoarHat@3fc1a9c0
Beneficis = 87664.45000000016Movimiento 606 684 Coste(10280.384) ---> BoarHat@2ace584a
Beneficis = 87664.45000000016Movimiento 601 787 Coste(10280.232) ---> BoarHat@5abf9405
Beneficis = 87682.90000000017Movimiento 257 715 Coste(10280.082) ---> BoarHat@33e5b009
Beneficis = 87682.90000000017Movimiento 0 318 Coste(10279.935) ---> BoarHat@3ce01178
Beneficis = 87682.90000000017Movimiento 436 999 Coste(10279.789999999999) ---> BoarHat@79a7f410
Beneficis = 87682.90000000017Movimiento 106 948 Coste(10279.646) ---> BoarHat@48969e2d
Beneficis = 87675.75000000017Movimiento 258 475 Coste(10279.503) ---> BoarHat@5dd1ff12
Beneficis = 87675.75000000017Movimiento 885 967 Coste(10279.371) ---> BoarHat@722f1368
Beneficis = 87675.75000000017Movimiento 152 686 Coste(10279.243) ---> BoarHat@498fe450
Beneficis = 87675.75000000017Movimiento 8 618 Coste(10279.116) ---> BoarHat@42c0f5f2
Beneficis = 87675.75000000017Movimiento 228 296 Coste(10278.992) ---> BoarHat@f576b5e
Beneficis = 87669.70000000016Movimiento 19 509 Coste(10278.871) ---> BoarHat@3d19e6a7
Beneficis = 87669.70000000016Movimiento 22 152 Coste(10278.762999999999) ---> BoarHat@1ef0977e
Beneficis = 87669.70000000016Movimiento 499 654 Coste(10278.654999999999) ---> BoarHat@20d46e6d
Beneficis = 87669.70000000016Movimiento 461 561 Coste(10278.547999999999) ---> BoarHat@1a940c8a
Beneficis = 87669.70000000016Movimiento 787 911 Coste(10278.440999999999) ---> BoarHat@113dde35
Beneficis = 87669.70000000016Movimiento 304 927 Coste(10278.335) ---> BoarHat@3e021cd6
Beneficis = 87669.70000000016Movimiento 927 977 Coste(10278.142) ---> BoarHat@6fbcd036
Beneficis = 87669.70000000016Movimiento 41 870 Coste(10278.037) ---> BoarHat@f520640
Beneficis = 87689.75000000015Movimiento 239 818 Coste(10277.938) ---> BoarHat@27312bc7
nodesExpanded : 488
Temps SolIni = 26 Tiempo HC = 213072 Tiempo SA = 0
