Size: 747
Central 0: [32m112[0m Produccio: [35m560.74[0m Usada: [31m521.384[0m
Central 1: [32m105[0m Produccio: [35m520.43[0m Usada: [31m499.50899999999984[0m
Central 2: [32m150[0m Produccio: [35m747.46[0m Usada: [31m709.6689999999996[0m
Central 3: [32m91[0m Produccio: [35m415.64[0m Usada: [31m377.905[0m
Central 4: [32m133[0m Produccio: [35m745.16[0m Usada: [31m705.4349999999996[0m
Central 5: [32m20[0m Produccio: [35m194.23[0m Usada: [31m193.85399999999996[0m
Central 6: [32m12[0m Produccio: [35m150.56[0m Usada: [31m150.257[0m
Central 7: [32m7[0m Produccio: [35m121.38[0m Usada: [31m121.33099999999999[0m
Central 8: [32m32[0m Produccio: [35m220.86[0m Usada: [31m220.846[0m
Central 9: [32m24[0m Produccio: [35m187.1[0m Usada: [31m186.782[0m
Central 10: [32m22[0m Produccio: [35m183.08[0m Usada: [31m182.98000000000002[0m
Central 11: [32m38[0m Produccio: [35m247.0[0m Usada: [31m246.768[0m
Central 12: [32m10[0m Produccio: [35m134.39[0m Usada: [31m134.134[0m
Central 13: [32m22[0m Produccio: [35m185.79[0m Usada: [31m185.29100000000003[0m
Central 14: [32m25[0m Produccio: [35m201.39[0m Usada: [31m200.40899999999996[0m
Central 15: [32m6[0m Produccio: [35m92.01[0m Usada: [31m91.896[0m
Central 16: [32m2[0m Produccio: [35m10.31[0m Usada: [31m9.966000000000001[0m
Central 17: [32m3[0m Produccio: [35m38.03[0m Usada: [31m37.707[0m
Central 18: [32m4[0m Produccio: [35m75.31[0m Usada: [31m74.218[0m
Central 19: [32m3[0m Produccio: [35m52.01[0m Usada: [31m51.114999999999995[0m
Central 20: [32m5[0m Produccio: [35m68.81[0m Usada: [31m68.583[0m
Central 21: [32m3[0m Produccio: [35m55.62[0m Usada: [31m55.016000000000005[0m
Central 22: [32m2[0m Produccio: [35m31.05[0m Usada: [31m30.887999999999998[0m
Central 23: [32m5[0m Produccio: [35m66.87[0m Usada: [31m66.849[0m
Central 24: [32m1[0m Produccio: [35m16.24[0m Usada: [31m15.815999999999999[0m
Central 25: [32m6[0m Produccio: [35m91.29[0m Usada: [31m90.75800000000001[0m
Central 26: [32m3[0m Produccio: [35m47.78[0m Usada: [31m47.492000000000004[0m
Central 27: [32m5[0m Produccio: [35m75.8[0m Usada: [31m75.718[0m
Central 28: [32m4[0m Produccio: [35m63.72[0m Usada: [31m62.952000000000005[0m
Central 29: [32m1[0m Produccio: [35m18.09[0m Usada: [31m18.048[0m
Central 30: [32m2[0m Produccio: [35m35.93[0m Usada: [31m35.446[0m
Central 31: [32m4[0m Produccio: [35m56.66[0m Usada: [31m55.577999999999996[0m
Central 32: [32m1[0m Produccio: [35m11.62[0m Usada: [31m11.479999999999999[0m
Central 33: [32m4[0m Produccio: [35m56.58[0m Usada: [31m56.497[0m
Central 34: [32m2[0m Produccio: [35m23.37[0m Usada: [31m23.368[0m
Central 35: [32m2[0m Produccio: [35m13.92[0m Usada: [31m13.769[0m
Central 36: [32m1[0m Produccio: [35m14.21[0m Usada: [31m14.154[0m
Central 37: [32m3[0m Produccio: [35m47.44[0m Usada: [31m47.13[0m
Central 38: [32m3[0m Produccio: [35m37.89[0m Usada: [31m37.526[0m
Central 39: [32m2[0m Produccio: [35m19.57[0m Usada: [31m19.535999999999998[0m
Central NONE: [32m0[0m
Central NONE: [32m120[0m
Beneficis = 96990.70999999992Clients No assignats = 120 Centrals Tancades 0

TSP HillClimbing  -->

Beneficis = 96351.30999999992Movimiento 145 806 Coste(11782.076) ---> BoarHat@4c57ca10
Beneficis = 95741.6599999999Movimiento 51 904 Coste(11752.892) ---> BoarHat@7610de71
Beneficis = 95185.60999999986Movimiento 414 906 Coste(11725.832) ---> BoarHat@1ca49a1d
Beneficis = 94666.55999999987Movimiento 390 541 Coste(11699.983999999999) ---> BoarHat@7180687a
Beneficis = 94127.10999999986Movimiento 348 912 Coste(11674.198) ---> BoarHat@385cccc6
Beneficis = 93535.20999999983Movimiento 303 679 Coste(11649.492) ---> BoarHat@60253f7b
Beneficis = 93017.80999999981Movimiento 49 899 Coste(11627.332) ---> BoarHat@e2b69a7
Beneficis = 92511.2099999998Movimiento 2 617 Coste(11605.938) ---> BoarHat@8899963
Beneficis = 92024.40999999979Movimiento 334 608 Coste(11585.057999999999) ---> BoarHat@3300e8cd
Beneficis = 91453.30999999981Movimiento 83 688 Coste(11564.401) ---> BoarHat@12e74084
Beneficis = 90828.2099999998Movimiento 170 976 Coste(11543.919) ---> BoarHat@38ca2204
Beneficis = 90259.65999999984Movimiento 389 877 Coste(11523.507) ---> BoarHat@5c755d67
Beneficis = 89796.50999999985Movimiento 458 847 Coste(11503.551) ---> BoarHat@641d302
Beneficis = 89262.20999999986Movimiento 287 939 Coste(11483.814999999999) ---> BoarHat@1710927f
Beneficis = 89262.20999999986Movimiento 335 789 Coste(11465.072999999999) ---> BoarHat@17996f16
Beneficis = 89262.20999999986Movimiento 133 354 Coste(11446.748) ---> BoarHat@498bbac5
Beneficis = 88765.40999999987Movimiento 19 612 Coste(11428.552) ---> BoarHat@131a4bc2
Beneficis = 88277.35999999988Movimiento 81 740 Coste(11410.545999999998) ---> BoarHat@7907bde0
Beneficis = 88277.35999999988Movimiento 158 643 Coste(11392.795999999998) ---> BoarHat@66245d3f
Beneficis = 88277.35999999988Movimiento 368 416 Coste(11375.045999999998) ---> BoarHat@4f520422
Beneficis = 87747.95999999986Movimiento 233 546 Coste(11357.446) ---> BoarHat@28c24ae4
Beneficis = 87747.95999999986Movimiento 129 156 Coste(11340.235999999999) ---> BoarHat@25b92be1
Beneficis = 87316.60999999988Movimiento 495 632 Coste(11323.887999999999) ---> BoarHat@4f0ff3b6
Beneficis = 87316.60999999988Movimiento 422 701 Coste(11307.935) ---> BoarHat@54354c2b
Beneficis = 86791.25999999991Movimiento 302 744 Coste(11292.244999999999) ---> BoarHat@211ffb4c
Beneficis = 86516.1599999999Movimiento 452 755 Coste(11276.912999999999) ---> BoarHat@34e5aabb
Beneficis = 86096.85999999991Movimiento 198 786 Coste(11262.409) ---> BoarHat@4bfaf07e
Beneficis = 86096.85999999991Movimiento 636 638 Coste(11248.042) ---> BoarHat@5bf9a467
Beneficis = 86096.85999999991Movimiento 97 708 Coste(11234.186) ---> BoarHat@18bb021c
Beneficis = 85743.65999999996Movimiento 56 629 Coste(11220.89) ---> BoarHat@b5a4ce5
Beneficis = 85458.85999999997Movimiento 493 635 Coste(11207.606) ---> BoarHat@26a7aa64
Beneficis = 85458.85999999997Movimiento 575 896 Coste(11194.758) ---> BoarHat@112c4c6
Beneficis = 85458.85999999997Movimiento 712 807 Coste(11182.48) ---> BoarHat@431f21a8
Beneficis = 85458.85999999997Movimiento 288 845 Coste(11170.279999999999) ---> BoarHat@571ec84c
Beneficis = 85195.05999999995Movimiento 93 995 Coste(11158.3) ---> BoarHat@73070619
Beneficis = 84959.50999999994Movimiento 71 601 Coste(11146.568) ---> BoarHat@29c0e52f
Beneficis = 84959.50999999994Movimiento 693 991 Coste(11135.027) ---> BoarHat@157066d7
Beneficis = 84656.05999999995Movimiento 101 692 Coste(11123.662) ---> BoarHat@34ad9a9d
Beneficis = 84373.35999999994Movimiento 349 564 Coste(11112.563) ---> BoarHat@7f86bcae
Beneficis = 84373.35999999994Movimiento 558 942 Coste(11101.67) ---> BoarHat@6f361963
Beneficis = 84373.35999999994Movimiento 275 321 Coste(11090.850999999999) ---> BoarHat@8829797
Beneficis = 84373.35999999994Movimiento 300 775 Coste(11080.527) ---> BoarHat@458e3fe1
Beneficis = 84373.35999999994Movimiento 10 30 Coste(11070.822) ---> BoarHat@6d9ba27f
Beneficis = 84373.35999999994Movimiento 394 527 Coste(11061.812) ---> BoarHat@2d9ffadc
Beneficis = 84373.35999999994Movimiento 593 840 Coste(11053.294999999998) ---> BoarHat@74f5eaba
Beneficis = 84147.85999999997Movimiento 114 864 Coste(11044.956999999999) ---> BoarHat@1e9b04c4
Beneficis = 84147.85999999997Movimiento 362 819 Coste(11036.765) ---> BoarHat@572496cd
Beneficis = 84147.85999999997Movimiento 115 722 Coste(11028.632) ---> BoarHat@54d90617
Beneficis = 83959.70999999998Movimiento 459 768 Coste(11020.787999999999) ---> BoarHat@5418fd3c
Beneficis = 83959.70999999998Movimiento 7 333 Coste(11012.962) ---> BoarHat@5749cf8c
Beneficis = 83959.70999999998Movimiento 554 866 Coste(11004.837) ---> BoarHat@7a43ea3b
Beneficis = 83959.70999999998Movimiento 100 176 Coste(10997.126999999999) ---> BoarHat@31f5e4c7
Beneficis = 83776.76Movimiento 179 532 Coste(10989.819) ---> BoarHat@6dae19f9
Beneficis = 83776.76Movimiento 769 892 Coste(10982.600999999999) ---> BoarHat@49cc638e
Beneficis = 83776.76Movimiento 528 715 Coste(10975.435) ---> BoarHat@6310e682
Beneficis = 83776.76Movimiento 181 539 Coste(10968.851999999999) ---> BoarHat@81dd6ff
Beneficis = 83659.01Movimiento 439 886 Coste(10962.382) ---> BoarHat@319c735f
Beneficis = 83531.76000000002Movimiento 18 884 Coste(10955.919999999998) ---> BoarHat@293dd127
Beneficis = 83357.06000000001Movimiento 522 938 Coste(10949.694) ---> BoarHat@76753300
Beneficis = 83357.06000000001Movimiento 488 504 Coste(10943.489999999998) ---> BoarHat@20a77c5c
Beneficis = 83357.06000000001Movimiento 329 536 Coste(10937.319999999998) ---> BoarHat@48d58f10
Beneficis = 83357.06000000001Movimiento 530 560 Coste(10931.206999999999) ---> BoarHat@6e5d78b5
Beneficis = 83357.06000000001Movimiento 131 702 Coste(10925.399) ---> BoarHat@6b9a0678
Beneficis = 83253.96Movimiento 57 531 Coste(10919.605) ---> BoarHat@2a6ff223
Beneficis = 83253.96Movimiento 476 718 Coste(10913.928999999998) ---> BoarHat@6fa817f6
Beneficis = 83253.96Movimiento 382 494 Coste(10908.337) ---> BoarHat@5d05fc0
Beneficis = 83253.96Movimiento 616 927 Coste(10902.782) ---> BoarHat@77c28ce9
Beneficis = 83253.96Movimiento 882 894 Coste(10897.239) ---> BoarHat@6e4e728d
Beneficis = 83253.96Movimiento 211 419 Coste(10891.779999999999) ---> BoarHat@3b397805
Beneficis = 83139.06000000001Movimiento 276 670 Coste(10886.386999999999) ---> BoarHat@62e88abc
Beneficis = 83139.06000000001Movimiento 82 932 Coste(10881.010999999999) ---> BoarHat@75190d6c
Beneficis = 83139.06000000001Movimiento 63 735 Coste(10875.755) ---> BoarHat@1903c008
Beneficis = 83139.06000000001Movimiento 250 259 Coste(10870.559) ---> BoarHat@792408c5
Beneficis = 83139.06000000001Movimiento 360 640 Coste(10865.383999999998) ---> BoarHat@50eab31
Beneficis = 83014.46Movimiento 160 711 Coste(10860.225999999999) ---> BoarHat@39a3419b
Beneficis = 83014.46Movimiento 709 739 Coste(10855.177999999998) ---> BoarHat@1588e338
Beneficis = 83014.46Movimiento 338 581 Coste(10850.214999999998) ---> BoarHat@238881
Beneficis = 82894.20999999998Movimiento 124 669 Coste(10845.324999999999) ---> BoarHat@300ed479
Beneficis = 82894.20999999998Movimiento 76 320 Coste(10840.453) ---> BoarHat@37a56f2c
Beneficis = 82894.20999999998Movimiento 300 818 Coste(10835.657) ---> BoarHat@7333448f
Beneficis = 82894.20999999998Movimiento 623 974 Coste(10830.927999999998) ---> BoarHat@31eb91a7
Beneficis = 82894.20999999998Movimiento 444 625 Coste(10826.360999999999) ---> BoarHat@6fd57da
Beneficis = 82894.20999999998Movimiento 417 937 Coste(10821.874999999998) ---> BoarHat@2fffdbd4
Beneficis = 82770.00999999997Movimiento 344 860 Coste(10817.410999999998) ---> BoarHat@aca507e
Beneficis = 82770.00999999997Movimiento 214 858 Coste(10813.020999999999) ---> BoarHat@133ae90c
Beneficis = 82770.00999999997Movimiento 60 602 Coste(10808.204999999998) ---> BoarHat@1a64f4b7
Beneficis = 82770.00999999997Movimiento 314 545 Coste(10803.967999999999) ---> BoarHat@52c9fb9d
Beneficis = 82770.00999999997Movimiento 273 424 Coste(10799.915999999997) ---> BoarHat@469afd15
Beneficis = 82770.00999999997Movimiento 48 734 Coste(10795.923999999999) ---> BoarHat@1abe0c1e
Beneficis = 82697.55999999995Movimiento 105 917 Coste(10791.974999999999) ---> BoarHat@4f68d676
Beneficis = 82697.55999999995Movimiento 27 396 Coste(10788.180999999999) ---> BoarHat@48c1cfc3
Beneficis = 82697.55999999995Movimiento 40 350 Coste(10784.414999999999) ---> BoarHat@1abc5d4d
Beneficis = 82697.55999999995Movimiento 245 812 Coste(10780.723999999998) ---> BoarHat@7f2c51f8
Beneficis = 82697.55999999995Movimiento 236 290 Coste(10777.137999999999) ---> BoarHat@764c01e7
Beneficis = 82602.60999999994Movimiento 119 982 Coste(10773.569) ---> BoarHat@20fe8ffb
Beneficis = 82602.60999999994Movimiento 572 589 Coste(10770.036999999998) ---> BoarHat@22728f0d
Beneficis = 82545.50999999994Movimiento 261 583 Coste(10766.541) ---> BoarHat@46952752
Beneficis = 82545.50999999994Movimiento 457 771 Coste(10763.048999999999) ---> BoarHat@3849e1cb
Beneficis = 82545.50999999994Movimiento 115 133 Coste(10759.580999999998) ---> BoarHat@34aeeaa5
Beneficis = 82545.50999999994Movimiento 108 605 Coste(10756.125999999998) ---> BoarHat@5616450a
Beneficis = 82545.50999999994Movimiento 6 166 Coste(10752.681999999999) ---> BoarHat@4dd7d213
Beneficis = 82545.50999999994Movimiento 616 820 Coste(10749.247) ---> BoarHat@51ca3d3
Beneficis = 82545.50999999994Movimiento 214 217 Coste(10745.828999999998) ---> BoarHat@434b7dfd
Beneficis = 82545.50999999994Movimiento 116 498 Coste(10742.420999999998) ---> BoarHat@6b923e99
Beneficis = 82545.50999999994Movimiento 277 423 Coste(10739.018999999998) ---> BoarHat@272d18bd
Beneficis = 82545.50999999994Movimiento 368 930 Coste(10735.631) ---> BoarHat@6aa4a715
Beneficis = 82545.50999999994Movimiento 557 890 Coste(10731.987) ---> BoarHat@4020b77f
Beneficis = 82545.50999999994Movimiento 443 690 Coste(10728.610999999999) ---> BoarHat@a65ef48
Beneficis = 82545.50999999994Movimiento 428 607 Coste(10725.391) ---> BoarHat@7b8f4189
Beneficis = 82545.50999999994Movimiento 386 765 Coste(10722.214) ---> BoarHat@32ab8ae3
Beneficis = 82545.50999999994Movimiento 23 39 Coste(10719.047999999999) ---> BoarHat@4141fa39
Beneficis = 82545.50999999994Movimiento 393 947 Coste(10715.887999999999) ---> BoarHat@46e49402
Beneficis = 82436.15999999993Movimiento 159 941 Coste(10712.733999999999) ---> BoarHat@70c06af0
Beneficis = 82436.15999999993Movimiento 555 960 Coste(10709.586) ---> BoarHat@eb3022f
Beneficis = 82436.15999999993Movimiento 3 654 Coste(10706.462) ---> BoarHat@4ea6c07a
Beneficis = 82436.15999999993Movimiento 271 963 Coste(10703.344) ---> BoarHat@460835ec
Beneficis = 82436.15999999993Movimiento 265 469 Coste(10700.244999999999) ---> BoarHat@2be8d2fb
Beneficis = 82351.55999999995Movimiento 167 956 Coste(10697.164999999999) ---> BoarHat@674e3972
Beneficis = 82351.55999999995Movimiento 641 658 Coste(10694.167999999998) ---> BoarHat@62796e8e
Beneficis = 82351.55999999995Movimiento 512 539 Coste(10691.202) ---> BoarHat@2e83998b
Beneficis = 82351.55999999995Movimiento 309 710 Coste(10688.241999999998) ---> BoarHat@3d0c0de
Beneficis = 82276.05999999995Movimiento 283 766 Coste(10685.301) ---> BoarHat@4b849225
Beneficis = 82276.05999999995Movimiento 718 796 Coste(10682.381) ---> BoarHat@2683bdce
Beneficis = 82276.05999999995Movimiento 875 985 Coste(10679.497) ---> BoarHat@63bcfab4
Beneficis = 82276.05999999995Movimiento 221 381 Coste(10676.614999999998) ---> BoarHat@36e7bd17
Beneficis = 82276.05999999995Movimiento 182 808 Coste(10673.747) ---> BoarHat@28e0406a
Beneficis = 82276.05999999995Movimiento 286 743 Coste(10671.026999999998) ---> BoarHat@665452f
Beneficis = 82276.05999999995Movimiento 262 536 Coste(10668.311999999998) ---> BoarHat@487b8f06
Beneficis = 82276.05999999995Movimiento 22 130 Coste(10665.645999999999) ---> BoarHat@1d2035c6
Beneficis = 82276.05999999995Movimiento 64 117 Coste(10662.98) ---> BoarHat@27fca1d0
Beneficis = 82276.05999999995Movimiento 148 268 Coste(10660.326) ---> BoarHat@5784c254
Beneficis = 82207.50999999994Movimiento 437 975 Coste(10657.678999999998) ---> BoarHat@75a86dae
Beneficis = 82207.50999999994Movimiento 75 920 Coste(10655.052) ---> BoarHat@15bf1526
Beneficis = 82207.50999999994Movimiento 142 845 Coste(10652.494999999999) ---> BoarHat@10fcdb93
Beneficis = 82207.50999999994Movimiento 95 182 Coste(10650.052999999998) ---> BoarHat@4579c5e
Beneficis = 82207.50999999994Movimiento 347 827 Coste(10647.650999999998) ---> BoarHat@15ec8281
Beneficis = 82207.50999999994Movimiento 192 715 Coste(10644.756999999998) ---> BoarHat@6aced7db
Beneficis = 82207.50999999994Movimiento 10 944 Coste(10642.410999999998) ---> BoarHat@76705226
Beneficis = 82207.50999999994Movimiento 34 855 Coste(10640.070999999998) ---> BoarHat@37db447f
Beneficis = 82207.50999999994Movimiento 176 288 Coste(10637.738999999998) ---> BoarHat@7798e13c
Beneficis = 82207.50999999994Movimiento 837 981 Coste(10634.984999999999) ---> BoarHat@736c3534
Beneficis = 82207.50999999994Movimiento 127 931 Coste(10632.672999999999) ---> BoarHat@698c1804
Beneficis = 82207.50999999994Movimiento 374 513 Coste(10630.396999999999) ---> BoarHat@2fe207e9
Beneficis = 82207.50999999994Movimiento 207 870 Coste(10628.185999999998) ---> BoarHat@25666c35
Beneficis = 82207.50999999994Movimiento 507 957 Coste(10625.984999999999) ---> BoarHat@70021389
Beneficis = 82207.50999999994Movimiento 158 262 Coste(10623.808999999997) ---> BoarHat@642a612f
Beneficis = 82207.50999999994Movimiento 356 959 Coste(10621.645999999999) ---> BoarHat@389ac7df
Beneficis = 82149.60999999994Movimiento 218 962 Coste(10619.485999999999) ---> BoarHat@5345365a
Beneficis = 82149.60999999994Movimiento 310 381 Coste(10617.338999999998) ---> BoarHat@6d8bc09d
Beneficis = 82149.60999999994Movimiento 378 558 Coste(10615.199999999999) ---> BoarHat@769d22fe
Beneficis = 82149.60999999994Movimiento 42 999 Coste(10613.079999999998) ---> BoarHat@24bc3763
Beneficis = 82149.60999999994Movimiento 705 902 Coste(10611.015999999998) ---> BoarHat@16fcda7a
Beneficis = 82149.60999999994Movimiento 26 187 Coste(10608.965999999999) ---> BoarHat@4a2949d0
Beneficis = 82149.60999999994Movimiento 515 719 Coste(10606.923999999999) ---> BoarHat@7dc82791
Beneficis = 82149.60999999994Movimiento 256 992 Coste(10604.887999999999) ---> BoarHat@61071073
Beneficis = 82149.60999999994Movimiento 699 856 Coste(10602.872) ---> BoarHat@37cee9cb
Beneficis = 82149.60999999994Movimiento 365 642 Coste(10600.901999999998) ---> BoarHat@256c259b
Beneficis = 82149.60999999994Movimiento 399 725 Coste(10598.945999999998) ---> BoarHat@dde0b54
Beneficis = 82149.60999999994Movimiento 77 260 Coste(10596.993999999999) ---> BoarHat@53cc6c96
Beneficis = 82149.60999999994Movimiento 246 345 Coste(10595.061999999998) ---> BoarHat@22aea724
Beneficis = 82149.60999999994Movimiento 12 442 Coste(10593.131999999998) ---> BoarHat@71ce2a34
Beneficis = 82087.75999999994Movimiento 166 824 Coste(10591.221999999998) ---> BoarHat@16c25db6
Beneficis = 82087.75999999994Movimiento 209 425 Coste(10589.314999999999) ---> BoarHat@6220f188
Beneficis = 82087.75999999994Movimiento 604 940 Coste(10587.410999999998) ---> BoarHat@3032f8d2
Beneficis = 82087.75999999994Movimiento 102 978 Coste(10585.507999999998) ---> BoarHat@6b67f625
Beneficis = 82087.75999999994Movimiento 129 709 Coste(10583.612) ---> BoarHat@e213fdb
Beneficis = 82087.75999999994Movimiento 791 966 Coste(10581.72) ---> BoarHat@77654362
Beneficis = 82087.75999999994Movimiento 299 402 Coste(10579.855999999998) ---> BoarHat@73fe776
Beneficis = 82087.75999999994Movimiento 86 704 Coste(10577.998) ---> BoarHat@2b2e36c9
Beneficis = 82087.75999999994Movimiento 284 358 Coste(10576.143999999998) ---> BoarHat@336a4dc2
Beneficis = 82087.75999999994Movimiento 202 712 Coste(10574.298999999999) ---> BoarHat@33556205
Beneficis = 82087.75999999994Movimiento 451 776 Coste(10572.454999999998) ---> BoarHat@a3c18c7
Beneficis = 82050.95999999992Movimiento 417 780 Coste(10570.612) ---> BoarHat@29973884
Beneficis = 82050.95999999992Movimiento 58 472 Coste(10568.778999999999) ---> BoarHat@6fba8095
Beneficis = 82050.95999999992Movimiento 387 761 Coste(10566.978) ---> BoarHat@611dc0ab
Beneficis = 82050.95999999992Movimiento 387 636 Coste(10564.942) ---> BoarHat@766b80c7
Beneficis = 82050.95999999992Movimiento 13 945 Coste(10563.154999999999) ---> BoarHat@36570cc0
Beneficis = 82050.95999999992Movimiento 139 367 Coste(10561.371) ---> BoarHat@37531ba4
Beneficis = 81983.65999999996Movimiento 251 594 Coste(10559.595) ---> BoarHat@128d7006
Beneficis = 81983.65999999996Movimiento 106 436 Coste(10557.829) ---> BoarHat@438672b
Beneficis = 81983.65999999996Movimiento 175 714 Coste(10556.07) ---> BoarHat@2f9feea7
Beneficis = 81983.65999999996Movimiento 195 745 Coste(10554.318) ---> BoarHat@3f107576
Beneficis = 81941.00999999997Movimiento 370 838 Coste(10552.578) ---> BoarHat@c25f33b
Beneficis = 81941.00999999997Movimiento 331 838 Coste(10550.759999999998) ---> BoarHat@751533d3
Beneficis = 81941.00999999997Movimiento 281 576 Coste(10549.073999999999) ---> BoarHat@55e23cc4
Beneficis = 81941.00999999997Movimiento 606 903 Coste(10547.389) ---> BoarHat@537e9a8c
Beneficis = 81941.00999999997Movimiento 186 484 Coste(10545.743999999999) ---> BoarHat@7ecafa06
Beneficis = 81941.00999999997Movimiento 336 542 Coste(10544.103) ---> BoarHat@1f7f827f
Beneficis = 81941.00999999997Movimiento 567 829 Coste(10542.474999999999) ---> BoarHat@7d9f8e83
Beneficis = 81941.00999999997Movimiento 205 305 Coste(10540.848999999998) ---> BoarHat@5a4817f6
Beneficis = 81941.00999999997Movimiento 890 924 Coste(10539.225999999999) ---> BoarHat@7ca19e2
Beneficis = 81941.00999999997Movimiento 78 463 Coste(10537.604) ---> BoarHat@504452da
Beneficis = 81900.50999999997Movimiento 457 801 Coste(10535.996) ---> BoarHat@6341153c
Beneficis = 81900.50999999997Movimiento 275 300 Coste(10534.391) ---> BoarHat@ce5bea6
Beneficis = 81900.50999999997Movimiento 152 518 Coste(10532.824999999999) ---> BoarHat@3e90cc27
Beneficis = 81900.50999999997Movimiento 922 989 Coste(10531.259) ---> BoarHat@36272aa4
Beneficis = 81900.50999999997Movimiento 115 342 Coste(10529.704) ---> BoarHat@739c5ff9
Beneficis = 81900.50999999997Movimiento 234 840 Coste(10528.152999999998) ---> BoarHat@59fc9c49
Beneficis = 81900.50999999997Movimiento 445 749 Coste(10526.619999999999) ---> BoarHat@11b12b26
Beneficis = 81900.50999999997Movimiento 149 328 Coste(10525.119999999999) ---> BoarHat@6bef60df
Beneficis = 81900.50999999997Movimiento 134 672 Coste(10523.645999999999) ---> BoarHat@5ac4242c
Beneficis = 81900.50999999997Movimiento 82 751 Coste(10522.182999999999) ---> BoarHat@4f342d5f
Beneficis = 81900.50999999997Movimiento 208 747 Coste(10520.733) ---> BoarHat@2c5bd74
Beneficis = 81900.50999999997Movimiento 191 682 Coste(10519.284) ---> BoarHat@141d439b
Beneficis = 81900.50999999997Movimiento 190 540 Coste(10517.851999999999) ---> BoarHat@33e05853
Beneficis = 81871.45999999998Movimiento 4 537 Coste(10516.423999999999) ---> BoarHat@50de110b
Beneficis = 81871.45999999998Movimiento 41 596 Coste(10515.014) ---> BoarHat@140c398e
Beneficis = 81871.45999999998Movimiento 33 456 Coste(10513.608) ---> BoarHat@79df4169
Beneficis = 81871.45999999998Movimiento 341 466 Coste(10512.215) ---> BoarHat@541c2825
Beneficis = 81871.45999999998Movimiento 680 772 Coste(10510.829) ---> BoarHat@4188124
Beneficis = 81871.45999999998Movimiento 312 524 Coste(10509.448) ---> BoarHat@63f39d1
Beneficis = 81871.45999999998Movimiento 151 962 Coste(10508.082999999999) ---> BoarHat@5aa53232
Beneficis = 81871.45999999998Movimiento 465 727 Coste(10506.747) ---> BoarHat@5b0abe7b
Beneficis = 81871.45999999998Movimiento 140 323 Coste(10505.104) ---> BoarHat@568ea95e
Beneficis = 81871.45999999998Movimiento 556 658 Coste(10503.307999999999) ---> BoarHat@16894021
Beneficis = 81871.45999999998Movimiento 86 290 Coste(10501.975999999999) ---> BoarHat@7b2f5bd2
Beneficis = 81871.45999999998Movimiento 14 109 Coste(10500.662) ---> BoarHat@640b7d39
Beneficis = 81871.45999999998Movimiento 154 919 Coste(10499.367999999999) ---> BoarHat@19f2cc7b
Beneficis = 81871.45999999998Movimiento 24 560 Coste(10498.074999999999) ---> BoarHat@2507a22
Beneficis = 81871.45999999998Movimiento 511 887 Coste(10496.785) ---> BoarHat@427dc527
Beneficis = 81871.45999999998Movimiento 8 973 Coste(10495.506) ---> BoarHat@b455ac
Beneficis = 81871.45999999998Movimiento 284 369 Coste(10494.24) ---> BoarHat@17ab6706
Beneficis = 81871.45999999998Movimiento 968 977 Coste(10493.0) ---> BoarHat@35456130
Beneficis = 81871.45999999998Movimiento 554 709 Coste(10491.764) ---> BoarHat@1a2acc4
Beneficis = 81821.05999999992Movimiento 44 969 Coste(10490.532) ---> BoarHat@3c7c6c43
Beneficis = 81821.05999999992Movimiento 189 481 Coste(10489.314999999999) ---> BoarHat@5cb2f982
Beneficis = 81821.05999999992Movimiento 121 742 Coste(10488.103) ---> BoarHat@65450adf
Beneficis = 81821.05999999992Movimiento 200 839 Coste(10486.896999999999) ---> BoarHat@71542528
Beneficis = 81821.05999999992Movimiento 213 990 Coste(10485.721) ---> BoarHat@7c98db12
Beneficis = 81821.05999999992Movimiento 698 774 Coste(10484.544999999998) ---> BoarHat@178dc378
Beneficis = 81821.05999999992Movimiento 211 905 Coste(10483.382) ---> BoarHat@617ae2e9
Beneficis = 81821.05999999992Movimiento 161 637 Coste(10482.235999999999) ---> BoarHat@3049fedd
Beneficis = 81821.05999999992Movimiento 278 825 Coste(10481.092999999999) ---> BoarHat@52751eed
Beneficis = 81821.05999999992Movimiento 223 783 Coste(10479.962) ---> BoarHat@54d4d548
Beneficis = 81821.05999999992Movimiento 122 967 Coste(10478.833999999999) ---> BoarHat@1cc045d9
Beneficis = 81821.05999999992Movimiento 112 454 Coste(10477.724999999999) ---> BoarHat@5585a60c
Beneficis = 81821.05999999992Movimiento 174 668 Coste(10476.635999999999) ---> BoarHat@16e38654
Beneficis = 81801.75999999994Movimiento 512 911 Coste(10475.555999999999) ---> BoarHat@4a44d9d0
Beneficis = 81801.75999999994Movimiento 571 675 Coste(10474.483999999999) ---> BoarHat@7e846605
Beneficis = 81801.75999999994Movimiento 327 689 Coste(10473.412999999999) ---> BoarHat@3f952d6f
Beneficis = 81801.75999999994Movimiento 433 492 Coste(10472.350999999999) ---> BoarHat@4129a0f8
Beneficis = 81801.75999999994Movimiento 77 923 Coste(10471.289999999999) ---> BoarHat@fc5b6f0
Beneficis = 81801.75999999994Movimiento 363 548 Coste(10470.23) ---> BoarHat@7b9e7a98
Beneficis = 81801.75999999994Movimiento 182 245 Coste(10469.175) ---> BoarHat@1ee33a8a
Beneficis = 81801.75999999994Movimiento 182 942 Coste(10466.948999999999) ---> BoarHat@328de69b
Beneficis = 81801.75999999994Movimiento 219 332 Coste(10465.893999999998) ---> BoarHat@e5b58c8
Beneficis = 81801.75999999994Movimiento 903 951 Coste(10464.848999999998) ---> BoarHat@5115144b
Beneficis = 81801.75999999994Movimiento 450 534 Coste(10463.807999999999) ---> BoarHat@63ecb08e
Beneficis = 81801.75999999994Movimiento 639 822 Coste(10462.769999999999) ---> BoarHat@782f0fb1
Beneficis = 81801.75999999994Movimiento 503 852 Coste(10461.735999999999) ---> BoarHat@76c28f05
Beneficis = 81801.75999999994Movimiento 279 667 Coste(10460.705999999998) ---> BoarHat@356b9b38
Beneficis = 81801.75999999994Movimiento 929 972 Coste(10459.676) ---> BoarHat@2d3f097f
Beneficis = 81801.75999999994Movimiento 371 551 Coste(10458.648) ---> BoarHat@1795f53b
Beneficis = 81801.75999999994Movimiento 118 351 Coste(10457.624999999998) ---> BoarHat@1047421
Beneficis = 81801.75999999994Movimiento 100 351 Coste(10456.211) ---> BoarHat@18317b2b
Beneficis = 81801.75999999994Movimiento 731 880 Coste(10455.207999999999) ---> BoarHat@fc6979
Beneficis = 81801.75999999994Movimiento 413 676 Coste(10454.22) ---> BoarHat@143fd11a
Beneficis = 81801.75999999994Movimiento 412 474 Coste(10453.243999999999) ---> BoarHat@5a942aeb
Beneficis = 81801.75999999994Movimiento 491 660 Coste(10452.268999999998) ---> BoarHat@48a47bf7
Beneficis = 81801.75999999994Movimiento 254 361 Coste(10451.302999999998) ---> BoarHat@7edacf9d
Beneficis = 81801.75999999994Movimiento 67 146 Coste(10450.339999999998) ---> BoarHat@5922d2e
Beneficis = 81801.75999999994Movimiento 455 873 Coste(10449.399) ---> BoarHat@637c02e8
Beneficis = 81801.75999999994Movimiento 243 420 Coste(10448.461) ---> BoarHat@37c7900c
Beneficis = 81801.75999999994Movimiento 526 888 Coste(10447.529999999999) ---> BoarHat@f87ef02
Beneficis = 81801.75999999994Movimiento 40 577 Coste(10446.604) ---> BoarHat@48dbd889
Beneficis = 81801.75999999994Movimiento 61 737 Coste(10445.679999999998) ---> BoarHat@57aa39b5
Beneficis = 81801.75999999994Movimiento 194 483 Coste(10444.759999999998) ---> BoarHat@3f5f5b4c
Beneficis = 81801.75999999994Movimiento 289 799 Coste(10443.844) ---> BoarHat@4be5fbca
Beneficis = 81801.75999999994Movimiento 580 717 Coste(10442.933999999997) ---> BoarHat@2414f9f8
Beneficis = 81801.75999999994Movimiento 123 736 Coste(10442.028999999999) ---> BoarHat@729e5404
Beneficis = 81801.75999999994Movimiento 185 248 Coste(10441.124999999998) ---> BoarHat@5cd1ca07
Beneficis = 81801.75999999994Movimiento 253 296 Coste(10440.221999999998) ---> BoarHat@5ebd4f7
Beneficis = 81801.75999999994Movimiento 582 750 Coste(10439.326) ---> BoarHat@4778e74d
Beneficis = 81801.75999999994Movimiento 274 293 Coste(10438.442) ---> BoarHat@19cabf6
Beneficis = 81801.75999999994Movimiento 32 743 Coste(10437.567) ---> BoarHat@46469c28
Beneficis = 81801.75999999994Movimiento 130 573 Coste(10436.693) ---> BoarHat@8772706
Beneficis = 81801.75999999994Movimiento 224 519 Coste(10435.820999999998) ---> BoarHat@6ce7d0f6
Beneficis = 81801.75999999994Movimiento 319 538 Coste(10434.967999999999) ---> BoarHat@61a04c54
Beneficis = 81801.75999999994Movimiento 579 762 Coste(10434.121999999998) ---> BoarHat@1a2c6804
Beneficis = 81801.75999999994Movimiento 43 964 Coste(10433.277999999998) ---> BoarHat@4d14b80b
Beneficis = 81801.75999999994Movimiento 570 592 Coste(10432.434) ---> BoarHat@1b45c0bd
Beneficis = 81801.75999999994Movimiento 92 247 Coste(10431.596999999998) ---> BoarHat@5ee1f9f2
Beneficis = 81801.75999999994Movimiento 66 505 Coste(10430.766999999998) ---> BoarHat@21f8a788
Beneficis = 81801.75999999994Movimiento 462 645 Coste(10429.939999999999) ---> BoarHat@2b229c71
Beneficis = 81801.75999999994Movimiento 31 379 Coste(10429.113999999998) ---> BoarHat@3ffa6629
Beneficis = 81801.75999999994Movimiento 59 746 Coste(10428.301999999998) ---> BoarHat@159eb086
Beneficis = 81801.75999999994Movimiento 85 804 Coste(10427.490999999998) ---> BoarHat@55117362
Beneficis = 81801.75999999994Movimiento 141 581 Coste(10426.681999999999) ---> BoarHat@381844ce
Beneficis = 81801.75999999994Movimiento 553 876 Coste(10425.881999999998) ---> BoarHat@4f4efdc
Beneficis = 81801.75999999994Movimiento 258 694 Coste(10425.082999999999) ---> BoarHat@3b1b76e9
Beneficis = 81801.75999999994Movimiento 37 681 Coste(10424.288999999999) ---> BoarHat@9d81caf
Beneficis = 81777.00999999997Movimiento 426 993 Coste(10423.494999999999) ---> BoarHat@58bf7c19
Beneficis = 81777.00999999997Movimiento 352 871 Coste(10422.711) ---> BoarHat@10cf0617
Beneficis = 81777.00999999997Movimiento 585 590 Coste(10421.926999999998) ---> BoarHat@5b15a7fd
Beneficis = 81777.00999999997Movimiento 691 706 Coste(10421.146999999999) ---> BoarHat@76b9ebf
Beneficis = 81777.00999999997Movimiento 98 419 Coste(10420.374999999998) ---> BoarHat@4d22134f
Beneficis = 81777.00999999997Movimiento 629 648 Coste(10419.603) ---> BoarHat@65e03d71
Beneficis = 81777.00999999997Movimiento 191 409 Coste(10418.837) ---> BoarHat@63ce78aa
Beneficis = 81777.00999999997Movimiento 244 741 Coste(10418.087999999998) ---> BoarHat@480ba489
Beneficis = 81777.00999999997Movimiento 135 407 Coste(10417.349999999999) ---> BoarHat@4b142887
Beneficis = 81777.00999999997Movimiento 337 925 Coste(10416.618999999999) ---> BoarHat@3fd16ee0
Beneficis = 81777.00999999997Movimiento 563 664 Coste(10415.889) ---> BoarHat@56725a64
Beneficis = 81777.00999999997Movimiento 411 944 Coste(10415.160999999998) ---> BoarHat@2f698ffb
Beneficis = 81777.00999999997Movimiento 55 961 Coste(10414.435) ---> BoarHat@4ec0e6c6
Beneficis = 81777.00999999997Movimiento 222 292 Coste(10413.708999999999) ---> BoarHat@d73d6c6
Beneficis = 81777.00999999997Movimiento 343 480 Coste(10412.993999999999) ---> BoarHat@333cfca2
Beneficis = 81777.00999999997Movimiento 472 897 Coste(10412.279999999999) ---> BoarHat@56246ce
Beneficis = 81777.00999999997Movimiento 188 891 Coste(10411.571) ---> BoarHat@6d9d242
Beneficis = 81777.00999999997Movimiento 594 754 Coste(10410.864999999998) ---> BoarHat@7899eb8b
Beneficis = 81777.00999999997Movimiento 613 998 Coste(10410.161999999998) ---> BoarHat@1324b165
Beneficis = 81777.00999999997Movimiento 87 171 Coste(10409.461) ---> BoarHat@bf21ed6
Beneficis = 81777.00999999997Movimiento 54 125 Coste(10408.764) ---> BoarHat@4c9faf70
Beneficis = 81777.00999999997Movimiento 111 238 Coste(10408.069) ---> BoarHat@18f391f8
Beneficis = 81777.00999999997Movimiento 186 921 Coste(10407.387999999999) ---> BoarHat@2a984e79
Beneficis = 81777.00999999997Movimiento 307 523 Coste(10406.716999999999) ---> BoarHat@1398016
Beneficis = 81777.00999999997Movimiento 313 813 Coste(10406.05) ---> BoarHat@127c73bc
Beneficis = 81777.00999999997Movimiento 203 729 Coste(10405.384999999998) ---> BoarHat@79fbf1ae
Beneficis = 81777.00999999997Movimiento 470 628 Coste(10404.722) ---> BoarHat@fa0ad99
Beneficis = 81777.00999999997Movimiento 516 834 Coste(10404.064999999999) ---> BoarHat@646059a
Beneficis = 81777.00999999997Movimiento 219 641 Coste(10403.409) ---> BoarHat@3a5afc31
Beneficis = 81777.00999999997Movimiento 214 497 Coste(10402.758) ---> BoarHat@2a92ff19
Beneficis = 81777.00999999997Movimiento 69 912 Coste(10402.114) ---> BoarHat@27c06df1
Beneficis = 81777.00999999997Movimiento 38 410 Coste(10401.484999999999) ---> BoarHat@3480bdd1
Beneficis = 81777.00999999997Movimiento 397 759 Coste(10400.868999999999) ---> BoarHat@d63278e
Beneficis = 81777.00999999997Movimiento 46 372 Coste(10400.259999999998) ---> BoarHat@3fdf2f8f
Beneficis = 81777.00999999997Movimiento 684 965 Coste(10399.651) ---> BoarHat@3e06f233
Beneficis = 81777.00999999997Movimiento 792 832 Coste(10399.042) ---> BoarHat@1d1fe8a1
Beneficis = 81777.00999999997Movimiento 388 910 Coste(10398.435) ---> BoarHat@73b69c93
Beneficis = 81777.00999999997Movimiento 841 914 Coste(10397.839999999998) ---> BoarHat@35bd43f0
Beneficis = 81777.00999999997Movimiento 489 673 Coste(10397.250999999998) ---> BoarHat@196a6884
Beneficis = 81777.00999999997Movimiento 201 647 Coste(10396.668999999998) ---> BoarHat@7c35dab4
Beneficis = 81777.00999999997Movimiento 270 280 Coste(10396.087) ---> BoarHat@4be97a64
Beneficis = 81777.00999999997Movimiento 854 969 Coste(10395.507) ---> BoarHat@5663e5e1
Beneficis = 81777.00999999997Movimiento 74 199 Coste(10394.928999999998) ---> BoarHat@407283f
Beneficis = 81777.00999999997Movimiento 400 619 Coste(10394.357999999998) ---> BoarHat@da39a25
Beneficis = 81777.00999999997Movimiento 231 346 Coste(10393.787999999999) ---> BoarHat@7f866e16
Beneficis = 81777.00999999997Movimiento 77 215 Coste(10393.219) ---> BoarHat@64a67dec
Beneficis = 81777.00999999997Movimiento 440 586 Coste(10392.65) ---> BoarHat@5abdf55
Beneficis = 81777.00999999997Movimiento 0 434 Coste(10392.081999999999) ---> BoarHat@7b370405
Beneficis = 81777.00999999997Movimiento 517 869 Coste(10391.518999999998) ---> BoarHat@175aef85
Beneficis = 81777.00999999997Movimiento 477 785 Coste(10390.961) ---> BoarHat@9743660
Beneficis = 81777.00999999997Movimiento 11 666 Coste(10390.414999999999) ---> BoarHat@303aa833
Beneficis = 81777.00999999997Movimiento 25 80 Coste(10389.871) ---> BoarHat@23b87beb
Beneficis = 81777.00999999997Movimiento 99 720 Coste(10389.331999999999) ---> BoarHat@1a6887c1
Beneficis = 81777.00999999997Movimiento 107 353 Coste(10388.811999999998) ---> BoarHat@481c2cec
Beneficis = 81777.00999999997Movimiento 65 881 Coste(10388.293) ---> BoarHat@ff402ea
Beneficis = 81777.00999999997Movimiento 257 830 Coste(10387.777999999998) ---> BoarHat@354d4c5f
Beneficis = 81777.00999999997Movimiento 535 591 Coste(10387.264) ---> BoarHat@2d58b95a
Beneficis = 81777.00999999997Movimiento 282 941 Coste(10386.756999999998) ---> BoarHat@657d7517
Beneficis = 81765.45999999998Movimiento 161 778 Coste(10386.249999999998) ---> BoarHat@4d4e6fc
Beneficis = 81765.45999999998Movimiento 441 486 Coste(10385.742999999999) ---> BoarHat@21f9725
Beneficis = 81765.45999999998Movimiento 505 901 Coste(10385.240999999998) ---> BoarHat@5ec8a242
Beneficis = 81765.45999999998Movimiento 330 499 Coste(10384.739999999998) ---> BoarHat@3aac0342
Beneficis = 81765.45999999998Movimiento 773 885 Coste(10384.239999999998) ---> BoarHat@1d112b0f
Beneficis = 81765.45999999998Movimiento 29 373 Coste(10383.753999999999) ---> BoarHat@2875feb2
Beneficis = 81765.45999999998Movimiento 401 936 Coste(10383.274) ---> BoarHat@7ae4b4d8
Beneficis = 81765.45999999998Movimiento 132 173 Coste(10382.798999999999) ---> BoarHat@91adee
Beneficis = 81765.45999999998Movimiento 168 857 Coste(10382.323999999999) ---> BoarHat@1d1b75c6
Beneficis = 81765.45999999998Movimiento 67 364 Coste(10381.856) ---> BoarHat@34e57d8b
Beneficis = 81765.45999999998Movimiento 209 308 Coste(10381.393999999998) ---> BoarHat@3a25910a
Beneficis = 81765.45999999998Movimiento 617 732 Coste(10380.931999999999) ---> BoarHat@16d891
Beneficis = 81765.45999999998Movimiento 448 984 Coste(10380.472) ---> BoarHat@7bcae6eb
Beneficis = 81765.45999999998Movimiento 253 382 Coste(10380.017) ---> BoarHat@9e9e1f9
Beneficis = 81765.45999999998Movimiento 396 800 Coste(10379.569) ---> BoarHat@642541e4
Beneficis = 81765.45999999998Movimiento 89 157 Coste(10378.466) ---> BoarHat@2036e80b
Beneficis = 81765.45999999998Movimiento 383 456 Coste(10378.019999999999) ---> BoarHat@78ffb9fa
Beneficis = 81765.45999999998Movimiento 550 622 Coste(10377.58) ---> BoarHat@54c21365
Beneficis = 81765.45999999998Movimiento 429 795 Coste(10377.141) ---> BoarHat@1a2ad714
Beneficis = 81765.45999999998Movimiento 178 758 Coste(10376.717999999999) ---> BoarHat@51b49963
Beneficis = 81765.45999999998Movimiento 506 603 Coste(10376.294999999998) ---> BoarHat@4fc986e6
Beneficis = 81765.45999999998Movimiento 318 574 Coste(10375.875999999998) ---> BoarHat@5a6f2dbc
Beneficis = 81765.45999999998Movimiento 14 722 Coste(10375.462) ---> BoarHat@a94e82
Beneficis = 81765.45999999998Movimiento 220 700 Coste(10375.051) ---> BoarHat@2fc8aa48
Beneficis = 81765.45999999998Movimiento 301 877 Coste(10374.649) ---> BoarHat@682814d9
Beneficis = 81765.45999999998Movimiento 317 777 Coste(10374.247) ---> BoarHat@777e8eb8
Beneficis = 81765.45999999998Movimiento 195 625 Coste(10373.847) ---> BoarHat@40dc33bd
Beneficis = 81765.45999999998Movimiento 226 862 Coste(10373.463) ---> BoarHat@5ad07449
Beneficis = 81765.45999999998Movimiento 507 704 Coste(10373.086) ---> BoarHat@60894e12
Beneficis = 81765.45999999998Movimiento 444 979 Coste(10372.715) ---> BoarHat@6fce6920
Beneficis = 81765.45999999998Movimiento 286 757 Coste(10372.345) ---> BoarHat@207466c1
Beneficis = 81765.45999999998Movimiento 286 610 Coste(10371.929) ---> BoarHat@2d2e22eb
Beneficis = 81765.45999999998Movimiento 224 423 Coste(10371.567) ---> BoarHat@269f2d59
Beneficis = 81765.45999999998Movimiento 13 888 Coste(10371.207999999999) ---> BoarHat@7f686f27
Beneficis = 81765.45999999998Movimiento 68 239 Coste(10370.849999999999) ---> BoarHat@49a4379d
Beneficis = 81765.45999999998Movimiento 652 833 Coste(10370.514) ---> BoarHat@3099b2c0
Beneficis = 81765.45999999998Movimiento 72 162 Coste(10370.180999999999) ---> BoarHat@6c75efd0
Beneficis = 81749.50999999997Movimiento 103 687 Coste(10369.862) ---> BoarHat@179294dc
Beneficis = 81749.50999999997Movimiento 234 515 Coste(10369.544) ---> BoarHat@4ee25ec1
Beneficis = 81749.50999999997Movimiento 169 809 Coste(10369.232) ---> BoarHat@1f44d64d
Beneficis = 81749.50999999997Movimiento 91 237 Coste(10368.921999999999) ---> BoarHat@1316c2bb
Beneficis = 81749.50999999997Movimiento 726 851 Coste(10368.613) ---> BoarHat@292acf82
Beneficis = 81749.50999999997Movimiento 35 385 Coste(10368.307999999999) ---> BoarHat@4dbd1f53
Beneficis = 81749.50999999997Movimiento 35 756 Coste(10368.014) ---> BoarHat@1e536ac1
Beneficis = 81749.50999999997Movimiento 408 763 Coste(10367.722) ---> BoarHat@71fdb668
Beneficis = 81749.50999999997Movimiento 263 415 Coste(10367.430999999999) ---> BoarHat@4d4ff8c
Beneficis = 81749.50999999997Movimiento 612 814 Coste(10367.141) ---> BoarHat@27ef57ad
Beneficis = 81749.50999999997Movimiento 78 657 Coste(10366.856) ---> BoarHat@5380a582
Beneficis = 81749.50999999997Movimiento 421 494 Coste(10366.573) ---> BoarHat@51ea754b
Beneficis = 81749.50999999997Movimiento 751 990 Coste(10366.291) ---> BoarHat@57d8b468
Beneficis = 81749.50999999997Movimiento 225 777 Coste(10366.010999999999) ---> BoarHat@1ed9081c
Beneficis = 81749.50999999997Movimiento 343 598 Coste(10365.74) ---> BoarHat@c7d96ff
Beneficis = 81749.50999999997Movimiento 136 608 Coste(10365.475999999999) ---> BoarHat@302bbdc3
Beneficis = 81749.50999999997Movimiento 244 894 Coste(10365.212) ---> BoarHat@63dd8d32
Beneficis = 81749.50999999997Movimiento 713 823 Coste(10364.947999999999) ---> BoarHat@1f383c38
Beneficis = 81749.50999999997Movimiento 805 829 Coste(10364.685) ---> BoarHat@3dd4a032
Beneficis = 81749.50999999997Movimiento 69 210 Coste(10364.425) ---> BoarHat@7b52797b
Beneficis = 81749.50999999997Movimiento 45 508 Coste(10364.171999999999) ---> BoarHat@39a685b8
Beneficis = 81749.50999999997Movimiento 263 498 Coste(10363.919) ---> BoarHat@67a114e9
Beneficis = 81749.50999999997Movimiento 326 464 Coste(10363.666) ---> BoarHat@6c4abb38
Beneficis = 81749.50999999997Movimiento 297 380 Coste(10363.417) ---> BoarHat@74b04cd2
Beneficis = 81749.50999999997Movimiento 104 162 Coste(10363.172999999999) ---> BoarHat@25439fef
Beneficis = 81749.50999999997Movimiento 144 172 Coste(10362.929999999998) ---> BoarHat@3dc21f1b
Beneficis = 81749.50999999997Movimiento 20 465 Coste(10362.688999999998) ---> BoarHat@2e0b9447
Beneficis = 81749.50999999997Movimiento 446 908 Coste(10362.447999999999) ---> BoarHat@31050b4d
Beneficis = 81749.50999999997Movimiento 183 826 Coste(10362.207999999999) ---> BoarHat@52a58812
Beneficis = 81749.50999999997Movimiento 137 525 Coste(10361.973999999998) ---> BoarHat@1a7b6b22
Beneficis = 81749.50999999997Movimiento 467 847 Coste(10361.744999999999) ---> BoarHat@d85d717
Beneficis = 81749.50999999997Movimiento 24 597 Coste(10361.525) ---> BoarHat@6e2bd605
Beneficis = 81749.50999999997Movimiento 339 671 Coste(10361.306999999999) ---> BoarHat@6c398d95
Beneficis = 81749.50999999997Movimiento 692 906 Coste(10361.09) ---> BoarHat@7c780e4e
Beneficis = 81749.50999999997Movimiento 609 770 Coste(10360.875999999998) ---> BoarHat@3a3b9f81
Beneficis = 81749.50999999997Movimiento 649 993 Coste(10360.666) ---> BoarHat@6aefeb3e
Beneficis = 81749.50999999997Movimiento 9 345 Coste(10360.462) ---> BoarHat@719d7cee
Beneficis = 81749.50999999997Movimiento 411 872 Coste(10360.257999999998) ---> BoarHat@62db4319
Beneficis = 81749.50999999997Movimiento 849 885 Coste(10360.053999999998) ---> BoarHat@27439ddf
Beneficis = 81749.50999999997Movimiento 298 447 Coste(10359.854) ---> BoarHat@2659c80c
Beneficis = 81749.50999999997Movimiento 28 573 Coste(10359.668999999998) ---> BoarHat@56819a51
Beneficis = 81749.50999999997Movimiento 75 670 Coste(10359.483999999999) ---> BoarHat@228aa70f
Beneficis = 81749.50999999997Movimiento 391 868 Coste(10359.309) ---> BoarHat@5b00d7fe
Beneficis = 81749.50999999997Movimiento 35 819 Coste(10359.139) ---> BoarHat@14150d0
Beneficis = 81749.50999999997Movimiento 466 469 Coste(10358.97) ---> BoarHat@2520b577
Beneficis = 81749.50999999997Movimiento 532 633 Coste(10358.819) ---> BoarHat@7e475297
Beneficis = 81749.50999999997Movimiento 689 928 Coste(10358.668) ---> BoarHat@1d326b48
Beneficis = 81749.50999999997Movimiento 8 366 Coste(10358.520999999999) ---> BoarHat@7ac4d233
Beneficis = 81749.50999999997Movimiento 155 780 Coste(10358.377999999999) ---> BoarHat@73505a73
Beneficis = 81749.50999999997Movimiento 16 42 Coste(10358.235999999999) ---> BoarHat@65167865
Beneficis = 81749.50999999997Movimiento 164 640 Coste(10358.098999999998) ---> BoarHat@3ea12614
Beneficis = 81749.50999999997Movimiento 92 339 Coste(10357.98) ---> BoarHat@39247c8e
Beneficis = 81757.75999999997Movimiento 513 626 Coste(10357.874) ---> BoarHat@65583139
Beneficis = 81757.75999999997Movimiento 64 928 Coste(10357.773) ---> BoarHat@69c29b
Beneficis = 81757.75999999997Movimiento 1 806 Coste(10357.672999999999) ---> BoarHat@4e414f46
Beneficis = 81757.75999999997Movimiento 5 918 Coste(10357.572999999999) ---> BoarHat@430c243a
Beneficis = 81725.36Movimiento 387 878 Coste(10357.472999999998) ---> BoarHat@90b365a
Beneficis = 81745.71Movimiento 269 650 Coste(10357.471) ---> BoarHat@7f8b3b65
Beneficis = 81745.71Movimiento 84 436 Coste(10357.470999999998) ---> BoarHat@26402889
nodesExpanded : 446
Temps SolIni = 27 Tiempo HC = 203459 Tiempo SA = 0
